2023-07-31 08:48:58,213 [INFO] MainUpdater:2854 - connection check result : 10
2023-07-31 08:48:58,227 [INFO] MainUpdater:2854 - connection check result : 10
2023-07-31 08:48:58,322 [INFO] MicroXplorer:468 - Change Database Path : 
2023-07-31 08:48:58,322 [INFO] MicroXplorer:498 - Change Database Version : DB.6.0.81
2023-07-31 08:48:58,357 [WARN] ThirdParty:871 - waiting for thirdparty lock release [close project]
2023-07-31 08:48:58,358 [INFO] ThirdParty:873 - entering critical section [close project]
2023-07-31 08:48:58,358 [INFO] ThirdParty:883 - exiting critical section [close project]
2023-07-31 08:48:58,360 [INFO] PinOutPanel:1499 - setPackage(No Configuration,No Configuration)
2023-07-31 08:48:58,368 [INFO] UtilMem:75 - Begin LoadConfig() Used Memory: 842843496 Bytes (1073741824)
2023-07-31 08:48:58,368 [INFO] MicroXplorer:468 - Change Database Path : 
2023-07-31 08:48:58,368 [INFO] MicroXplorer:498 - Change Database Version : DB.6.0.81
2023-07-31 08:48:58,368 [INFO] OpenFileManager:308 - Change cursor
2023-07-31 08:48:58,395 [INFO] RulesReader:64 - Compatibility file has been processed (293 Rules)
2023-07-31 08:48:58,410 [INFO] Mcu:1937 - Initializing MCU STM32L433RCTxP STM32L433RCTxP STM32L433RCT6P
2023-07-31 08:48:59,553 [INFO] Context:659 - Trying to add GPIOservice into a context  which must be forbidden
2023-07-31 08:48:59,877 [INFO] RtosManager:555 - Registered RTOS mode: class=CMSIS, group=RTOS, mode=CMSIS_V1, owner=FREERTOS
2023-07-31 08:48:59,877 [INFO] RtosManager:555 - Registered RTOS mode: class=CMSIS, group=RTOS2, mode=CMSIS_V2, owner=FREERTOS
2023-07-31 08:48:59,877 [INFO] RtosManager:555 - Registered RTOS mode: class=RTOS, group=Core, mode=CMSIS_V1, owner=FREERTOS
2023-07-31 08:48:59,877 [INFO] RtosManager:555 - Registered RTOS mode: class=RTOS, group=Core, mode=CMSIS_V2, owner=FREERTOS
2023-07-31 08:48:59,877 [WARN] ModelIntegratedComponent:184 - Missing modes for component STMicroelectronics:FreeRTOS:0.0.1:STMicroelectronics:RTOS:FreeRTOS:Core:::10.2.0:
2023-07-31 08:48:59,886 [WARN] ModelIntegratedComponent:63 - No mode defined for component null
2023-07-31 08:48:59,886 [WARN] ModelIntegratedComponent:63 - No mode defined for component null
2023-07-31 08:48:59,886 [WARN] ModelIntegratedComponent:63 - No mode defined for component null
2023-07-31 08:48:59,886 [WARN] ModelIntegratedComponent:63 - No mode defined for component null
2023-07-31 08:48:59,886 [WARN] ModelIntegratedComponent:63 - No mode defined for component null
2023-07-31 08:48:59,886 [WARN] ModelIntegratedComponent:63 - No mode defined for component null
2023-07-31 08:48:59,886 [WARN] ModelIntegratedComponent:63 - No mode defined for component null
2023-07-31 08:48:59,886 [WARN] ModelIntegratedComponent:63 - No mode defined for component null
2023-07-31 08:48:59,886 [WARN] ModelIntegratedComponent:63 - No mode defined for component null
2023-07-31 08:48:59,886 [WARN] ModelIntegratedComponent:63 - No mode defined for component null
2023-07-31 08:48:59,886 [WARN] ModelIntegratedComponent:63 - No mode defined for component null
2023-07-31 08:48:59,886 [WARN] ModelIntegratedComponent:63 - No mode defined for component null
2023-07-31 08:48:59,886 [WARN] ModelIntegratedComponent:63 - No mode defined for component null
2023-07-31 08:48:59,886 [WARN] ModelIntegratedComponent:63 - No mode defined for component null
2023-07-31 08:48:59,886 [WARN] ModelIntegratedComponent:63 - No mode defined for component null
2023-07-31 08:48:59,886 [WARN] ModelIntegratedComponent:63 - No mode defined for component null
2023-07-31 08:48:59,886 [WARN] ModelIntegratedComponent:63 - No mode defined for component null
2023-07-31 08:48:59,886 [WARN] ModelIntegratedComponent:63 - No mode defined for component null
2023-07-31 08:48:59,886 [WARN] ModelIntegratedComponent:63 - No mode defined for component null
2023-07-31 08:48:59,886 [WARN] ModelIntegratedComponent:63 - No mode defined for component null
2023-07-31 08:48:59,886 [WARN] ModelIntegratedComponent:63 - No mode defined for component null
2023-07-31 08:48:59,886 [WARN] ModelIntegratedComponent:63 - No mode defined for component null
2023-07-31 08:48:59,886 [WARN] ModelIntegratedComponent:63 - No mode defined for component null
2023-07-31 08:48:59,886 [WARN] ModelIntegratedComponent:63 - No mode defined for component null
2023-07-31 08:48:59,886 [WARN] ModelIntegratedComponent:63 - No mode defined for component null
2023-07-31 08:48:59,886 [WARN] ModelIntegratedComponent:63 - No mode defined for component null
2023-07-31 08:48:59,886 [WARN] ModelIntegratedComponent:63 - No mode defined for component null
2023-07-31 08:48:59,886 [WARN] ModelIntegratedComponent:63 - No mode defined for component null
2023-07-31 08:48:59,886 [WARN] ModelIntegratedComponent:63 - No mode defined for component null
2023-07-31 08:48:59,886 [WARN] ModelIntegratedComponent:63 - No mode defined for component null
2023-07-31 08:48:59,887 [WARN] ModelIntegratedComponent:63 - No mode defined for component null
2023-07-31 08:48:59,887 [WARN] ModelIntegratedComponent:63 - No mode defined for component null
2023-07-31 08:48:59,887 [WARN] ModelIntegratedComponent:63 - No mode defined for component null
2023-07-31 08:48:59,894 [INFO] ThirdPartyModel:298 - Start build external matchings
2023-07-31 08:49:00,173 [INFO] ThirdPartyModel:316 - End build external matchings
2023-07-31 08:49:00,179 [INFO] ImportTextPane:194 - (OptionalMessage_ERROR) IP (RCC) : Invalid parameter (FamilyName)
2023-07-31 08:49:00,179 [INFO] ImportTextPane:194 - (OptionalMessage_ERROR) IP (RCC) : Invalid parameter (I2C4Freq_Value)
2023-07-31 08:49:00,180 [INFO] ImportTextPane:194 - (OptionalMessage_ERROR) IP (RCC) : Parameter (RNGFreq_Value) has invalid value (64000000)
2023-07-31 08:49:00,180 [INFO] ImportTextPane:194 - (OptionalMessage_ERROR) IP (RCC) : Parameter (SDMMCFreq_Value) has invalid value (64000000)
2023-07-31 08:49:00,180 [INFO] ImportTextPane:194 - (OptionalMessage_ERROR) IP (RCC) : Invalid parameter (UART4Freq_Value)
2023-07-31 08:49:00,180 [INFO] ImportTextPane:194 - (OptionalMessage_ERROR) IP (RCC) : Invalid parameter (UART5Freq_Value)
2023-07-31 08:49:00,180 [INFO] ImportTextPane:194 - (OptionalMessage_ERROR) IP (RCC) : Parameter (USBFreq_Value) has invalid value (64000000)
2023-07-31 08:49:00,180 [INFO] ImportTextPane:194 - (OptionalMessage_ERROR) IP (RCC) : Invalid parameter (VCOSAI2OutputFreq_Value)
2023-07-31 08:49:00,427 [INFO] UtilMem:75 - End LoadConfig() Used Memory: 802190064 Bytes (1073741824)
2023-07-31 08:49:00,483 [WARN] ThirdParty:833 - waiting for thirdparty lock release [change project]
2023-07-31 08:49:00,483 [INFO] ThirdParty:835 - entering critical section [change project]
2023-07-31 08:49:00,483 [INFO] ThirdParty:1030 - CMSIS Pack Vendor :STMicroelectronics X-CUBE-ISPU 1.1.0
2023-07-31 08:49:00,483 [INFO] ThirdParty:1030 - CMSIS Pack Vendor :STMicroelectronics X-CUBE-GNSS1 6.0.0
2023-07-31 08:49:00,484 [INFO] ThirdParty:1030 - CMSIS Pack Vendor :STMicroelectronics USB_HOST 2.0.0
2023-07-31 08:49:00,484 [INFO] ThirdParty:1030 - CMSIS Pack Vendor :STMicroelectronics X-CUBE-AZRTOS-F4 1.1.0
2023-07-31 08:49:00,484 [INFO] ThirdParty:1030 - CMSIS Pack Vendor :STMicroelectronics LIBJPEG 8.0.0
2023-07-31 08:49:00,484 [INFO] ThirdParty:1030 - CMSIS Pack Vendor :wolfSSL I-CUBE-wolfSSL 5.6.3
2023-07-31 08:49:00,484 [INFO] ThirdParty:1030 - CMSIS Pack Vendor :STMicroelectronics X-CUBE-SMBUS 2.1.0
2023-07-31 08:49:00,484 [INFO] ThirdParty:1030 - CMSIS Pack Vendor :STMicroelectronics USB_DEVICE 3.0.0
2023-07-31 08:49:00,484 [INFO] ThirdParty:1030 - CMSIS Pack Vendor :STMicroelectronics X-CUBE-FREERTOS 1.0.1
2023-07-31 08:49:00,484 [INFO] ThirdParty:1030 - CMSIS Pack Vendor :STMicroelectronics X-CUBE-AZRTOS-F7 1.1.0
2023-07-31 08:49:00,484 [INFO] ThirdParty:1030 - CMSIS Pack Vendor :STMicroelectronics USB_DEVICE 2.0.0
2023-07-31 08:49:00,484 [INFO] ThirdParty:1030 - CMSIS Pack Vendor :STMicroelectronics X-CUBE-MEMS1 9.6.0
2023-07-31 08:49:00,484 [INFO] ThirdParty:1030 - CMSIS Pack Vendor :STMicroelectronics FP-SNS-MOTENV1 4.3.2
2023-07-31 08:49:00,484 [INFO] ThirdParty:1030 - CMSIS Pack Vendor :STMicroelectronics FP-SNS-FLIGHT1 5.0.1
2023-07-31 08:49:00,484 [INFO] ThirdParty:1030 - CMSIS Pack Vendor :STMicroelectronics X-CUBE-ALGOBUILD 1.3.0
2023-07-31 08:49:00,484 [INFO] ThirdParty:1030 - CMSIS Pack Vendor :STMicroelectronics X-CUBE-BLE1 6.2.4
2023-07-31 08:49:00,484 [INFO] ThirdParty:1030 - CMSIS Pack Vendor :STMicroelectronics X-CUBE-AZRTOS-L5 1.1.0
2023-07-31 08:49:00,484 [INFO] ThirdParty:1030 - CMSIS Pack Vendor :STMicroelectronics FreeRTOS 0.0.1
2023-07-31 08:49:00,484 [INFO] ThirdParty:1030 - CMSIS Pack Vendor :STMicroelectronics X-CUBE-AZRTOS-G0 1.1.0
2023-07-31 08:49:00,484 [INFO] ThirdParty:1030 - CMSIS Pack Vendor :STMicroelectronics X-CUBE-BLEMGR 2.0.0
2023-07-31 08:49:00,484 [INFO] ThirdParty:1030 - CMSIS Pack Vendor :STMicroelectronics X-CUBE-AI 8.0.1
2023-07-31 08:49:00,484 [INFO] ThirdParty:1030 - CMSIS Pack Vendor :STMicroelectronics X-CUBE-NFC4 3.0.0
2023-07-31 08:49:00,484 [INFO] ThirdParty:1030 - CMSIS Pack Vendor :STMicroelectronics X-CUBE-SUBG2 5.0.0
2023-07-31 08:49:00,484 [INFO] ThirdParty:1030 - CMSIS Pack Vendor :STMicroelectronics STM32_WPAN 1.0.0
2023-07-31 08:49:00,484 [INFO] ThirdParty:1030 - CMSIS Pack Vendor :STMicroelectronics lwIP 2.0.3
2023-07-31 08:49:00,484 [INFO] ThirdParty:1030 - CMSIS Pack Vendor :STMicroelectronics FP-SNS-FLIGHT1 5.0.2
2023-07-31 08:49:00,484 [INFO] ThirdParty:1030 - CMSIS Pack Vendor :STMicroelectronics USB_HOST 1.0.0
2023-07-31 08:49:00,484 [INFO] ThirdParty:1030 - CMSIS Pack Vendor :STMicroelectronics X-CUBE-TOF1 3.3.1
2023-07-31 08:49:00,484 [INFO] ThirdParty:1030 - CMSIS Pack Vendor :STMicroelectronics X-CUBE-AZRTOS-G4 2.0.0
2023-07-31 08:49:00,484 [INFO] ThirdParty:1030 - CMSIS Pack Vendor :STMicroelectronics PDM2PCM 3.1.0
2023-07-31 08:49:00,484 [INFO] ThirdParty:1030 - CMSIS Pack Vendor :STMicroelectronics X-CUBE-AZRTOS-H7 3.1.0
2023-07-31 08:49:00,485 [INFO] ThirdParty:1030 - CMSIS Pack Vendor :STMicroelectronics X-CUBE-TOF1 3.3.0
2023-07-31 08:49:00,485 [INFO] ThirdParty:1030 - CMSIS Pack Vendor :STMicroelectronics PDM2PCM 3.3.0
2023-07-31 08:49:00,485 [INFO] ThirdParty:1030 - CMSIS Pack Vendor :STMicroelectronics X-CUBE-DISPLAY 3.0.0
2023-07-31 08:49:00,485 [INFO] ThirdParty:1030 - CMSIS Pack Vendor :STMicroelectronics FP-ATR-SIGFOX1 3.2.0
2023-07-31 08:49:00,485 [INFO] ThirdParty:1030 - CMSIS Pack Vendor :STMicroelectronics HAL Drivers 0.0.0
2023-07-31 08:49:00,485 [INFO] ThirdParty:1030 - CMSIS Pack Vendor :STMicroelectronics MBEDTLS 2.16.2
2023-07-31 08:49:00,485 [INFO] ThirdParty:1030 - CMSIS Pack Vendor :emotas I-CUBE-CANOPEN 1.3.0
2023-07-31 08:49:00,485 [INFO] ThirdParty:1030 - CMSIS Pack Vendor :STMicroelectronics X-CUBE-TOUCHGFX 4.22.0
2023-07-31 08:49:00,485 [INFO] ThirdParty:1030 - CMSIS Pack Vendor :STMicroelectronics X-CUBE-NFC7 1.0.1
2023-07-31 08:49:00,485 [INFO] ThirdParty:1030 - CMSIS Pack Vendor :STMicroelectronics MBEDTLS 2.14.1
2023-07-31 08:49:00,485 [INFO] ThirdParty:1030 - CMSIS Pack Vendor :STMicroelectronics X-CUBE-EEPRMA1 4.1.0
2023-07-31 08:49:00,485 [INFO] ThirdParty:1030 - CMSIS Pack Vendor :portGmbH I-Cube-SoM-uGOAL 1.1.0
2023-07-31 08:49:00,485 [INFO] ThirdParty:1030 - CMSIS Pack Vendor :STMicroelectronics X-CUBE-ALS 1.0.1
2023-07-31 08:49:00,485 [INFO] ThirdParty:1030 - CMSIS Pack Vendor :STMicroelectronics ThreadX 1.0.0
2023-07-31 08:49:00,485 [INFO] ThirdParty:1030 - CMSIS Pack Vendor :STMicroelectronics X-CUBE-AZRTOS-WB 1.1.0
2023-07-31 08:49:00,485 [INFO] ThirdParty:1030 - CMSIS Pack Vendor :STMicroelectronics X-CUBE-AZRTOS-WL 2.0.0
2023-07-31 08:49:00,485 [INFO] ThirdParty:1030 - CMSIS Pack Vendor :SEGGER I-CUBE-embOS 1.3.1
2023-07-31 08:49:00,485 [INFO] ThirdParty:1030 - CMSIS Pack Vendor :STMicroelectronics USB_DEVICE 1.0.0
2023-07-31 08:49:00,485 [INFO] ThirdParty:1030 - CMSIS Pack Vendor :STMicroelectronics X-CUBE-AZRTOS-L4 2.0.0
2023-07-31 08:49:00,485 [INFO] ThirdParty:1030 - CMSIS Pack Vendor :STMicroelectronics ThreadX 0.0.2
2023-07-31 08:49:00,485 [INFO] ThirdParty:1030 - CMSIS Pack Vendor :WES I-CUBE-Cesium 1.3.0
2023-07-31 08:49:00,485 [INFO] ThirdParty:1030 - CMSIS Pack Vendor :STMicroelectronics FP-ATR-ASTRA1 2.0.0
2023-07-31 08:49:00,485 [INFO] ThirdParty:1030 - CMSIS Pack Vendor :STMicroelectronics lwIP 2.1.2
2023-07-31 08:49:00,485 [INFO] ThirdParty:1030 - CMSIS Pack Vendor :STMicroelectronics X-CUBE-SFXS2LP1 4.0.0
2023-07-31 08:49:00,486 [INFO] ThirdParty:1030 - CMSIS Pack Vendor :STMicroelectronics X-CUBE-BLE2 3.3.0
2023-07-31 08:49:00,486 [INFO] ThirdParty:1030 - CMSIS Pack Vendor :STMicroelectronics PDM2PCM 3.2.0
2023-07-31 08:49:00,486 [INFO] ThirdParty:841 - exiting critical section [change project]
2023-07-31 08:49:00,623 [INFO] PinOutPanel:1499 - setPackage(No Configuration,No Configuration)
2023-07-31 08:49:00,624 [INFO] PinOutPanel:1499 - setPackage(STM32L433RCTxP,LQFP64)
2023-07-31 08:49:01,086 [INFO] UtilMem:75 - Before build in PCC Used Memory: 769610328 Bytes (1073741824)
2023-07-31 08:49:01,384 [INFO] UtilMem:75 - After build in PCC Used Memory: 862409304 Bytes (1073741824)
2023-07-31 08:49:01,401 [INFO] IPUIPlugin:80 - create IPUIPlugin
2023-07-31 08:49:01,401 [INFO] IPUIPlugin:80 - create IPUIPlugin
2023-07-31 08:49:01,401 [INFO] IPUIPlugin:80 - create IPUIPlugin
2023-07-31 08:49:01,401 [INFO] IPUIPlugin:80 - create IPUIPlugin
2023-07-31 08:49:01,401 [INFO] IPUIPlugin:80 - create IPUIPlugin
2023-07-31 08:49:01,401 [INFO] IPUIPlugin:80 - create IPUIPlugin
2023-07-31 08:49:01,401 [INFO] IPUIPlugin:80 - create IPUIPlugin
2023-07-31 08:49:01,402 [INFO] IPUIPlugin:80 - create IPUIPlugin
2023-07-31 08:49:01,402 [INFO] IPUIPlugin:80 - create IPUIPlugin
2023-07-31 08:49:01,402 [INFO] IPUIPlugin:80 - create IPUIPlugin
2023-07-31 08:49:01,402 [INFO] IPUIPlugin:80 - create IPUIPlugin
2023-07-31 08:49:01,402 [INFO] IPUIPlugin:80 - create IPUIPlugin
2023-07-31 08:49:01,402 [INFO] IPUIPlugin:80 - create IPUIPlugin
2023-07-31 08:49:01,402 [INFO] IPUIPlugin:80 - create IPUIPlugin
2023-07-31 08:49:01,402 [INFO] IPUIPlugin:80 - create IPUIPlugin
2023-07-31 08:49:01,402 [INFO] IPUIPlugin:80 - create IPUIPlugin
2023-07-31 08:49:01,402 [INFO] IPUIPlugin:80 - create IPUIPlugin
2023-07-31 08:49:01,402 [INFO] IPUIPlugin:80 - create IPUIPlugin
2023-07-31 08:49:01,403 [INFO] IPUIPlugin:80 - create IPUIPlugin
2023-07-31 08:49:01,403 [INFO] IPUIPlugin:80 - create IPUIPlugin
2023-07-31 08:49:01,403 [INFO] IPUIPlugin:80 - create IPUIPlugin
2023-07-31 08:49:01,403 [INFO] IPUIPlugin:80 - create IPUIPlugin
2023-07-31 08:49:01,403 [INFO] IPUIPlugin:80 - create IPUIPlugin
2023-07-31 08:49:01,403 [INFO] IPUIPlugin:80 - create IPUIPlugin
2023-07-31 08:49:01,403 [INFO] IPUIPlugin:80 - create IPUIPlugin
2023-07-31 08:49:01,404 [INFO] IPUIPlugin:80 - create IPUIPlugin
2023-07-31 08:49:01,404 [INFO] IPUIPlugin:80 - create IPUIPlugin
2023-07-31 08:49:01,404 [INFO] IPUIPlugin:80 - create IPUIPlugin
2023-07-31 08:49:01,404 [INFO] IPUIPlugin:80 - create IPUIPlugin
2023-07-31 08:49:01,404 [INFO] IPUIPlugin:80 - create IPUIPlugin
2023-07-31 08:49:01,404 [INFO] IPUIPlugin:80 - create IPUIPlugin
2023-07-31 08:49:01,404 [INFO] IPUIPlugin:80 - create IPUIPlugin
2023-07-31 08:49:01,405 [INFO] IPUIPlugin:80 - create IPUIPlugin
2023-07-31 08:49:01,405 [INFO] IPUIPlugin:80 - create IPUIPlugin
2023-07-31 08:49:01,405 [INFO] IPUIPlugin:80 - create IPUIPlugin
2023-07-31 08:49:01,405 [INFO] IPUIPlugin:80 - create IPUIPlugin
2023-07-31 08:49:01,405 [INFO] IPUIPlugin:80 - create IPUIPlugin
2023-07-31 08:49:01,405 [INFO] IPUIPlugin:80 - create IPUIPlugin
2023-07-31 08:49:01,406 [INFO] IPUIPlugin:80 - create IPUIPlugin
2023-07-31 08:49:01,406 [INFO] IPUIPlugin:80 - create IPUIPlugin
2023-07-31 08:49:01,406 [INFO] IPUIPlugin:80 - create IPUIPlugin
2023-07-31 08:49:01,406 [INFO] IPUIPlugin:80 - create IPUIPlugin
2023-07-31 08:49:01,406 [INFO] IPUIPlugin:80 - create IPUIPlugin
2023-07-31 08:49:01,407 [INFO] IPUIPlugin:80 - create IPUIPlugin
2023-07-31 08:49:01,407 [INFO] IPUIPlugin:80 - create IPUIPlugin
2023-07-31 08:49:01,449 [INFO] CADModel:165 - CPN selected for project levelSTM32L433RCT6P
2023-07-31 08:49:01,449 [INFO] CADModel:114 - Register for checkConnection events
2023-07-31 08:49:01,508 [INFO] OpenFileManager:328 - Restore cursor
2023-07-31 08:53:04,696 [INFO] NvicIntPanel:101 - NVIC parent = com.st.microxplorer.plugins.ip.nvic.MultiNvicIntPanel[,0,0,457x239,layout=javax.swing.BoxLayout,alignmentX=0.0,alignmentY=0.0,border=,flags=9,maximumSize=,minimumSize=,preferredSize=]
2023-07-31 08:53:10,678 [INFO] Gpio:273 - dependency for GPIO [RCC, SYS, USART2]
2023-07-31 08:53:44,833 [INFO] NvicIntPanel:101 - NVIC parent = com.st.microxplorer.plugins.ip.nvic.MultiNvicIntPanel[,2,23,457x562,layout=javax.swing.BoxLayout,alignmentX=0.0,alignmentY=0.0,border=,flags=9,maximumSize=,minimumSize=,preferredSize=]
2023-07-31 08:53:47,712 [INFO] Gpio:273 - dependency for GPIO [RCC, SYS, USART2]
2023-07-31 08:53:48,408 [INFO] Gpio:273 - dependency for GPIO [RCC, SYS, USART2]
2023-07-31 08:53:49,280 [INFO] Gpio:273 - dependency for GPIO [RCC, SYS, USART2]
2023-07-31 08:54:50,698 [INFO] Gpio:273 - dependency for GPIO [RCC, SYS, USART2]
2023-07-31 08:54:50,728 [INFO] NvicIntPanel:101 - NVIC parent = com.st.microxplorer.plugins.ip.nvic.MultiNvicIntPanel[,0,0,0x0,invalid,layout=javax.swing.BoxLayout,alignmentX=0.0,alignmentY=0.0,border=,flags=9,maximumSize=,minimumSize=,preferredSize=]
2023-07-31 08:54:59,365 [INFO] Gpio:273 - dependency for GPIO [RCC, SYS, USART2]
2023-07-31 08:54:59,410 [INFO] NvicIntPanel:101 - NVIC parent = com.st.microxplorer.plugins.ip.nvic.MultiNvicIntPanel[,0,0,0x0,invalid,layout=javax.swing.BoxLayout,alignmentX=0.0,alignmentY=0.0,border=,flags=9,maximumSize=,minimumSize=,preferredSize=]
2023-07-31 08:56:04,021 [INFO] UtilMem:75 - End SaveConfig() Used Memory: 759268464 Bytes (1073741824)
2023-07-31 08:56:07,183 [INFO] MainUpdater:2854 - connection check result : 10
2023-07-31 08:56:07,183 [INFO] MainUpdater:2854 - connection check result : 10
2023-07-31 08:56:07,247 [INFO] MicroXplorer:468 - Change Database Path : 
2023-07-31 08:56:07,247 [INFO] MicroXplorer:498 - Change Database Version : DB.6.0.81
2023-07-31 08:56:07,259 [WARN] ThirdParty:871 - waiting for thirdparty lock release [close project]
2023-07-31 08:56:07,259 [INFO] ThirdParty:873 - entering critical section [close project]
2023-07-31 08:56:07,260 [INFO] ThirdParty:883 - exiting critical section [close project]
2023-07-31 08:56:07,262 [INFO] PinOutPanel:1499 - setPackage(No Configuration,No Configuration)
2023-07-31 08:56:07,265 [INFO] UtilMem:75 - Begin LoadConfig() Used Memory: 780405968 Bytes (1073741824)
2023-07-31 08:56:07,265 [INFO] MicroXplorer:468 - Change Database Path : 
2023-07-31 08:56:07,265 [INFO] MicroXplorer:498 - Change Database Version : DB.6.0.81
2023-07-31 08:56:07,265 [INFO] OpenFileManager:308 - Change cursor
2023-07-31 08:56:07,285 [INFO] RulesReader:64 - Compatibility file has been processed (293 Rules)
2023-07-31 08:56:07,287 [INFO] Mcu:1937 - Initializing MCU STM32L433RCTxP STM32L433RCTxP STM32L433RCT6P
2023-07-31 08:56:08,130 [INFO] Context:659 - Trying to add GPIOservice into a context  which must be forbidden
2023-07-31 08:56:08,438 [INFO] RtosManager:555 - Registered RTOS mode: class=CMSIS, group=RTOS, mode=CMSIS_V1, owner=FREERTOS
2023-07-31 08:56:08,438 [INFO] RtosManager:555 - Registered RTOS mode: class=CMSIS, group=RTOS2, mode=CMSIS_V2, owner=FREERTOS
2023-07-31 08:56:08,438 [INFO] RtosManager:555 - Registered RTOS mode: class=RTOS, group=Core, mode=CMSIS_V1, owner=FREERTOS
2023-07-31 08:56:08,438 [INFO] RtosManager:555 - Registered RTOS mode: class=RTOS, group=Core, mode=CMSIS_V2, owner=FREERTOS
2023-07-31 08:56:08,438 [WARN] ModelIntegratedComponent:184 - Missing modes for component STMicroelectronics:FreeRTOS:0.0.1:STMicroelectronics:RTOS:FreeRTOS:Core:::10.2.0:
2023-07-31 08:56:08,445 [WARN] ModelIntegratedComponent:63 - No mode defined for component null
2023-07-31 08:56:08,445 [WARN] ModelIntegratedComponent:63 - No mode defined for component null
2023-07-31 08:56:08,445 [WARN] ModelIntegratedComponent:63 - No mode defined for component null
2023-07-31 08:56:08,445 [WARN] ModelIntegratedComponent:63 - No mode defined for component null
2023-07-31 08:56:08,445 [WARN] ModelIntegratedComponent:63 - No mode defined for component null
2023-07-31 08:56:08,445 [WARN] ModelIntegratedComponent:63 - No mode defined for component null
2023-07-31 08:56:08,445 [WARN] ModelIntegratedComponent:63 - No mode defined for component null
2023-07-31 08:56:08,445 [WARN] ModelIntegratedComponent:63 - No mode defined for component null
2023-07-31 08:56:08,445 [WARN] ModelIntegratedComponent:63 - No mode defined for component null
2023-07-31 08:56:08,445 [WARN] ModelIntegratedComponent:63 - No mode defined for component null
2023-07-31 08:56:08,445 [WARN] ModelIntegratedComponent:63 - No mode defined for component null
2023-07-31 08:56:08,445 [WARN] ModelIntegratedComponent:63 - No mode defined for component null
2023-07-31 08:56:08,445 [WARN] ModelIntegratedComponent:63 - No mode defined for component null
2023-07-31 08:56:08,445 [WARN] ModelIntegratedComponent:63 - No mode defined for component null
2023-07-31 08:56:08,445 [WARN] ModelIntegratedComponent:63 - No mode defined for component null
2023-07-31 08:56:08,445 [WARN] ModelIntegratedComponent:63 - No mode defined for component null
2023-07-31 08:56:08,445 [WARN] ModelIntegratedComponent:63 - No mode defined for component null
2023-07-31 08:56:08,445 [WARN] ModelIntegratedComponent:63 - No mode defined for component null
2023-07-31 08:56:08,446 [WARN] ModelIntegratedComponent:63 - No mode defined for component null
2023-07-31 08:56:08,446 [WARN] ModelIntegratedComponent:63 - No mode defined for component null
2023-07-31 08:56:08,446 [WARN] ModelIntegratedComponent:63 - No mode defined for component null
2023-07-31 08:56:08,446 [WARN] ModelIntegratedComponent:63 - No mode defined for component null
2023-07-31 08:56:08,446 [WARN] ModelIntegratedComponent:63 - No mode defined for component null
2023-07-31 08:56:08,446 [WARN] ModelIntegratedComponent:63 - No mode defined for component null
2023-07-31 08:56:08,446 [WARN] ModelIntegratedComponent:63 - No mode defined for component null
2023-07-31 08:56:08,446 [WARN] ModelIntegratedComponent:63 - No mode defined for component null
2023-07-31 08:56:08,446 [WARN] ModelIntegratedComponent:63 - No mode defined for component null
2023-07-31 08:56:08,446 [WARN] ModelIntegratedComponent:63 - No mode defined for component null
2023-07-31 08:56:08,446 [WARN] ModelIntegratedComponent:63 - No mode defined for component null
2023-07-31 08:56:08,446 [WARN] ModelIntegratedComponent:63 - No mode defined for component null
2023-07-31 08:56:08,446 [WARN] ModelIntegratedComponent:63 - No mode defined for component null
2023-07-31 08:56:08,446 [WARN] ModelIntegratedComponent:63 - No mode defined for component null
2023-07-31 08:56:08,446 [WARN] ModelIntegratedComponent:63 - No mode defined for component null
2023-07-31 08:56:08,452 [INFO] ThirdPartyModel:298 - Start build external matchings
2023-07-31 08:56:08,739 [INFO] ThirdPartyModel:316 - End build external matchings
2023-07-31 08:56:08,745 [INFO] ImportTextPane:194 - (OptionalMessage_ERROR) IP (RCC) : Invalid parameter (FamilyName)
2023-07-31 08:56:08,745 [INFO] ImportTextPane:194 - (OptionalMessage_ERROR) IP (RCC) : Invalid parameter (I2C4Freq_Value)
2023-07-31 08:56:08,745 [INFO] ImportTextPane:194 - (OptionalMessage_ERROR) IP (RCC) : Parameter (RNGFreq_Value) has invalid value (64000000)
2023-07-31 08:56:08,745 [INFO] ImportTextPane:194 - (OptionalMessage_ERROR) IP (RCC) : Parameter (SDMMCFreq_Value) has invalid value (64000000)
2023-07-31 08:56:08,745 [INFO] ImportTextPane:194 - (OptionalMessage_ERROR) IP (RCC) : Invalid parameter (UART4Freq_Value)
2023-07-31 08:56:08,745 [INFO] ImportTextPane:194 - (OptionalMessage_ERROR) IP (RCC) : Invalid parameter (UART5Freq_Value)
2023-07-31 08:56:08,745 [INFO] ImportTextPane:194 - (OptionalMessage_ERROR) IP (RCC) : Parameter (USBFreq_Value) has invalid value (64000000)
2023-07-31 08:56:08,746 [INFO] ImportTextPane:194 - (OptionalMessage_ERROR) IP (RCC) : Invalid parameter (VCOSAI2OutputFreq_Value)
2023-07-31 08:56:08,944 [INFO] UtilMem:75 - End LoadConfig() Used Memory: 732189776 Bytes (1073741824)
2023-07-31 08:56:09,185 [WARN] ThirdParty:833 - waiting for thirdparty lock release [change project]
2023-07-31 08:56:09,186 [INFO] ThirdParty:835 - entering critical section [change project]
2023-07-31 08:56:09,186 [INFO] ThirdParty:1030 - CMSIS Pack Vendor :STMicroelectronics X-CUBE-ISPU 1.1.0
2023-07-31 08:56:09,186 [INFO] ThirdParty:1030 - CMSIS Pack Vendor :STMicroelectronics X-CUBE-GNSS1 6.0.0
2023-07-31 08:56:09,186 [INFO] ThirdParty:1030 - CMSIS Pack Vendor :STMicroelectronics USB_HOST 2.0.0
2023-07-31 08:56:09,186 [INFO] ThirdParty:1030 - CMSIS Pack Vendor :STMicroelectronics X-CUBE-AZRTOS-F4 1.1.0
2023-07-31 08:56:09,186 [INFO] ThirdParty:1030 - CMSIS Pack Vendor :STMicroelectronics LIBJPEG 8.0.0
2023-07-31 08:56:09,186 [INFO] ThirdParty:1030 - CMSIS Pack Vendor :wolfSSL I-CUBE-wolfSSL 5.6.3
2023-07-31 08:56:09,186 [INFO] ThirdParty:1030 - CMSIS Pack Vendor :STMicroelectronics X-CUBE-SMBUS 2.1.0
2023-07-31 08:56:09,186 [INFO] ThirdParty:1030 - CMSIS Pack Vendor :STMicroelectronics USB_DEVICE 3.0.0
2023-07-31 08:56:09,186 [INFO] ThirdParty:1030 - CMSIS Pack Vendor :STMicroelectronics X-CUBE-FREERTOS 1.0.1
2023-07-31 08:56:09,186 [INFO] ThirdParty:1030 - CMSIS Pack Vendor :STMicroelectronics X-CUBE-AZRTOS-F7 1.1.0
2023-07-31 08:56:09,186 [INFO] ThirdParty:1030 - CMSIS Pack Vendor :STMicroelectronics USB_DEVICE 2.0.0
2023-07-31 08:56:09,186 [INFO] ThirdParty:1030 - CMSIS Pack Vendor :STMicroelectronics X-CUBE-MEMS1 9.6.0
2023-07-31 08:56:09,186 [INFO] ThirdParty:1030 - CMSIS Pack Vendor :STMicroelectronics FP-SNS-MOTENV1 4.3.2
2023-07-31 08:56:09,186 [INFO] ThirdParty:1030 - CMSIS Pack Vendor :STMicroelectronics FP-SNS-FLIGHT1 5.0.1
2023-07-31 08:56:09,186 [INFO] ThirdParty:1030 - CMSIS Pack Vendor :STMicroelectronics X-CUBE-ALGOBUILD 1.3.0
2023-07-31 08:56:09,186 [INFO] ThirdParty:1030 - CMSIS Pack Vendor :STMicroelectronics X-CUBE-BLE1 6.2.4
2023-07-31 08:56:09,186 [INFO] ThirdParty:1030 - CMSIS Pack Vendor :STMicroelectronics X-CUBE-AZRTOS-L5 1.1.0
2023-07-31 08:56:09,186 [INFO] ThirdParty:1030 - CMSIS Pack Vendor :STMicroelectronics FreeRTOS 0.0.1
2023-07-31 08:56:09,186 [INFO] ThirdParty:1030 - CMSIS Pack Vendor :STMicroelectronics X-CUBE-AZRTOS-G0 1.1.0
2023-07-31 08:56:09,186 [INFO] ThirdParty:1030 - CMSIS Pack Vendor :STMicroelectronics X-CUBE-BLEMGR 2.0.0
2023-07-31 08:56:09,186 [INFO] ThirdParty:1030 - CMSIS Pack Vendor :STMicroelectronics X-CUBE-AI 8.0.1
2023-07-31 08:56:09,187 [INFO] ThirdParty:1030 - CMSIS Pack Vendor :STMicroelectronics X-CUBE-NFC4 3.0.0
2023-07-31 08:56:09,187 [INFO] ThirdParty:1030 - CMSIS Pack Vendor :STMicroelectronics X-CUBE-SUBG2 5.0.0
2023-07-31 08:56:09,187 [INFO] ThirdParty:1030 - CMSIS Pack Vendor :STMicroelectronics STM32_WPAN 1.0.0
2023-07-31 08:56:09,187 [INFO] ThirdParty:1030 - CMSIS Pack Vendor :STMicroelectronics lwIP 2.0.3
2023-07-31 08:56:09,187 [INFO] ThirdParty:1030 - CMSIS Pack Vendor :STMicroelectronics FP-SNS-FLIGHT1 5.0.2
2023-07-31 08:56:09,187 [INFO] ThirdParty:1030 - CMSIS Pack Vendor :STMicroelectronics USB_HOST 1.0.0
2023-07-31 08:56:09,187 [INFO] ThirdParty:1030 - CMSIS Pack Vendor :STMicroelectronics X-CUBE-TOF1 3.3.1
2023-07-31 08:56:09,187 [INFO] ThirdParty:1030 - CMSIS Pack Vendor :STMicroelectronics X-CUBE-AZRTOS-G4 2.0.0
2023-07-31 08:56:09,187 [INFO] ThirdParty:1030 - CMSIS Pack Vendor :STMicroelectronics PDM2PCM 3.1.0
2023-07-31 08:56:09,187 [INFO] ThirdParty:1030 - CMSIS Pack Vendor :STMicroelectronics X-CUBE-AZRTOS-H7 3.1.0
2023-07-31 08:56:09,187 [INFO] ThirdParty:1030 - CMSIS Pack Vendor :STMicroelectronics X-CUBE-TOF1 3.3.0
2023-07-31 08:56:09,187 [INFO] ThirdParty:1030 - CMSIS Pack Vendor :STMicroelectronics PDM2PCM 3.3.0
2023-07-31 08:56:09,187 [INFO] ThirdParty:1030 - CMSIS Pack Vendor :STMicroelectronics X-CUBE-DISPLAY 3.0.0
2023-07-31 08:56:09,187 [INFO] ThirdParty:1030 - CMSIS Pack Vendor :STMicroelectronics FP-ATR-SIGFOX1 3.2.0
2023-07-31 08:56:09,187 [INFO] ThirdParty:1030 - CMSIS Pack Vendor :STMicroelectronics HAL Drivers 0.0.0
2023-07-31 08:56:09,187 [INFO] ThirdParty:1030 - CMSIS Pack Vendor :STMicroelectronics MBEDTLS 2.16.2
2023-07-31 08:56:09,187 [INFO] ThirdParty:1030 - CMSIS Pack Vendor :emotas I-CUBE-CANOPEN 1.3.0
2023-07-31 08:56:09,187 [INFO] ThirdParty:1030 - CMSIS Pack Vendor :STMicroelectronics X-CUBE-TOUCHGFX 4.22.0
2023-07-31 08:56:09,187 [INFO] ThirdParty:1030 - CMSIS Pack Vendor :STMicroelectronics X-CUBE-NFC7 1.0.1
2023-07-31 08:56:09,187 [INFO] ThirdParty:1030 - CMSIS Pack Vendor :STMicroelectronics MBEDTLS 2.14.1
2023-07-31 08:56:09,187 [INFO] ThirdParty:1030 - CMSIS Pack Vendor :STMicroelectronics X-CUBE-EEPRMA1 4.1.0
2023-07-31 08:56:09,187 [INFO] ThirdParty:1030 - CMSIS Pack Vendor :portGmbH I-Cube-SoM-uGOAL 1.1.0
2023-07-31 08:56:09,187 [INFO] ThirdParty:1030 - CMSIS Pack Vendor :STMicroelectronics X-CUBE-ALS 1.0.1
2023-07-31 08:56:09,187 [INFO] ThirdParty:1030 - CMSIS Pack Vendor :STMicroelectronics ThreadX 1.0.0
2023-07-31 08:56:09,187 [INFO] ThirdParty:1030 - CMSIS Pack Vendor :STMicroelectronics X-CUBE-AZRTOS-WB 1.1.0
2023-07-31 08:56:09,187 [INFO] ThirdParty:1030 - CMSIS Pack Vendor :STMicroelectronics X-CUBE-AZRTOS-WL 2.0.0
2023-07-31 08:56:09,187 [INFO] ThirdParty:1030 - CMSIS Pack Vendor :SEGGER I-CUBE-embOS 1.3.1
2023-07-31 08:56:09,187 [INFO] ThirdParty:1030 - CMSIS Pack Vendor :STMicroelectronics USB_DEVICE 1.0.0
2023-07-31 08:56:09,187 [INFO] ThirdParty:1030 - CMSIS Pack Vendor :STMicroelectronics X-CUBE-AZRTOS-L4 2.0.0
2023-07-31 08:56:09,187 [INFO] ThirdParty:1030 - CMSIS Pack Vendor :STMicroelectronics ThreadX 0.0.2
2023-07-31 08:56:09,188 [INFO] ThirdParty:1030 - CMSIS Pack Vendor :WES I-CUBE-Cesium 1.3.0
2023-07-31 08:56:09,188 [INFO] ThirdParty:1030 - CMSIS Pack Vendor :STMicroelectronics FP-ATR-ASTRA1 2.0.0
2023-07-31 08:56:09,188 [INFO] ThirdParty:1030 - CMSIS Pack Vendor :STMicroelectronics lwIP 2.1.2
2023-07-31 08:56:09,188 [INFO] ThirdParty:1030 - CMSIS Pack Vendor :STMicroelectronics X-CUBE-SFXS2LP1 4.0.0
2023-07-31 08:56:09,188 [INFO] ThirdParty:1030 - CMSIS Pack Vendor :STMicroelectronics X-CUBE-BLE2 3.3.0
2023-07-31 08:56:09,188 [INFO] ThirdParty:1030 - CMSIS Pack Vendor :STMicroelectronics PDM2PCM 3.2.0
2023-07-31 08:56:09,188 [INFO] ThirdParty:841 - exiting critical section [change project]
2023-07-31 08:56:09,332 [INFO] PinOutPanel:1499 - setPackage(No Configuration,No Configuration)
2023-07-31 08:56:09,332 [INFO] PinOutPanel:1499 - setPackage(STM32L433RCTxP,LQFP64)
2023-07-31 08:56:09,839 [INFO] UtilMem:75 - Before build in PCC Used Memory: 856965112 Bytes (1073741824)
2023-07-31 08:56:10,101 [INFO] UtilMem:75 - After build in PCC Used Memory: 814176488 Bytes (1073741824)
2023-07-31 08:56:10,115 [INFO] IPUIPlugin:80 - create IPUIPlugin
2023-07-31 08:56:10,115 [INFO] IPUIPlugin:80 - create IPUIPlugin
2023-07-31 08:56:10,115 [INFO] IPUIPlugin:80 - create IPUIPlugin
2023-07-31 08:56:10,156 [INFO] IPUIPlugin:80 - create IPUIPlugin
2023-07-31 08:56:10,156 [INFO] IPUIPlugin:80 - create IPUIPlugin
2023-07-31 08:56:10,156 [INFO] IPUIPlugin:80 - create IPUIPlugin
2023-07-31 08:56:10,156 [INFO] IPUIPlugin:80 - create IPUIPlugin
2023-07-31 08:56:10,156 [INFO] IPUIPlugin:80 - create IPUIPlugin
2023-07-31 08:56:10,156 [INFO] IPUIPlugin:80 - create IPUIPlugin
2023-07-31 08:56:10,156 [INFO] IPUIPlugin:80 - create IPUIPlugin
2023-07-31 08:56:10,156 [INFO] IPUIPlugin:80 - create IPUIPlugin
2023-07-31 08:56:10,157 [INFO] IPUIPlugin:80 - create IPUIPlugin
2023-07-31 08:56:10,157 [INFO] IPUIPlugin:80 - create IPUIPlugin
2023-07-31 08:56:10,157 [INFO] IPUIPlugin:80 - create IPUIPlugin
2023-07-31 08:56:10,157 [INFO] IPUIPlugin:80 - create IPUIPlugin
2023-07-31 08:56:10,157 [INFO] IPUIPlugin:80 - create IPUIPlugin
2023-07-31 08:56:10,157 [INFO] IPUIPlugin:80 - create IPUIPlugin
2023-07-31 08:56:10,157 [INFO] IPUIPlugin:80 - create IPUIPlugin
2023-07-31 08:56:10,157 [INFO] IPUIPlugin:80 - create IPUIPlugin
2023-07-31 08:56:10,157 [INFO] IPUIPlugin:80 - create IPUIPlugin
2023-07-31 08:56:10,157 [INFO] IPUIPlugin:80 - create IPUIPlugin
2023-07-31 08:56:10,158 [INFO] IPUIPlugin:80 - create IPUIPlugin
2023-07-31 08:56:10,158 [INFO] IPUIPlugin:80 - create IPUIPlugin
2023-07-31 08:56:10,158 [INFO] IPUIPlugin:80 - create IPUIPlugin
2023-07-31 08:56:10,158 [INFO] IPUIPlugin:80 - create IPUIPlugin
2023-07-31 08:56:10,158 [INFO] IPUIPlugin:80 - create IPUIPlugin
2023-07-31 08:56:10,158 [INFO] IPUIPlugin:80 - create IPUIPlugin
2023-07-31 08:56:10,158 [INFO] IPUIPlugin:80 - create IPUIPlugin
2023-07-31 08:56:10,159 [INFO] IPUIPlugin:80 - create IPUIPlugin
2023-07-31 08:56:10,159 [INFO] IPUIPlugin:80 - create IPUIPlugin
2023-07-31 08:56:10,159 [INFO] IPUIPlugin:80 - create IPUIPlugin
2023-07-31 08:56:10,159 [INFO] IPUIPlugin:80 - create IPUIPlugin
2023-07-31 08:56:10,159 [INFO] IPUIPlugin:80 - create IPUIPlugin
2023-07-31 08:56:10,159 [INFO] IPUIPlugin:80 - create IPUIPlugin
2023-07-31 08:56:10,160 [INFO] IPUIPlugin:80 - create IPUIPlugin
2023-07-31 08:56:10,160 [INFO] IPUIPlugin:80 - create IPUIPlugin
2023-07-31 08:56:10,160 [INFO] IPUIPlugin:80 - create IPUIPlugin
2023-07-31 08:56:10,160 [INFO] IPUIPlugin:80 - create IPUIPlugin
2023-07-31 08:56:10,160 [INFO] IPUIPlugin:80 - create IPUIPlugin
2023-07-31 08:56:10,160 [INFO] IPUIPlugin:80 - create IPUIPlugin
2023-07-31 08:56:10,161 [INFO] IPUIPlugin:80 - create IPUIPlugin
2023-07-31 08:56:10,161 [INFO] IPUIPlugin:80 - create IPUIPlugin
2023-07-31 08:56:10,161 [INFO] IPUIPlugin:80 - create IPUIPlugin
2023-07-31 08:56:10,161 [INFO] IPUIPlugin:80 - create IPUIPlugin
2023-07-31 08:56:10,162 [INFO] IPUIPlugin:80 - create IPUIPlugin
2023-07-31 08:56:10,197 [INFO] CADModel:165 - CPN selected for project levelSTM32L433RCT6P
2023-07-31 08:56:10,197 [INFO] CADModel:114 - Register for checkConnection events
2023-07-31 08:56:10,271 [INFO] OpenFileManager:328 - Restore cursor
