2023-07-25 12:15:13,355 [INFO] MainUpdater:2854 - connection check result : 10
2023-07-25 12:15:13,355 [INFO] MainUpdater:2854 - connection check result : 10
2023-07-25 12:15:13,464 [INFO] MicroXplorer:468 - Change Database Path : 
2023-07-25 12:15:13,464 [INFO] MicroXplorer:498 - Change Database Version : DB.6.0.81
2023-07-25 12:15:13,495 [WARN] ThirdParty:871 - waiting for thirdparty lock release [close project]
2023-07-25 12:15:13,495 [INFO] ThirdParty:873 - entering critical section [close project]
2023-07-25 12:15:13,495 [INFO] ThirdParty:883 - exiting critical section [close project]
2023-07-25 12:15:13,495 [INFO] PinOutPanel:1499 - setPackage(No Configuration,No Configuration)
2023-07-25 12:15:13,511 [INFO] UtilMem:75 - Begin LoadConfig() Used Memory: 921927928 Bytes (1073741824)
2023-07-25 12:15:13,511 [INFO] MicroXplorer:468 - Change Database Path : 
2023-07-25 12:15:13,511 [INFO] MicroXplorer:498 - Change Database Version : DB.6.0.81
2023-07-25 12:15:13,511 [INFO] OpenFileManager:308 - Change cursor
2023-07-25 12:15:13,531 [INFO] RulesReader:64 - Compatibility file has been processed (293 Rules)
2023-07-25 12:15:13,546 [INFO] Mcu:1937 - Initializing MCU STM32L433RCTxP STM32L433RCTxP STM32L433RCT6P
2023-07-25 12:15:14,765 [INFO] Context:659 - Trying to add GPIOservice into a context  which must be forbidden
2023-07-25 12:15:15,155 [INFO] RtosManager:555 - Registered RTOS mode: class=CMSIS, group=RTOS, mode=CMSIS_V1, owner=FREERTOS
2023-07-25 12:15:15,155 [INFO] RtosManager:555 - Registered RTOS mode: class=CMSIS, group=RTOS2, mode=CMSIS_V2, owner=FREERTOS
2023-07-25 12:15:15,155 [INFO] RtosManager:555 - Registered RTOS mode: class=RTOS, group=Core, mode=CMSIS_V1, owner=FREERTOS
2023-07-25 12:15:15,155 [INFO] RtosManager:555 - Registered RTOS mode: class=RTOS, group=Core, mode=CMSIS_V2, owner=FREERTOS
2023-07-25 12:15:15,155 [WARN] ModelIntegratedComponent:184 - Missing modes for component STMicroelectronics:FreeRTOS:0.0.1:STMicroelectronics:RTOS:FreeRTOS:Core:::10.2.0:
2023-07-25 12:15:15,171 [WARN] ModelIntegratedComponent:63 - No mode defined for component null
2023-07-25 12:15:15,171 [WARN] ModelIntegratedComponent:63 - No mode defined for component null
2023-07-25 12:15:15,171 [WARN] ModelIntegratedComponent:63 - No mode defined for component null
2023-07-25 12:15:15,171 [WARN] ModelIntegratedComponent:63 - No mode defined for component null
2023-07-25 12:15:15,171 [WARN] ModelIntegratedComponent:63 - No mode defined for component null
2023-07-25 12:15:15,171 [WARN] ModelIntegratedComponent:63 - No mode defined for component null
2023-07-25 12:15:15,171 [WARN] ModelIntegratedComponent:63 - No mode defined for component null
2023-07-25 12:15:15,171 [WARN] ModelIntegratedComponent:63 - No mode defined for component null
2023-07-25 12:15:15,171 [WARN] ModelIntegratedComponent:63 - No mode defined for component null
2023-07-25 12:15:15,171 [WARN] ModelIntegratedComponent:63 - No mode defined for component null
2023-07-25 12:15:15,171 [WARN] ModelIntegratedComponent:63 - No mode defined for component null
2023-07-25 12:15:15,171 [WARN] ModelIntegratedComponent:63 - No mode defined for component null
2023-07-25 12:15:15,171 [WARN] ModelIntegratedComponent:63 - No mode defined for component null
2023-07-25 12:15:15,171 [WARN] ModelIntegratedComponent:63 - No mode defined for component null
2023-07-25 12:15:15,171 [WARN] ModelIntegratedComponent:63 - No mode defined for component null
2023-07-25 12:15:15,171 [WARN] ModelIntegratedComponent:63 - No mode defined for component null
2023-07-25 12:15:15,171 [WARN] ModelIntegratedComponent:63 - No mode defined for component null
2023-07-25 12:15:15,171 [WARN] ModelIntegratedComponent:63 - No mode defined for component null
2023-07-25 12:15:15,171 [WARN] ModelIntegratedComponent:63 - No mode defined for component null
2023-07-25 12:15:15,171 [WARN] ModelIntegratedComponent:63 - No mode defined for component null
2023-07-25 12:15:15,171 [WARN] ModelIntegratedComponent:63 - No mode defined for component null
2023-07-25 12:15:15,171 [WARN] ModelIntegratedComponent:63 - No mode defined for component null
2023-07-25 12:15:15,171 [WARN] ModelIntegratedComponent:63 - No mode defined for component null
2023-07-25 12:15:15,171 [WARN] ModelIntegratedComponent:63 - No mode defined for component null
2023-07-25 12:15:15,171 [WARN] ModelIntegratedComponent:63 - No mode defined for component null
2023-07-25 12:15:15,171 [WARN] ModelIntegratedComponent:63 - No mode defined for component null
2023-07-25 12:15:15,171 [WARN] ModelIntegratedComponent:63 - No mode defined for component null
2023-07-25 12:15:15,171 [WARN] ModelIntegratedComponent:63 - No mode defined for component null
2023-07-25 12:15:15,171 [WARN] ModelIntegratedComponent:63 - No mode defined for component null
2023-07-25 12:15:15,171 [WARN] ModelIntegratedComponent:63 - No mode defined for component null
2023-07-25 12:15:15,171 [WARN] ModelIntegratedComponent:63 - No mode defined for component null
2023-07-25 12:15:15,171 [WARN] ModelIntegratedComponent:63 - No mode defined for component null
2023-07-25 12:15:15,171 [WARN] ModelIntegratedComponent:63 - No mode defined for component null
2023-07-25 12:15:15,187 [INFO] ThirdPartyModel:298 - Start build external matchings
2023-07-25 12:15:15,546 [INFO] ThirdPartyModel:316 - End build external matchings
2023-07-25 12:15:15,546 [INFO] ImportTextPane:194 - (OptionalMessage_ERROR) IP (RCC) : Invalid parameter (FamilyName)
2023-07-25 12:15:15,546 [INFO] ImportTextPane:194 - (OptionalMessage_ERROR) IP (RCC) : Invalid parameter (I2C4Freq_Value)
2023-07-25 12:15:15,546 [INFO] ImportTextPane:194 - (OptionalMessage_ERROR) IP (RCC) : Parameter (RNGFreq_Value) has invalid value (64000000)
2023-07-25 12:15:15,546 [INFO] ImportTextPane:194 - (OptionalMessage_ERROR) IP (RCC) : Parameter (SDMMCFreq_Value) has invalid value (64000000)
2023-07-25 12:15:15,546 [INFO] ImportTextPane:194 - (OptionalMessage_ERROR) IP (RCC) : Invalid parameter (UART4Freq_Value)
2023-07-25 12:15:15,546 [INFO] ImportTextPane:194 - (OptionalMessage_ERROR) IP (RCC) : Invalid parameter (UART5Freq_Value)
2023-07-25 12:15:15,546 [INFO] ImportTextPane:194 - (OptionalMessage_ERROR) IP (RCC) : Parameter (USBFreq_Value) has invalid value (64000000)
2023-07-25 12:15:15,546 [INFO] ImportTextPane:194 - (OptionalMessage_ERROR) IP (RCC) : Invalid parameter (VCOSAI2OutputFreq_Value)
2023-07-25 12:15:15,733 [INFO] UtilMem:75 - End LoadConfig() Used Memory: 819945248 Bytes (1073741824)
2023-07-25 12:15:15,796 [WARN] ThirdParty:833 - waiting for thirdparty lock release [change project]
2023-07-25 12:15:15,796 [INFO] ThirdParty:835 - entering critical section [change project]
2023-07-25 12:15:15,796 [INFO] ThirdParty:1030 - CMSIS Pack Vendor :STMicroelectronics X-CUBE-ISPU 1.1.0
2023-07-25 12:15:15,796 [INFO] ThirdParty:1030 - CMSIS Pack Vendor :STMicroelectronics X-CUBE-GNSS1 6.0.0
2023-07-25 12:15:15,796 [INFO] ThirdParty:1030 - CMSIS Pack Vendor :STMicroelectronics USB_HOST 2.0.0
2023-07-25 12:15:15,796 [INFO] ThirdParty:1030 - CMSIS Pack Vendor :STMicroelectronics X-CUBE-AZRTOS-F4 1.1.0
2023-07-25 12:15:15,796 [INFO] ThirdParty:1030 - CMSIS Pack Vendor :STMicroelectronics LIBJPEG 8.0.0
2023-07-25 12:15:15,796 [INFO] ThirdParty:1030 - CMSIS Pack Vendor :wolfSSL I-CUBE-wolfSSL 5.6.3
2023-07-25 12:15:15,796 [INFO] ThirdParty:1030 - CMSIS Pack Vendor :STMicroelectronics X-CUBE-SMBUS 2.1.0
2023-07-25 12:15:15,796 [INFO] ThirdParty:1030 - CMSIS Pack Vendor :STMicroelectronics USB_DEVICE 3.0.0
2023-07-25 12:15:15,796 [INFO] ThirdParty:1030 - CMSIS Pack Vendor :STMicroelectronics X-CUBE-FREERTOS 1.0.1
2023-07-25 12:15:15,796 [INFO] ThirdParty:1030 - CMSIS Pack Vendor :STMicroelectronics X-CUBE-AZRTOS-F7 1.1.0
2023-07-25 12:15:15,796 [INFO] ThirdParty:1030 - CMSIS Pack Vendor :STMicroelectronics USB_DEVICE 2.0.0
2023-07-25 12:15:15,796 [INFO] ThirdParty:1030 - CMSIS Pack Vendor :STMicroelectronics X-CUBE-MEMS1 9.6.0
2023-07-25 12:15:15,796 [INFO] ThirdParty:1030 - CMSIS Pack Vendor :STMicroelectronics FP-SNS-MOTENV1 4.3.2
2023-07-25 12:15:15,796 [INFO] ThirdParty:1030 - CMSIS Pack Vendor :STMicroelectronics FP-SNS-FLIGHT1 5.0.1
2023-07-25 12:15:15,796 [INFO] ThirdParty:1030 - CMSIS Pack Vendor :STMicroelectronics X-CUBE-ALGOBUILD 1.3.0
2023-07-25 12:15:15,796 [INFO] ThirdParty:1030 - CMSIS Pack Vendor :STMicroelectronics X-CUBE-BLE1 6.2.4
2023-07-25 12:15:15,796 [INFO] ThirdParty:1030 - CMSIS Pack Vendor :STMicroelectronics X-CUBE-AZRTOS-L5 1.1.0
2023-07-25 12:15:15,796 [INFO] ThirdParty:1030 - CMSIS Pack Vendor :STMicroelectronics FreeRTOS 0.0.1
2023-07-25 12:15:15,796 [INFO] ThirdParty:1030 - CMSIS Pack Vendor :STMicroelectronics X-CUBE-AZRTOS-G0 1.1.0
2023-07-25 12:15:15,796 [INFO] ThirdParty:1030 - CMSIS Pack Vendor :STMicroelectronics X-CUBE-BLEMGR 2.0.0
2023-07-25 12:15:15,796 [INFO] ThirdParty:1030 - CMSIS Pack Vendor :STMicroelectronics X-CUBE-AI 8.0.1
2023-07-25 12:15:15,796 [INFO] ThirdParty:1030 - CMSIS Pack Vendor :STMicroelectronics X-CUBE-NFC4 3.0.0
2023-07-25 12:15:15,796 [INFO] ThirdParty:1030 - CMSIS Pack Vendor :STMicroelectronics X-CUBE-SUBG2 5.0.0
2023-07-25 12:15:15,796 [INFO] ThirdParty:1030 - CMSIS Pack Vendor :STMicroelectronics STM32_WPAN 1.0.0
2023-07-25 12:15:15,796 [INFO] ThirdParty:1030 - CMSIS Pack Vendor :STMicroelectronics lwIP 2.0.3
2023-07-25 12:15:15,796 [INFO] ThirdParty:1030 - CMSIS Pack Vendor :STMicroelectronics USB_HOST 1.0.0
2023-07-25 12:15:15,796 [INFO] ThirdParty:1030 - CMSIS Pack Vendor :STMicroelectronics X-CUBE-TOF1 3.3.1
2023-07-25 12:15:15,796 [INFO] ThirdParty:1030 - CMSIS Pack Vendor :STMicroelectronics X-CUBE-AZRTOS-G4 2.0.0
2023-07-25 12:15:15,796 [INFO] ThirdParty:1030 - CMSIS Pack Vendor :STMicroelectronics PDM2PCM 3.1.0
2023-07-25 12:15:15,796 [INFO] ThirdParty:1030 - CMSIS Pack Vendor :STMicroelectronics X-CUBE-AZRTOS-H7 3.1.0
2023-07-25 12:15:15,796 [INFO] ThirdParty:1030 - CMSIS Pack Vendor :STMicroelectronics X-CUBE-TOF1 3.3.0
2023-07-25 12:15:15,796 [INFO] ThirdParty:1030 - CMSIS Pack Vendor :STMicroelectronics PDM2PCM 3.3.0
2023-07-25 12:15:15,796 [INFO] ThirdParty:1030 - CMSIS Pack Vendor :STMicroelectronics X-CUBE-DISPLAY 3.0.0
2023-07-25 12:15:15,796 [INFO] ThirdParty:1030 - CMSIS Pack Vendor :STMicroelectronics FP-ATR-SIGFOX1 3.2.0
2023-07-25 12:15:15,796 [INFO] ThirdParty:1030 - CMSIS Pack Vendor :STMicroelectronics HAL Drivers 0.0.0
2023-07-25 12:15:15,796 [INFO] ThirdParty:1030 - CMSIS Pack Vendor :STMicroelectronics MBEDTLS 2.16.2
2023-07-25 12:15:15,796 [INFO] ThirdParty:1030 - CMSIS Pack Vendor :emotas I-CUBE-CANOPEN 1.3.0
2023-07-25 12:15:15,796 [INFO] ThirdParty:1030 - CMSIS Pack Vendor :STMicroelectronics X-CUBE-TOUCHGFX 4.22.0
2023-07-25 12:15:15,796 [INFO] ThirdParty:1030 - CMSIS Pack Vendor :STMicroelectronics X-CUBE-NFC7 1.0.1
2023-07-25 12:15:15,796 [INFO] ThirdParty:1030 - CMSIS Pack Vendor :STMicroelectronics MBEDTLS 2.14.1
2023-07-25 12:15:15,796 [INFO] ThirdParty:1030 - CMSIS Pack Vendor :STMicroelectronics X-CUBE-EEPRMA1 4.1.0
2023-07-25 12:15:15,796 [INFO] ThirdParty:1030 - CMSIS Pack Vendor :portGmbH I-Cube-SoM-uGOAL 1.1.0
2023-07-25 12:15:15,796 [INFO] ThirdParty:1030 - CMSIS Pack Vendor :STMicroelectronics X-CUBE-ALS 1.0.1
2023-07-25 12:15:15,796 [INFO] ThirdParty:1030 - CMSIS Pack Vendor :STMicroelectronics ThreadX 1.0.0
2023-07-25 12:15:15,796 [INFO] ThirdParty:1030 - CMSIS Pack Vendor :STMicroelectronics X-CUBE-AZRTOS-WB 1.1.0
2023-07-25 12:15:15,796 [INFO] ThirdParty:1030 - CMSIS Pack Vendor :STMicroelectronics X-CUBE-AZRTOS-WL 2.0.0
2023-07-25 12:15:15,796 [INFO] ThirdParty:1030 - CMSIS Pack Vendor :SEGGER I-CUBE-embOS 1.3.1
2023-07-25 12:15:15,796 [INFO] ThirdParty:1030 - CMSIS Pack Vendor :STMicroelectronics USB_DEVICE 1.0.0
2023-07-25 12:15:15,796 [INFO] ThirdParty:1030 - CMSIS Pack Vendor :STMicroelectronics X-CUBE-AZRTOS-L4 2.0.0
2023-07-25 12:15:15,796 [INFO] ThirdParty:1030 - CMSIS Pack Vendor :STMicroelectronics ThreadX 0.0.2
2023-07-25 12:15:15,796 [INFO] ThirdParty:1030 - CMSIS Pack Vendor :WES I-CUBE-Cesium 1.3.0
2023-07-25 12:15:15,796 [INFO] ThirdParty:1030 - CMSIS Pack Vendor :STMicroelectronics FP-ATR-ASTRA1 2.0.0
2023-07-25 12:15:15,796 [INFO] ThirdParty:1030 - CMSIS Pack Vendor :STMicroelectronics lwIP 2.1.2
2023-07-25 12:15:15,796 [INFO] ThirdParty:1030 - CMSIS Pack Vendor :STMicroelectronics X-CUBE-SFXS2LP1 4.0.0
2023-07-25 12:15:15,796 [INFO] ThirdParty:1030 - CMSIS Pack Vendor :STMicroelectronics X-CUBE-BLE2 3.3.0
2023-07-25 12:15:15,796 [INFO] ThirdParty:1030 - CMSIS Pack Vendor :STMicroelectronics PDM2PCM 3.2.0
2023-07-25 12:15:15,796 [INFO] ThirdParty:841 - exiting critical section [change project]
2023-07-25 12:15:15,905 [INFO] PinOutPanel:1499 - setPackage(No Configuration,No Configuration)
2023-07-25 12:15:15,905 [INFO] PinOutPanel:1499 - setPackage(STM32L433RCTxP,LQFP64)
2023-07-25 12:15:16,296 [INFO] UtilMem:75 - Before build in PCC Used Memory: 821386200 Bytes (1073741824)
2023-07-25 12:15:16,655 [INFO] UtilMem:75 - After build in PCC Used Memory: 914709464 Bytes (1073741824)
2023-07-25 12:15:16,686 [INFO] IPUIPlugin:80 - create IPUIPlugin
2023-07-25 12:15:16,686 [INFO] IPUIPlugin:80 - create IPUIPlugin
2023-07-25 12:15:16,686 [INFO] IPUIPlugin:80 - create IPUIPlugin
2023-07-25 12:15:16,686 [INFO] IPUIPlugin:80 - create IPUIPlugin
2023-07-25 12:15:16,686 [INFO] IPUIPlugin:80 - create IPUIPlugin
2023-07-25 12:15:16,686 [INFO] IPUIPlugin:80 - create IPUIPlugin
2023-07-25 12:15:16,686 [INFO] IPUIPlugin:80 - create IPUIPlugin
2023-07-25 12:15:16,686 [INFO] IPUIPlugin:80 - create IPUIPlugin
2023-07-25 12:15:16,686 [INFO] IPUIPlugin:80 - create IPUIPlugin
2023-07-25 12:15:16,686 [INFO] IPUIPlugin:80 - create IPUIPlugin
2023-07-25 12:15:16,686 [INFO] IPUIPlugin:80 - create IPUIPlugin
2023-07-25 12:15:16,686 [INFO] IPUIPlugin:80 - create IPUIPlugin
2023-07-25 12:15:16,686 [INFO] IPUIPlugin:80 - create IPUIPlugin
2023-07-25 12:15:16,686 [INFO] IPUIPlugin:80 - create IPUIPlugin
2023-07-25 12:15:16,686 [INFO] IPUIPlugin:80 - create IPUIPlugin
2023-07-25 12:15:16,686 [INFO] IPUIPlugin:80 - create IPUIPlugin
2023-07-25 12:15:16,686 [INFO] IPUIPlugin:80 - create IPUIPlugin
2023-07-25 12:15:16,686 [INFO] IPUIPlugin:80 - create IPUIPlugin
2023-07-25 12:15:16,686 [INFO] IPUIPlugin:80 - create IPUIPlugin
2023-07-25 12:15:16,686 [INFO] IPUIPlugin:80 - create IPUIPlugin
2023-07-25 12:15:16,686 [INFO] IPUIPlugin:80 - create IPUIPlugin
2023-07-25 12:15:16,686 [INFO] IPUIPlugin:80 - create IPUIPlugin
2023-07-25 12:15:16,686 [INFO] IPUIPlugin:80 - create IPUIPlugin
2023-07-25 12:15:16,686 [INFO] IPUIPlugin:80 - create IPUIPlugin
2023-07-25 12:15:16,686 [INFO] IPUIPlugin:80 - create IPUIPlugin
2023-07-25 12:15:16,686 [INFO] IPUIPlugin:80 - create IPUIPlugin
2023-07-25 12:15:16,686 [INFO] IPUIPlugin:80 - create IPUIPlugin
2023-07-25 12:15:16,686 [INFO] IPUIPlugin:80 - create IPUIPlugin
2023-07-25 12:15:16,686 [INFO] IPUIPlugin:80 - create IPUIPlugin
2023-07-25 12:15:16,686 [INFO] IPUIPlugin:80 - create IPUIPlugin
2023-07-25 12:15:16,686 [INFO] IPUIPlugin:80 - create IPUIPlugin
2023-07-25 12:15:16,686 [INFO] IPUIPlugin:80 - create IPUIPlugin
2023-07-25 12:15:16,686 [INFO] IPUIPlugin:80 - create IPUIPlugin
2023-07-25 12:15:16,686 [INFO] IPUIPlugin:80 - create IPUIPlugin
2023-07-25 12:15:16,686 [INFO] IPUIPlugin:80 - create IPUIPlugin
2023-07-25 12:15:16,686 [INFO] IPUIPlugin:80 - create IPUIPlugin
2023-07-25 12:15:16,702 [INFO] IPUIPlugin:80 - create IPUIPlugin
2023-07-25 12:15:16,702 [INFO] IPUIPlugin:80 - create IPUIPlugin
2023-07-25 12:15:16,702 [INFO] IPUIPlugin:80 - create IPUIPlugin
2023-07-25 12:15:16,702 [INFO] IPUIPlugin:80 - create IPUIPlugin
2023-07-25 12:15:16,702 [INFO] IPUIPlugin:80 - create IPUIPlugin
2023-07-25 12:15:16,702 [INFO] IPUIPlugin:80 - create IPUIPlugin
2023-07-25 12:15:16,702 [INFO] IPUIPlugin:80 - create IPUIPlugin
2023-07-25 12:15:16,702 [INFO] IPUIPlugin:80 - create IPUIPlugin
2023-07-25 12:15:16,702 [INFO] IPUIPlugin:80 - create IPUIPlugin
2023-07-25 12:15:16,796 [INFO] CADModel:165 - CPN selected for project levelSTM32L433RCT6P
2023-07-25 12:15:16,796 [INFO] CADModel:114 - Register for checkConnection events
2023-07-25 12:15:16,842 [INFO] OpenFileManager:328 - Restore cursor
2023-07-25 13:10:43,769 [INFO] MainUpdater:2854 - connection check result : 10
2023-07-25 13:10:43,916 [INFO] McuFinderGlobals:66 - Set McuFinderConnectedMode to true
2023-07-25 13:10:43,916 [INFO] MultiScanPanel:200 - Auto-refresh data requested => check proxy status ongoing
2023-07-25 13:10:43,916 [INFO] FinderPluginLoader:95 - Searching for filters in installed packs
2023-07-25 13:10:44,557 [INFO] LoadUrlFilesThread:185 - End of LoadServerUrlFiles without Thread
2023-07-25 13:10:44,557 [INFO] DetailPanel:341 - Set advertising image to C:/Users/ARGE-PC1/STM32Cube/Repository/\en.prom-stm32h5-mcu-finder.jpg
2023-07-25 13:10:46,572 [INFO] MultiScanPanel:200 - Auto-refresh data requested => check proxy status ongoing
2023-07-25 13:10:46,603 [INFO] LoadUrlFilesThread:185 - End of LoadServerUrlFiles without Thread
2023-07-25 13:10:46,603 [INFO] DetailPanel:341 - Set advertising image to C:/Users/ARGE-PC1/STM32Cube/Repository/\en.prom-stm32h5-mcu-finder.jpg
