2023-07-04 02:21:52,413 [INFO] Activator:176 - 


2023-07-04 02:21:52,426 [INFO] Activator:177 - !SESSION log4j initialized
2023-07-04 02:21:58,610 [INFO] LogOutputStream:77 - [STDOUT_REDIRECT] 
2023-07-04 02:22:20,097 [ERROR] LogOutputStream:75 - [STDERR_REDIRECT] SLF4J: Failed to load class "org.slf4j.impl.StaticLoggerBinder".
2023-07-04 02:22:20,097 [ERROR] LogOutputStream:75 - [STDERR_REDIRECT] SLF4J: Defaulting to no-operation (NOP) logger implementation
2023-07-04 02:22:20,097 [ERROR] LogOutputStream:75 - [STDERR_REDIRECT] SLF4J: See http://www.slf4j.org/codes.html#StaticLoggerBinder for further details.
2023-07-04 02:32:07,749 [INFO] ApplicationProperties:184 - Using Application install path: C:\ST\STM32CubeIDE_1.12.1\STM32CubeIDE\plugins\com.st.stm32cube.common.mx_6.8.1.202304191431
2023-07-04 02:32:07,765 [INFO] DbMcusXml:78 - Set database path to: C:\ST\STM32CubeIDE_1.12.1\STM32CubeIDE\plugins\com.st.stm32cube.common.mx_6.8.1.202304191431\\db\/mcu/
2023-07-04 02:32:07,765 [INFO] ApiDb:274 - Set plugin database path to: C:\ST\STM32CubeIDE_1.12.1\STM32CubeIDE\plugins\com.st.stm32cube.common.mx_6.8.1.202304191431\\db\/plugins/boardmanager/
2023-07-04 02:32:07,765 [WARN] ApiDb:259 - Overriding images path with different value:  => C:\ST\STM32CubeIDE_1.12.1\STM32CubeIDE\plugins\com.st.stm32cube.common.mx_6.8.1.202304191431\\db\/plugins/mcufinder/images/
2023-07-04 02:32:07,796 [INFO] ApiDb:250 - Set database path to: C:\Users\ARGE-PC1\.stmcufinder\plugins\mcufinder//mcu/
2023-07-04 02:32:07,796 [INFO] DbMcusAds:125 - Set database path to: C:\Users\ARGE-PC1\.stmcufinder\plugins\mcufinder//mcu/
2023-07-04 02:32:07,892 [INFO] CrossReferenceDbSqlite:203 - Set database path to: C:\Users\ARGE-PC1\.stmcufinder\plugins\mcufinder//mcu/cs/
2023-07-04 02:32:08,003 [INFO] RulesReader:64 - Compatibility file has been processed (293 Rules)
2023-07-04 02:32:08,089 [INFO] DbMcusXml:78 - Set database path to: C:\ST\STM32CubeIDE_1.12.1\STM32CubeIDE\plugins\com.st.stm32cube.common.mx_6.8.1.202304191431\\db\/mcu/
2023-07-04 02:32:08,089 [INFO] ApiDb:274 - Set plugin database path to: C:\ST\STM32CubeIDE_1.12.1\STM32CubeIDE\plugins\com.st.stm32cube.common.mx_6.8.1.202304191431\\db\/plugins/boardmanager/
2023-07-04 02:32:08,089 [INFO] ApiDb:261 - Set plugin images path to: C:\ST\STM32CubeIDE_1.12.1\STM32CubeIDE\plugins\com.st.stm32cube.common.mx_6.8.1.202304191431\\db\/plugins/mcufinder/images/
2023-07-04 02:32:08,089 [WARN] DbFile:41 - Overriding database path with different value: C:\Users\ARGE-PC1\.stmcufinder\plugins\mcufinder/ => C:\Users\ARGE-PC1\.stmcufinder\plugins\mcufinder
2023-07-04 02:32:08,089 [INFO] ApiDb:250 - Set database path to: C:\Users\ARGE-PC1\.stmcufinder\plugins\mcufinder//mcu/
2023-07-04 02:32:08,089 [WARN] DbFile:41 - Overriding database path with different value: C:\Users\ARGE-PC1\.stmcufinder\plugins\mcufinder/ => C:\Users\ARGE-PC1\.stmcufinder\plugins\mcufinder
2023-07-04 02:32:08,089 [INFO] DbMcusAds:125 - Set database path to: C:\Users\ARGE-PC1\.stmcufinder\plugins\mcufinder//mcu/
2023-07-04 02:32:08,089 [WARN] DbFile:41 - Overriding database path with different value: C:\Users\ARGE-PC1\.stmcufinder\plugins\mcufinder/ => C:\Users\ARGE-PC1\.stmcufinder\plugins\mcufinder
2023-07-04 02:32:08,089 [WARN] DbFile:41 - Overriding database path with different value: C:\Users\ARGE-PC1\.stmcufinder\plugins\mcufinder/ => C:\Users\ARGE-PC1\.stmcufinder\plugins\mcufinder
2023-07-04 02:32:08,089 [INFO] CrossReferenceDbSqlite:203 - Set database path to: C:\Users\ARGE-PC1\.stmcufinder\plugins\mcufinder//mcu/cs/
2023-07-04 02:32:08,151 [INFO] MainPanel:253 - HeapMemory: 462422016
2023-07-04 02:32:08,260 [INFO] DbMcusXml:78 - Set database path to: C:\ST\STM32CubeIDE_1.12.1\STM32CubeIDE\plugins\com.st.stm32cube.common.mx_6.8.1.202304191431\\db\/mcu/
2023-07-04 02:32:08,260 [INFO] ApiDb:274 - Set plugin database path to: C:\ST\STM32CubeIDE_1.12.1\STM32CubeIDE\plugins\com.st.stm32cube.common.mx_6.8.1.202304191431\\db\/plugins/boardmanager/
2023-07-04 02:32:08,260 [INFO] ApiDb:261 - Set plugin images path to: C:\ST\STM32CubeIDE_1.12.1\STM32CubeIDE\plugins\com.st.stm32cube.common.mx_6.8.1.202304191431\\db\/plugins/mcufinder/images/
2023-07-04 02:32:08,260 [WARN] DbFile:41 - Overriding database path with different value: C:\Users\ARGE-PC1\.stmcufinder\plugins\mcufinder/ => C:\Users\ARGE-PC1\.stmcufinder\plugins\mcufinder
2023-07-04 02:32:08,260 [INFO] ApiDb:250 - Set database path to: C:\Users\ARGE-PC1\.stmcufinder\plugins\mcufinder//mcu/
2023-07-04 02:32:08,260 [WARN] DbFile:41 - Overriding database path with different value: C:\Users\ARGE-PC1\.stmcufinder\plugins\mcufinder/ => C:\Users\ARGE-PC1\.stmcufinder\plugins\mcufinder
2023-07-04 02:32:08,260 [INFO] DbMcusAds:125 - Set database path to: C:\Users\ARGE-PC1\.stmcufinder\plugins\mcufinder//mcu/
2023-07-04 02:32:08,260 [WARN] DbFile:41 - Overriding database path with different value: C:\Users\ARGE-PC1\.stmcufinder\plugins\mcufinder/ => C:\Users\ARGE-PC1\.stmcufinder\plugins\mcufinder
2023-07-04 02:32:08,260 [WARN] DbFile:41 - Overriding database path with different value: C:\Users\ARGE-PC1\.stmcufinder\plugins\mcufinder/ => C:\Users\ARGE-PC1\.stmcufinder\plugins\mcufinder
2023-07-04 02:32:08,260 [INFO] CrossReferenceDbSqlite:203 - Set database path to: C:\Users\ARGE-PC1\.stmcufinder\plugins\mcufinder//mcu/cs/
2023-07-04 02:32:08,282 [INFO] ApplicationProperties:184 - Using Application install path: C:\ST\STM32CubeIDE_1.12.1\STM32CubeIDE\plugins\com.st.stm32cube.common.mx_6.8.1.202304191431
2023-07-04 02:32:08,282 [INFO] PluginManage:196 - Search for loadable plugins [exclusion list=, ]
2023-07-04 02:32:08,282 [INFO] PluginManage:310 - Check plugin analytics
2023-07-04 02:32:08,431 [INFO] AnalyticsPlugin:253 - Accepted Software Licenses: STM32CubeMX.6.8.1
2023-07-04 02:32:08,431 [INFO] AnalyticsPlugin:255 - Accepted CMSIS Pack Licenses: 
2023-07-04 02:32:08,431 [INFO] AnalyticsPlugin:257 - Accepted Firmware Licenses: 
2023-07-04 02:32:08,450 [INFO] PluginManage:359 - Loaded plugin analytics (category:tool,tabindex:-1)
2023-07-04 02:32:08,450 [INFO] PluginManage:310 - Check plugin cadmodel
2023-07-04 02:32:08,466 [INFO] CADModel:105 - Init CAD model plugin
2023-07-04 02:32:08,466 [INFO] PluginManage:359 - Loaded plugin cadmodel (category:power,tabindex:5)
2023-07-04 02:32:08,466 [INFO] PluginManage:310 - Check plugin clock
2023-07-04 02:32:08,483 [INFO] PluginManage:359 - Loaded plugin clock (category:base,tabindex:2)
2023-07-04 02:32:08,483 [INFO] PluginManage:310 - Check plugin ddr
2023-07-04 02:32:08,488 [INFO] PluginManage:359 - Loaded plugin ddr (category:tool,tabindex:6)
2023-07-04 02:32:08,488 [INFO] PluginManage:310 - Check plugin filemanager
2023-07-04 02:32:08,604 [INFO] PluginManage:359 - Loaded plugin filemanager (category:base,tabindex:10)
2023-07-04 02:32:08,604 [INFO] PluginManage:310 - Check plugin ipmanager
2023-07-04 02:32:08,618 [INFO] PluginManage:359 - Loaded plugin ipmanager (category:base,tabindex:5)
2023-07-04 02:32:08,618 [INFO] PluginManage:310 - Check plugin lpbam
2023-07-04 02:32:08,634 [INFO] PluginManage:359 - Loaded plugin lpbam (category:base,tabindex:0)
2023-07-04 02:32:08,634 [INFO] PluginManage:310 - Check plugin pinoutandconfiguration
2023-07-04 02:32:08,650 [INFO] PluginManage:359 - Loaded plugin pinoutandconfiguration (category:base,tabindex:1)
2023-07-04 02:32:08,650 [INFO] PluginManage:310 - Check plugin pinoutconfig
2023-07-04 02:32:08,728 [WARN] SupportedApi:132 - Cannot load RTOS API schema: s4s-elt-must-match.1: The content of 'definitions' must match (annotation?, (simpleType | complexType)?, (unique | key | keyref)*)). A problem was found starting at: attribute.
2023-07-04 02:32:08,879 [INFO] PluginManage:359 - Loaded plugin pinoutconfig (category:base,tabindex:0)
2023-07-04 02:32:08,879 [INFO] PluginManage:310 - Check plugin power
2023-07-04 02:32:08,895 [INFO] PluginManage:359 - Loaded plugin power (category:power,tabindex:4)
2023-07-04 02:32:08,895 [INFO] PluginManage:310 - Check plugin projectmanager
2023-07-04 02:32:08,926 [INFO] PluginManage:359 - Loaded plugin projectmanager (category:projectmanager,tabindex:3)
2023-07-04 02:32:08,926 [INFO] PluginManage:310 - Check plugin thirdparty
2023-07-04 02:32:09,158 [INFO] PluginManage:359 - Loaded plugin thirdparty (category:base,tabindex:-1)
2023-07-04 02:32:09,158 [WARN] IntegrityCheckThread:84 - waiting for thirdparty lock release [integrity check]
2023-07-04 02:32:09,158 [INFO] PluginManage:310 - Check plugin tools
2023-07-04 02:32:09,158 [INFO] IntegrityCheckThread:86 - entering critical section [integrity check]
2023-07-04 02:32:09,158 [INFO] ThirdPartyUpdaterWithRetryManager:70 - Updater plugin not ready yet. [1/15]
2023-07-04 02:32:09,189 [INFO] PluginManage:359 - Loaded plugin tools (category:base,tabindex:7)
2023-07-04 02:32:09,189 [INFO] PluginManage:310 - Check plugin tutovideos
2023-07-04 02:32:09,391 [INFO] PluginManage:359 - Loaded plugin tutovideos (category:base,tabindex:-1)
2023-07-04 02:32:09,391 [INFO] PluginManage:310 - Check plugin updater
2023-07-04 02:32:09,420 [INFO] PluginManage:359 - Loaded plugin updater (category:base,tabindex:12)
2023-07-04 02:32:09,420 [INFO] PluginManage:283 - PluginManage : Loaded plugins [15]
2023-07-04 02:32:09,684 [INFO] PinOutPanel:1499 - setPackage(No Configuration,No Configuration)
2023-07-04 02:32:09,754 [INFO] CADModel:165 - CPN selected for project level
2023-07-04 02:32:09,754 [INFO] CADModel:114 - Register for checkConnection events
2023-07-04 02:32:09,769 [INFO] IPUIPlugin:80 - create IPUIPlugin
2023-07-04 02:32:09,769 [INFO] PluginManager:220 - loadIPPluginJar : add adc
2023-07-04 02:32:09,801 [INFO] IPUIPlugin:80 - create IPUIPlugin
2023-07-04 02:32:09,801 [INFO] PluginManager:220 - loadIPPluginJar : add aes
2023-07-04 02:32:09,847 [INFO] IPUIPlugin:80 - create IPUIPlugin
2023-07-04 02:32:09,847 [INFO] PluginManager:220 - loadIPPluginJar : add can
2023-07-04 02:32:09,863 [INFO] IPUIPlugin:80 - create IPUIPlugin
2023-07-04 02:32:09,863 [INFO] PluginManager:220 - loadIPPluginJar : add comp
2023-07-04 02:32:09,894 [INFO] IPUIPlugin:80 - create IPUIPlugin
2023-07-04 02:32:09,894 [INFO] PluginManager:220 - loadIPPluginJar : add cryp
2023-07-04 02:32:09,926 [INFO] IPUIPlugin:80 - create IPUIPlugin
2023-07-04 02:32:09,926 [INFO] PluginManager:220 - loadIPPluginJar : add dfsdm
2023-07-04 02:32:09,941 [INFO] IPUIPlugin:80 - create IPUIPlugin
2023-07-04 02:32:09,941 [INFO] PluginManager:220 - loadIPPluginJar : add dma
2023-07-04 02:32:09,972 [INFO] IPUIPlugin:80 - create IPUIPlugin
2023-07-04 02:32:09,972 [INFO] PluginManager:220 - loadIPPluginJar : add dma3
2023-07-04 02:32:09,988 [INFO] IPUIPlugin:80 - create IPUIPlugin
2023-07-04 02:32:09,988 [INFO] PluginManager:220 - loadIPPluginJar : add fatfs
2023-07-04 02:32:10,035 [INFO] IPUIPlugin:80 - create IPUIPlugin
2023-07-04 02:32:10,035 [INFO] PluginManager:220 - loadIPPluginJar : add fmc
2023-07-04 02:32:10,050 [INFO] IPUIPlugin:80 - create IPUIPlugin
2023-07-04 02:32:10,050 [INFO] PluginManager:220 - loadIPPluginJar : add freertos
2023-07-04 02:32:10,066 [INFO] IPUIPlugin:80 - create IPUIPlugin
2023-07-04 02:32:10,066 [INFO] PluginManager:220 - loadIPPluginJar : add genericplugin
2023-07-04 02:32:10,144 [INFO] IPUIPlugin:80 - create IPUIPlugin
2023-07-04 02:32:10,144 [INFO] PluginManager:220 - loadIPPluginJar : add gfxmmu
2023-07-04 02:32:10,254 [INFO] IPUIPlugin:80 - create IPUIPlugin
2023-07-04 02:32:10,254 [INFO] PluginManager:220 - loadIPPluginJar : add gic
2023-07-04 02:32:10,269 [INFO] IPUIPlugin:80 - create IPUIPlugin
2023-07-04 02:32:10,269 [INFO] PluginManager:220 - loadIPPluginJar : add gpio
2023-07-04 02:32:10,347 [INFO] IPUIPlugin:80 - create IPUIPlugin
2023-07-04 02:32:10,347 [INFO] PluginManager:220 - loadIPPluginJar : add gtzc
2023-07-04 02:32:10,363 [INFO] IPUIPlugin:80 - create IPUIPlugin
2023-07-04 02:32:10,363 [INFO] PluginManager:220 - loadIPPluginJar : add hash
2023-07-04 02:32:10,410 [INFO] IPUIPlugin:80 - create IPUIPlugin
2023-07-04 02:32:10,410 [INFO] PluginManager:220 - loadIPPluginJar : add i2c
2023-07-04 02:32:10,441 [INFO] IPUIPlugin:80 - create IPUIPlugin
2023-07-04 02:32:10,441 [INFO] PluginManager:220 - loadIPPluginJar : add i2s
2023-07-04 02:32:10,488 [INFO] IPUIPlugin:80 - create IPUIPlugin
2023-07-04 02:32:10,488 [INFO] PluginManager:220 - loadIPPluginJar : add i3c
2023-07-04 02:32:10,597 [INFO] IPUIPlugin:80 - create IPUIPlugin
2023-07-04 02:32:10,597 [INFO] PluginManager:220 - loadIPPluginJar : add ipddr
2023-07-04 02:32:10,675 [INFO] IPUIPlugin:80 - create IPUIPlugin
2023-07-04 02:32:10,675 [INFO] PluginManager:220 - loadIPPluginJar : add linkedlist
2023-07-04 02:32:10,707 [INFO] IPUIPlugin:80 - create IPUIPlugin
2023-07-04 02:32:10,707 [INFO] PluginManager:220 - loadIPPluginJar : add lorawan
2023-07-04 02:32:10,742 [INFO] IPUIPlugin:80 - create IPUIPlugin
2023-07-04 02:32:10,742 [INFO] PluginManager:220 - loadIPPluginJar : add ltdc
2023-07-04 02:32:10,742 [INFO] IPUIPlugin:80 - create IPUIPlugin
2023-07-04 02:32:10,742 [INFO] PluginManager:220 - loadIPPluginJar : add mdma
2023-07-04 02:32:10,757 [INFO] IPUIPlugin:80 - create IPUIPlugin
2023-07-04 02:32:10,757 [INFO] PluginManager:220 - loadIPPluginJar : add nvic
2023-07-04 02:32:10,788 [INFO] IPUIPlugin:80 - create IPUIPlugin
2023-07-04 02:32:10,788 [INFO] PluginManager:220 - loadIPPluginJar : add opamp
2023-07-04 02:32:10,835 [INFO] IPUIPlugin:80 - create IPUIPlugin
2023-07-04 02:32:10,835 [INFO] PluginManager:220 - loadIPPluginJar : add openamp
2023-07-04 02:32:10,881 [INFO] IPUIPlugin:80 - create IPUIPlugin
2023-07-04 02:32:10,881 [INFO] PluginManager:220 - loadIPPluginJar : add pdm2pcm
2023-07-04 02:32:10,897 [INFO] IPUIPlugin:80 - create IPUIPlugin
2023-07-04 02:32:10,897 [INFO] PluginManager:220 - loadIPPluginJar : add plateformsettings
2023-07-04 02:32:10,913 [INFO] IPUIPlugin:80 - create IPUIPlugin
2023-07-04 02:32:10,913 [INFO] PluginManager:220 - loadIPPluginJar : add quadspi
2023-07-04 02:32:10,928 [INFO] IPUIPlugin:80 - create IPUIPlugin
2023-07-04 02:32:10,928 [INFO] PluginManager:220 - loadIPPluginJar : add resmgrutility
2023-07-04 02:32:10,960 [INFO] IPUIPlugin:80 - create IPUIPlugin
2023-07-04 02:32:10,960 [INFO] PluginManager:220 - loadIPPluginJar : add sai
2023-07-04 02:32:10,991 [INFO] IPUIPlugin:80 - create IPUIPlugin
2023-07-04 02:32:10,991 [INFO] PluginManager:220 - loadIPPluginJar : add spi
2023-07-04 02:32:11,053 [INFO] IPUIPlugin:80 - create IPUIPlugin
2023-07-04 02:32:11,053 [INFO] PluginManager:220 - loadIPPluginJar : add stm32_wpan
2023-07-04 02:32:11,069 [INFO] IPUIPlugin:80 - create IPUIPlugin
2023-07-04 02:32:11,069 [INFO] PluginManager:220 - loadIPPluginJar : add tim
2023-07-04 02:32:11,132 [INFO] IPUIPlugin:80 - create IPUIPlugin
2023-07-04 02:32:11,132 [INFO] PluginManager:220 - loadIPPluginJar : add touchsensing
2023-07-04 02:32:11,147 [INFO] IPUIPlugin:80 - create IPUIPlugin
2023-07-04 02:32:11,147 [INFO] PluginManager:220 - loadIPPluginJar : add tracer_emb
2023-07-04 02:32:11,163 [INFO] IPUIPlugin:80 - create IPUIPlugin
2023-07-04 02:32:11,163 [INFO] PluginManager:220 - loadIPPluginJar : add ts
2023-07-04 02:32:11,178 [INFO] IPUIPlugin:80 - create IPUIPlugin
2023-07-04 02:32:11,178 [INFO] PluginManager:220 - loadIPPluginJar : add tsc
2023-07-04 02:32:11,210 [INFO] IPUIPlugin:80 - create IPUIPlugin
2023-07-04 02:32:11,210 [INFO] PluginManager:220 - loadIPPluginJar : add ucpd
2023-07-04 02:32:11,241 [INFO] IPUIPlugin:80 - create IPUIPlugin
2023-07-04 02:32:11,241 [INFO] PluginManager:220 - loadIPPluginJar : add usart
2023-07-04 02:32:11,272 [INFO] IPUIPlugin:80 - create IPUIPlugin
2023-07-04 02:32:11,272 [INFO] PluginManager:220 - loadIPPluginJar : add usbx
2023-07-04 02:32:11,408 [INFO] CADModel:165 - CPN selected for project level
2023-07-04 02:32:11,408 [INFO] CADModel:114 - Register for checkConnection events
2023-07-04 02:32:11,408 [FATAL] Updater:308 - Updater called before beeing initialized
2023-07-04 02:32:11,408 [ERROR] CADModel:125 - Updater not yet initialized, retry later 
2023-07-04 02:32:11,559 [INFO] CADModel:165 - CPN selected for project level
2023-07-04 02:32:11,559 [INFO] CADModel:114 - Register for checkConnection events
2023-07-04 02:32:11,559 [FATAL] Updater:308 - Updater called before beeing initialized
2023-07-04 02:32:11,559 [ERROR] CADModel:125 - Updater not yet initialized, retry later 
2023-07-04 02:32:11,559 [FATAL] Updater:308 - Updater called before beeing initialized
2023-07-04 02:32:11,681 [FATAL] Updater:308 - Updater called before beeing initialized
2023-07-04 02:32:11,697 [INFO] DbMcusAds:53 - JSON generation date=Tue Mar 07 00:50:55 PST 2023 (1678179055335)
2023-07-04 02:32:11,697 [FATAL] Updater:308 - Updater called before beeing initialized
2023-07-04 02:32:11,759 [WARN] DetailPanel:346 - Failed to get advertising image, set to default
2023-07-04 02:32:11,884 [FATAL] Updater:308 - Updater called before beeing initialized
2023-07-04 02:32:11,884 [FATAL] Updater:308 - Updater called before beeing initialized
2023-07-04 02:32:11,884 [FATAL] Updater:308 - Updater called before beeing initialized
2023-07-04 02:32:11,884 [WARN] DetailPanel:346 - Failed to get advertising image, set to default
2023-07-04 02:32:11,884 [FATAL] Updater:308 - Updater called before beeing initialized
2023-07-04 02:32:11,958 [ERROR] Updater:1120 - MainUpdater not yet initialized. External WinMGr cannot be set.
2023-07-04 02:32:11,958 [INFO] Updater:1056 - Updater Version found : 6.8.1
2023-07-04 02:32:11,974 [INFO] ApplicationProperties:184 - Using Application install path: C:\ST\STM32CubeIDE_1.12.1\STM32CubeIDE\plugins\com.st.stm32cube.common.mx_6.8.1.202304191431
2023-07-04 02:32:12,104 [INFO] MainUpdater:2854 - connection check result : 10
2023-07-04 02:32:12,104 [INFO] MainUpdater:283 - Updater Check For Update Now.
2023-07-04 02:32:12,104 [INFO] MicroXplorer:498 - Change Database Version : DB.6.0.81
2023-07-04 02:32:12,172 [WARN] MainUpdater:1187 - Updater busy. Cannot search thirdparties
2023-07-04 02:32:12,172 [INFO] ThirdPartyUpdaterWithRetryManager:96 - Updater plugin is busy. [1/15]
2023-07-04 02:32:12,309 [INFO] CheckServerUpdateThread:120 - End of CheckServer Thread
2023-07-04 02:32:12,331 [INFO] MainUpdater:2854 - connection check result : 10
2023-07-04 02:32:12,340 [INFO] MainUpdater:2854 - connection check result : 10
2023-07-04 02:32:12,511 [INFO] MicroXplorer:468 - Change Database Path : 
2023-07-04 02:32:12,517 [INFO] MicroXplorer:498 - Change Database Version : DB.6.0.81
2023-07-04 02:32:12,517 [WARN] ThirdParty:871 - waiting for thirdparty lock release [close project]
2023-07-04 02:32:15,321 [WARN] PackLoader:240 - Cannot read IP mode file for STMicroelectronics.X-CUBE-GNSS1.6.0.0
2023-07-04 02:32:15,362 [WARN] PackLoader:240 - Cannot read IP mode file for STMicroelectronics.X-CUBE-AZRTOS-F4.1.1.0
2023-07-04 02:32:15,390 [WARN] PackLoader:240 - Cannot read IP mode file for STMicroelectronics.X-CUBE-SMBUS.2.1.0
2023-07-04 02:32:15,411 [WARN] PackLoader:240 - Cannot read IP mode file for STMicroelectronics.X-CUBE-AZRTOS-F7.1.1.0
2023-07-04 02:32:15,516 [WARN] PackLoader:240 - Cannot read IP mode file for STMicroelectronics.X-CUBE-MEMS1.9.6.0
2023-07-04 02:32:15,759 [WARN] PackLoader:240 - Cannot read IP mode file for STMicroelectronics.FP-SNS-MOTENV1.4.3.2
2023-07-04 02:32:15,777 [WARN] PackLoader:240 - Cannot read IP mode file for STMicroelectronics.FP-SNS-FLIGHT1.5.0.1
2023-07-04 02:32:15,792 [WARN] PackLoader:240 - Cannot read IP mode file for STMicroelectronics.X-CUBE-BLE1.6.2.4
2023-07-04 02:32:15,807 [WARN] PackLoader:240 - Cannot read IP mode file for STMicroelectronics.X-CUBE-BLEMGR.2.0.0
2023-07-04 02:32:15,849 [WARN] ConditionMgr:438 - getConditionDescription Invalid condition id : UX DEVICE CLASS RTOS Condition cause : null
2023-07-04 02:32:15,849 [WARN] ConditionMgr:438 - getConditionDescription Invalid condition id : UX DEVICE CLASS RTOS Condition cause : null
2023-07-04 02:32:15,849 [WARN] PackLoader:240 - Cannot read IP mode file for STMicroelectronics.X-CUBE-AZRTOS-H7.3.1.0
2023-07-04 02:32:15,866 [WARN] ConditionMgr:1039 - genDependencies : Invalid condition id : UX DEVICE CLASS RTOS Condition cause : null
2023-07-04 02:32:15,866 [WARN] ConditionMgr:1039 - genDependencies : Invalid condition id : UX DEVICE CLASS RTOS Condition cause : null
2023-07-04 02:32:15,866 [WARN] ConditionMgr:1039 - genDependencies : Invalid condition id : UX DEVICE CLASS RTOS Condition cause : null
2023-07-04 02:32:15,866 [WARN] ConditionMgr:1039 - genDependencies : Invalid condition id : UX DEVICE CLASS RTOS Condition cause : null
2023-07-04 02:32:15,866 [WARN] ConditionMgr:1039 - genDependencies : Invalid condition id : UX DEVICE CLASS RTOS Condition cause : null
2023-07-04 02:32:15,891 [WARN] PackLoader:240 - Cannot read IP mode file for STMicroelectronics.X-CUBE-DISPLAY.3.0.0
2023-07-04 02:32:15,915 [WARN] PackLoader:240 - Cannot read IP mode file for emotas.I-CUBE-CANOPEN.1.3.0
2023-07-04 02:32:15,933 [WARN] PackLoader:240 - Cannot read IP mode file for STMicroelectronics.X-CUBE-TOUCHGFX.4.22.0
2023-07-04 02:32:15,950 [WARN] PackLoader:240 - Cannot read IP mode file for STMicroelectronics.X-CUBE-NFC7.1.0.1
2023-07-04 02:32:15,967 [WARN] PackLoader:240 - Cannot read IP mode file for STMicroelectronics.X-CUBE-EEPRMA1.4.1.0
2023-07-04 02:32:15,990 [INFO] LogOutputStream:77 - [STDOUT_REDIRECT] 1 : Invalid condition id : UX_CORESTACK_Condition cause : null
2023-07-04 02:32:15,990 [INFO] LogOutputStream:77 - [STDOUT_REDIRECT] 1 : Invalid condition id : UX_CORESTACK_Condition cause : null
2023-07-04 02:32:15,990 [INFO] LogOutputStream:77 - [STDOUT_REDIRECT] 1 : Invalid condition id : UX_CORESTACK_Condition cause : null
2023-07-04 02:32:15,990 [INFO] LogOutputStream:77 - [STDOUT_REDIRECT] 1 : Invalid condition id : UX_CORESTACK_Condition cause : null
2023-07-04 02:32:15,990 [INFO] LogOutputStream:77 - [STDOUT_REDIRECT] 1 : Invalid condition id : UX_CORESTACK_Condition cause : null
2023-07-04 02:32:16,006 [WARN] PackLoader:240 - Cannot read IP mode file for STMicroelectronics.X-CUBE-AZRTOS-WL.2.0.0
2023-07-04 02:32:16,034 [WARN] ConditionMgr:438 - getConditionDescription Invalid condition id : LAN8742 Phy interface Condition cause : null
2023-07-04 02:32:16,034 [WARN] PackLoader:240 - Cannot read IP mode file for STMicroelectronics.X-CUBE-AZRTOS-L4.2.0.0
2023-07-04 02:32:16,034 [WARN] ConditionMgr:1039 - genDependencies : Invalid condition id : LAN8742 Phy interface Condition cause : null
2023-07-04 02:32:16,034 [WARN] ConditionMgr:1039 - genDependencies : Invalid condition id : LAN8742 Phy interface Condition cause : null
2023-07-04 02:32:16,034 [WARN] ConditionMgr:1039 - genDependencies : Invalid condition id : LAN8742 Phy interface Condition cause : null
2023-07-04 02:32:16,056 [WARN] PackLoader:240 - Cannot read IP mode file for WES.I-CUBE-Cesium.1.3.0
2023-07-04 02:32:16,069 [WARN] PackLoader:240 - Cannot read IP mode file for STMicroelectronics.X-CUBE-SFXS2LP1.4.0.0
2023-07-04 02:32:16,083 [WARN] PackLoader:240 - Cannot read IP mode file for STMicroelectronics.X-CUBE-BLE2.3.3.0
2023-07-04 02:32:16,099 [WARN] PackLoader:240 - Cannot read IP mode file for STMicroelectronics.X-CUBE-ISPU.1.1.0
2023-07-04 02:32:16,114 [WARN] PackLoader:240 - Cannot read IP mode file for STMicroelectronics.X-CUBE-FREERTOS.1.0.1
2023-07-04 02:32:16,129 [WARN] PackLoader:240 - Cannot read IP mode file for STMicroelectronics.X-CUBE-ALGOBUILD.1.3.0
2023-07-04 02:32:16,157 [WARN] PackLoader:240 - Cannot read IP mode file for STMicroelectronics.X-CUBE-AZRTOS-L5.1.1.0
2023-07-04 02:32:16,199 [WARN] PackLoader:240 - Cannot read IP mode file for STMicroelectronics.X-CUBE-AZRTOS-G0.1.1.0
2023-07-04 02:32:16,226 [WARN] PackLoader:240 - Cannot read IP mode file for STMicroelectronics.X-CUBE-AI.8.0.1
2023-07-04 02:32:16,250 [WARN] PackLoader:240 - Cannot read IP mode file for STMicroelectronics.X-CUBE-SUBG2.5.0.0
2023-07-04 02:32:16,306 [WARN] PackLoader:240 - Cannot read IP mode file for STMicroelectronics.X-CUBE-NFC4.3.0.0
2023-07-04 02:32:16,342 [WARN] PackLoader:240 - Cannot read IP mode file for STMicroelectronics.X-CUBE-AZRTOS-G4.2.0.0
2023-07-04 02:32:16,375 [WARN] PackLoader:240 - Cannot read IP mode file for STMicroelectronics.X-CUBE-TOF1.3.3.0
2023-07-04 02:32:16,399 [WARN] PackLoader:240 - Cannot read IP mode file for STMicroelectronics.FP-ATR-SIGFOX1.3.2.0
2023-07-04 02:32:16,412 [WARN] PackLoader:240 - Cannot read IP mode file for portGmbH.I-Cube-SoM-uGOAL.1.1.0
2023-07-04 02:32:16,430 [WARN] PackLoader:240 - Cannot read IP mode file for STMicroelectronics.X-CUBE-ALS.1.0.1
2023-07-04 02:32:16,467 [WARN] PackLoader:240 - Cannot read IP mode file for STMicroelectronics.X-CUBE-AZRTOS-WB.1.1.0
2023-07-04 02:32:16,517 [WARN] PackLoader:240 - Cannot read IP mode file for SEGGER.I-CUBE-embOS.1.3.1
2023-07-04 02:32:16,589 [WARN] PackLoader:240 - Cannot read IP mode file for STMicroelectronics.FP-ATR-ASTRA1.2.0.0
2023-07-04 02:32:16,589 [INFO] ThirdParty:978 - Integrity check success = true
2023-07-04 02:32:16,589 [INFO] IntegrityCheckThread:100 - exiting critical section [integrity check]
2023-07-04 02:32:16,589 [INFO] IntegrityCheckThread:103 - End integrity checks thread
2023-07-04 02:32:16,589 [INFO] ThirdParty:873 - entering critical section [close project]
2023-07-04 02:32:16,589 [INFO] ThirdParty:883 - exiting critical section [close project]
2023-07-04 02:32:16,589 [INFO] PinOutPanel:1499 - setPackage(No Configuration,No Configuration)
2023-07-04 02:32:16,605 [INFO] UtilMem:75 - Begin LoadConfig() Used Memory: 444540080 Bytes (463470592)
2023-07-04 02:32:16,605 [INFO] MicroXplorer:468 - Change Database Path : 
2023-07-04 02:32:16,605 [INFO] MicroXplorer:498 - Change Database Version : DB.6.0.81
2023-07-04 02:32:16,605 [INFO] OpenFileManager:308 - Change cursor
2023-07-04 02:32:16,676 [INFO] Mcu:1937 - Initializing MCU STM32L433RCTxP STM32L433RCTxP STM32L433RCT6P
2023-07-04 02:32:18,383 [INFO] Context:659 - Trying to add GPIOservice into a context  which must be forbidden
2023-07-04 02:32:19,105 [INFO] RtosManager:555 - Registered RTOS mode: class=CMSIS, group=RTOS, mode=CMSIS_V1, owner=FREERTOS
2023-07-04 02:32:19,105 [INFO] RtosManager:555 - Registered RTOS mode: class=CMSIS, group=RTOS2, mode=CMSIS_V2, owner=FREERTOS
2023-07-04 02:32:19,105 [INFO] RtosManager:555 - Registered RTOS mode: class=RTOS, group=Core, mode=CMSIS_V1, owner=FREERTOS
2023-07-04 02:32:19,105 [INFO] RtosManager:555 - Registered RTOS mode: class=RTOS, group=Core, mode=CMSIS_V2, owner=FREERTOS
2023-07-04 02:32:19,105 [WARN] ModelIntegratedComponent:184 - Missing modes for component STMicroelectronics:FreeRTOS:0.0.1:STMicroelectronics:RTOS:FreeRTOS:Core:::10.2.0:
2023-07-04 02:32:19,120 [WARN] ModelIntegratedComponent:63 - No mode defined for component null
2023-07-04 02:32:19,120 [WARN] ModelIntegratedComponent:63 - No mode defined for component null
2023-07-04 02:32:19,120 [WARN] ModelIntegratedComponent:63 - No mode defined for component null
2023-07-04 02:32:19,120 [WARN] ModelIntegratedComponent:63 - No mode defined for component null
2023-07-04 02:32:19,120 [WARN] ModelIntegratedComponent:63 - No mode defined for component null
2023-07-04 02:32:19,120 [WARN] ModelIntegratedComponent:63 - No mode defined for component null
2023-07-04 02:32:19,120 [WARN] ModelIntegratedComponent:63 - No mode defined for component null
2023-07-04 02:32:19,120 [WARN] ModelIntegratedComponent:63 - No mode defined for component null
2023-07-04 02:32:19,120 [WARN] ModelIntegratedComponent:63 - No mode defined for component null
2023-07-04 02:32:19,120 [WARN] ModelIntegratedComponent:63 - No mode defined for component null
2023-07-04 02:32:19,120 [WARN] ModelIntegratedComponent:63 - No mode defined for component null
2023-07-04 02:32:19,120 [WARN] ModelIntegratedComponent:63 - No mode defined for component null
2023-07-04 02:32:19,120 [WARN] ModelIntegratedComponent:63 - No mode defined for component null
2023-07-04 02:32:19,120 [WARN] ModelIntegratedComponent:63 - No mode defined for component null
2023-07-04 02:32:19,120 [WARN] ModelIntegratedComponent:63 - No mode defined for component null
2023-07-04 02:32:19,120 [WARN] ModelIntegratedComponent:63 - No mode defined for component null
2023-07-04 02:32:19,120 [WARN] ModelIntegratedComponent:63 - No mode defined for component null
2023-07-04 02:32:19,120 [WARN] ModelIntegratedComponent:63 - No mode defined for component null
2023-07-04 02:32:19,120 [WARN] ModelIntegratedComponent:63 - No mode defined for component null
2023-07-04 02:32:19,120 [WARN] ModelIntegratedComponent:63 - No mode defined for component null
2023-07-04 02:32:19,120 [WARN] ModelIntegratedComponent:63 - No mode defined for component null
2023-07-04 02:32:19,120 [WARN] ModelIntegratedComponent:63 - No mode defined for component null
2023-07-04 02:32:19,120 [WARN] ModelIntegratedComponent:63 - No mode defined for component null
2023-07-04 02:32:19,120 [WARN] ModelIntegratedComponent:63 - No mode defined for component null
2023-07-04 02:32:19,120 [WARN] ModelIntegratedComponent:63 - No mode defined for component null
2023-07-04 02:32:19,120 [WARN] ModelIntegratedComponent:63 - No mode defined for component null
2023-07-04 02:32:19,120 [WARN] ModelIntegratedComponent:63 - No mode defined for component null
2023-07-04 02:32:19,120 [WARN] ModelIntegratedComponent:63 - No mode defined for component null
2023-07-04 02:32:19,120 [WARN] ModelIntegratedComponent:63 - No mode defined for component null
2023-07-04 02:32:19,120 [WARN] ModelIntegratedComponent:63 - No mode defined for component null
2023-07-04 02:32:19,120 [WARN] ModelIntegratedComponent:63 - No mode defined for component null
2023-07-04 02:32:19,120 [WARN] ModelIntegratedComponent:63 - No mode defined for component null
2023-07-04 02:32:19,120 [WARN] ModelIntegratedComponent:63 - No mode defined for component null
2023-07-04 02:32:19,136 [INFO] ThirdPartyModel:298 - Start build external matchings
2023-07-04 02:32:19,349 [INFO] ThirdPartyModel:316 - End build external matchings
2023-07-04 02:32:19,602 [INFO] UtilMem:75 - End LoadConfig() Used Memory: 493689608 Bytes (698351616)
2023-07-04 02:32:19,712 [INFO] ApiDb:581 - Connected to CubeFinder SQLite database (C:\Users\ARGE-PC1\.stmcufinder\plugins\mcufinder\mcu\cube-finder-db.db)
2023-07-04 02:32:19,790 [INFO] ApiDb:668 - CubeFinder database Data Model version=2.1
2023-07-04 02:32:19,790 [INFO] ApiDb:669 - CubeFinder database Configuration version=3.0.35
2023-07-04 02:32:19,790 [INFO] ApiDb:670 - CubeFinder database generation date=2023-05-12 (1683877179)
2023-07-04 02:32:19,790 [INFO] ApiDb:671 - CubeFinder database FW Pack versions=[FP-ATR-ASTRA1_V2.0.0, FP-SNS-FLIGHT1_V5.0.0, FP-SNS-MOTENV1_V4.3.0, STM32Cube_FW_C0_V1.0.1, STM32Cube_FW_F0_V1.11.4, STM32Cube_FW_F3_V1.11.4, STM32Cube_FW_F4_V1.27.1, STM32Cube_FW_F7_V1.17.0, STM32Cube_FW_G0_V1.6.1, STM32Cube_FW_G4_V1.5.1, STM32Cube_FW_H5_V0.5.1, STM32Cube_FW_H5_V1.0.0, STM32Cube_FW_H7_V1.11.0, STM32Cube_FW_L0_V1.12.2, STM32Cube_FW_L5_V1.5.0, STM32Cube_FW_U5_V1.2.0, STM32Cube_FW_WBA_V1.0.0, STM32Cube_FW_WBA_V1.0.0RC1, STM32Cube_FW_WBA_V1.0.0RC3, STM32Cube_FW_WB_V1.15.0RC1, STM32Cube_FW_WB_V1.16.0, STM32Cube_FW_WB_V1.16.0RC2, STM32Cube_FW_WL_V1.3.0, X-CUBE-ALGOBUILD_V1.3.0, X-CUBE-ALS_V1.0.1, X-CUBE-AZRTOS-F4_V1.1.0, X-CUBE-AZRTOS-F7_V1.1.0, X-CUBE-AZRTOS-G0_V1.1.0, X-CUBE-AZRTOS-G4_V2.0.0, X-CUBE-AZRTOS-H7_V3.1.0, X-CUBE-AZRTOS-L4_V1.0.0, X-CUBE-AZRTOS-L5_V1.1.0, X-CUBE-AZRTOS-WB_V1.1.0, X-CUBE-AZRTOS-WL_V1.0.0, X-CUBE-BLE1_V6.2.4, X-CUBE-BLE2_V3.3.0, X-CUBE-BLEMGR_V2.0.0, X-CUBE-EEPRMA1_V4.1.0, X-CUBE-FREERTOS_V1.0.1, X-CUBE-GNSS1_V6.0.0, X-CUBE-MEMS1_V9.1.0, X-CUBE-MEMS1_V9.4.0, X-CUBE-MEMS1_V9.6.0, X-CUBE-NFC4_V3.0.0, X-CUBE-NFC7_V1.0.0, X-CUBE-SFXS2LP1_V4.0.0, X-CUBE-SUBG2_V5.0.0]
2023-07-04 02:32:21,754 [INFO] ApiDb:240 - Found 297 in-development CPN: [B-G473E-ZEST1S, B-WB1M-WPAN1, B-WL5M-SUBG1, NUCLEO-C031C6, NUCLEO-H503RB, NUCLEO-H563ZI, NUCLEO-U545RE-Q, NUCLEO-U5A5ZJ-Q, NUCLEO-WBA52CG, STEVAL-PROTEUS1, STEVAL-STWINBX1, STM320518-EVAL, STM32C0116-DK, STM32C011D6Y3TR, STM32C011D6Y6TR, STM32C011F4P3, STM32C011F4P6, STM32C011F4U3, STM32C011F4U6TR, STM32C011F6P3, STM32C011F6P6, STM32C011F6U3, STM32C011F6U6TR, STM32C011J4M3, STM32C011J4M6, STM32C011J6M3, STM32C011J6M6, STM32C0316-DK, STM32C031C4T3, STM32C031C4T6, STM32C031C4U3, STM32C031C4U6, STM32C031C6T3, STM32C031C6T6, STM32C031C6U3, STM32C031C6U6, STM32C031F4P3, STM32C031F4P6, STM32C031F6P3, STM32C031F6P6, STM32C031G4U3, STM32C031G4U6, STM32C031G6U3, STM32C031G6U6, STM32C031K4T3, STM32C031K4T6, STM32C031K4U3, STM32C031K4U6, STM32C031K6T3, STM32C031K6T6, STM32C031K6U3, STM32C031K6U6, STM32G071K8TXN, STM32G071K8UXN, STM32G081GBU6N, STM32G081KBT6N, STM32G081KBUXN, STM32G0B1CCT6N, STM32G0B1KCT6, STM32G0B1NEY6TR, STM32G0B1RCT6N, STM32G0C1CCT6, STM32G0C1CCT6N, STM32G0C1CCU6N, STM32G0C1CET6N, STM32G0C1CEU6N, STM32G0C1KCT6, STM32G0C1NEY6TR, STM32G0C1RCI6N, STM32G0C1RCT6N, STM32G0C1REI6N, STM32G0C1RET6N, STM32G0C1VCI6, STM32G0C1VEI6, STM32G471CCT6, STM32G471CCU6, STM32G471CET3, STM32G471CET6, STM32G471CEU3, STM32G471CEU6, STM32G471MCT6, STM32G471MET3, STM32G471MET6, STM32G471MEY6TR, STM32G471QCT6, STM32G471QET3, STM32G471RCT6, STM32G471RET3, STM32G471RET6, STM32G471VCH6, STM32G471VCI6, STM32G471VCT6, STM32G471VEH3, STM32G471VEH6, STM32G471VEI3, STM32G471VEI6, STM32G471VET3, STM32G471VET6, STM32G474CCT6, STM32H503CBT6, STM32H503CBU6, STM32H503EBY6TR, STM32H503KBU6, STM32H503RBT6, STM32H562AGI6, STM32H562AII6, STM32H562IGK6, STM32H562IGT6, STM32H562IIK6, STM32H562IIT6, STM32H562RGT6, STM32H562RGV6, STM32H562RIT6, STM32H562RIV6, STM32H562VGT6, STM32H562VIT6, STM32H562ZGT6, STM32H562ZIT6, STM32H563AGI6, STM32H563AII3Q, STM32H563AII6, STM32H563IGK6, STM32H563IGT6, STM32H563IIK3Q, STM32H563IIK6, STM32H563IIT3Q, STM32H563IIT6, STM32H563MIY3QTR, STM32H563RGT6, STM32H563RGV6, STM32H563RIT6, STM32H563RIV6, STM32H563VGT6, STM32H563VIT3Q, STM32H563VIT6, STM32H563ZGT6, STM32H563ZIT3Q, STM32H563ZIT6, STM32H573AII3Q, STM32H573AII6, STM32H573I-DK, STM32H573IIK3Q, STM32H573IIK6, STM32H573IIT3Q, STM32H573IIT6, STM32H573MIY3QTR, STM32H573RIT6, STM32H573RIV6, STM32H573VIT3Q, STM32H573VIT6, STM32H573ZIT3Q, STM32H573ZIT6, STM32L4R5QGI6STR, STM32MP131AAE3, STM32MP131AAF3, STM32MP131AAG3, STM32MP131CAE3, STM32MP131CAF3, STM32MP131CAG3, STM32MP131DAE7, STM32MP131DAF7, STM32MP131DAG7, STM32MP131FAE7, STM32MP131FAF7, STM32MP131FAG7, STM32MP133AAE3, STM32MP133AAF3, STM32MP133AAG3, STM32MP133CAE3, STM32MP133CAF3, STM32MP133CAG3, STM32MP133DAE7, STM32MP133DAF7, STM32MP133DAG7, STM32MP133FAE7, STM32MP133FAF7, STM32MP133FAG7, STM32MP135AAE3, STM32MP135AAF3, STM32MP135AAG3, STM32MP135CAE3, STM32MP135CAF3, STM32MP135CAG3, STM32MP135DAE7, STM32MP135DAF7, STM32MP135DAG7, STM32MP135F-DK, STM32MP135FAE7, STM32MP135FAF7, STM32MP135FAF7T, STM32MP135FAF7U, STM32MP135FAG7, STM32U535CBT6, STM32U535CBT6Q, STM32U535CBU6, STM32U535CBU6Q, STM32U535CCT6, STM32U535CCT6Q, STM32U535CCU6, STM32U535CCU6Q, STM32U535CET6, STM32U535CET6Q, STM32U535CEU6, STM32U535CEU6Q, STM32U535JEY6QTR, STM32U535NCY6QTR, STM32U535NEY6QTR, STM32U535RBI6, STM32U535RBI6Q, STM32U535RBT6, STM32U535RBT6Q, STM32U535RCI6, STM32U535RCI6Q, STM32U535RCT6, STM32U535RCT6Q, STM32U535REI6, STM32U535REI6Q, STM32U535RET6, STM32U535RET6Q, STM32U535VCI6, STM32U535VCI6Q, STM32U535VCT6, STM32U535VCT6Q, STM32U535VEI6, STM32U535VEI6Q, STM32U535VET6, STM32U535VET6Q, STM32U545CET6, STM32U545CET6Q, STM32U545CEU6, STM32U545CEU6Q, STM32U545JEY6QTR, STM32U545NEY6QTR, STM32U545REI6, STM32U545REI6Q, STM32U545RET6, STM32U545RET6Q, STM32U545VEI6, STM32U545VEI6Q, STM32U545VET6, STM32U545VET6Q, STM32U595AIH6, STM32U595AIH6Q, STM32U595AJH6, STM32U595AJH6Q, STM32U595QII6, STM32U595QII6Q, STM32U595QJI6, STM32U595QJI6Q, STM32U595RIT6, STM32U595RIT6Q, STM32U595RJT6, STM32U595RJT6Q, STM32U595VIT6, STM32U595VIT6Q, STM32U595VJT6, STM32U595VJT6Q, STM32U595ZIT6, STM32U595ZIT6Q, STM32U595ZIY6QTR, STM32U595ZJT6, STM32U595ZJT6Q, STM32U595ZJY6QTR, STM32U599BJY6QTR, STM32U599NIH6Q, STM32U599NJH6Q, STM32U599VIT6Q, STM32U599VJT6, STM32U599VJT6Q, STM32U599ZIT6Q, STM32U599ZIY6QTR, STM32U599ZJT6Q, STM32U599ZJY6QTR, STM32U5A5AJH6, STM32U5A5AJH6Q, STM32U5A5QJI6, STM32U5A5QJI6Q, STM32U5A5RJT6, STM32U5A5RJT6Q, STM32U5A5VJT6, STM32U5A5VJT6Q, STM32U5A5ZJT6, STM32U5A5ZJT6Q, STM32U5A5ZJY6QTR, STM32U5A9BJY6QTR, STM32U5A9J-DK, STM32U5A9NJH6Q, STM32U5A9VJT6Q, STM32U5A9ZJT6Q, STM32U5A9ZJY6QTR, STM32WB1MMCH6, STM32WBA52CEU6, STM32WBA52CEU6T, STM32WBA52CGU6, STM32WBA52CGU6T, STM32WL5MOCH6, STM32WL5MOCH6TR]
2023-07-04 02:32:21,754 [INFO] DbMcus:216 - Found 3775 MCUs, 3775 are supported
2023-07-04 02:32:21,754 [INFO] ApiDb:423 - Load user favorites file C:\Users\ARGE-PC1/.stm32cubeide/favorites.mcus.txt: 0 item(s)
2023-07-04 02:32:21,754 [INFO] ApiDb:427 - User favorites MCUs=[]
2023-07-04 02:32:21,754 [INFO] DbMcus:222 - Set 0 / 0 favorites MCUs
2023-07-04 02:32:22,115 [WARN] ThirdParty:833 - waiting for thirdparty lock release [change project]
2023-07-04 02:32:22,115 [INFO] ThirdParty:835 - entering critical section [change project]
2023-07-04 02:32:22,115 [INFO] ThirdParty:1030 - CMSIS Pack Vendor :STMicroelectronics X-CUBE-ISPU 1.1.0
2023-07-04 02:32:22,115 [INFO] ThirdParty:1030 - CMSIS Pack Vendor :STMicroelectronics X-CUBE-GNSS1 6.0.0
2023-07-04 02:32:22,115 [INFO] ThirdParty:1030 - CMSIS Pack Vendor :STMicroelectronics USB_HOST 2.0.0
2023-07-04 02:32:22,115 [INFO] ThirdParty:1030 - CMSIS Pack Vendor :STMicroelectronics X-CUBE-AZRTOS-F4 1.1.0
2023-07-04 02:32:22,115 [INFO] ThirdParty:1030 - CMSIS Pack Vendor :STMicroelectronics LIBJPEG 8.0.0
2023-07-04 02:32:22,115 [INFO] ThirdParty:1030 - CMSIS Pack Vendor :STMicroelectronics X-CUBE-SMBUS 2.1.0
2023-07-04 02:32:22,115 [INFO] ThirdParty:1030 - CMSIS Pack Vendor :STMicroelectronics USB_DEVICE 3.0.0
2023-07-04 02:32:22,115 [INFO] ThirdParty:1030 - CMSIS Pack Vendor :STMicroelectronics X-CUBE-FREERTOS 1.0.1
2023-07-04 02:32:22,115 [INFO] ThirdParty:1030 - CMSIS Pack Vendor :STMicroelectronics X-CUBE-AZRTOS-F7 1.1.0
2023-07-04 02:32:22,115 [INFO] ThirdParty:1030 - CMSIS Pack Vendor :STMicroelectronics USB_DEVICE 2.0.0
2023-07-04 02:32:22,115 [INFO] ThirdParty:1030 - CMSIS Pack Vendor :STMicroelectronics X-CUBE-MEMS1 9.6.0
2023-07-04 02:32:22,115 [INFO] ThirdParty:1030 - CMSIS Pack Vendor :STMicroelectronics FP-SNS-MOTENV1 4.3.2
2023-07-04 02:32:22,115 [INFO] ThirdParty:1030 - CMSIS Pack Vendor :STMicroelectronics FP-SNS-FLIGHT1 5.0.1
2023-07-04 02:32:22,115 [INFO] ThirdParty:1030 - CMSIS Pack Vendor :STMicroelectronics X-CUBE-ALGOBUILD 1.3.0
2023-07-04 02:32:22,115 [INFO] ThirdParty:1030 - CMSIS Pack Vendor :STMicroelectronics X-CUBE-BLE1 6.2.4
2023-07-04 02:32:22,115 [INFO] ThirdParty:1030 - CMSIS Pack Vendor :STMicroelectronics X-CUBE-AZRTOS-L5 1.1.0
2023-07-04 02:32:22,115 [INFO] ThirdParty:1030 - CMSIS Pack Vendor :STMicroelectronics FreeRTOS 0.0.1
2023-07-04 02:32:22,115 [INFO] ThirdParty:1030 - CMSIS Pack Vendor :STMicroelectronics X-CUBE-AZRTOS-G0 1.1.0
2023-07-04 02:32:22,115 [INFO] ThirdParty:1030 - CMSIS Pack Vendor :STMicroelectronics X-CUBE-BLEMGR 2.0.0
2023-07-04 02:32:22,115 [INFO] ThirdParty:1030 - CMSIS Pack Vendor :STMicroelectronics X-CUBE-AI 8.0.1
2023-07-04 02:32:22,115 [INFO] ThirdParty:1030 - CMSIS Pack Vendor :STMicroelectronics X-CUBE-SUBG2 5.0.0
2023-07-04 02:32:22,115 [INFO] ThirdParty:1030 - CMSIS Pack Vendor :STMicroelectronics X-CUBE-NFC4 3.0.0
2023-07-04 02:32:22,115 [INFO] ThirdParty:1030 - CMSIS Pack Vendor :STMicroelectronics STM32_WPAN 1.0.0
2023-07-04 02:32:22,115 [INFO] ThirdParty:1030 - CMSIS Pack Vendor :STMicroelectronics lwIP 2.0.3
2023-07-04 02:32:22,115 [INFO] ThirdParty:1030 - CMSIS Pack Vendor :STMicroelectronics USB_HOST 1.0.0
2023-07-04 02:32:22,115 [INFO] ThirdParty:1030 - CMSIS Pack Vendor :STMicroelectronics X-CUBE-AZRTOS-G4 2.0.0
2023-07-04 02:32:22,115 [INFO] ThirdParty:1030 - CMSIS Pack Vendor :STMicroelectronics PDM2PCM 3.1.0
2023-07-04 02:32:22,115 [INFO] ThirdParty:1030 - CMSIS Pack Vendor :STMicroelectronics X-CUBE-AZRTOS-H7 3.1.0
2023-07-04 02:32:22,115 [INFO] ThirdParty:1030 - CMSIS Pack Vendor :STMicroelectronics X-CUBE-TOF1 3.3.0
2023-07-04 02:32:22,115 [INFO] ThirdParty:1030 - CMSIS Pack Vendor :STMicroelectronics PDM2PCM 3.3.0
2023-07-04 02:32:22,115 [INFO] ThirdParty:1030 - CMSIS Pack Vendor :STMicroelectronics X-CUBE-DISPLAY 3.0.0
2023-07-04 02:32:22,115 [INFO] ThirdParty:1030 - CMSIS Pack Vendor :STMicroelectronics FP-ATR-SIGFOX1 3.2.0
2023-07-04 02:32:22,115 [INFO] ThirdParty:1030 - CMSIS Pack Vendor :STMicroelectronics HAL Drivers 0.0.0
2023-07-04 02:32:22,115 [INFO] ThirdParty:1030 - CMSIS Pack Vendor :STMicroelectronics MBEDTLS 2.16.2
2023-07-04 02:32:22,115 [INFO] ThirdParty:1030 - CMSIS Pack Vendor :emotas I-CUBE-CANOPEN 1.3.0
2023-07-04 02:32:22,115 [INFO] ThirdParty:1030 - CMSIS Pack Vendor :STMicroelectronics X-CUBE-TOUCHGFX 4.22.0
2023-07-04 02:32:22,115 [INFO] ThirdParty:1030 - CMSIS Pack Vendor :STMicroelectronics X-CUBE-NFC7 1.0.1
2023-07-04 02:32:22,115 [INFO] ThirdParty:1030 - CMSIS Pack Vendor :STMicroelectronics MBEDTLS 2.14.1
2023-07-04 02:32:22,115 [INFO] ThirdParty:1030 - CMSIS Pack Vendor :STMicroelectronics X-CUBE-EEPRMA1 4.1.0
2023-07-04 02:32:22,115 [INFO] ThirdParty:1030 - CMSIS Pack Vendor :portGmbH I-Cube-SoM-uGOAL 1.1.0
2023-07-04 02:32:22,115 [INFO] ThirdParty:1030 - CMSIS Pack Vendor :STMicroelectronics X-CUBE-ALS 1.0.1
2023-07-04 02:32:22,115 [INFO] ThirdParty:1030 - CMSIS Pack Vendor :STMicroelectronics ThreadX 1.0.0
2023-07-04 02:32:22,115 [INFO] ThirdParty:1030 - CMSIS Pack Vendor :STMicroelectronics X-CUBE-AZRTOS-WB 1.1.0
2023-07-04 02:32:22,115 [INFO] ThirdParty:1030 - CMSIS Pack Vendor :STMicroelectronics X-CUBE-AZRTOS-WL 2.0.0
2023-07-04 02:32:22,115 [INFO] ThirdParty:1030 - CMSIS Pack Vendor :SEGGER I-CUBE-embOS 1.3.1
2023-07-04 02:32:22,115 [INFO] ThirdParty:1030 - CMSIS Pack Vendor :STMicroelectronics USB_DEVICE 1.0.0
2023-07-04 02:32:22,115 [INFO] ThirdParty:1030 - CMSIS Pack Vendor :STMicroelectronics X-CUBE-AZRTOS-L4 2.0.0
2023-07-04 02:32:22,115 [INFO] ThirdParty:1030 - CMSIS Pack Vendor :STMicroelectronics ThreadX 0.0.2
2023-07-04 02:32:22,115 [INFO] ThirdParty:1030 - CMSIS Pack Vendor :WES I-CUBE-Cesium 1.3.0
2023-07-04 02:32:22,115 [INFO] ThirdParty:1030 - CMSIS Pack Vendor :STMicroelectronics FP-ATR-ASTRA1 2.0.0
2023-07-04 02:32:22,115 [INFO] ThirdParty:1030 - CMSIS Pack Vendor :STMicroelectronics lwIP 2.1.2
2023-07-04 02:32:22,115 [INFO] ThirdParty:1030 - CMSIS Pack Vendor :STMicroelectronics X-CUBE-SFXS2LP1 4.0.0
2023-07-04 02:32:22,115 [INFO] ThirdParty:1030 - CMSIS Pack Vendor :STMicroelectronics X-CUBE-BLE2 3.3.0
2023-07-04 02:32:22,115 [INFO] ThirdParty:1030 - CMSIS Pack Vendor :STMicroelectronics PDM2PCM 3.2.0
2023-07-04 02:32:22,115 [INFO] ThirdParty:841 - exiting critical section [change project]
2023-07-04 02:32:22,498 [INFO] PinOutPanel:1499 - setPackage(No Configuration,No Configuration)
2023-07-04 02:32:22,498 [INFO] PinOutPanel:1499 - setPackage(STM32L433RCTxP,LQFP64)
2023-07-04 02:32:23,200 [INFO] UtilMem:75 - Before build in PCC Used Memory: 521152328 Bytes (735051776)
2023-07-04 02:32:24,196 [INFO] UtilMem:75 - After build in PCC Used Memory: 620585168 Bytes (735051776)
2023-07-04 02:32:24,266 [INFO] IPUIPlugin:80 - create IPUIPlugin
2023-07-04 02:32:24,266 [INFO] IPUIPlugin:80 - create IPUIPlugin
2023-07-04 02:32:24,269 [INFO] IPUIPlugin:80 - create IPUIPlugin
2023-07-04 02:32:24,269 [INFO] IPUIPlugin:80 - create IPUIPlugin
2023-07-04 02:32:24,269 [INFO] IPUIPlugin:80 - create IPUIPlugin
2023-07-04 02:32:24,269 [INFO] IPUIPlugin:80 - create IPUIPlugin
2023-07-04 02:32:24,269 [INFO] IPUIPlugin:80 - create IPUIPlugin
2023-07-04 02:32:24,269 [INFO] IPUIPlugin:80 - create IPUIPlugin
2023-07-04 02:32:24,269 [INFO] IPUIPlugin:80 - create IPUIPlugin
2023-07-04 02:32:24,269 [INFO] IPUIPlugin:80 - create IPUIPlugin
2023-07-04 02:32:24,272 [INFO] IPUIPlugin:80 - create IPUIPlugin
2023-07-04 02:32:24,272 [INFO] IPUIPlugin:80 - create IPUIPlugin
2023-07-04 02:32:24,273 [INFO] IPUIPlugin:80 - create IPUIPlugin
2023-07-04 02:32:24,273 [INFO] IPUIPlugin:80 - create IPUIPlugin
2023-07-04 02:32:24,273 [INFO] IPUIPlugin:80 - create IPUIPlugin
2023-07-04 02:32:24,273 [INFO] IPUIPlugin:80 - create IPUIPlugin
2023-07-04 02:32:24,273 [INFO] IPUIPlugin:80 - create IPUIPlugin
2023-07-04 02:32:24,273 [INFO] IPUIPlugin:80 - create IPUIPlugin
2023-07-04 02:32:24,273 [INFO] IPUIPlugin:80 - create IPUIPlugin
2023-07-04 02:32:24,273 [INFO] IPUIPlugin:80 - create IPUIPlugin
2023-07-04 02:32:24,276 [INFO] IPUIPlugin:80 - create IPUIPlugin
2023-07-04 02:32:24,276 [INFO] IPUIPlugin:80 - create IPUIPlugin
2023-07-04 02:32:24,276 [INFO] IPUIPlugin:80 - create IPUIPlugin
2023-07-04 02:32:24,276 [INFO] IPUIPlugin:80 - create IPUIPlugin
2023-07-04 02:32:24,276 [INFO] IPUIPlugin:80 - create IPUIPlugin
2023-07-04 02:32:24,276 [INFO] IPUIPlugin:80 - create IPUIPlugin
2023-07-04 02:32:24,276 [INFO] IPUIPlugin:80 - create IPUIPlugin
2023-07-04 02:32:24,276 [INFO] IPUIPlugin:80 - create IPUIPlugin
2023-07-04 02:32:24,276 [INFO] IPUIPlugin:80 - create IPUIPlugin
2023-07-04 02:32:24,276 [INFO] IPUIPlugin:80 - create IPUIPlugin
2023-07-04 02:32:24,276 [INFO] IPUIPlugin:80 - create IPUIPlugin
2023-07-04 02:32:24,276 [INFO] IPUIPlugin:80 - create IPUIPlugin
2023-07-04 02:32:24,276 [INFO] IPUIPlugin:80 - create IPUIPlugin
2023-07-04 02:32:24,276 [INFO] IPUIPlugin:80 - create IPUIPlugin
2023-07-04 02:32:24,276 [INFO] IPUIPlugin:80 - create IPUIPlugin
2023-07-04 02:32:24,276 [INFO] IPUIPlugin:80 - create IPUIPlugin
2023-07-04 02:32:24,276 [INFO] IPUIPlugin:80 - create IPUIPlugin
2023-07-04 02:32:24,276 [INFO] IPUIPlugin:80 - create IPUIPlugin
2023-07-04 02:32:24,276 [INFO] IPUIPlugin:80 - create IPUIPlugin
2023-07-04 02:32:24,276 [INFO] IPUIPlugin:80 - create IPUIPlugin
2023-07-04 02:32:24,276 [INFO] IPUIPlugin:80 - create IPUIPlugin
2023-07-04 02:32:24,276 [INFO] IPUIPlugin:80 - create IPUIPlugin
2023-07-04 02:32:24,276 [INFO] IPUIPlugin:80 - create IPUIPlugin
2023-07-04 02:32:24,276 [INFO] IPUIPlugin:80 - create IPUIPlugin
2023-07-04 02:32:24,276 [INFO] IPUIPlugin:80 - create IPUIPlugin
2023-07-04 02:32:24,468 [INFO] CADModel:165 - CPN selected for project levelSTM32L433RCT6P
2023-07-04 02:32:24,468 [INFO] CADModel:114 - Register for checkConnection events
2023-07-04 02:32:24,528 [INFO] OpenFileManager:328 - Restore cursor
2023-07-04 03:57:17,770 [INFO] UtilMem:75 - End SaveConfig() Used Memory: 388047752 Bytes (552599552)
2023-07-04 03:57:48,160 [INFO] Activator:176 - 


2023-07-04 03:57:48,160 [INFO] Activator:177 - !SESSION log4j initialized
2023-07-04 03:57:53,065 [INFO] LogOutputStream:77 - [STDOUT_REDIRECT] 
2023-07-04 03:58:04,715 [INFO] ApplicationProperties:184 - Using Application install path: C:\ST\STM32CubeIDE_1.12.1\STM32CubeIDE\plugins\com.st.stm32cube.common.mx_6.8.1.202304191431
2023-07-04 03:58:04,731 [INFO] DbMcusXml:78 - Set database path to: C:\ST\STM32CubeIDE_1.12.1\STM32CubeIDE\plugins\com.st.stm32cube.common.mx_6.8.1.202304191431\\db\/mcu/
2023-07-04 03:58:04,731 [INFO] ApiDb:274 - Set plugin database path to: C:\ST\STM32CubeIDE_1.12.1\STM32CubeIDE\plugins\com.st.stm32cube.common.mx_6.8.1.202304191431\\db\/plugins/boardmanager/
2023-07-04 03:58:04,731 [WARN] ApiDb:259 - Overriding images path with different value:  => C:\ST\STM32CubeIDE_1.12.1\STM32CubeIDE\plugins\com.st.stm32cube.common.mx_6.8.1.202304191431\\db\/plugins/mcufinder/images/
2023-07-04 03:58:04,747 [INFO] ApiDb:250 - Set database path to: C:\Users\ARGE-PC1\.stmcufinder\plugins\mcufinder//mcu/
2023-07-04 03:58:04,762 [INFO] DbMcusAds:125 - Set database path to: C:\Users\ARGE-PC1\.stmcufinder\plugins\mcufinder//mcu/
2023-07-04 03:58:04,762 [INFO] CrossReferenceDbSqlite:203 - Set database path to: C:\Users\ARGE-PC1\.stmcufinder\plugins\mcufinder//mcu/cs/
2023-07-04 03:58:04,872 [INFO] RulesReader:64 - Compatibility file has been processed (293 Rules)
2023-07-04 03:58:04,965 [INFO] DbMcusXml:78 - Set database path to: C:\ST\STM32CubeIDE_1.12.1\STM32CubeIDE\plugins\com.st.stm32cube.common.mx_6.8.1.202304191431\\db\/mcu/
2023-07-04 03:58:04,965 [INFO] ApiDb:274 - Set plugin database path to: C:\ST\STM32CubeIDE_1.12.1\STM32CubeIDE\plugins\com.st.stm32cube.common.mx_6.8.1.202304191431\\db\/plugins/boardmanager/
2023-07-04 03:58:04,965 [INFO] ApiDb:261 - Set plugin images path to: C:\ST\STM32CubeIDE_1.12.1\STM32CubeIDE\plugins\com.st.stm32cube.common.mx_6.8.1.202304191431\\db\/plugins/mcufinder/images/
2023-07-04 03:58:04,965 [WARN] DbFile:41 - Overriding database path with different value: C:\Users\ARGE-PC1\.stmcufinder\plugins\mcufinder/ => C:\Users\ARGE-PC1\.stmcufinder\plugins\mcufinder
2023-07-04 03:58:04,965 [INFO] ApiDb:250 - Set database path to: C:\Users\ARGE-PC1\.stmcufinder\plugins\mcufinder//mcu/
2023-07-04 03:58:04,965 [WARN] DbFile:41 - Overriding database path with different value: C:\Users\ARGE-PC1\.stmcufinder\plugins\mcufinder/ => C:\Users\ARGE-PC1\.stmcufinder\plugins\mcufinder
2023-07-04 03:58:04,965 [INFO] DbMcusAds:125 - Set database path to: C:\Users\ARGE-PC1\.stmcufinder\plugins\mcufinder//mcu/
2023-07-04 03:58:04,965 [WARN] DbFile:41 - Overriding database path with different value: C:\Users\ARGE-PC1\.stmcufinder\plugins\mcufinder/ => C:\Users\ARGE-PC1\.stmcufinder\plugins\mcufinder
2023-07-04 03:58:04,965 [WARN] DbFile:41 - Overriding database path with different value: C:\Users\ARGE-PC1\.stmcufinder\plugins\mcufinder/ => C:\Users\ARGE-PC1\.stmcufinder\plugins\mcufinder
2023-07-04 03:58:04,965 [INFO] CrossReferenceDbSqlite:203 - Set database path to: C:\Users\ARGE-PC1\.stmcufinder\plugins\mcufinder//mcu/cs/
2023-07-04 03:58:05,043 [INFO] MainPanel:253 - HeapMemory: 268435456
2023-07-04 03:58:05,122 [INFO] DbMcusXml:78 - Set database path to: C:\ST\STM32CubeIDE_1.12.1\STM32CubeIDE\plugins\com.st.stm32cube.common.mx_6.8.1.202304191431\\db\/mcu/
2023-07-04 03:58:05,122 [INFO] ApiDb:274 - Set plugin database path to: C:\ST\STM32CubeIDE_1.12.1\STM32CubeIDE\plugins\com.st.stm32cube.common.mx_6.8.1.202304191431\\db\/plugins/boardmanager/
2023-07-04 03:58:05,122 [INFO] ApiDb:261 - Set plugin images path to: C:\ST\STM32CubeIDE_1.12.1\STM32CubeIDE\plugins\com.st.stm32cube.common.mx_6.8.1.202304191431\\db\/plugins/mcufinder/images/
2023-07-04 03:58:05,122 [WARN] DbFile:41 - Overriding database path with different value: C:\Users\ARGE-PC1\.stmcufinder\plugins\mcufinder/ => C:\Users\ARGE-PC1\.stmcufinder\plugins\mcufinder
2023-07-04 03:58:05,122 [INFO] ApiDb:250 - Set database path to: C:\Users\ARGE-PC1\.stmcufinder\plugins\mcufinder//mcu/
2023-07-04 03:58:05,122 [WARN] DbFile:41 - Overriding database path with different value: C:\Users\ARGE-PC1\.stmcufinder\plugins\mcufinder/ => C:\Users\ARGE-PC1\.stmcufinder\plugins\mcufinder
2023-07-04 03:58:05,122 [INFO] DbMcusAds:125 - Set database path to: C:\Users\ARGE-PC1\.stmcufinder\plugins\mcufinder//mcu/
2023-07-04 03:58:05,122 [WARN] DbFile:41 - Overriding database path with different value: C:\Users\ARGE-PC1\.stmcufinder\plugins\mcufinder/ => C:\Users\ARGE-PC1\.stmcufinder\plugins\mcufinder
2023-07-04 03:58:05,122 [WARN] DbFile:41 - Overriding database path with different value: C:\Users\ARGE-PC1\.stmcufinder\plugins\mcufinder/ => C:\Users\ARGE-PC1\.stmcufinder\plugins\mcufinder
2023-07-04 03:58:05,122 [INFO] CrossReferenceDbSqlite:203 - Set database path to: C:\Users\ARGE-PC1\.stmcufinder\plugins\mcufinder//mcu/cs/
2023-07-04 03:58:05,137 [INFO] ApplicationProperties:184 - Using Application install path: C:\ST\STM32CubeIDE_1.12.1\STM32CubeIDE\plugins\com.st.stm32cube.common.mx_6.8.1.202304191431
2023-07-04 03:58:05,137 [INFO] PluginManage:196 - Search for loadable plugins [exclusion list=, ]
2023-07-04 03:58:05,137 [INFO] PluginManage:310 - Check plugin analytics
2023-07-04 03:58:05,325 [INFO] AnalyticsPlugin:253 - Accepted Software Licenses: STM32CubeMX.6.8.1
2023-07-04 03:58:05,325 [INFO] AnalyticsPlugin:255 - Accepted CMSIS Pack Licenses: 
2023-07-04 03:58:05,325 [INFO] AnalyticsPlugin:257 - Accepted Firmware Licenses: 
2023-07-04 03:58:05,340 [INFO] PluginManage:359 - Loaded plugin analytics (category:tool,tabindex:-1)
2023-07-04 03:58:05,340 [INFO] PluginManage:310 - Check plugin cadmodel
2023-07-04 03:58:05,371 [INFO] CADModel:105 - Init CAD model plugin
2023-07-04 03:58:05,371 [INFO] PluginManage:359 - Loaded plugin cadmodel (category:power,tabindex:5)
2023-07-04 03:58:05,371 [INFO] PluginManage:310 - Check plugin clock
2023-07-04 03:58:05,371 [INFO] PluginManage:359 - Loaded plugin clock (category:base,tabindex:2)
2023-07-04 03:58:05,371 [INFO] PluginManage:310 - Check plugin ddr
2023-07-04 03:58:05,371 [INFO] PluginManage:359 - Loaded plugin ddr (category:tool,tabindex:6)
2023-07-04 03:58:05,371 [INFO] PluginManage:310 - Check plugin filemanager
2023-07-04 03:58:05,512 [INFO] PluginManage:359 - Loaded plugin filemanager (category:base,tabindex:10)
2023-07-04 03:58:05,512 [INFO] PluginManage:310 - Check plugin ipmanager
2023-07-04 03:58:05,512 [INFO] PluginManage:359 - Loaded plugin ipmanager (category:base,tabindex:5)
2023-07-04 03:58:05,512 [INFO] PluginManage:310 - Check plugin lpbam
2023-07-04 03:58:05,528 [INFO] PluginManage:359 - Loaded plugin lpbam (category:base,tabindex:0)
2023-07-04 03:58:05,528 [INFO] PluginManage:310 - Check plugin pinoutandconfiguration
2023-07-04 03:58:05,545 [INFO] PluginManage:359 - Loaded plugin pinoutandconfiguration (category:base,tabindex:1)
2023-07-04 03:58:05,545 [INFO] PluginManage:310 - Check plugin pinoutconfig
2023-07-04 03:58:05,607 [WARN] SupportedApi:132 - Cannot load RTOS API schema: s4s-elt-must-match.1: The content of 'definitions' must match (annotation?, (simpleType | complexType)?, (unique | key | keyref)*)). A problem was found starting at: attribute.
2023-07-04 03:58:05,732 [INFO] PluginManage:359 - Loaded plugin pinoutconfig (category:base,tabindex:0)
2023-07-04 03:58:05,732 [INFO] PluginManage:310 - Check plugin power
2023-07-04 03:58:05,748 [INFO] PluginManage:359 - Loaded plugin power (category:power,tabindex:4)
2023-07-04 03:58:05,748 [INFO] PluginManage:310 - Check plugin projectmanager
2023-07-04 03:58:05,779 [INFO] PluginManage:359 - Loaded plugin projectmanager (category:projectmanager,tabindex:3)
2023-07-04 03:58:05,779 [INFO] PluginManage:310 - Check plugin thirdparty
2023-07-04 03:58:05,904 [WARN] IntegrityCheckThread:84 - waiting for thirdparty lock release [integrity check]
2023-07-04 03:58:05,904 [INFO] PluginManage:359 - Loaded plugin thirdparty (category:base,tabindex:-1)
2023-07-04 03:58:05,904 [INFO] IntegrityCheckThread:86 - entering critical section [integrity check]
2023-07-04 03:58:05,904 [INFO] PluginManage:310 - Check plugin tools
2023-07-04 03:58:05,904 [INFO] ThirdPartyUpdaterWithRetryManager:70 - Updater plugin not ready yet. [1/15]
2023-07-04 03:58:05,904 [INFO] PluginManage:359 - Loaded plugin tools (category:base,tabindex:7)
2023-07-04 03:58:05,904 [INFO] PluginManage:310 - Check plugin tutovideos
2023-07-04 03:58:06,092 [INFO] PluginManage:359 - Loaded plugin tutovideos (category:base,tabindex:-1)
2023-07-04 03:58:06,092 [INFO] PluginManage:310 - Check plugin updater
2023-07-04 03:58:06,107 [INFO] PluginManage:359 - Loaded plugin updater (category:base,tabindex:12)
2023-07-04 03:58:06,107 [INFO] PluginManage:283 - PluginManage : Loaded plugins [15]
2023-07-04 03:58:06,357 [INFO] PinOutPanel:1499 - setPackage(No Configuration,No Configuration)
2023-07-04 03:58:06,423 [INFO] CADModel:165 - CPN selected for project level
2023-07-04 03:58:06,423 [INFO] CADModel:114 - Register for checkConnection events
2023-07-04 03:58:06,438 [INFO] IPUIPlugin:80 - create IPUIPlugin
2023-07-04 03:58:06,438 [INFO] PluginManager:220 - loadIPPluginJar : add adc
2023-07-04 03:58:06,438 [INFO] IPUIPlugin:80 - create IPUIPlugin
2023-07-04 03:58:06,438 [INFO] PluginManager:220 - loadIPPluginJar : add aes
2023-07-04 03:58:06,438 [INFO] IPUIPlugin:80 - create IPUIPlugin
2023-07-04 03:58:06,454 [INFO] PluginManager:220 - loadIPPluginJar : add can
2023-07-04 03:58:06,454 [INFO] IPUIPlugin:80 - create IPUIPlugin
2023-07-04 03:58:06,454 [INFO] PluginManager:220 - loadIPPluginJar : add comp
2023-07-04 03:58:06,454 [INFO] IPUIPlugin:80 - create IPUIPlugin
2023-07-04 03:58:06,454 [INFO] PluginManager:220 - loadIPPluginJar : add cryp
2023-07-04 03:58:06,454 [INFO] IPUIPlugin:80 - create IPUIPlugin
2023-07-04 03:58:06,454 [INFO] PluginManager:220 - loadIPPluginJar : add dfsdm
2023-07-04 03:58:06,470 [INFO] IPUIPlugin:80 - create IPUIPlugin
2023-07-04 03:58:06,470 [INFO] PluginManager:220 - loadIPPluginJar : add dma
2023-07-04 03:58:06,470 [INFO] IPUIPlugin:80 - create IPUIPlugin
2023-07-04 03:58:06,470 [INFO] PluginManager:220 - loadIPPluginJar : add dma3
2023-07-04 03:58:06,470 [INFO] IPUIPlugin:80 - create IPUIPlugin
2023-07-04 03:58:06,470 [INFO] PluginManager:220 - loadIPPluginJar : add fatfs
2023-07-04 03:58:06,470 [INFO] IPUIPlugin:80 - create IPUIPlugin
2023-07-04 03:58:06,470 [INFO] PluginManager:220 - loadIPPluginJar : add fmc
2023-07-04 03:58:06,485 [INFO] IPUIPlugin:80 - create IPUIPlugin
2023-07-04 03:58:06,485 [INFO] PluginManager:220 - loadIPPluginJar : add freertos
2023-07-04 03:58:06,485 [INFO] IPUIPlugin:80 - create IPUIPlugin
2023-07-04 03:58:06,485 [INFO] PluginManager:220 - loadIPPluginJar : add genericplugin
2023-07-04 03:58:06,485 [INFO] IPUIPlugin:80 - create IPUIPlugin
2023-07-04 03:58:06,485 [INFO] PluginManager:220 - loadIPPluginJar : add gfxmmu
2023-07-04 03:58:06,485 [INFO] IPUIPlugin:80 - create IPUIPlugin
2023-07-04 03:58:06,485 [INFO] PluginManager:220 - loadIPPluginJar : add gic
2023-07-04 03:58:06,485 [INFO] IPUIPlugin:80 - create IPUIPlugin
2023-07-04 03:58:06,485 [INFO] PluginManager:220 - loadIPPluginJar : add gpio
2023-07-04 03:58:06,501 [INFO] IPUIPlugin:80 - create IPUIPlugin
2023-07-04 03:58:06,501 [INFO] PluginManager:220 - loadIPPluginJar : add gtzc
2023-07-04 03:58:06,501 [INFO] IPUIPlugin:80 - create IPUIPlugin
2023-07-04 03:58:06,501 [INFO] PluginManager:220 - loadIPPluginJar : add hash
2023-07-04 03:58:06,501 [INFO] IPUIPlugin:80 - create IPUIPlugin
2023-07-04 03:58:06,501 [INFO] PluginManager:220 - loadIPPluginJar : add i2c
2023-07-04 03:58:06,501 [INFO] IPUIPlugin:80 - create IPUIPlugin
2023-07-04 03:58:06,501 [INFO] PluginManager:220 - loadIPPluginJar : add i2s
2023-07-04 03:58:06,516 [INFO] IPUIPlugin:80 - create IPUIPlugin
2023-07-04 03:58:06,516 [INFO] PluginManager:220 - loadIPPluginJar : add i3c
2023-07-04 03:58:06,516 [INFO] IPUIPlugin:80 - create IPUIPlugin
2023-07-04 03:58:06,516 [INFO] PluginManager:220 - loadIPPluginJar : add ipddr
2023-07-04 03:58:06,532 [INFO] IPUIPlugin:80 - create IPUIPlugin
2023-07-04 03:58:06,532 [INFO] PluginManager:220 - loadIPPluginJar : add linkedlist
2023-07-04 03:58:06,532 [INFO] IPUIPlugin:80 - create IPUIPlugin
2023-07-04 03:58:06,532 [INFO] PluginManager:220 - loadIPPluginJar : add lorawan
2023-07-04 03:58:06,532 [INFO] IPUIPlugin:80 - create IPUIPlugin
2023-07-04 03:58:06,532 [INFO] PluginManager:220 - loadIPPluginJar : add ltdc
2023-07-04 03:58:06,532 [INFO] IPUIPlugin:80 - create IPUIPlugin
2023-07-04 03:58:06,532 [INFO] PluginManager:220 - loadIPPluginJar : add mdma
2023-07-04 03:58:06,532 [INFO] IPUIPlugin:80 - create IPUIPlugin
2023-07-04 03:58:06,548 [INFO] PluginManager:220 - loadIPPluginJar : add nvic
2023-07-04 03:58:06,548 [INFO] IPUIPlugin:80 - create IPUIPlugin
2023-07-04 03:58:06,548 [INFO] PluginManager:220 - loadIPPluginJar : add opamp
2023-07-04 03:58:06,548 [INFO] IPUIPlugin:80 - create IPUIPlugin
2023-07-04 03:58:06,548 [INFO] PluginManager:220 - loadIPPluginJar : add openamp
2023-07-04 03:58:06,548 [INFO] IPUIPlugin:80 - create IPUIPlugin
2023-07-04 03:58:06,548 [INFO] PluginManager:220 - loadIPPluginJar : add pdm2pcm
2023-07-04 03:58:06,563 [INFO] IPUIPlugin:80 - create IPUIPlugin
2023-07-04 03:58:06,563 [INFO] PluginManager:220 - loadIPPluginJar : add plateformsettings
2023-07-04 03:58:06,563 [INFO] IPUIPlugin:80 - create IPUIPlugin
2023-07-04 03:58:06,563 [INFO] PluginManager:220 - loadIPPluginJar : add quadspi
2023-07-04 03:58:06,563 [INFO] IPUIPlugin:80 - create IPUIPlugin
2023-07-04 03:58:06,563 [INFO] PluginManager:220 - loadIPPluginJar : add resmgrutility
2023-07-04 03:58:06,563 [INFO] IPUIPlugin:80 - create IPUIPlugin
2023-07-04 03:58:06,563 [INFO] PluginManager:220 - loadIPPluginJar : add sai
2023-07-04 03:58:06,579 [INFO] IPUIPlugin:80 - create IPUIPlugin
2023-07-04 03:58:06,579 [INFO] PluginManager:220 - loadIPPluginJar : add spi
2023-07-04 03:58:06,579 [INFO] IPUIPlugin:80 - create IPUIPlugin
2023-07-04 03:58:06,579 [INFO] PluginManager:220 - loadIPPluginJar : add stm32_wpan
2023-07-04 03:58:06,579 [INFO] IPUIPlugin:80 - create IPUIPlugin
2023-07-04 03:58:06,579 [INFO] PluginManager:220 - loadIPPluginJar : add tim
2023-07-04 03:58:06,579 [INFO] IPUIPlugin:80 - create IPUIPlugin
2023-07-04 03:58:06,579 [INFO] PluginManager:220 - loadIPPluginJar : add touchsensing
2023-07-04 03:58:06,579 [INFO] IPUIPlugin:80 - create IPUIPlugin
2023-07-04 03:58:06,579 [INFO] PluginManager:220 - loadIPPluginJar : add tracer_emb
2023-07-04 03:58:06,579 [INFO] IPUIPlugin:80 - create IPUIPlugin
2023-07-04 03:58:06,594 [INFO] PluginManager:220 - loadIPPluginJar : add ts
2023-07-04 03:58:06,594 [INFO] IPUIPlugin:80 - create IPUIPlugin
2023-07-04 03:58:06,594 [INFO] PluginManager:220 - loadIPPluginJar : add tsc
2023-07-04 03:58:06,594 [INFO] IPUIPlugin:80 - create IPUIPlugin
2023-07-04 03:58:06,594 [INFO] PluginManager:220 - loadIPPluginJar : add ucpd
2023-07-04 03:58:06,594 [INFO] IPUIPlugin:80 - create IPUIPlugin
2023-07-04 03:58:06,594 [INFO] PluginManager:220 - loadIPPluginJar : add usart
2023-07-04 03:58:06,594 [INFO] IPUIPlugin:80 - create IPUIPlugin
2023-07-04 03:58:06,594 [INFO] PluginManager:220 - loadIPPluginJar : add usbx
2023-07-04 03:58:06,722 [INFO] CADModel:165 - CPN selected for project level
2023-07-04 03:58:06,722 [INFO] CADModel:114 - Register for checkConnection events
2023-07-04 03:58:06,722 [FATAL] Updater:308 - Updater called before beeing initialized
2023-07-04 03:58:06,722 [ERROR] CADModel:125 - Updater not yet initialized, retry later 
2023-07-04 03:58:06,850 [INFO] CADModel:165 - CPN selected for project level
2023-07-04 03:58:06,850 [INFO] CADModel:114 - Register for checkConnection events
2023-07-04 03:58:06,850 [FATAL] Updater:308 - Updater called before beeing initialized
2023-07-04 03:58:06,850 [ERROR] CADModel:125 - Updater not yet initialized, retry later 
2023-07-04 03:58:06,850 [FATAL] Updater:308 - Updater called before beeing initialized
2023-07-04 03:58:06,975 [FATAL] Updater:308 - Updater called before beeing initialized
2023-07-04 03:58:06,975 [INFO] DbMcusAds:53 - JSON generation date=Tue Mar 07 00:50:55 PST 2023 (1678179055335)
2023-07-04 03:58:06,975 [FATAL] Updater:308 - Updater called before beeing initialized
2023-07-04 03:58:07,037 [WARN] DetailPanel:346 - Failed to get advertising image, set to default
2023-07-04 03:58:07,147 [FATAL] Updater:308 - Updater called before beeing initialized
2023-07-04 03:58:07,147 [FATAL] Updater:308 - Updater called before beeing initialized
2023-07-04 03:58:07,147 [FATAL] Updater:308 - Updater called before beeing initialized
2023-07-04 03:58:07,147 [WARN] DetailPanel:346 - Failed to get advertising image, set to default
2023-07-04 03:58:07,147 [FATAL] Updater:308 - Updater called before beeing initialized
2023-07-04 03:58:07,225 [ERROR] Updater:1120 - MainUpdater not yet initialized. External WinMGr cannot be set.
2023-07-04 03:58:07,240 [INFO] Updater:1056 - Updater Version found : 6.8.1
2023-07-04 03:58:07,256 [INFO] ApplicationProperties:184 - Using Application install path: C:\ST\STM32CubeIDE_1.12.1\STM32CubeIDE\plugins\com.st.stm32cube.common.mx_6.8.1.202304191431
2023-07-04 03:58:07,334 [INFO] MainUpdater:2854 - connection check result : 10
2023-07-04 03:58:07,334 [INFO] MainUpdater:283 - Updater Check For Update Now.
2023-07-04 03:58:07,334 [INFO] MicroXplorer:498 - Change Database Version : DB.6.0.81
2023-07-04 03:58:07,490 [INFO] CheckServerUpdateThread:120 - End of CheckServer Thread
2023-07-04 03:58:07,553 [INFO] MainUpdater:2854 - connection check result : 10
2023-07-04 03:58:07,553 [INFO] MainUpdater:2854 - connection check result : 10
2023-07-04 03:58:07,584 [INFO] MicroXplorer:468 - Change Database Path : 
2023-07-04 03:58:07,584 [INFO] MicroXplorer:498 - Change Database Version : DB.6.0.81
2023-07-04 03:58:07,584 [WARN] ThirdParty:871 - waiting for thirdparty lock release [close project]
2023-07-04 03:58:09,034 [WARN] PackLoader:240 - Cannot read IP mode file for STMicroelectronics.X-CUBE-GNSS1.6.0.0
2023-07-04 03:58:09,065 [WARN] PackLoader:240 - Cannot read IP mode file for STMicroelectronics.X-CUBE-AZRTOS-F4.1.1.0
2023-07-04 03:58:09,076 [WARN] PackLoader:240 - Cannot read IP mode file for STMicroelectronics.X-CUBE-SMBUS.2.1.0
2023-07-04 03:58:09,092 [WARN] PackLoader:240 - Cannot read IP mode file for STMicroelectronics.X-CUBE-AZRTOS-F7.1.1.0
2023-07-04 03:58:09,170 [WARN] PackLoader:240 - Cannot read IP mode file for STMicroelectronics.X-CUBE-MEMS1.9.6.0
2023-07-04 03:58:09,342 [WARN] PackLoader:240 - Cannot read IP mode file for STMicroelectronics.FP-SNS-MOTENV1.4.3.2
2023-07-04 03:58:09,357 [WARN] PackLoader:240 - Cannot read IP mode file for STMicroelectronics.FP-SNS-FLIGHT1.5.0.1
2023-07-04 03:58:09,357 [WARN] PackLoader:240 - Cannot read IP mode file for STMicroelectronics.X-CUBE-BLE1.6.2.4
2023-07-04 03:58:09,357 [WARN] PackLoader:240 - Cannot read IP mode file for STMicroelectronics.X-CUBE-BLEMGR.2.0.0
2023-07-04 03:58:09,388 [WARN] ConditionMgr:438 - getConditionDescription Invalid condition id : UX DEVICE CLASS RTOS Condition cause : null
2023-07-04 03:58:09,388 [WARN] ConditionMgr:438 - getConditionDescription Invalid condition id : UX DEVICE CLASS RTOS Condition cause : null
2023-07-04 03:58:09,388 [WARN] PackLoader:240 - Cannot read IP mode file for STMicroelectronics.X-CUBE-AZRTOS-H7.3.1.0
2023-07-04 03:58:09,388 [WARN] ConditionMgr:1039 - genDependencies : Invalid condition id : UX DEVICE CLASS RTOS Condition cause : null
2023-07-04 03:58:09,388 [WARN] ConditionMgr:1039 - genDependencies : Invalid condition id : UX DEVICE CLASS RTOS Condition cause : null
2023-07-04 03:58:09,388 [WARN] ConditionMgr:1039 - genDependencies : Invalid condition id : UX DEVICE CLASS RTOS Condition cause : null
2023-07-04 03:58:09,388 [WARN] ConditionMgr:1039 - genDependencies : Invalid condition id : UX DEVICE CLASS RTOS Condition cause : null
2023-07-04 03:58:09,388 [WARN] ConditionMgr:1039 - genDependencies : Invalid condition id : UX DEVICE CLASS RTOS Condition cause : null
2023-07-04 03:58:09,388 [WARN] PackLoader:240 - Cannot read IP mode file for STMicroelectronics.X-CUBE-DISPLAY.3.0.0
2023-07-04 03:58:09,420 [WARN] PackLoader:240 - Cannot read IP mode file for emotas.I-CUBE-CANOPEN.1.3.0
2023-07-04 03:58:09,420 [WARN] PackLoader:240 - Cannot read IP mode file for STMicroelectronics.X-CUBE-TOUCHGFX.4.22.0
2023-07-04 03:58:09,435 [WARN] PackLoader:240 - Cannot read IP mode file for STMicroelectronics.X-CUBE-NFC7.1.0.1
2023-07-04 03:58:09,435 [WARN] PackLoader:240 - Cannot read IP mode file for STMicroelectronics.X-CUBE-EEPRMA1.4.1.0
2023-07-04 03:58:09,451 [INFO] LogOutputStream:77 - [STDOUT_REDIRECT] 1 : Invalid condition id : UX_CORESTACK_Condition cause : null
2023-07-04 03:58:09,451 [INFO] LogOutputStream:77 - [STDOUT_REDIRECT] 1 : Invalid condition id : UX_CORESTACK_Condition cause : null
2023-07-04 03:58:09,451 [INFO] LogOutputStream:77 - [STDOUT_REDIRECT] 1 : Invalid condition id : UX_CORESTACK_Condition cause : null
2023-07-04 03:58:09,451 [INFO] LogOutputStream:77 - [STDOUT_REDIRECT] 1 : Invalid condition id : UX_CORESTACK_Condition cause : null
2023-07-04 03:58:09,451 [INFO] LogOutputStream:77 - [STDOUT_REDIRECT] 1 : Invalid condition id : UX_CORESTACK_Condition cause : null
2023-07-04 03:58:09,467 [WARN] PackLoader:240 - Cannot read IP mode file for STMicroelectronics.X-CUBE-AZRTOS-WL.2.0.0
2023-07-04 03:58:09,482 [WARN] ConditionMgr:438 - getConditionDescription Invalid condition id : LAN8742 Phy interface Condition cause : null
2023-07-04 03:58:09,482 [WARN] PackLoader:240 - Cannot read IP mode file for STMicroelectronics.X-CUBE-AZRTOS-L4.2.0.0
2023-07-04 03:58:09,498 [WARN] ConditionMgr:1039 - genDependencies : Invalid condition id : LAN8742 Phy interface Condition cause : null
2023-07-04 03:58:09,498 [WARN] ConditionMgr:1039 - genDependencies : Invalid condition id : LAN8742 Phy interface Condition cause : null
2023-07-04 03:58:09,498 [WARN] ConditionMgr:1039 - genDependencies : Invalid condition id : LAN8742 Phy interface Condition cause : null
2023-07-04 03:58:09,498 [WARN] PackLoader:240 - Cannot read IP mode file for WES.I-CUBE-Cesium.1.3.0
2023-07-04 03:58:09,513 [WARN] PackLoader:240 - Cannot read IP mode file for STMicroelectronics.X-CUBE-SFXS2LP1.4.0.0
2023-07-04 03:58:09,529 [WARN] PackLoader:240 - Cannot read IP mode file for STMicroelectronics.X-CUBE-BLE2.3.3.0
2023-07-04 03:58:09,545 [WARN] PackLoader:240 - Cannot read IP mode file for STMicroelectronics.X-CUBE-ISPU.1.1.0
2023-07-04 03:58:09,545 [WARN] PackLoader:240 - Cannot read IP mode file for STMicroelectronics.X-CUBE-FREERTOS.1.0.1
2023-07-04 03:58:09,560 [WARN] PackLoader:240 - Cannot read IP mode file for STMicroelectronics.X-CUBE-ALGOBUILD.1.3.0
2023-07-04 03:58:09,560 [WARN] PackLoader:240 - Cannot read IP mode file for STMicroelectronics.X-CUBE-AZRTOS-L5.1.1.0
2023-07-04 03:58:09,576 [WARN] PackLoader:240 - Cannot read IP mode file for STMicroelectronics.X-CUBE-AZRTOS-G0.1.1.0
2023-07-04 03:58:09,592 [WARN] PackLoader:240 - Cannot read IP mode file for STMicroelectronics.X-CUBE-AI.8.0.1
2023-07-04 03:58:09,607 [WARN] PackLoader:240 - Cannot read IP mode file for STMicroelectronics.X-CUBE-SUBG2.5.0.0
2023-07-04 03:58:09,607 [WARN] PackLoader:240 - Cannot read IP mode file for STMicroelectronics.X-CUBE-NFC4.3.0.0
2023-07-04 03:58:09,623 [WARN] PackLoader:240 - Cannot read IP mode file for STMicroelectronics.X-CUBE-AZRTOS-G4.2.0.0
2023-07-04 03:58:09,623 [WARN] PackLoader:240 - Cannot read IP mode file for STMicroelectronics.X-CUBE-TOF1.3.3.0
2023-07-04 03:58:09,638 [WARN] PackLoader:240 - Cannot read IP mode file for STMicroelectronics.FP-ATR-SIGFOX1.3.2.0
2023-07-04 03:58:09,654 [WARN] PackLoader:240 - Cannot read IP mode file for portGmbH.I-Cube-SoM-uGOAL.1.1.0
2023-07-04 03:58:09,654 [WARN] PackLoader:240 - Cannot read IP mode file for STMicroelectronics.X-CUBE-ALS.1.0.1
2023-07-04 03:58:09,670 [WARN] PackLoader:240 - Cannot read IP mode file for STMicroelectronics.X-CUBE-AZRTOS-WB.1.1.0
2023-07-04 03:58:09,701 [WARN] PackLoader:240 - Cannot read IP mode file for SEGGER.I-CUBE-embOS.1.3.1
2023-07-04 03:58:09,732 [WARN] PackLoader:240 - Cannot read IP mode file for STMicroelectronics.FP-ATR-ASTRA1.2.0.0
2023-07-04 03:58:09,732 [INFO] ThirdParty:978 - Integrity check success = true
2023-07-04 03:58:09,732 [INFO] IntegrityCheckThread:100 - exiting critical section [integrity check]
2023-07-04 03:58:09,732 [INFO] IntegrityCheckThread:103 - End integrity checks thread
2023-07-04 03:58:09,732 [INFO] ThirdParty:873 - entering critical section [close project]
2023-07-04 03:58:09,732 [INFO] ThirdParty:883 - exiting critical section [close project]
2023-07-04 03:58:09,748 [INFO] PinOutPanel:1499 - setPackage(No Configuration,No Configuration)
2023-07-04 03:58:09,748 [INFO] UtilMem:75 - Begin LoadConfig() Used Memory: 173631352 Bytes (268435456)
2023-07-04 03:58:09,748 [INFO] MicroXplorer:468 - Change Database Path : 
2023-07-04 03:58:09,748 [INFO] MicroXplorer:498 - Change Database Version : DB.6.0.81
2023-07-04 03:58:09,748 [INFO] OpenFileManager:308 - Change cursor
2023-07-04 03:58:09,779 [INFO] Mcu:1937 - Initializing MCU STM32L433RCTxP STM32L433RCTxP STM32L433RCT6P
2023-07-04 03:58:11,029 [INFO] Context:659 - Trying to add GPIOservice into a context  which must be forbidden
2023-07-04 03:58:11,733 [INFO] RtosManager:555 - Registered RTOS mode: class=CMSIS, group=RTOS, mode=CMSIS_V1, owner=FREERTOS
2023-07-04 03:58:11,733 [INFO] RtosManager:555 - Registered RTOS mode: class=CMSIS, group=RTOS2, mode=CMSIS_V2, owner=FREERTOS
2023-07-04 03:58:11,733 [INFO] RtosManager:555 - Registered RTOS mode: class=RTOS, group=Core, mode=CMSIS_V1, owner=FREERTOS
2023-07-04 03:58:11,733 [INFO] RtosManager:555 - Registered RTOS mode: class=RTOS, group=Core, mode=CMSIS_V2, owner=FREERTOS
2023-07-04 03:58:11,733 [WARN] ModelIntegratedComponent:184 - Missing modes for component STMicroelectronics:FreeRTOS:0.0.1:STMicroelectronics:RTOS:FreeRTOS:Core:::10.2.0:
2023-07-04 03:58:11,764 [WARN] ModelIntegratedComponent:63 - No mode defined for component null
2023-07-04 03:58:11,764 [WARN] ModelIntegratedComponent:63 - No mode defined for component null
2023-07-04 03:58:11,764 [WARN] ModelIntegratedComponent:63 - No mode defined for component null
2023-07-04 03:58:11,764 [WARN] ModelIntegratedComponent:63 - No mode defined for component null
2023-07-04 03:58:11,764 [WARN] ModelIntegratedComponent:63 - No mode defined for component null
2023-07-04 03:58:11,764 [WARN] ModelIntegratedComponent:63 - No mode defined for component null
2023-07-04 03:58:11,764 [WARN] ModelIntegratedComponent:63 - No mode defined for component null
2023-07-04 03:58:11,764 [WARN] ModelIntegratedComponent:63 - No mode defined for component null
2023-07-04 03:58:11,764 [WARN] ModelIntegratedComponent:63 - No mode defined for component null
2023-07-04 03:58:11,764 [WARN] ModelIntegratedComponent:63 - No mode defined for component null
2023-07-04 03:58:11,764 [WARN] ModelIntegratedComponent:63 - No mode defined for component null
2023-07-04 03:58:11,764 [WARN] ModelIntegratedComponent:63 - No mode defined for component null
2023-07-04 03:58:11,764 [WARN] ModelIntegratedComponent:63 - No mode defined for component null
2023-07-04 03:58:11,764 [WARN] ModelIntegratedComponent:63 - No mode defined for component null
2023-07-04 03:58:11,764 [WARN] ModelIntegratedComponent:63 - No mode defined for component null
2023-07-04 03:58:11,764 [WARN] ModelIntegratedComponent:63 - No mode defined for component null
2023-07-04 03:58:11,764 [WARN] ModelIntegratedComponent:63 - No mode defined for component null
2023-07-04 03:58:11,764 [WARN] ModelIntegratedComponent:63 - No mode defined for component null
2023-07-04 03:58:11,764 [WARN] ModelIntegratedComponent:63 - No mode defined for component null
2023-07-04 03:58:11,764 [WARN] ModelIntegratedComponent:63 - No mode defined for component null
2023-07-04 03:58:11,764 [WARN] ModelIntegratedComponent:63 - No mode defined for component null
2023-07-04 03:58:11,764 [WARN] ModelIntegratedComponent:63 - No mode defined for component null
2023-07-04 03:58:11,764 [WARN] ModelIntegratedComponent:63 - No mode defined for component null
2023-07-04 03:58:11,764 [WARN] ModelIntegratedComponent:63 - No mode defined for component null
2023-07-04 03:58:11,764 [WARN] ModelIntegratedComponent:63 - No mode defined for component null
2023-07-04 03:58:11,764 [WARN] ModelIntegratedComponent:63 - No mode defined for component null
2023-07-04 03:58:11,764 [WARN] ModelIntegratedComponent:63 - No mode defined for component null
2023-07-04 03:58:11,764 [WARN] ModelIntegratedComponent:63 - No mode defined for component null
2023-07-04 03:58:11,764 [WARN] ModelIntegratedComponent:63 - No mode defined for component null
2023-07-04 03:58:11,764 [WARN] ModelIntegratedComponent:63 - No mode defined for component null
2023-07-04 03:58:11,764 [WARN] ModelIntegratedComponent:63 - No mode defined for component null
2023-07-04 03:58:11,764 [WARN] ModelIntegratedComponent:63 - No mode defined for component null
2023-07-04 03:58:11,764 [WARN] ModelIntegratedComponent:63 - No mode defined for component null
2023-07-04 03:58:11,796 [INFO] ThirdPartyModel:298 - Start build external matchings
2023-07-04 03:58:12,046 [INFO] ThirdPartyModel:316 - End build external matchings
2023-07-04 03:58:12,061 [INFO] ImportTextPane:194 - (OptionalMessage_ERROR) IP (RCC) : Invalid parameter (FamilyName)
2023-07-04 03:58:12,061 [INFO] ImportTextPane:194 - (OptionalMessage_ERROR) IP (RCC) : Invalid parameter (I2C4Freq_Value)
2023-07-04 03:58:12,061 [INFO] ImportTextPane:194 - (OptionalMessage_ERROR) IP (RCC) : Parameter (RNGFreq_Value) has invalid value (64000000)
2023-07-04 03:58:12,061 [INFO] ImportTextPane:194 - (OptionalMessage_ERROR) IP (RCC) : Parameter (SDMMCFreq_Value) has invalid value (64000000)
2023-07-04 03:58:12,061 [INFO] ImportTextPane:194 - (OptionalMessage_ERROR) IP (RCC) : Invalid parameter (UART4Freq_Value)
2023-07-04 03:58:12,061 [INFO] ImportTextPane:194 - (OptionalMessage_ERROR) IP (RCC) : Invalid parameter (UART5Freq_Value)
2023-07-04 03:58:12,061 [INFO] ImportTextPane:194 - (OptionalMessage_ERROR) IP (RCC) : Parameter (USBFreq_Value) has invalid value (64000000)
2023-07-04 03:58:12,061 [INFO] ImportTextPane:194 - (OptionalMessage_ERROR) IP (RCC) : Invalid parameter (VCOSAI2OutputFreq_Value)
2023-07-04 03:58:12,297 [INFO] UtilMem:75 - End LoadConfig() Used Memory: 278882664 Bytes (353370112)
2023-07-04 03:58:12,391 [INFO] ApiDb:581 - Connected to CubeFinder SQLite database (C:\Users\ARGE-PC1\.stmcufinder\plugins\mcufinder\mcu\cube-finder-db.db)
2023-07-04 03:58:12,453 [INFO] ApiDb:668 - CubeFinder database Data Model version=2.1
2023-07-04 03:58:12,453 [INFO] ApiDb:669 - CubeFinder database Configuration version=3.0.35
2023-07-04 03:58:12,453 [INFO] ApiDb:670 - CubeFinder database generation date=2023-05-12 (1683877179)
2023-07-04 03:58:12,453 [INFO] ApiDb:671 - CubeFinder database FW Pack versions=[FP-ATR-ASTRA1_V2.0.0, FP-SNS-FLIGHT1_V5.0.0, FP-SNS-MOTENV1_V4.3.0, STM32Cube_FW_C0_V1.0.1, STM32Cube_FW_F0_V1.11.4, STM32Cube_FW_F3_V1.11.4, STM32Cube_FW_F4_V1.27.1, STM32Cube_FW_F7_V1.17.0, STM32Cube_FW_G0_V1.6.1, STM32Cube_FW_G4_V1.5.1, STM32Cube_FW_H5_V0.5.1, STM32Cube_FW_H5_V1.0.0, STM32Cube_FW_H7_V1.11.0, STM32Cube_FW_L0_V1.12.2, STM32Cube_FW_L5_V1.5.0, STM32Cube_FW_U5_V1.2.0, STM32Cube_FW_WBA_V1.0.0, STM32Cube_FW_WBA_V1.0.0RC1, STM32Cube_FW_WBA_V1.0.0RC3, STM32Cube_FW_WB_V1.15.0RC1, STM32Cube_FW_WB_V1.16.0, STM32Cube_FW_WB_V1.16.0RC2, STM32Cube_FW_WL_V1.3.0, X-CUBE-ALGOBUILD_V1.3.0, X-CUBE-ALS_V1.0.1, X-CUBE-AZRTOS-F4_V1.1.0, X-CUBE-AZRTOS-F7_V1.1.0, X-CUBE-AZRTOS-G0_V1.1.0, X-CUBE-AZRTOS-G4_V2.0.0, X-CUBE-AZRTOS-H7_V3.1.0, X-CUBE-AZRTOS-L4_V1.0.0, X-CUBE-AZRTOS-L5_V1.1.0, X-CUBE-AZRTOS-WB_V1.1.0, X-CUBE-AZRTOS-WL_V1.0.0, X-CUBE-BLE1_V6.2.4, X-CUBE-BLE2_V3.3.0, X-CUBE-BLEMGR_V2.0.0, X-CUBE-EEPRMA1_V4.1.0, X-CUBE-FREERTOS_V1.0.1, X-CUBE-GNSS1_V6.0.0, X-CUBE-MEMS1_V9.1.0, X-CUBE-MEMS1_V9.4.0, X-CUBE-MEMS1_V9.6.0, X-CUBE-NFC4_V3.0.0, X-CUBE-NFC7_V1.0.0, X-CUBE-SFXS2LP1_V4.0.0, X-CUBE-SUBG2_V5.0.0]
2023-07-04 03:58:14,229 [ERROR] LogOutputStream:75 - [STDERR_REDIRECT] SLF4J: Failed to load class "org.slf4j.impl.StaticLoggerBinder".
2023-07-04 03:58:14,229 [ERROR] LogOutputStream:75 - [STDERR_REDIRECT] SLF4J: Defaulting to no-operation (NOP) logger implementation
2023-07-04 03:58:14,229 [ERROR] LogOutputStream:75 - [STDERR_REDIRECT] SLF4J: See http://www.slf4j.org/codes.html#StaticLoggerBinder for further details.
2023-07-04 03:58:14,400 [INFO] ApiDb:240 - Found 297 in-development CPN: [B-G473E-ZEST1S, B-WB1M-WPAN1, B-WL5M-SUBG1, NUCLEO-C031C6, NUCLEO-H503RB, NUCLEO-H563ZI, NUCLEO-U545RE-Q, NUCLEO-U5A5ZJ-Q, NUCLEO-WBA52CG, STEVAL-PROTEUS1, STEVAL-STWINBX1, STM320518-EVAL, STM32C0116-DK, STM32C011D6Y3TR, STM32C011D6Y6TR, STM32C011F4P3, STM32C011F4P6, STM32C011F4U3, STM32C011F4U6TR, STM32C011F6P3, STM32C011F6P6, STM32C011F6U3, STM32C011F6U6TR, STM32C011J4M3, STM32C011J4M6, STM32C011J6M3, STM32C011J6M6, STM32C0316-DK, STM32C031C4T3, STM32C031C4T6, STM32C031C4U3, STM32C031C4U6, STM32C031C6T3, STM32C031C6T6, STM32C031C6U3, STM32C031C6U6, STM32C031F4P3, STM32C031F4P6, STM32C031F6P3, STM32C031F6P6, STM32C031G4U3, STM32C031G4U6, STM32C031G6U3, STM32C031G6U6, STM32C031K4T3, STM32C031K4T6, STM32C031K4U3, STM32C031K4U6, STM32C031K6T3, STM32C031K6T6, STM32C031K6U3, STM32C031K6U6, STM32G071K8TXN, STM32G071K8UXN, STM32G081GBU6N, STM32G081KBT6N, STM32G081KBUXN, STM32G0B1CCT6N, STM32G0B1KCT6, STM32G0B1NEY6TR, STM32G0B1RCT6N, STM32G0C1CCT6, STM32G0C1CCT6N, STM32G0C1CCU6N, STM32G0C1CET6N, STM32G0C1CEU6N, STM32G0C1KCT6, STM32G0C1NEY6TR, STM32G0C1RCI6N, STM32G0C1RCT6N, STM32G0C1REI6N, STM32G0C1RET6N, STM32G0C1VCI6, STM32G0C1VEI6, STM32G471CCT6, STM32G471CCU6, STM32G471CET3, STM32G471CET6, STM32G471CEU3, STM32G471CEU6, STM32G471MCT6, STM32G471MET3, STM32G471MET6, STM32G471MEY6TR, STM32G471QCT6, STM32G471QET3, STM32G471RCT6, STM32G471RET3, STM32G471RET6, STM32G471VCH6, STM32G471VCI6, STM32G471VCT6, STM32G471VEH3, STM32G471VEH6, STM32G471VEI3, STM32G471VEI6, STM32G471VET3, STM32G471VET6, STM32G474CCT6, STM32H503CBT6, STM32H503CBU6, STM32H503EBY6TR, STM32H503KBU6, STM32H503RBT6, STM32H562AGI6, STM32H562AII6, STM32H562IGK6, STM32H562IGT6, STM32H562IIK6, STM32H562IIT6, STM32H562RGT6, STM32H562RGV6, STM32H562RIT6, STM32H562RIV6, STM32H562VGT6, STM32H562VIT6, STM32H562ZGT6, STM32H562ZIT6, STM32H563AGI6, STM32H563AII3Q, STM32H563AII6, STM32H563IGK6, STM32H563IGT6, STM32H563IIK3Q, STM32H563IIK6, STM32H563IIT3Q, STM32H563IIT6, STM32H563MIY3QTR, STM32H563RGT6, STM32H563RGV6, STM32H563RIT6, STM32H563RIV6, STM32H563VGT6, STM32H563VIT3Q, STM32H563VIT6, STM32H563ZGT6, STM32H563ZIT3Q, STM32H563ZIT6, STM32H573AII3Q, STM32H573AII6, STM32H573I-DK, STM32H573IIK3Q, STM32H573IIK6, STM32H573IIT3Q, STM32H573IIT6, STM32H573MIY3QTR, STM32H573RIT6, STM32H573RIV6, STM32H573VIT3Q, STM32H573VIT6, STM32H573ZIT3Q, STM32H573ZIT6, STM32L4R5QGI6STR, STM32MP131AAE3, STM32MP131AAF3, STM32MP131AAG3, STM32MP131CAE3, STM32MP131CAF3, STM32MP131CAG3, STM32MP131DAE7, STM32MP131DAF7, STM32MP131DAG7, STM32MP131FAE7, STM32MP131FAF7, STM32MP131FAG7, STM32MP133AAE3, STM32MP133AAF3, STM32MP133AAG3, STM32MP133CAE3, STM32MP133CAF3, STM32MP133CAG3, STM32MP133DAE7, STM32MP133DAF7, STM32MP133DAG7, STM32MP133FAE7, STM32MP133FAF7, STM32MP133FAG7, STM32MP135AAE3, STM32MP135AAF3, STM32MP135AAG3, STM32MP135CAE3, STM32MP135CAF3, STM32MP135CAG3, STM32MP135DAE7, STM32MP135DAF7, STM32MP135DAG7, STM32MP135F-DK, STM32MP135FAE7, STM32MP135FAF7, STM32MP135FAF7T, STM32MP135FAF7U, STM32MP135FAG7, STM32U535CBT6, STM32U535CBT6Q, STM32U535CBU6, STM32U535CBU6Q, STM32U535CCT6, STM32U535CCT6Q, STM32U535CCU6, STM32U535CCU6Q, STM32U535CET6, STM32U535CET6Q, STM32U535CEU6, STM32U535CEU6Q, STM32U535JEY6QTR, STM32U535NCY6QTR, STM32U535NEY6QTR, STM32U535RBI6, STM32U535RBI6Q, STM32U535RBT6, STM32U535RBT6Q, STM32U535RCI6, STM32U535RCI6Q, STM32U535RCT6, STM32U535RCT6Q, STM32U535REI6, STM32U535REI6Q, STM32U535RET6, STM32U535RET6Q, STM32U535VCI6, STM32U535VCI6Q, STM32U535VCT6, STM32U535VCT6Q, STM32U535VEI6, STM32U535VEI6Q, STM32U535VET6, STM32U535VET6Q, STM32U545CET6, STM32U545CET6Q, STM32U545CEU6, STM32U545CEU6Q, STM32U545JEY6QTR, STM32U545NEY6QTR, STM32U545REI6, STM32U545REI6Q, STM32U545RET6, STM32U545RET6Q, STM32U545VEI6, STM32U545VEI6Q, STM32U545VET6, STM32U545VET6Q, STM32U595AIH6, STM32U595AIH6Q, STM32U595AJH6, STM32U595AJH6Q, STM32U595QII6, STM32U595QII6Q, STM32U595QJI6, STM32U595QJI6Q, STM32U595RIT6, STM32U595RIT6Q, STM32U595RJT6, STM32U595RJT6Q, STM32U595VIT6, STM32U595VIT6Q, STM32U595VJT6, STM32U595VJT6Q, STM32U595ZIT6, STM32U595ZIT6Q, STM32U595ZIY6QTR, STM32U595ZJT6, STM32U595ZJT6Q, STM32U595ZJY6QTR, STM32U599BJY6QTR, STM32U599NIH6Q, STM32U599NJH6Q, STM32U599VIT6Q, STM32U599VJT6, STM32U599VJT6Q, STM32U599ZIT6Q, STM32U599ZIY6QTR, STM32U599ZJT6Q, STM32U599ZJY6QTR, STM32U5A5AJH6, STM32U5A5AJH6Q, STM32U5A5QJI6, STM32U5A5QJI6Q, STM32U5A5RJT6, STM32U5A5RJT6Q, STM32U5A5VJT6, STM32U5A5VJT6Q, STM32U5A5ZJT6, STM32U5A5ZJT6Q, STM32U5A5ZJY6QTR, STM32U5A9BJY6QTR, STM32U5A9J-DK, STM32U5A9NJH6Q, STM32U5A9VJT6Q, STM32U5A9ZJT6Q, STM32U5A9ZJY6QTR, STM32WB1MMCH6, STM32WBA52CEU6, STM32WBA52CEU6T, STM32WBA52CGU6, STM32WBA52CGU6T, STM32WL5MOCH6, STM32WL5MOCH6TR]
2023-07-04 03:58:14,400 [INFO] DbMcus:216 - Found 3775 MCUs, 3775 are supported
2023-07-04 03:58:14,416 [INFO] ApiDb:423 - Load user favorites file C:\Users\ARGE-PC1/.stm32cubeide/favorites.mcus.txt: 0 item(s)
2023-07-04 03:58:14,416 [INFO] ApiDb:427 - User favorites MCUs=[]
2023-07-04 03:58:14,416 [INFO] DbMcus:222 - Set 0 / 0 favorites MCUs
2023-07-04 03:58:15,048 [WARN] ThirdParty:833 - waiting for thirdparty lock release [change project]
2023-07-04 03:58:15,048 [INFO] ThirdParty:835 - entering critical section [change project]
2023-07-04 03:58:15,048 [INFO] ThirdParty:1030 - CMSIS Pack Vendor :STMicroelectronics X-CUBE-ISPU 1.1.0
2023-07-04 03:58:15,048 [INFO] ThirdParty:1030 - CMSIS Pack Vendor :STMicroelectronics X-CUBE-GNSS1 6.0.0
2023-07-04 03:58:15,048 [INFO] ThirdParty:1030 - CMSIS Pack Vendor :STMicroelectronics USB_HOST 2.0.0
2023-07-04 03:58:15,048 [INFO] ThirdParty:1030 - CMSIS Pack Vendor :STMicroelectronics X-CUBE-AZRTOS-F4 1.1.0
2023-07-04 03:58:15,048 [INFO] ThirdParty:1030 - CMSIS Pack Vendor :STMicroelectronics LIBJPEG 8.0.0
2023-07-04 03:58:15,048 [INFO] ThirdParty:1030 - CMSIS Pack Vendor :STMicroelectronics X-CUBE-SMBUS 2.1.0
2023-07-04 03:58:15,048 [INFO] ThirdParty:1030 - CMSIS Pack Vendor :STMicroelectronics USB_DEVICE 3.0.0
2023-07-04 03:58:15,048 [INFO] ThirdParty:1030 - CMSIS Pack Vendor :STMicroelectronics X-CUBE-FREERTOS 1.0.1
2023-07-04 03:58:15,048 [INFO] ThirdParty:1030 - CMSIS Pack Vendor :STMicroelectronics X-CUBE-AZRTOS-F7 1.1.0
2023-07-04 03:58:15,048 [INFO] ThirdParty:1030 - CMSIS Pack Vendor :STMicroelectronics USB_DEVICE 2.0.0
2023-07-04 03:58:15,048 [INFO] ThirdParty:1030 - CMSIS Pack Vendor :STMicroelectronics X-CUBE-MEMS1 9.6.0
2023-07-04 03:58:15,048 [INFO] ThirdParty:1030 - CMSIS Pack Vendor :STMicroelectronics FP-SNS-MOTENV1 4.3.2
2023-07-04 03:58:15,048 [INFO] ThirdParty:1030 - CMSIS Pack Vendor :STMicroelectronics FP-SNS-FLIGHT1 5.0.1
2023-07-04 03:58:15,048 [INFO] ThirdParty:1030 - CMSIS Pack Vendor :STMicroelectronics X-CUBE-ALGOBUILD 1.3.0
2023-07-04 03:58:15,048 [INFO] ThirdParty:1030 - CMSIS Pack Vendor :STMicroelectronics X-CUBE-BLE1 6.2.4
2023-07-04 03:58:15,048 [INFO] ThirdParty:1030 - CMSIS Pack Vendor :STMicroelectronics X-CUBE-AZRTOS-L5 1.1.0
2023-07-04 03:58:15,048 [INFO] ThirdParty:1030 - CMSIS Pack Vendor :STMicroelectronics FreeRTOS 0.0.1
2023-07-04 03:58:15,048 [INFO] ThirdParty:1030 - CMSIS Pack Vendor :STMicroelectronics X-CUBE-AZRTOS-G0 1.1.0
2023-07-04 03:58:15,048 [INFO] ThirdParty:1030 - CMSIS Pack Vendor :STMicroelectronics X-CUBE-BLEMGR 2.0.0
2023-07-04 03:58:15,048 [INFO] ThirdParty:1030 - CMSIS Pack Vendor :STMicroelectronics X-CUBE-AI 8.0.1
2023-07-04 03:58:15,048 [INFO] ThirdParty:1030 - CMSIS Pack Vendor :STMicroelectronics X-CUBE-SUBG2 5.0.0
2023-07-04 03:58:15,048 [INFO] ThirdParty:1030 - CMSIS Pack Vendor :STMicroelectronics X-CUBE-NFC4 3.0.0
2023-07-04 03:58:15,048 [INFO] ThirdParty:1030 - CMSIS Pack Vendor :STMicroelectronics STM32_WPAN 1.0.0
2023-07-04 03:58:15,048 [INFO] ThirdParty:1030 - CMSIS Pack Vendor :STMicroelectronics lwIP 2.0.3
2023-07-04 03:58:15,048 [INFO] ThirdParty:1030 - CMSIS Pack Vendor :STMicroelectronics USB_HOST 1.0.0
2023-07-04 03:58:15,048 [INFO] ThirdParty:1030 - CMSIS Pack Vendor :STMicroelectronics X-CUBE-AZRTOS-G4 2.0.0
2023-07-04 03:58:15,048 [INFO] ThirdParty:1030 - CMSIS Pack Vendor :STMicroelectronics PDM2PCM 3.1.0
2023-07-04 03:58:15,048 [INFO] ThirdParty:1030 - CMSIS Pack Vendor :STMicroelectronics X-CUBE-AZRTOS-H7 3.1.0
2023-07-04 03:58:15,048 [INFO] ThirdParty:1030 - CMSIS Pack Vendor :STMicroelectronics X-CUBE-TOF1 3.3.0
2023-07-04 03:58:15,048 [INFO] ThirdParty:1030 - CMSIS Pack Vendor :STMicroelectronics PDM2PCM 3.3.0
2023-07-04 03:58:15,048 [INFO] ThirdParty:1030 - CMSIS Pack Vendor :STMicroelectronics X-CUBE-DISPLAY 3.0.0
2023-07-04 03:58:15,048 [INFO] ThirdParty:1030 - CMSIS Pack Vendor :STMicroelectronics FP-ATR-SIGFOX1 3.2.0
2023-07-04 03:58:15,048 [INFO] ThirdParty:1030 - CMSIS Pack Vendor :STMicroelectronics HAL Drivers 0.0.0
2023-07-04 03:58:15,048 [INFO] ThirdParty:1030 - CMSIS Pack Vendor :STMicroelectronics MBEDTLS 2.16.2
2023-07-04 03:58:15,048 [INFO] ThirdParty:1030 - CMSIS Pack Vendor :emotas I-CUBE-CANOPEN 1.3.0
2023-07-04 03:58:15,048 [INFO] ThirdParty:1030 - CMSIS Pack Vendor :STMicroelectronics X-CUBE-TOUCHGFX 4.22.0
2023-07-04 03:58:15,048 [INFO] ThirdParty:1030 - CMSIS Pack Vendor :STMicroelectronics X-CUBE-NFC7 1.0.1
2023-07-04 03:58:15,048 [INFO] ThirdParty:1030 - CMSIS Pack Vendor :STMicroelectronics MBEDTLS 2.14.1
2023-07-04 03:58:15,048 [INFO] ThirdParty:1030 - CMSIS Pack Vendor :STMicroelectronics X-CUBE-EEPRMA1 4.1.0
2023-07-04 03:58:15,048 [INFO] ThirdParty:1030 - CMSIS Pack Vendor :portGmbH I-Cube-SoM-uGOAL 1.1.0
2023-07-04 03:58:15,048 [INFO] ThirdParty:1030 - CMSIS Pack Vendor :STMicroelectronics X-CUBE-ALS 1.0.1
2023-07-04 03:58:15,048 [INFO] ThirdParty:1030 - CMSIS Pack Vendor :STMicroelectronics ThreadX 1.0.0
2023-07-04 03:58:15,048 [INFO] ThirdParty:1030 - CMSIS Pack Vendor :STMicroelectronics X-CUBE-AZRTOS-WB 1.1.0
2023-07-04 03:58:15,048 [INFO] ThirdParty:1030 - CMSIS Pack Vendor :STMicroelectronics X-CUBE-AZRTOS-WL 2.0.0
2023-07-04 03:58:15,048 [INFO] ThirdParty:1030 - CMSIS Pack Vendor :SEGGER I-CUBE-embOS 1.3.1
2023-07-04 03:58:15,048 [INFO] ThirdParty:1030 - CMSIS Pack Vendor :STMicroelectronics USB_DEVICE 1.0.0
2023-07-04 03:58:15,048 [INFO] ThirdParty:1030 - CMSIS Pack Vendor :STMicroelectronics X-CUBE-AZRTOS-L4 2.0.0
2023-07-04 03:58:15,048 [INFO] ThirdParty:1030 - CMSIS Pack Vendor :STMicroelectronics ThreadX 0.0.2
2023-07-04 03:58:15,048 [INFO] ThirdParty:1030 - CMSIS Pack Vendor :WES I-CUBE-Cesium 1.3.0
2023-07-04 03:58:15,048 [INFO] ThirdParty:1030 - CMSIS Pack Vendor :STMicroelectronics FP-ATR-ASTRA1 2.0.0
2023-07-04 03:58:15,048 [INFO] ThirdParty:1030 - CMSIS Pack Vendor :STMicroelectronics lwIP 2.1.2
2023-07-04 03:58:15,048 [INFO] ThirdParty:1030 - CMSIS Pack Vendor :STMicroelectronics X-CUBE-SFXS2LP1 4.0.0
2023-07-04 03:58:15,048 [INFO] ThirdParty:1030 - CMSIS Pack Vendor :STMicroelectronics X-CUBE-BLE2 3.3.0
2023-07-04 03:58:15,048 [INFO] ThirdParty:1030 - CMSIS Pack Vendor :STMicroelectronics PDM2PCM 3.2.0
2023-07-04 03:58:15,048 [INFO] ThirdParty:841 - exiting critical section [change project]
2023-07-04 03:58:15,533 [INFO] PinOutPanel:1499 - setPackage(No Configuration,No Configuration)
2023-07-04 03:58:15,533 [INFO] PinOutPanel:1499 - setPackage(STM32L433RCTxP,LQFP64)
2023-07-04 03:58:16,501 [INFO] UtilMem:75 - Before build in PCC Used Memory: 281321488 Bytes (378535936)
2023-07-04 03:58:17,918 [INFO] UtilMem:75 - After build in PCC Used Memory: 204105912 Bytes (378535936)
2023-07-04 03:58:17,973 [INFO] IPUIPlugin:80 - create IPUIPlugin
2023-07-04 03:58:17,973 [INFO] IPUIPlugin:80 - create IPUIPlugin
2023-07-04 03:58:17,974 [INFO] IPUIPlugin:80 - create IPUIPlugin
2023-07-04 03:58:17,974 [INFO] IPUIPlugin:80 - create IPUIPlugin
2023-07-04 03:58:17,976 [INFO] IPUIPlugin:80 - create IPUIPlugin
2023-07-04 03:58:17,977 [INFO] IPUIPlugin:80 - create IPUIPlugin
2023-07-04 03:58:17,977 [INFO] IPUIPlugin:80 - create IPUIPlugin
2023-07-04 03:58:17,977 [INFO] IPUIPlugin:80 - create IPUIPlugin
2023-07-04 03:58:17,977 [INFO] IPUIPlugin:80 - create IPUIPlugin
2023-07-04 03:58:17,978 [INFO] IPUIPlugin:80 - create IPUIPlugin
2023-07-04 03:58:17,978 [INFO] IPUIPlugin:80 - create IPUIPlugin
2023-07-04 03:58:17,978 [INFO] IPUIPlugin:80 - create IPUIPlugin
2023-07-04 03:58:17,978 [INFO] IPUIPlugin:80 - create IPUIPlugin
2023-07-04 03:58:17,979 [INFO] IPUIPlugin:80 - create IPUIPlugin
2023-07-04 03:58:17,979 [INFO] IPUIPlugin:80 - create IPUIPlugin
2023-07-04 03:58:17,980 [INFO] IPUIPlugin:80 - create IPUIPlugin
2023-07-04 03:58:17,980 [INFO] IPUIPlugin:80 - create IPUIPlugin
2023-07-04 03:58:17,981 [INFO] IPUIPlugin:80 - create IPUIPlugin
2023-07-04 03:58:17,981 [INFO] IPUIPlugin:80 - create IPUIPlugin
2023-07-04 03:58:17,981 [INFO] IPUIPlugin:80 - create IPUIPlugin
2023-07-04 03:58:17,982 [INFO] IPUIPlugin:80 - create IPUIPlugin
2023-07-04 03:58:17,982 [INFO] IPUIPlugin:80 - create IPUIPlugin
2023-07-04 03:58:17,983 [INFO] IPUIPlugin:80 - create IPUIPlugin
2023-07-04 03:58:17,984 [INFO] IPUIPlugin:80 - create IPUIPlugin
2023-07-04 03:58:17,984 [INFO] IPUIPlugin:80 - create IPUIPlugin
2023-07-04 03:58:17,985 [INFO] IPUIPlugin:80 - create IPUIPlugin
2023-07-04 03:58:17,985 [INFO] IPUIPlugin:80 - create IPUIPlugin
2023-07-04 03:58:17,985 [INFO] IPUIPlugin:80 - create IPUIPlugin
2023-07-04 03:58:17,986 [INFO] IPUIPlugin:80 - create IPUIPlugin
2023-07-04 03:58:17,987 [INFO] IPUIPlugin:80 - create IPUIPlugin
2023-07-04 03:58:17,987 [INFO] IPUIPlugin:80 - create IPUIPlugin
2023-07-04 03:58:17,988 [INFO] IPUIPlugin:80 - create IPUIPlugin
2023-07-04 03:58:17,988 [INFO] IPUIPlugin:80 - create IPUIPlugin
2023-07-04 03:58:17,989 [INFO] IPUIPlugin:80 - create IPUIPlugin
2023-07-04 03:58:17,989 [INFO] IPUIPlugin:80 - create IPUIPlugin
2023-07-04 03:58:17,990 [INFO] IPUIPlugin:80 - create IPUIPlugin
2023-07-04 03:58:17,990 [INFO] IPUIPlugin:80 - create IPUIPlugin
2023-07-04 03:58:17,991 [INFO] IPUIPlugin:80 - create IPUIPlugin
2023-07-04 03:58:17,991 [INFO] IPUIPlugin:80 - create IPUIPlugin
2023-07-04 03:58:17,992 [INFO] IPUIPlugin:80 - create IPUIPlugin
2023-07-04 03:58:17,993 [INFO] IPUIPlugin:80 - create IPUIPlugin
2023-07-04 03:58:17,994 [INFO] IPUIPlugin:80 - create IPUIPlugin
2023-07-04 03:58:17,994 [INFO] IPUIPlugin:80 - create IPUIPlugin
2023-07-04 03:58:17,995 [INFO] IPUIPlugin:80 - create IPUIPlugin
2023-07-04 03:58:17,996 [INFO] IPUIPlugin:80 - create IPUIPlugin
2023-07-04 03:58:18,375 [INFO] CADModel:165 - CPN selected for project levelSTM32L433RCT6P
2023-07-04 03:58:18,375 [INFO] CADModel:114 - Register for checkConnection events
2023-07-04 03:58:18,424 [INFO] OpenFileManager:328 - Restore cursor
2023-07-04 09:23:19,615 [INFO] I2cTimingTraitement:330 - 0x10909CEC
2023-07-04 09:23:50,363 [INFO] UtilMem:75 - End SaveConfig() Used Memory: 571468648 Bytes (729808896)
2023-07-04 09:23:51,761 [INFO] UtilMem:75 - End SaveConfig() Used Memory: 597324656 Bytes (729808896)
2023-07-04 09:23:53,741 [INFO] UtilMem:75 - End SaveConfig() Used Memory: 215222400 Bytes (729808896)
2023-07-04 09:23:54,400 [INFO] BlockDiagram:2759 - set Specific Code input for plugin: NVIC
2023-07-04 09:23:54,400 [INFO] BlockDiagram:2759 - set Specific Code input for plugin: USART
2023-07-04 09:23:54,400 [INFO] BlockDiagram:2759 - set Specific Code input for plugin: SYS
2023-07-04 09:23:54,401 [INFO] BlockDiagram:2759 - set Specific Code input for plugin: GPIO
2023-07-04 09:23:54,401 [INFO] BlockDiagram:2759 - set Specific Code input for plugin: RCC
2023-07-04 09:23:54,401 [INFO] BlockDiagram:2759 - set Specific Code input for plugin: I2C
2023-07-04 09:23:54,403 [INFO] CodeGenerator:793 - code generatio: config db path: C:\ST\STM32CubeIDE_1.12.1\STM32CubeIDE\plugins\com.st.stm32cube.common.mx_6.8.1.202304191431\\db\
2023-07-04 09:23:54,847 [INFO] CodeEngine:255 - oldGeneratedFile, C:\Users\ARGE-PC1\STM32CubeIDE\workspace_1.12.1\nucleol433proje\MXTmpFiles\license.tmp_save
2023-07-04 09:23:55,331 [INFO] CodeEngine:279 - Generated code: C:\Users\ARGE-PC1\STM32CubeIDE\workspace_1.12.1\nucleol433proje\MXTmpFiles\license.tmp
2023-07-04 09:23:55,505 [INFO] CodeEngine:255 - oldGeneratedFile, C:\Users\ARGE-PC1\STM32CubeIDE\workspace_1.12.1\nucleol433proje\MXTmpFiles\gpio.tmp_save
2023-07-04 09:23:55,716 [INFO] CodeEngine:279 - Generated code: C:\Users\ARGE-PC1\STM32CubeIDE\workspace_1.12.1\nucleol433proje\MXTmpFiles\gpio.tmp
2023-07-04 09:23:56,042 [INFO] CodeEngine:255 - oldGeneratedFile, C:\Users\ARGE-PC1\STM32CubeIDE\workspace_1.12.1\nucleol433proje\Core\Src\stm32l4xx_it.c_save
2023-07-04 09:23:56,224 [INFO] CodeEngine:279 - Generated code: C:\Users\ARGE-PC1\STM32CubeIDE\workspace_1.12.1\nucleol433proje\Core\Src\stm32l4xx_it.c
2023-07-04 09:23:56,242 [INFO] CodeEngine:255 - oldGeneratedFile, C:\Users\ARGE-PC1\STM32CubeIDE\workspace_1.12.1\nucleol433proje\Core\Inc\stm32l4xx_it.h_save
2023-07-04 09:23:56,338 [INFO] CodeEngine:279 - Generated code: C:\Users\ARGE-PC1\STM32CubeIDE\workspace_1.12.1\nucleol433proje\Core\Inc\stm32l4xx_it.h
2023-07-04 09:23:56,376 [INFO] CodeEngine:255 - oldGeneratedFile, C:\Users\ARGE-PC1\STM32CubeIDE\workspace_1.12.1\nucleol433proje\Core\Src\stm32l4xx_hal_msp.c_save
2023-07-04 09:23:56,564 [INFO] CodeEngine:279 - Generated code: C:\Users\ARGE-PC1\STM32CubeIDE\workspace_1.12.1\nucleol433proje\Core\Src\stm32l4xx_hal_msp.c
2023-07-04 09:23:56,578 [INFO] CodeEngine:255 - oldGeneratedFile, C:\Users\ARGE-PC1\STM32CubeIDE\workspace_1.12.1\nucleol433proje\MXTmpFiles\system.tmp_save
2023-07-04 09:23:56,657 [INFO] CodeEngine:279 - Generated code: C:\Users\ARGE-PC1\STM32CubeIDE\workspace_1.12.1\nucleol433proje\MXTmpFiles\system.tmp
2023-07-04 09:23:56,695 [INFO] CodeEngine:311 - oldGeneratedFile, C:\Users\ARGE-PC1\STM32CubeIDE\workspace_1.12.1\nucleol433proje\Core\Inc\stm32l4xx_hal_conf.h_save
2023-07-04 09:23:56,820 [INFO] CodeEngine:335 - Generated code: C:\Users\ARGE-PC1\STM32CubeIDE\workspace_1.12.1\nucleol433proje\Core\Inc\stm32l4xx_hal_conf.h
2023-07-04 09:23:56,916 [INFO] CodeEngine:255 - oldGeneratedFile, C:\Users\ARGE-PC1\STM32CubeIDE\workspace_1.12.1\nucleol433proje\Core\Inc\main.h_save
2023-07-04 09:23:57,066 [INFO] CodeEngine:279 - Generated code: C:\Users\ARGE-PC1\STM32CubeIDE\workspace_1.12.1\nucleol433proje\Core\Inc\main.h
2023-07-04 09:23:57,093 [INFO] CodeEngine:255 - oldGeneratedFile, C:\Users\ARGE-PC1\STM32CubeIDE\workspace_1.12.1\nucleol433proje\Core\Src\main.c_save
2023-07-04 09:23:57,276 [INFO] CodeEngine:279 - Generated code: C:\Users\ARGE-PC1\STM32CubeIDE\workspace_1.12.1\nucleol433proje\Core\Src\main.c
2023-07-04 09:23:58,002 [INFO] ProjectBuilder:2996 - Time for Copy HAL[1] : 193mS.
2023-07-04 09:23:58,015 [INFO] ProjectBuilder:4304 - Project Generator version: 3.19.2
2023-07-04 09:23:58,660 [INFO] ConfigFileManager:1483 - The Die is : DIE435
2023-07-04 09:23:58,751 [INFO] ApiDbMcu:507 - Load IP Config File for FATFS
2023-07-04 09:23:58,766 [INFO] ApiDbMcu:507 - Load IP Config File for FREERTOS
2023-07-04 09:23:58,789 [INFO] ApiDbMcu:507 - Load IP Config File for TOUCHSENSING
2023-07-04 09:23:58,809 [INFO] ApiDbMcu:507 - Load IP Config File for USB_DEVICE
2023-07-04 09:24:00,180 [INFO] LogOutputStream:77 - [STDOUT_REDIRECT] 
2023-07-04 09:24:06,464 [INFO] ProjectBuilder:4505 - Time for Generating toolchain IDE Files: 8436mS.
2023-07-04 09:24:06,471 [INFO] ProjectBuilder:2867 - Time for Copy CMSIS : 2mS.
2023-07-04 09:24:06,492 [INFO] ProjectBuilder:2867 - Time for Copy CMSIS : 0mS.
