2023-07-05 01:39:22,665 [INFO] I2cTimingTraitement:330 - 0x10909CEC
2023-07-05 01:39:27,158 [INFO] I2cTimingTraitement:330 - 0x10909CEC
2023-07-05 01:57:11,181 [INFO] I2cTimingTraitement:330 - 0x10909CEC
2023-07-05 01:57:16,885 [INFO] UtilMem:75 - End SaveConfig() Used Memory: 326989592 Bytes (732954624)
2023-07-05 01:57:19,391 [INFO] UtilMem:75 - End SaveConfig() Used Memory: 353730328 Bytes (732954624)
2023-07-05 01:57:21,771 [INFO] UtilMem:75 - End SaveConfig() Used Memory: 431847192 Bytes (732954624)
2023-07-05 01:57:22,470 [INFO] BlockDiagram:2759 - set Specific Code input for plugin: NVIC
2023-07-05 01:57:22,470 [INFO] BlockDiagram:2759 - set Specific Code input for plugin: USART
2023-07-05 01:57:22,470 [INFO] BlockDiagram:2759 - set Specific Code input for plugin: SYS
2023-07-05 01:57:22,471 [INFO] BlockDiagram:2759 - set Specific Code input for plugin: GPIO
2023-07-05 01:57:22,471 [INFO] BlockDiagram:2759 - set Specific Code input for plugin: RCC
2023-07-05 01:57:22,471 [INFO] BlockDiagram:2759 - set Specific Code input for plugin: I2C
2023-07-05 01:57:22,473 [INFO] CodeGenerator:793 - code generatio: config db path: C:\ST\STM32CubeIDE_1.12.1\STM32CubeIDE\plugins\com.st.stm32cube.common.mx_6.8.1.202304191431\\db\
2023-07-05 01:57:22,758 [INFO] CodeEngine:255 - oldGeneratedFile, C:\Users\ARGE-PC1\STM32CubeIDE\workspace_1.12.1\nucleol433proje\MXTmpFiles\license.tmp_save
2023-07-05 01:57:23,014 [INFO] CodeEngine:279 - Generated code: C:\Users\ARGE-PC1\STM32CubeIDE\workspace_1.12.1\nucleol433proje\MXTmpFiles\license.tmp
2023-07-05 01:57:23,124 [INFO] CodeEngine:255 - oldGeneratedFile, C:\Users\ARGE-PC1\STM32CubeIDE\workspace_1.12.1\nucleol433proje\MXTmpFiles\gpio.tmp_save
2023-07-05 01:57:23,323 [INFO] CodeEngine:279 - Generated code: C:\Users\ARGE-PC1\STM32CubeIDE\workspace_1.12.1\nucleol433proje\MXTmpFiles\gpio.tmp
2023-07-05 01:57:23,745 [INFO] CodeEngine:255 - oldGeneratedFile, C:\Users\ARGE-PC1\STM32CubeIDE\workspace_1.12.1\nucleol433proje\Core\Src\stm32l4xx_it.c_save
2023-07-05 01:57:24,146 [INFO] CodeEngine:279 - Generated code: C:\Users\ARGE-PC1\STM32CubeIDE\workspace_1.12.1\nucleol433proje\Core\Src\stm32l4xx_it.c
2023-07-05 01:57:24,159 [INFO] CodeEngine:255 - oldGeneratedFile, C:\Users\ARGE-PC1\STM32CubeIDE\workspace_1.12.1\nucleol433proje\Core\Inc\stm32l4xx_it.h_save
2023-07-05 01:57:24,299 [INFO] CodeEngine:279 - Generated code: C:\Users\ARGE-PC1\STM32CubeIDE\workspace_1.12.1\nucleol433proje\Core\Inc\stm32l4xx_it.h
2023-07-05 01:57:24,340 [INFO] CodeEngine:255 - oldGeneratedFile, C:\Users\ARGE-PC1\STM32CubeIDE\workspace_1.12.1\nucleol433proje\Core\Src\stm32l4xx_hal_msp.c_save
2023-07-05 01:57:24,602 [INFO] CodeEngine:279 - Generated code: C:\Users\ARGE-PC1\STM32CubeIDE\workspace_1.12.1\nucleol433proje\Core\Src\stm32l4xx_hal_msp.c
2023-07-05 01:57:24,611 [INFO] CodeEngine:255 - oldGeneratedFile, C:\Users\ARGE-PC1\STM32CubeIDE\workspace_1.12.1\nucleol433proje\MXTmpFiles\system.tmp_save
2023-07-05 01:57:24,731 [INFO] CodeEngine:279 - Generated code: C:\Users\ARGE-PC1\STM32CubeIDE\workspace_1.12.1\nucleol433proje\MXTmpFiles\system.tmp
2023-07-05 01:57:24,772 [INFO] CodeEngine:311 - oldGeneratedFile, C:\Users\ARGE-PC1\STM32CubeIDE\workspace_1.12.1\nucleol433proje\Core\Inc\stm32l4xx_hal_conf.h_save
2023-07-05 01:57:24,999 [INFO] CodeEngine:335 - Generated code: C:\Users\ARGE-PC1\STM32CubeIDE\workspace_1.12.1\nucleol433proje\Core\Inc\stm32l4xx_hal_conf.h
2023-07-05 01:57:25,087 [INFO] CodeEngine:255 - oldGeneratedFile, C:\Users\ARGE-PC1\STM32CubeIDE\workspace_1.12.1\nucleol433proje\Core\Inc\main.h_save
2023-07-05 01:57:25,296 [INFO] CodeEngine:279 - Generated code: C:\Users\ARGE-PC1\STM32CubeIDE\workspace_1.12.1\nucleol433proje\Core\Inc\main.h
2023-07-05 01:57:25,323 [INFO] CodeEngine:255 - oldGeneratedFile, C:\Users\ARGE-PC1\STM32CubeIDE\workspace_1.12.1\nucleol433proje\Core\Src\main.c_save
2023-07-05 01:57:25,628 [INFO] CodeEngine:279 - Generated code: C:\Users\ARGE-PC1\STM32CubeIDE\workspace_1.12.1\nucleol433proje\Core\Src\main.c
2023-07-05 01:57:27,328 [INFO] ProjectBuilder:2996 - Time for Copy HAL[1] : 641mS.
2023-07-05 01:57:27,337 [INFO] ProjectBuilder:4304 - Project Generator version: 3.19.2
2023-07-05 01:57:27,804 [INFO] ConfigFileManager:1483 - The Die is : DIE435
2023-07-05 01:57:30,706 [INFO] ProjectBuilder:4505 - Time for Generating toolchain IDE Files: 3369mS.
2023-07-05 01:57:30,706 [INFO] ProjectBuilder:2867 - Time for Copy CMSIS : 0mS.
2023-07-05 01:57:30,722 [INFO] ProjectBuilder:2867 - Time for Copy CMSIS : 0mS.
2023-07-05 02:04:29,420 [INFO] I2cTimingTraitement:330 - 0x10909CEC
2023-07-05 02:05:26,113 [INFO] UtilMem:75 - End SaveConfig() Used Memory: 352461848 Bytes (732954624)
2023-07-05 02:11:29,892 [INFO] I2cTimingTraitement:330 - 0x10909CEC
2023-07-05 02:11:40,224 [INFO] I2cTimingTraitement:330 - 0x10909CEC
2023-07-05 02:11:40,346 [INFO] I2cTimingTraitement:330 - 0x10909CEC
2023-07-05 02:57:35,791 [INFO] UtilMem:75 - End SaveConfig() Used Memory: 576476376 Bytes (767557632)
2023-07-05 02:57:37,048 [INFO] UtilMem:75 - End SaveConfig() Used Memory: 619116312 Bytes (767557632)
2023-07-05 02:57:37,481 [INFO] UtilMem:75 - End SaveConfig() Used Memory: 676787992 Bytes (767557632)
2023-07-05 02:57:38,212 [INFO] BlockDiagram:2759 - set Specific Code input for plugin: NVIC
2023-07-05 02:57:38,212 [INFO] BlockDiagram:2759 - set Specific Code input for plugin: USART
2023-07-05 02:57:38,212 [INFO] BlockDiagram:2759 - set Specific Code input for plugin: SYS
2023-07-05 02:57:38,212 [INFO] BlockDiagram:2759 - set Specific Code input for plugin: GPIO
2023-07-05 02:57:38,213 [INFO] BlockDiagram:2759 - set Specific Code input for plugin: RCC
2023-07-05 02:57:38,213 [INFO] CodeGenerator:793 - code generatio: config db path: C:\ST\STM32CubeIDE_1.12.1\STM32CubeIDE\plugins\com.st.stm32cube.common.mx_6.8.1.202304191431\\db\
2023-07-05 02:57:38,582 [INFO] CodeEngine:255 - oldGeneratedFile, C:\Users\ARGE-PC1\STM32CubeIDE\workspace_1.12.1\nucleol433proje\MXTmpFiles\license.tmp_save
2023-07-05 02:57:38,764 [INFO] CodeEngine:279 - Generated code: C:\Users\ARGE-PC1\STM32CubeIDE\workspace_1.12.1\nucleol433proje\MXTmpFiles\license.tmp
2023-07-05 02:57:38,830 [INFO] CodeEngine:255 - oldGeneratedFile, C:\Users\ARGE-PC1\STM32CubeIDE\workspace_1.12.1\nucleol433proje\MXTmpFiles\gpio.tmp_save
2023-07-05 02:57:39,013 [INFO] CodeEngine:279 - Generated code: C:\Users\ARGE-PC1\STM32CubeIDE\workspace_1.12.1\nucleol433proje\MXTmpFiles\gpio.tmp
2023-07-05 02:57:39,239 [INFO] CodeEngine:255 - oldGeneratedFile, C:\Users\ARGE-PC1\STM32CubeIDE\workspace_1.12.1\nucleol433proje\Core\Src\stm32l4xx_it.c_save
2023-07-05 02:57:39,672 [INFO] CodeEngine:279 - Generated code: C:\Users\ARGE-PC1\STM32CubeIDE\workspace_1.12.1\nucleol433proje\Core\Src\stm32l4xx_it.c
2023-07-05 02:57:39,701 [INFO] CodeEngine:255 - oldGeneratedFile, C:\Users\ARGE-PC1\STM32CubeIDE\workspace_1.12.1\nucleol433proje\Core\Inc\stm32l4xx_it.h_save
2023-07-05 02:57:39,802 [INFO] CodeEngine:279 - Generated code: C:\Users\ARGE-PC1\STM32CubeIDE\workspace_1.12.1\nucleol433proje\Core\Inc\stm32l4xx_it.h
2023-07-05 02:57:39,832 [INFO] CodeEngine:255 - oldGeneratedFile, C:\Users\ARGE-PC1\STM32CubeIDE\workspace_1.12.1\nucleol433proje\Core\Src\stm32l4xx_hal_msp.c_save
2023-07-05 02:57:40,085 [INFO] CodeEngine:279 - Generated code: C:\Users\ARGE-PC1\STM32CubeIDE\workspace_1.12.1\nucleol433proje\Core\Src\stm32l4xx_hal_msp.c
2023-07-05 02:57:40,095 [INFO] CodeEngine:255 - oldGeneratedFile, C:\Users\ARGE-PC1\STM32CubeIDE\workspace_1.12.1\nucleol433proje\MXTmpFiles\system.tmp_save
2023-07-05 02:57:40,214 [INFO] CodeEngine:279 - Generated code: C:\Users\ARGE-PC1\STM32CubeIDE\workspace_1.12.1\nucleol433proje\MXTmpFiles\system.tmp
2023-07-05 02:57:40,247 [INFO] CodeEngine:311 - oldGeneratedFile, C:\Users\ARGE-PC1\STM32CubeIDE\workspace_1.12.1\nucleol433proje\Core\Inc\stm32l4xx_hal_conf.h_save
2023-07-05 02:57:40,412 [INFO] CodeEngine:335 - Generated code: C:\Users\ARGE-PC1\STM32CubeIDE\workspace_1.12.1\nucleol433proje\Core\Inc\stm32l4xx_hal_conf.h
2023-07-05 02:57:40,526 [INFO] CodeEngine:255 - oldGeneratedFile, C:\Users\ARGE-PC1\STM32CubeIDE\workspace_1.12.1\nucleol433proje\Core\Inc\main.h_save
2023-07-05 02:57:40,724 [INFO] CodeEngine:279 - Generated code: C:\Users\ARGE-PC1\STM32CubeIDE\workspace_1.12.1\nucleol433proje\Core\Inc\main.h
2023-07-05 02:57:40,749 [INFO] CodeEngine:255 - oldGeneratedFile, C:\Users\ARGE-PC1\STM32CubeIDE\workspace_1.12.1\nucleol433proje\Core\Src\main.c_save
2023-07-05 02:57:41,010 [INFO] CodeEngine:279 - Generated code: C:\Users\ARGE-PC1\STM32CubeIDE\workspace_1.12.1\nucleol433proje\Core\Src\main.c
2023-07-05 02:57:42,183 [INFO] ProjectBuilder:2996 - Time for Copy HAL[1] : 325mS.
2023-07-05 02:57:42,199 [INFO] ProjectBuilder:4304 - Project Generator version: 3.19.2
2023-07-05 02:57:42,598 [INFO] ConfigFileManager:1483 - The Die is : DIE435
2023-07-05 02:57:45,149 [INFO] ProjectBuilder:4505 - Time for Generating toolchain IDE Files: 2950mS.
2023-07-05 02:57:45,149 [INFO] ProjectBuilder:2867 - Time for Copy CMSIS : 0mS.
2023-07-05 02:57:45,162 [INFO] ProjectBuilder:2867 - Time for Copy CMSIS : 0mS.
2023-07-05 04:26:12,005 [INFO] MainUpdater:2854 - connection check result : 10
2023-07-05 04:26:12,622 [INFO] ApiDb:668 - CubeFinder database Data Model version=2.1
2023-07-05 04:26:12,622 [INFO] ApiDb:669 - CubeFinder database Configuration version=3.0.35
2023-07-05 04:26:12,622 [INFO] ApiDb:670 - CubeFinder database generation date=2023-05-12 (1683877179)
2023-07-05 04:26:12,622 [INFO] ApiDb:671 - CubeFinder database FW Pack versions=[FP-ATR-ASTRA1_V2.0.0, FP-SNS-FLIGHT1_V5.0.0, FP-SNS-MOTENV1_V4.3.0, STM32Cube_FW_C0_V1.0.1, STM32Cube_FW_F0_V1.11.4, STM32Cube_FW_F3_V1.11.4, STM32Cube_FW_F4_V1.27.1, STM32Cube_FW_F7_V1.17.0, STM32Cube_FW_G0_V1.6.1, STM32Cube_FW_G4_V1.5.1, STM32Cube_FW_H5_V0.5.1, STM32Cube_FW_H5_V1.0.0, STM32Cube_FW_H7_V1.11.0, STM32Cube_FW_L0_V1.12.2, STM32Cube_FW_L5_V1.5.0, STM32Cube_FW_U5_V1.2.0, STM32Cube_FW_WBA_V1.0.0, STM32Cube_FW_WBA_V1.0.0RC1, STM32Cube_FW_WBA_V1.0.0RC3, STM32Cube_FW_WB_V1.15.0RC1, STM32Cube_FW_WB_V1.16.0, STM32Cube_FW_WB_V1.16.0RC2, STM32Cube_FW_WL_V1.3.0, X-CUBE-ALGOBUILD_V1.3.0, X-CUBE-ALS_V1.0.1, X-CUBE-AZRTOS-F4_V1.1.0, X-CUBE-AZRTOS-F7_V1.1.0, X-CUBE-AZRTOS-G0_V1.1.0, X-CUBE-AZRTOS-G4_V2.0.0, X-CUBE-AZRTOS-H7_V3.1.0, X-CUBE-AZRTOS-L4_V1.0.0, X-CUBE-AZRTOS-L5_V1.1.0, X-CUBE-AZRTOS-WB_V1.1.0, X-CUBE-AZRTOS-WL_V1.0.0, X-CUBE-BLE1_V6.2.4, X-CUBE-BLE2_V3.3.0, X-CUBE-BLEMGR_V2.0.0, X-CUBE-EEPRMA1_V4.1.0, X-CUBE-FREERTOS_V1.0.1, X-CUBE-GNSS1_V6.0.0, X-CUBE-MEMS1_V9.1.0, X-CUBE-MEMS1_V9.4.0, X-CUBE-MEMS1_V9.6.0, X-CUBE-NFC4_V3.0.0, X-CUBE-NFC7_V1.0.0, X-CUBE-SFXS2LP1_V4.0.0, X-CUBE-SUBG2_V5.0.0]
2023-07-05 04:26:12,984 [INFO] DbBoardsSqlite:226 - include board P-NUCLEO-WB55-NUCLEO as a kit item of type 'Nucleo-64'
2023-07-05 04:26:12,984 [INFO] DbBoardsSqlite:226 - include board P-NUCLEO-WB55-USBDONGLE as a kit item of type 'Nucleo USB Dongle'
2023-07-05 04:26:12,990 [INFO] DbBoardsSqlite:226 - include board STEVAL-IDP005V1 as a kit item of type 'Evaluation Board'
2023-07-05 04:26:12,991 [INFO] DbBoardsSqlite:226 - include board STEVAL-IDP005V2 as a kit item of type 'Evaluation Board'
2023-07-05 04:26:14,228 [INFO] ApiDb:240 - Found 297 in-development CPN: [B-G473E-ZEST1S, B-WB1M-WPAN1, B-WL5M-SUBG1, NUCLEO-C031C6, NUCLEO-H503RB, NUCLEO-H563ZI, NUCLEO-U545RE-Q, NUCLEO-U5A5ZJ-Q, NUCLEO-WBA52CG, STEVAL-PROTEUS1, STEVAL-STWINBX1, STM320518-EVAL, STM32C0116-DK, STM32C011D6Y3TR, STM32C011D6Y6TR, STM32C011F4P3, STM32C011F4P6, STM32C011F4U3, STM32C011F4U6TR, STM32C011F6P3, STM32C011F6P6, STM32C011F6U3, STM32C011F6U6TR, STM32C011J4M3, STM32C011J4M6, STM32C011J6M3, STM32C011J6M6, STM32C0316-DK, STM32C031C4T3, STM32C031C4T6, STM32C031C4U3, STM32C031C4U6, STM32C031C6T3, STM32C031C6T6, STM32C031C6U3, STM32C031C6U6, STM32C031F4P3, STM32C031F4P6, STM32C031F6P3, STM32C031F6P6, STM32C031G4U3, STM32C031G4U6, STM32C031G6U3, STM32C031G6U6, STM32C031K4T3, STM32C031K4T6, STM32C031K4U3, STM32C031K4U6, STM32C031K6T3, STM32C031K6T6, STM32C031K6U3, STM32C031K6U6, STM32G071K8TXN, STM32G071K8UXN, STM32G081GBU6N, STM32G081KBT6N, STM32G081KBUXN, STM32G0B1CCT6N, STM32G0B1KCT6, STM32G0B1NEY6TR, STM32G0B1RCT6N, STM32G0C1CCT6, STM32G0C1CCT6N, STM32G0C1CCU6N, STM32G0C1CET6N, STM32G0C1CEU6N, STM32G0C1KCT6, STM32G0C1NEY6TR, STM32G0C1RCI6N, STM32G0C1RCT6N, STM32G0C1REI6N, STM32G0C1RET6N, STM32G0C1VCI6, STM32G0C1VEI6, STM32G471CCT6, STM32G471CCU6, STM32G471CET3, STM32G471CET6, STM32G471CEU3, STM32G471CEU6, STM32G471MCT6, STM32G471MET3, STM32G471MET6, STM32G471MEY6TR, STM32G471QCT6, STM32G471QET3, STM32G471RCT6, STM32G471RET3, STM32G471RET6, STM32G471VCH6, STM32G471VCI6, STM32G471VCT6, STM32G471VEH3, STM32G471VEH6, STM32G471VEI3, STM32G471VEI6, STM32G471VET3, STM32G471VET6, STM32G474CCT6, STM32H503CBT6, STM32H503CBU6, STM32H503EBY6TR, STM32H503KBU6, STM32H503RBT6, STM32H562AGI6, STM32H562AII6, STM32H562IGK6, STM32H562IGT6, STM32H562IIK6, STM32H562IIT6, STM32H562RGT6, STM32H562RGV6, STM32H562RIT6, STM32H562RIV6, STM32H562VGT6, STM32H562VIT6, STM32H562ZGT6, STM32H562ZIT6, STM32H563AGI6, STM32H563AII3Q, STM32H563AII6, STM32H563IGK6, STM32H563IGT6, STM32H563IIK3Q, STM32H563IIK6, STM32H563IIT3Q, STM32H563IIT6, STM32H563MIY3QTR, STM32H563RGT6, STM32H563RGV6, STM32H563RIT6, STM32H563RIV6, STM32H563VGT6, STM32H563VIT3Q, STM32H563VIT6, STM32H563ZGT6, STM32H563ZIT3Q, STM32H563ZIT6, STM32H573AII3Q, STM32H573AII6, STM32H573I-DK, STM32H573IIK3Q, STM32H573IIK6, STM32H573IIT3Q, STM32H573IIT6, STM32H573MIY3QTR, STM32H573RIT6, STM32H573RIV6, STM32H573VIT3Q, STM32H573VIT6, STM32H573ZIT3Q, STM32H573ZIT6, STM32L4R5QGI6STR, STM32MP131AAE3, STM32MP131AAF3, STM32MP131AAG3, STM32MP131CAE3, STM32MP131CAF3, STM32MP131CAG3, STM32MP131DAE7, STM32MP131DAF7, STM32MP131DAG7, STM32MP131FAE7, STM32MP131FAF7, STM32MP131FAG7, STM32MP133AAE3, STM32MP133AAF3, STM32MP133AAG3, STM32MP133CAE3, STM32MP133CAF3, STM32MP133CAG3, STM32MP133DAE7, STM32MP133DAF7, STM32MP133DAG7, STM32MP133FAE7, STM32MP133FAF7, STM32MP133FAG7, STM32MP135AAE3, STM32MP135AAF3, STM32MP135AAG3, STM32MP135CAE3, STM32MP135CAF3, STM32MP135CAG3, STM32MP135DAE7, STM32MP135DAF7, STM32MP135DAG7, STM32MP135F-DK, STM32MP135FAE7, STM32MP135FAF7, STM32MP135FAF7T, STM32MP135FAF7U, STM32MP135FAG7, STM32U535CBT6, STM32U535CBT6Q, STM32U535CBU6, STM32U535CBU6Q, STM32U535CCT6, STM32U535CCT6Q, STM32U535CCU6, STM32U535CCU6Q, STM32U535CET6, STM32U535CET6Q, STM32U535CEU6, STM32U535CEU6Q, STM32U535JEY6QTR, STM32U535NCY6QTR, STM32U535NEY6QTR, STM32U535RBI6, STM32U535RBI6Q, STM32U535RBT6, STM32U535RBT6Q, STM32U535RCI6, STM32U535RCI6Q, STM32U535RCT6, STM32U535RCT6Q, STM32U535REI6, STM32U535REI6Q, STM32U535RET6, STM32U535RET6Q, STM32U535VCI6, STM32U535VCI6Q, STM32U535VCT6, STM32U535VCT6Q, STM32U535VEI6, STM32U535VEI6Q, STM32U535VET6, STM32U535VET6Q, STM32U545CET6, STM32U545CET6Q, STM32U545CEU6, STM32U545CEU6Q, STM32U545JEY6QTR, STM32U545NEY6QTR, STM32U545REI6, STM32U545REI6Q, STM32U545RET6, STM32U545RET6Q, STM32U545VEI6, STM32U545VEI6Q, STM32U545VET6, STM32U545VET6Q, STM32U595AIH6, STM32U595AIH6Q, STM32U595AJH6, STM32U595AJH6Q, STM32U595QII6, STM32U595QII6Q, STM32U595QJI6, STM32U595QJI6Q, STM32U595RIT6, STM32U595RIT6Q, STM32U595RJT6, STM32U595RJT6Q, STM32U595VIT6, STM32U595VIT6Q, STM32U595VJT6, STM32U595VJT6Q, STM32U595ZIT6, STM32U595ZIT6Q, STM32U595ZIY6QTR, STM32U595ZJT6, STM32U595ZJT6Q, STM32U595ZJY6QTR, STM32U599BJY6QTR, STM32U599NIH6Q, STM32U599NJH6Q, STM32U599VIT6Q, STM32U599VJT6, STM32U599VJT6Q, STM32U599ZIT6Q, STM32U599ZIY6QTR, STM32U599ZJT6Q, STM32U599ZJY6QTR, STM32U5A5AJH6, STM32U5A5AJH6Q, STM32U5A5QJI6, STM32U5A5QJI6Q, STM32U5A5RJT6, STM32U5A5RJT6Q, STM32U5A5VJT6, STM32U5A5VJT6Q, STM32U5A5ZJT6, STM32U5A5ZJT6Q, STM32U5A5ZJY6QTR, STM32U5A9BJY6QTR, STM32U5A9J-DK, STM32U5A9NJH6Q, STM32U5A9VJT6Q, STM32U5A9ZJT6Q, STM32U5A9ZJY6QTR, STM32WB1MMCH6, STM32WBA52CEU6, STM32WBA52CEU6T, STM32WBA52CGU6, STM32WBA52CGU6T, STM32WL5MOCH6, STM32WL5MOCH6TR]
2023-07-05 04:26:14,479 [INFO] BoardInfo:880 - No configuration file found for board P-NUCLEO-WB55
2023-07-05 04:26:14,484 [INFO] DbBoards:157 - Kit is not supported: P-NUCLEO-WB55
2023-07-05 04:26:14,488 [INFO] BoardInfo:880 - No configuration file found for board STEVAL-BFA001V1B
2023-07-05 04:26:14,488 [INFO] DbBoards:157 - Kit is not supported: STEVAL-BFA001V1B
2023-07-05 04:26:14,493 [INFO] BoardInfo:880 - No configuration file found for board STEVAL-BFA001V2B
2023-07-05 04:26:14,493 [INFO] DbBoards:157 - Kit is not supported: STEVAL-BFA001V2B
2023-07-05 04:26:14,679 [INFO] DbBoards:161 - Found 187 boards, 184 are supported
2023-07-05 04:26:14,684 [INFO] ApiDb:423 - Load user favorites file C:\Users\ARGE-PC1/.stm32cubeide/favorites.boards.txt: 0 item(s)
2023-07-05 04:26:14,684 [INFO] ApiDb:427 - User favorites Boards=[]
2023-07-05 04:26:14,684 [INFO] DbBoards:190 - Set 0 / 0 favorites Boards
2023-07-05 04:26:14,684 [INFO] McuFinderGlobals:66 - Set McuFinderConnectedMode to true
2023-07-05 04:26:14,700 [INFO] MultiScanPanel:200 - Auto-refresh data requested => check proxy status ongoing
2023-07-05 04:26:14,704 [INFO] FinderPluginLoader:95 - Searching for filters in installed packs
2023-07-05 04:26:17,046 [INFO] LoadUrlFilesThread:185 - End of LoadServerUrlFiles without Thread
2023-07-05 04:26:17,206 [INFO] DetailPanel:341 - Set advertising image to C:/Users/ARGE-PC1/STM32Cube/Repository/\en.prom-stm32h5-mcu-finder.jpg
2023-07-05 04:26:27,629 [INFO] MultiScanPanel:200 - Auto-refresh data requested => check proxy status ongoing
2023-07-05 04:26:27,834 [INFO] LoadUrlFilesThread:185 - End of LoadServerUrlFiles without Thread
2023-07-05 04:26:27,834 [INFO] DetailPanel:341 - Set advertising image to C:/Users/ARGE-PC1/STM32Cube/Repository/\en.prom-stm32h5-mcu-finder.jpg
2023-07-05 04:27:14,361 [INFO] MainUpdater:2854 - connection check result : 10
2023-07-05 04:27:14,361 [INFO] MainUpdater:2854 - connection check result : 10
2023-07-05 04:27:14,548 [INFO] MicroXplorer:468 - Change Database Path : 
2023-07-05 04:27:14,548 [INFO] MicroXplorer:498 - Change Database Version : DB.6.0.81
2023-07-05 04:27:14,628 [WARN] ThirdParty:871 - waiting for thirdparty lock release [close project]
2023-07-05 04:27:14,628 [INFO] ThirdParty:873 - entering critical section [close project]
2023-07-05 04:27:14,635 [INFO] ThirdParty:883 - exiting critical section [close project]
2023-07-05 04:27:14,640 [INFO] PinOutPanel:1499 - setPackage(No Configuration,No Configuration)
2023-07-05 04:27:14,661 [INFO] UtilMem:75 - Begin LoadConfig() Used Memory: 571245568 Bytes (767557632)
2023-07-05 04:27:14,661 [INFO] OpenFileManager:308 - Change cursor
2023-07-05 04:27:14,750 [INFO] RulesReader:64 - Compatibility file has been processed (293 Rules)
2023-07-05 04:27:14,802 [INFO] ProjectFactory:402 - No CPN specified for board NUCLEO-L433RC-P => set CPN to STM32L433RCT6P
2023-07-05 04:27:14,802 [INFO] Mcu:1937 - Initializing MCU STM32L433RCTxP STM32L433RCTxP STM32L433RCT6P
2023-07-05 04:27:18,470 [INFO] Context:659 - Trying to add GPIOservice into a context  which must be forbidden
2023-07-05 04:27:19,112 [INFO] Rule:228 - rule 117617 - U5Cobra4M][GTZC] default value MPCBB3 and MPCBB5 - Not Secured memory - MPCBB1 is applicable
2023-07-05 04:27:19,112 [INFO] Rule:228 - rule 117617 - U5Cobra4M][GTZC] default value MPCBB3 and MPCBB5 - Not Secured memory - MPCBB1 is applicable
2023-07-05 04:27:19,112 [INFO] Rule:228 - rule 117617 - U5Cobra4M][GTZC] default value MPCBB3 and MPCBB5 - Not Secured memory - MPCBB2 is applicable
2023-07-05 04:27:19,112 [INFO] Rule:228 - rule 117617 - U5Cobra4M][GTZC] default value MPCBB3 and MPCBB5 - Not Secured memory - MPCBB2 is applicable
2023-07-05 04:27:19,113 [INFO] Rule:228 - rule 117617 - U5Cobra4M][GTZC] default value MPCBB3 and MPCBB5 - Not Secured memory - MPCBB3 is applicable
2023-07-05 04:27:19,113 [INFO] Rule:228 - rule 117617 - U5Cobra4M][GTZC] default value MPCBB3 and MPCBB5 - Not Secured memory - MPCBB3 is applicable
2023-07-05 04:27:19,113 [INFO] Rule:228 - rule 117617 - U5Cobra4M][GTZC] default value MPCBB3 and MPCBB5 - Not Secured memory - MPCBB4 is applicable
2023-07-05 04:27:19,113 [INFO] Rule:228 - rule 117617 - U5Cobra4M][GTZC] default value MPCBB3 and MPCBB5 - Not Secured memory - MPCBB4 is applicable
2023-07-05 04:27:19,113 [INFO] Rule:228 - rule 117617 - U5Cobra4M][GTZC] default value MPCBB3 and MPCBB5 - Secured memory - MPCBB1 is applicable
2023-07-05 04:27:19,114 [INFO] Rule:228 - rule 117617 - U5Cobra4M][GTZC] default value MPCBB3 and MPCBB5 - Secured memory - MPCBB2 is applicable
2023-07-05 04:27:19,114 [INFO] Rule:228 - rule 117617 - U5Cobra4M][GTZC] default value MPCBB3 and MPCBB5 - Secured memory - MPCBB3 is applicable
2023-07-05 04:27:19,114 [INFO] Rule:228 - rule 117617 - U5Cobra4M][GTZC] default value MPCBB3 and MPCBB5 - Secured memory - MPCBB4 is applicable
2023-07-05 04:27:19,114 [INFO] Rule:228 - rule 117617 - U5Cobra4M][GTZC] default value MPCBB3 and MPCBB5 - Privileged memory - MPCBB1 is applicable
2023-07-05 04:27:19,114 [INFO] Rule:228 - rule 117617 - U5Cobra4M][GTZC] default value MPCBB3 and MPCBB5 - Privileged memory - MPCBB2 is applicable
2023-07-05 04:27:19,115 [INFO] Rule:228 - rule 117617 - U5Cobra4M][GTZC] default value MPCBB3 and MPCBB5 - Privileged memory - MPCBB3 is applicable
2023-07-05 04:27:19,115 [INFO] Rule:228 - rule 117617 - U5Cobra4M][GTZC] default value MPCBB3 and MPCBB5 - Privileged memory - MPCBB4 is applicable
2023-07-05 04:27:19,115 [INFO] Rule:228 - rule 117617 - U5Cobra4M][GTZC] default value MPCBB3 and MPCBB5 - Not Privileged memory - MPCBB1 is applicable
2023-07-05 04:27:19,115 [INFO] Rule:228 - rule 117617 - U5Cobra4M][GTZC] default value MPCBB3 and MPCBB5 - Not Privileged memory - MPCBB2 is applicable
2023-07-05 04:27:19,115 [INFO] Rule:228 - rule 117617 - U5Cobra4M][GTZC] default value MPCBB3 and MPCBB5 - Not Privileged memory - MPCBB3 is applicable
2023-07-05 04:27:19,115 [INFO] Rule:228 - rule 117617 - U5Cobra4M][GTZC] default value MPCBB3 and MPCBB5 - Not Privileged memory - MPCBB4 is applicable
2023-07-05 04:27:19,115 [INFO] Rule:228 - rule 117617 - U5Cobra4M][GTZC] default value MPCBB3 and MPCBB5 - Privileged memory - MPCBB1 is applicable
2023-07-05 04:27:19,115 [INFO] Rule:228 - rule 117617 - U5Cobra4M][GTZC] default value MPCBB3 and MPCBB5 - Privileged memory - MPCBB2 is applicable
2023-07-05 04:27:19,115 [INFO] Rule:228 - rule 117617 - U5Cobra4M][GTZC] default value MPCBB3 and MPCBB5 - Privileged memory - MPCBB3 is applicable
2023-07-05 04:27:19,115 [INFO] Rule:228 - rule 117617 - U5Cobra4M][GTZC] default value MPCBB3 and MPCBB5 - Privileged memory - MPCBB4 is applicable
2023-07-05 04:27:19,115 [INFO] Rule:228 - rule 117617 - U5Cobra4M][GTZC] default value MPCBB3 and MPCBB5 - Privileged memory - MPCBB1 is applicable
2023-07-05 04:27:19,115 [INFO] Rule:228 - rule 117617 - U5Cobra4M][GTZC] default value MPCBB3 and MPCBB5 - Privileged memory - MPCBB2 is applicable
2023-07-05 04:27:19,115 [INFO] Rule:228 - rule 117617 - U5Cobra4M][GTZC] default value MPCBB3 and MPCBB5 - Privileged memory - MPCBB3 is applicable
2023-07-05 04:27:19,116 [INFO] Rule:228 - rule 117617 - U5Cobra4M][GTZC] default value MPCBB3 and MPCBB5 - Privileged memory - MPCBB4 is applicable
2023-07-05 04:27:19,116 [INFO] Rule:228 - rule 117617 - U5Cobra4M][GTZC] default value MPCBB3 and MPCBB5 - Not Privileged memory - MPCBB1 is applicable
2023-07-05 04:27:19,116 [INFO] Rule:228 - rule 117617 - U5Cobra4M][GTZC] default value MPCBB3 and MPCBB5 - Not Privileged memory - MPCBB2 is applicable
2023-07-05 04:27:19,116 [INFO] Rule:228 - rule 117617 - U5Cobra4M][GTZC] default value MPCBB3 and MPCBB5 - Not Privileged memory - MPCBB3 is applicable
2023-07-05 04:27:19,116 [INFO] Rule:228 - rule 117617 - U5Cobra4M][GTZC] default value MPCBB3 and MPCBB5 - Not Privileged memory - MPCBB4 is applicable
2023-07-05 04:27:19,116 [INFO] Rule:228 - rule 117617 - U5Cobra4M][GTZC] default value MPCBB3 and MPCBB5 - Privileged memory - MPCBB1 is applicable
2023-07-05 04:27:19,116 [INFO] Rule:228 - rule 117617 - U5Cobra4M][GTZC] default value MPCBB3 and MPCBB5 - Privileged memory - MPCBB2 is applicable
2023-07-05 04:27:19,116 [INFO] Rule:228 - rule 117617 - U5Cobra4M][GTZC] default value MPCBB3 and MPCBB5 - Privileged memory - MPCBB3 is applicable
2023-07-05 04:27:19,116 [INFO] Rule:228 - rule 117617 - U5Cobra4M][GTZC] default value MPCBB3 and MPCBB5 - Privileged memory - MPCBB4 is applicable
2023-07-05 04:27:19,116 [INFO] Rule:228 - rule Rename SubGHz_Phy SUBGHZ_APPLICATION SUBGHZ_PINGPONG to SUBGHZ_ADV_APPLICATION is applicable
2023-07-05 04:27:19,116 [INFO] Rule:228 - rule Rename Enabled to IBEACON is applicable
2023-07-05 04:27:19,116 [INFO] Rule:228 - rule GTZC_S instance for project manager is applicable
2023-07-05 04:27:19,116 [INFO] Rule:228 - rule GTZC_S instance for context M33S is applicable
2023-07-05 04:27:19,116 [INFO] Rule:228 - rule GTZC_S instance value for IP GTZC is applicable
2023-07-05 04:27:19,116 [INFO] Rule:228 - rule GTZC_S instance for mcu.IP is applicable
2023-07-05 04:27:19,116 [INFO] Rule:228 - rule GTZC_S instance for VP is applicable
2023-07-05 04:27:19,116 [INFO] Rule:228 - rule GTZC_S instance for signal is applicable
2023-07-05 04:27:19,116 [INFO] Rule:228 - rule GTZC_S instance for mcu.Pin is applicable
2023-07-05 04:27:19,116 [INFO] Rule:228 - rule GTZC_S instance for VP is applicable
2023-07-05 04:27:19,116 [INFO] Rule:228 - rule GTZC_S instance for signal is applicable
2023-07-05 04:27:19,116 [INFO] Rule:228 - rule GTZC_S instance for mcu is applicable
2023-07-05 04:27:19,116 [INFO] Rule:228 - rule GTZC_S instance for mcu.Pin is applicable
2023-07-05 04:27:19,118 [INFO] Rule:228 - rule GTZC_S instance value for IP GTZC is applicable
2023-07-05 04:27:19,118 [INFO] Rule:228 - rule GTZC_S instance for project manager is applicable
2023-07-05 04:27:19,118 [INFO] Rule:228 - rule GTZC_S instance for context M33S is applicable
2023-07-05 04:27:19,118 [INFO] Rule:228 - rule GTZC_S instance for VP is applicable
2023-07-05 04:27:19,118 [INFO] Rule:228 - rule GTZC_S instance for signal is applicable
2023-07-05 04:27:19,118 [INFO] Rule:228 - rule SPDIFRX instance for mcu is applicable
2023-07-05 04:27:19,118 [INFO] Rule:228 - rule Rename Tracer Mode is applicable
2023-07-05 04:27:19,118 [INFO] Rule:228 - rule SPDIFRX instance value for IP SPDIFRX is applicable
2023-07-05 04:27:19,118 [INFO] Rule:228 - rule SPDIFRX instance for signal is applicable
2023-07-05 04:27:19,118 [INFO] Rule:228 - rule SPDIFRX instance for project manager is applicable
2023-07-05 04:27:19,118 [INFO] Rule:228 - rule SPDIFRX instance for project manager is applicable
2023-07-05 04:27:19,118 [INFO] Rule:228 - rule ADC Scan  fix with FW F7 is applicable
2023-07-05 04:27:19,118 [INFO] Rule:228 - rule ADC Scan  fix with FW F7 is applicable
2023-07-05 04:27:19,118 [INFO] Rule:228 - rule WakeUp0 Mode is applicable
2023-07-05 04:27:19,118 [INFO] Rule:228 - rule WakeUp0 SIGNAL is applicable
2023-07-05 04:27:19,118 [INFO] Rule:228 - rule WakeUp1 Mode is applicable
2023-07-05 04:27:19,118 [INFO] Rule:228 - rule WakeUp1 SIGNAL is applicable
2023-07-05 04:27:19,118 [INFO] Rule:228 - rule WakeUp2 Mode is applicable
2023-07-05 04:27:19,121 [INFO] Rule:228 - rule WakeUp2 SIGNAL is applicable
2023-07-05 04:27:19,121 [INFO] Rule:228 - rule WakeUp4 Mode is applicable
2023-07-05 04:27:19,121 [INFO] Rule:228 - rule WakeUp4 SIGNAL is applicable
2023-07-05 04:27:19,121 [INFO] Rule:228 - rule WakeUp5 Mode is applicable
2023-07-05 04:27:19,121 [INFO] Rule:228 - rule WakeUp5 SIGNAL is applicable
2023-07-05 04:27:19,121 [INFO] Rule:228 - rule Change Default Value for LSE Drive Capability for WB family is applicable
2023-07-05 04:27:19,121 [INFO] Rule:228 - rule Change Default Value for ADC Clock Prescaler G0 family is applicable
2023-07-05 04:27:19,121 [INFO] Rule:228 - rule Rename AES DataEncryptionTypesList to Algorithm is applicable
2023-07-05 04:27:19,121 [INFO] Rule:228 - rule Rename TDESECB to CRYP_TDES_ECB is applicable
2023-07-05 04:27:19,121 [INFO] Rule:228 - rule Rename TDESCBC to CRYP_TDES_CBC is applicable
2023-07-05 04:27:19,121 [INFO] Rule:228 - rule Rename DESECB to CRYP_DES_ECB is applicable
2023-07-05 04:27:19,121 [INFO] Rule:228 - rule Rename DESCBC to CRYP_DES_CBC is applicable
2023-07-05 04:27:19,121 [INFO] Rule:228 - rule Rename AESECB to CRYP_AES_ECB is applicable
2023-07-05 04:27:19,121 [INFO] Rule:228 - rule Rename AESCBC to CRYP_AES_CBC is applicable
2023-07-05 04:27:19,121 [INFO] Rule:228 - rule Rename AESCTR to CRYP_AES_CTR is applicable
2023-07-05 04:27:19,122 [INFO] Rule:228 - rule Rename AESGCM to CRYP_AES_GCM is applicable
2023-07-05 04:27:19,122 [INFO] Rule:228 - rule Rename AESCCM to CRYP_AES_CCM is applicable
2023-07-05 04:27:19,122 [INFO] Rule:228 - rule USART TxPinLevelInvertParam Mode is applicable
2023-07-05 04:27:19,122 [INFO] Rule:228 - rule USART RxPinLevelInvertParam Mode is applicable
2023-07-05 04:27:19,122 [INFO] Rule:228 - rule USART DataInvertParam Mode is applicable
2023-07-05 04:27:19,122 [INFO] Rule:228 - rule USART SwapParam Mode is applicable
2023-07-05 04:27:19,122 [INFO] Rule:228 - rule USART OverrunDisableParam Mode is applicable
2023-07-05 04:27:19,122 [INFO] Rule:228 - rule USART DMADisableonRxErrorParam Mode is applicable
2023-07-05 04:27:19,122 [INFO] Rule:228 - rule USART MSBFirstParam Mode is applicable
2023-07-05 04:27:19,122 [INFO] Rule:228 - rule Update MwName for USB_DEVICE is applicable
2023-07-05 04:27:19,122 [INFO] Rule:228 - rule Change PWR_Regulator_Voltage_Scale Default Value for RCC  H7 family is applicable
2023-07-05 04:27:19,122 [INFO] Rule:228 - rule UART/USART IPParameter rename Prescaler parameter to ClockPrescaler is applicable
2023-07-05 04:27:19,122 [INFO] Rule:228 - rule UART/USART Prescaler rename Prescaler parameter to ClockPrescaler is applicable
2023-07-05 04:27:19,122 [INFO] Rule:228 - rule TIM1CLockSelection is applicable
2023-07-05 04:27:19,122 [INFO] Rule:228 - rule TIM15CLockSelection is applicable
2023-07-05 04:27:19,122 [INFO] Rule:228 - rule align RCC SDMMC3CLockSelection default value on MP1 is applicable
2023-07-05 04:27:19,122 [INFO] Rule:228 - rule align RCC SDMMC12CLockSelection default value on MP1 is applicable
2023-07-05 04:27:19,122 [INFO] Rule:228 - rule align RCC QSPICLockSelection default value on MP1 is applicable
2023-07-05 04:27:19,122 [INFO] Rule:228 - rule align RCC QSPICLockSelection default value on MP1 is applicable
2023-07-05 04:27:19,122 [INFO] Rule:228 - rule align RCC SPI6CLockSelection default value on MP1 is applicable
2023-07-05 04:27:19,122 [INFO] Rule:228 - rule align RCC LPTIM23CLockSelection default value on MP1 is applicable
2023-07-05 04:27:19,122 [INFO] Rule:228 - rule align RCC LPTIM1CLockSelection default value on MP1 is applicable
2023-07-05 04:27:19,122 [INFO] Rule:228 - rule align RCC USART1CLockSelection default value on MP1 is applicable
2023-07-05 04:27:19,122 [INFO] Rule:228 - rule align RCC USART24CLockSelection default value on MP1 is applicable
2023-07-05 04:27:19,122 [INFO] Rule:228 - rule align RCC USART6CLockSelection default value on MP1 is applicable
2023-07-05 04:27:19,122 [INFO] Rule:228 - rule align RCC UART78CLockSelection default value on MP1 is applicable
2023-07-05 04:27:19,122 [INFO] Rule:228 - rule align RCC USART35CLockSelection default value on MP1 is applicable
2023-07-05 04:27:19,122 [INFO] Rule:228 - rule align RCC SPI45CLockSelection default value on MP1 is applicable
2023-07-05 04:27:19,122 [INFO] Rule:228 - rule align RCC I2C46CLockSelection BCLK value on MP1 is applicable
2023-07-05 04:27:19,125 [INFO] Rule:228 - rule align RCC SPI45CLockSelection default value on MP1 is applicable
2023-07-05 04:27:19,125 [INFO] Rule:228 - rule align RCC I2C12CLockSelection default value on MP1 is applicable
2023-07-05 04:27:19,125 [INFO] Rule:228 - rule align RCC I2C35CLockSelection default value on MP1 is applicable
2023-07-05 04:27:19,125 [INFO] Rule:228 - rule align RCC LPTIM45CLockSelection default value on MP1 is applicable
2023-07-05 04:27:19,125 [INFO] Rule:228 - rule Rename DCMI PIXCK signal is applicable
2023-07-05 04:27:19,126 [INFO] Rule:228 - rule Change Default Value for I2C46CLockSelection MP1 family is applicable
2023-07-05 04:27:19,126 [INFO] Rule:228 - rule Change Default Value for UART for G4, G0 and WB families is applicable
2023-07-05 04:27:19,126 [INFO] Rule:228 - rule Change Default Value for USART for G4, G0 and WB families is applicable
2023-07-05 04:27:19,126 [INFO] Rule:228 - rule Change Default Value for USART for G4 family is applicable
2023-07-05 04:27:19,126 [INFO] Rule:228 - rule Change USART1CLockSelection refparam name for MP1 is applicable
2023-07-05 04:27:19,126 [INFO] Rule:228 - rule Change USART2CLockSelection refparam name for MP1 is applicable
2023-07-05 04:27:19,126 [INFO] Rule:228 - rule Change USART3CLockSelection refparam name for MP1 is applicable
2023-07-05 04:27:19,126 [INFO] Rule:228 - rule Change UART4CLockSelection refparam name for MP1 is applicable
2023-07-05 04:27:19,126 [INFO] Rule:228 - rule Change UART5CLockSelection refparam name for MP1 is applicable
2023-07-05 04:27:19,126 [INFO] Rule:228 - rule Change LPUART1CLockSelection refparam name for MP1 is applicable
2023-07-05 04:27:19,126 [INFO] Rule:228 - rule Change LPTIM1CLockSelection refparam name for MP1 is applicable
2023-07-05 04:27:19,127 [INFO] Rule:228 - rule Change LPTIM2CLockSelection refparam name for MP1 is applicable
2023-07-05 04:27:19,127 [INFO] Rule:228 - rule Change RCC_MCO1Source refparam name for MP1 is applicable
2023-07-05 04:27:19,127 [INFO] Rule:228 - rule Change LSCOSource1 refparam name for MP1 is applicable
2023-07-05 04:27:19,127 [INFO] Rule:228 - rule Change SMPSCLockSelection refparam name for MP1 is applicable
2023-07-05 04:27:19,127 [INFO] Rule:228 - rule Change LPTIM3CLockSelection refparam name for MP1 is applicable
2023-07-05 04:27:19,127 [INFO] Rule:228 - rule Change MPCBB* Default Template Mode to Parameters is applicable
2023-07-05 04:27:19,127 [INFO] Rule:228 - rule Change MPCWM* or MPCBB* Secure Mode to Parameters is applicable
2023-07-05 04:27:19,127 [INFO] Rule:228 - rule Change MPCWM* or MPCBB* No Secure Mode to Parameters is applicable
2023-07-05 04:27:19,127 [INFO] Rule:228 - rule Change TZSC IP Secure Mode to Parameters is applicable
2023-07-05 04:27:19,127 [INFO] Rule:228 - rule Change TZSC IP No Secure Mode to Parameters is applicable
2023-07-05 04:27:19,127 [INFO] Rule:228 - rule Change TZSC IP Privilege Mode to Parameters is applicable
2023-07-05 04:27:19,127 [INFO] Rule:228 - rule Change TZSC IP No Privilege Mode to Parameters is applicable
2023-07-05 04:27:19,127 [INFO] Rule:228 - rule Change TZIC IT Secure Mode to Parameters is applicable
2023-07-05 04:27:19,127 [INFO] Rule:228 - rule Change TZIC IT No Secure Mode to Parameters is applicable
2023-07-05 04:27:19,127 [INFO] Rule:228 - rule Add MPCBB1_NonSecureArea_Start_Address value with referenced to MPCBB1_NonSecureArea_Start value is applicable
2023-07-05 04:27:19,127 [INFO] Rule:228 - rule Add MPCBB2_NonSecureArea_Start_Address value with referenced to MPCBB2_NonSecureArea_Start value is applicable
2023-07-05 04:27:19,127 [INFO] Rule:228 - rule Add MPCWM1_NonSecureArea*_Start_Address value with referenced to MPCWM1_NonSecureArea*_Start value is applicable
2023-07-05 04:27:19,129 [INFO] Rule:228 - rule Add MPCWM2_NonSecureArea*_Start_Address value with referenced to MPCWM2_NonSecureArea*_Start value is applicable
2023-07-05 04:27:19,129 [INFO] Rule:228 - rule Add MPCWM3_NonSecureArea_Start_Address value with referenced to MPCWM3_NonSecureArea_Start value is applicable
2023-07-05 04:27:19,129 [INFO] Rule:228 - rule Change Default Value for PLL1UserDefinedConfig is applicable
2023-07-05 04:27:19,129 [INFO] Rule:228 - rule Change GPIO_PuPd Default Value for USART in async mode is applicable
2023-07-05 04:27:19,129 [INFO] Rule:228 - rule Change SMPSDivider Default Value is applicable
2023-07-05 04:27:19,129 [INFO] Rule:228 - rule OPAMP is applicable
2023-07-05 04:27:19,129 [INFO] Rule:228 - rule LPUART IPParameter rename Prescaler parameter to ClockPrescaler for STM32H7 is applicable
2023-07-05 04:27:19,129 [INFO] Rule:228 - rule LPUART IPParameter rename Prescaler parameter to ClockPrescaler for STM32H7 is applicable
2023-07-05 04:27:19,129 [INFO] Rule:228 - rule LPUART IPParameter rename Prescaler parameter to ClockPrescaler for STM32WB is applicable
2023-07-05 04:27:19,129 [INFO] Rule:228 - rule LPUART IPParameter rename Prescaler parameter to ClockPrescaler for STM32WB is applicable
2023-07-05 04:27:19,129 [INFO] Rule:228 - rule LPUART IPParameter rename Prescaler parameter to ClockPrescaler for STM32G4 is applicable
2023-07-05 04:27:19,129 [INFO] Rule:228 - rule LPUART IPParameter rename Prescaler parameter to ClockPrescaler for STM32G4 is applicable
2023-07-05 04:27:19,130 [INFO] Rule:228 - rule LPUART IPParameter rename Prescaler parameter to ClockPrescaler for STM32L5 is applicable
2023-07-05 04:27:19,130 [INFO] Rule:228 - rule LPUART IPParameter rename Prescaler parameter to ClockPrescaler for STM32L5 is applicable
2023-07-05 04:27:19,130 [INFO] Rule:228 - rule LPUART IPParameter rename Prescaler parameter to ClockPrescaler for STM32G4 is applicable
2023-07-05 04:27:19,130 [INFO] Rule:228 - rule LPUART IPParameter rename Prescaler parameter to ClockPrescaler for STM32G4 is applicable
2023-07-05 04:27:19,130 [INFO] Rule:228 - rule USB device lib V2.5.3 for L0 rename USBD_SUPPORT_USER_STRING parameter to USBD_SUPPORT_USER_STRING_DESC4 is applicable
2023-07-05 04:27:19,130 [INFO] Rule:228 - rule I2SCLockSelection clock entry align is applicable
2023-07-05 04:27:19,130 [INFO] Rule:228 - rule Assign TIMx context if used as SYS timebase is applicable
2023-07-05 04:27:19,130 [INFO] Rule:228 - rule Change GPIO_Pu Default Value for I2C is applicable
2023-07-05 04:27:19,130 [INFO] Rule:228 - rule Change GPIO_Pu Default Value for SMBus is applicable
2023-07-05 04:27:19,130 [INFO] Rule:228 - rule change FDCAN default value is applicable
2023-07-05 04:27:19,130 [INFO] Rule:228 - rule Change mode sai is applicable
2023-07-05 04:27:19,130 [INFO] Rule:228 - rule **Change sai mode is applicable
2023-07-05 04:27:19,143 [INFO] DbConfProperties:307 - Apply Compatibility (11/168 Rules)
2023-07-05 04:27:19,211 [INFO] ImportTextPane:194 - (OptionalMessage_ERROR) Unable to find key (Mcu.ThirdPartyNb) in loaded IOC file
2023-07-05 04:27:19,393 [INFO] RtosManager:555 - Registered RTOS mode: class=CMSIS, group=RTOS, mode=CMSIS_V1, owner=FREERTOS
2023-07-05 04:27:19,393 [INFO] RtosManager:555 - Registered RTOS mode: class=CMSIS, group=RTOS2, mode=CMSIS_V2, owner=FREERTOS
2023-07-05 04:27:19,393 [INFO] RtosManager:555 - Registered RTOS mode: class=RTOS, group=Core, mode=CMSIS_V1, owner=FREERTOS
2023-07-05 04:27:19,393 [INFO] RtosManager:555 - Registered RTOS mode: class=RTOS, group=Core, mode=CMSIS_V2, owner=FREERTOS
2023-07-05 04:27:19,394 [WARN] ModelIntegratedComponent:184 - Missing modes for component STMicroelectronics:FreeRTOS:0.0.1:STMicroelectronics:RTOS:FreeRTOS:Core:::10.2.0:
2023-07-05 04:27:19,405 [WARN] ModelIntegratedComponent:63 - No mode defined for component null
2023-07-05 04:27:19,405 [WARN] ModelIntegratedComponent:63 - No mode defined for component null
2023-07-05 04:27:19,405 [WARN] ModelIntegratedComponent:63 - No mode defined for component null
2023-07-05 04:27:19,405 [WARN] ModelIntegratedComponent:63 - No mode defined for component null
2023-07-05 04:27:19,405 [WARN] ModelIntegratedComponent:63 - No mode defined for component null
2023-07-05 04:27:19,405 [WARN] ModelIntegratedComponent:63 - No mode defined for component null
2023-07-05 04:27:19,405 [WARN] ModelIntegratedComponent:63 - No mode defined for component null
2023-07-05 04:27:19,405 [WARN] ModelIntegratedComponent:63 - No mode defined for component null
2023-07-05 04:27:19,405 [WARN] ModelIntegratedComponent:63 - No mode defined for component null
2023-07-05 04:27:19,405 [WARN] ModelIntegratedComponent:63 - No mode defined for component null
2023-07-05 04:27:19,405 [WARN] ModelIntegratedComponent:63 - No mode defined for component null
2023-07-05 04:27:19,405 [WARN] ModelIntegratedComponent:63 - No mode defined for component null
2023-07-05 04:27:19,405 [WARN] ModelIntegratedComponent:63 - No mode defined for component null
2023-07-05 04:27:19,405 [WARN] ModelIntegratedComponent:63 - No mode defined for component null
2023-07-05 04:27:19,405 [WARN] ModelIntegratedComponent:63 - No mode defined for component null
2023-07-05 04:27:19,407 [WARN] ModelIntegratedComponent:63 - No mode defined for component null
2023-07-05 04:27:19,407 [WARN] ModelIntegratedComponent:63 - No mode defined for component null
2023-07-05 04:27:19,407 [WARN] ModelIntegratedComponent:63 - No mode defined for component null
2023-07-05 04:27:19,408 [WARN] ModelIntegratedComponent:63 - No mode defined for component null
2023-07-05 04:27:19,408 [WARN] ModelIntegratedComponent:63 - No mode defined for component null
2023-07-05 04:27:19,408 [WARN] ModelIntegratedComponent:63 - No mode defined for component null
2023-07-05 04:27:19,408 [WARN] ModelIntegratedComponent:63 - No mode defined for component null
2023-07-05 04:27:19,408 [WARN] ModelIntegratedComponent:63 - No mode defined for component null
2023-07-05 04:27:19,408 [WARN] ModelIntegratedComponent:63 - No mode defined for component null
2023-07-05 04:27:19,408 [WARN] ModelIntegratedComponent:63 - No mode defined for component null
2023-07-05 04:27:19,408 [WARN] ModelIntegratedComponent:63 - No mode defined for component null
2023-07-05 04:27:19,408 [WARN] ModelIntegratedComponent:63 - No mode defined for component null
2023-07-05 04:27:19,408 [WARN] ModelIntegratedComponent:63 - No mode defined for component null
2023-07-05 04:27:19,408 [WARN] ModelIntegratedComponent:63 - No mode defined for component null
2023-07-05 04:27:19,409 [WARN] ModelIntegratedComponent:63 - No mode defined for component null
2023-07-05 04:27:19,409 [WARN] ModelIntegratedComponent:63 - No mode defined for component null
2023-07-05 04:27:19,411 [WARN] ModelIntegratedComponent:63 - No mode defined for component null
2023-07-05 04:27:19,411 [WARN] ModelIntegratedComponent:63 - No mode defined for component null
2023-07-05 04:27:19,423 [INFO] ThirdPartyModel:298 - Start build external matchings
2023-07-05 04:27:19,832 [INFO] ThirdPartyModel:316 - End build external matchings
2023-07-05 04:27:19,850 [INFO] ImportTextPane:194 - (OptionalMessage_ERROR) IP (RCC) : Invalid parameter (FamilyName)
2023-07-05 04:27:19,850 [INFO] ImportTextPane:194 - (OptionalMessage_ERROR) IP (RCC) : Invalid parameter (I2C4Freq_Value)
2023-07-05 04:27:19,851 [INFO] ImportTextPane:194 - (OptionalMessage_ERROR) IP (RCC) : Parameter (RNGFreq_Value) has invalid value (64000000)
2023-07-05 04:27:19,851 [INFO] ImportTextPane:194 - (OptionalMessage_ERROR) IP (RCC) : Parameter (SDMMCFreq_Value) has invalid value (64000000)
2023-07-05 04:27:19,851 [INFO] ImportTextPane:194 - (OptionalMessage_ERROR) IP (RCC) : Invalid parameter (UART4Freq_Value)
2023-07-05 04:27:19,851 [INFO] ImportTextPane:194 - (OptionalMessage_ERROR) IP (RCC) : Invalid parameter (UART5Freq_Value)
2023-07-05 04:27:19,851 [INFO] ImportTextPane:194 - (OptionalMessage_ERROR) IP (RCC) : Parameter (USBFreq_Value) has invalid value (64000000)
2023-07-05 04:27:19,851 [INFO] ImportTextPane:194 - (OptionalMessage_ERROR) IP (RCC) : Invalid parameter (VCOSAI2OutputFreq_Value)
2023-07-05 04:27:20,439 [INFO] UtilMem:75 - End LoadConfig() Used Memory: 600324928 Bytes (767557632)
2023-07-05 04:27:20,513 [WARN] ThirdParty:833 - waiting for thirdparty lock release [change project]
2023-07-05 04:27:20,517 [INFO] ThirdParty:835 - entering critical section [change project]
2023-07-05 04:27:20,517 [INFO] ThirdParty:1030 - CMSIS Pack Vendor :STMicroelectronics X-CUBE-ISPU 1.1.0
2023-07-05 04:27:20,517 [INFO] ThirdParty:1030 - CMSIS Pack Vendor :STMicroelectronics X-CUBE-GNSS1 6.0.0
2023-07-05 04:27:20,517 [INFO] ThirdParty:1030 - CMSIS Pack Vendor :STMicroelectronics USB_HOST 2.0.0
2023-07-05 04:27:20,517 [INFO] ThirdParty:1030 - CMSIS Pack Vendor :STMicroelectronics X-CUBE-AZRTOS-F4 1.1.0
2023-07-05 04:27:20,518 [INFO] ThirdParty:1030 - CMSIS Pack Vendor :STMicroelectronics LIBJPEG 8.0.0
2023-07-05 04:27:20,518 [INFO] ThirdParty:1030 - CMSIS Pack Vendor :STMicroelectronics X-CUBE-SMBUS 2.1.0
2023-07-05 04:27:20,518 [INFO] ThirdParty:1030 - CMSIS Pack Vendor :STMicroelectronics USB_DEVICE 3.0.0
2023-07-05 04:27:20,518 [INFO] ThirdParty:1030 - CMSIS Pack Vendor :STMicroelectronics X-CUBE-FREERTOS 1.0.1
2023-07-05 04:27:20,518 [INFO] ThirdParty:1030 - CMSIS Pack Vendor :STMicroelectronics X-CUBE-AZRTOS-F7 1.1.0
2023-07-05 04:27:20,519 [INFO] ThirdParty:1030 - CMSIS Pack Vendor :STMicroelectronics USB_DEVICE 2.0.0
2023-07-05 04:27:20,519 [INFO] ThirdParty:1030 - CMSIS Pack Vendor :STMicroelectronics X-CUBE-MEMS1 9.6.0
2023-07-05 04:27:20,519 [INFO] ThirdParty:1030 - CMSIS Pack Vendor :STMicroelectronics FP-SNS-MOTENV1 4.3.2
2023-07-05 04:27:20,520 [INFO] ThirdParty:1030 - CMSIS Pack Vendor :STMicroelectronics FP-SNS-FLIGHT1 5.0.1
2023-07-05 04:27:20,520 [INFO] ThirdParty:1030 - CMSIS Pack Vendor :STMicroelectronics X-CUBE-ALGOBUILD 1.3.0
2023-07-05 04:27:20,520 [INFO] ThirdParty:1030 - CMSIS Pack Vendor :STMicroelectronics X-CUBE-BLE1 6.2.4
2023-07-05 04:27:20,520 [INFO] ThirdParty:1030 - CMSIS Pack Vendor :STMicroelectronics X-CUBE-AZRTOS-L5 1.1.0
2023-07-05 04:27:20,520 [INFO] ThirdParty:1030 - CMSIS Pack Vendor :STMicroelectronics FreeRTOS 0.0.1
2023-07-05 04:27:20,520 [INFO] ThirdParty:1030 - CMSIS Pack Vendor :STMicroelectronics X-CUBE-AZRTOS-G0 1.1.0
2023-07-05 04:27:20,522 [INFO] ThirdParty:1030 - CMSIS Pack Vendor :STMicroelectronics X-CUBE-BLEMGR 2.0.0
2023-07-05 04:27:20,522 [INFO] ThirdParty:1030 - CMSIS Pack Vendor :STMicroelectronics X-CUBE-AI 8.0.1
2023-07-05 04:27:20,524 [INFO] ThirdParty:1030 - CMSIS Pack Vendor :STMicroelectronics X-CUBE-SUBG2 5.0.0
2023-07-05 04:27:20,525 [INFO] ThirdParty:1030 - CMSIS Pack Vendor :STMicroelectronics X-CUBE-NFC4 3.0.0
2023-07-05 04:27:20,525 [INFO] ThirdParty:1030 - CMSIS Pack Vendor :STMicroelectronics STM32_WPAN 1.0.0
2023-07-05 04:27:20,526 [INFO] ThirdParty:1030 - CMSIS Pack Vendor :STMicroelectronics lwIP 2.0.3
2023-07-05 04:27:20,526 [INFO] ThirdParty:1030 - CMSIS Pack Vendor :STMicroelectronics USB_HOST 1.0.0
2023-07-05 04:27:20,526 [INFO] ThirdParty:1030 - CMSIS Pack Vendor :STMicroelectronics X-CUBE-AZRTOS-G4 2.0.0
2023-07-05 04:27:20,526 [INFO] ThirdParty:1030 - CMSIS Pack Vendor :STMicroelectronics PDM2PCM 3.1.0
2023-07-05 04:27:20,527 [INFO] ThirdParty:1030 - CMSIS Pack Vendor :STMicroelectronics X-CUBE-AZRTOS-H7 3.1.0
2023-07-05 04:27:20,527 [INFO] ThirdParty:1030 - CMSIS Pack Vendor :STMicroelectronics X-CUBE-TOF1 3.3.0
2023-07-05 04:27:20,527 [INFO] ThirdParty:1030 - CMSIS Pack Vendor :STMicroelectronics PDM2PCM 3.3.0
2023-07-05 04:27:20,528 [INFO] ThirdParty:1030 - CMSIS Pack Vendor :STMicroelectronics X-CUBE-DISPLAY 3.0.0
2023-07-05 04:27:20,528 [INFO] ThirdParty:1030 - CMSIS Pack Vendor :STMicroelectronics FP-ATR-SIGFOX1 3.2.0
2023-07-05 04:27:20,528 [INFO] ThirdParty:1030 - CMSIS Pack Vendor :STMicroelectronics HAL Drivers 0.0.0
2023-07-05 04:27:20,528 [INFO] ThirdParty:1030 - CMSIS Pack Vendor :STMicroelectronics MBEDTLS 2.16.2
2023-07-05 04:27:20,528 [INFO] ThirdParty:1030 - CMSIS Pack Vendor :emotas I-CUBE-CANOPEN 1.3.0
2023-07-05 04:27:20,528 [INFO] ThirdParty:1030 - CMSIS Pack Vendor :STMicroelectronics X-CUBE-TOUCHGFX 4.22.0
2023-07-05 04:27:20,528 [INFO] ThirdParty:1030 - CMSIS Pack Vendor :STMicroelectronics X-CUBE-NFC7 1.0.1
2023-07-05 04:27:20,529 [INFO] ThirdParty:1030 - CMSIS Pack Vendor :STMicroelectronics MBEDTLS 2.14.1
2023-07-05 04:27:20,529 [INFO] ThirdParty:1030 - CMSIS Pack Vendor :STMicroelectronics X-CUBE-EEPRMA1 4.1.0
2023-07-05 04:27:20,529 [INFO] ThirdParty:1030 - CMSIS Pack Vendor :portGmbH I-Cube-SoM-uGOAL 1.1.0
2023-07-05 04:27:20,530 [INFO] ThirdParty:1030 - CMSIS Pack Vendor :STMicroelectronics X-CUBE-ALS 1.0.1
2023-07-05 04:27:20,530 [INFO] ThirdParty:1030 - CMSIS Pack Vendor :STMicroelectronics ThreadX 1.0.0
2023-07-05 04:27:20,530 [INFO] ThirdParty:1030 - CMSIS Pack Vendor :STMicroelectronics X-CUBE-AZRTOS-WB 1.1.0
2023-07-05 04:27:20,531 [INFO] ThirdParty:1030 - CMSIS Pack Vendor :STMicroelectronics X-CUBE-AZRTOS-WL 2.0.0
2023-07-05 04:27:20,531 [INFO] ThirdParty:1030 - CMSIS Pack Vendor :SEGGER I-CUBE-embOS 1.3.1
2023-07-05 04:27:20,531 [INFO] ThirdParty:1030 - CMSIS Pack Vendor :STMicroelectronics USB_DEVICE 1.0.0
2023-07-05 04:27:20,531 [INFO] ThirdParty:1030 - CMSIS Pack Vendor :STMicroelectronics X-CUBE-AZRTOS-L4 2.0.0
2023-07-05 04:27:20,532 [INFO] ThirdParty:1030 - CMSIS Pack Vendor :STMicroelectronics ThreadX 0.0.2
2023-07-05 04:27:20,532 [INFO] ThirdParty:1030 - CMSIS Pack Vendor :WES I-CUBE-Cesium 1.3.0
2023-07-05 04:27:20,533 [INFO] ThirdParty:1030 - CMSIS Pack Vendor :STMicroelectronics FP-ATR-ASTRA1 2.0.0
2023-07-05 04:27:20,533 [INFO] ThirdParty:1030 - CMSIS Pack Vendor :STMicroelectronics lwIP 2.1.2
2023-07-05 04:27:20,533 [INFO] ThirdParty:1030 - CMSIS Pack Vendor :STMicroelectronics X-CUBE-SFXS2LP1 4.0.0
2023-07-05 04:27:20,533 [INFO] ThirdParty:1030 - CMSIS Pack Vendor :STMicroelectronics X-CUBE-BLE2 3.3.0
2023-07-05 04:27:20,533 [INFO] ThirdParty:1030 - CMSIS Pack Vendor :STMicroelectronics PDM2PCM 3.2.0
2023-07-05 04:27:20,534 [INFO] ThirdParty:841 - exiting critical section [change project]
2023-07-05 04:27:21,073 [INFO] PinOutPanel:1499 - setPackage(No Configuration,No Configuration)
2023-07-05 04:27:21,092 [INFO] PinOutPanel:1499 - setPackage(STM32L433RCTxP,LQFP64)
2023-07-05 04:27:22,094 [INFO] UtilMem:75 - Before build in PCC Used Memory: 531634688 Bytes (767557632)
2023-07-05 04:27:22,765 [INFO] UtilMem:75 - After build in PCC Used Memory: 622862848 Bytes (767557632)
2023-07-05 04:27:22,813 [INFO] IPUIPlugin:80 - create IPUIPlugin
2023-07-05 04:27:22,813 [INFO] IPUIPlugin:80 - create IPUIPlugin
2023-07-05 04:27:22,813 [INFO] IPUIPlugin:80 - create IPUIPlugin
2023-07-05 04:27:22,814 [INFO] IPUIPlugin:80 - create IPUIPlugin
2023-07-05 04:27:22,814 [INFO] IPUIPlugin:80 - create IPUIPlugin
2023-07-05 04:27:22,814 [INFO] IPUIPlugin:80 - create IPUIPlugin
2023-07-05 04:27:22,815 [INFO] IPUIPlugin:80 - create IPUIPlugin
2023-07-05 04:27:22,815 [INFO] IPUIPlugin:80 - create IPUIPlugin
2023-07-05 04:27:22,815 [INFO] IPUIPlugin:80 - create IPUIPlugin
2023-07-05 04:27:22,815 [INFO] IPUIPlugin:80 - create IPUIPlugin
2023-07-05 04:27:22,815 [INFO] IPUIPlugin:80 - create IPUIPlugin
2023-07-05 04:27:22,815 [INFO] IPUIPlugin:80 - create IPUIPlugin
2023-07-05 04:27:22,815 [INFO] IPUIPlugin:80 - create IPUIPlugin
2023-07-05 04:27:22,815 [INFO] IPUIPlugin:80 - create IPUIPlugin
2023-07-05 04:27:22,815 [INFO] IPUIPlugin:80 - create IPUIPlugin
2023-07-05 04:27:22,815 [INFO] IPUIPlugin:80 - create IPUIPlugin
2023-07-05 04:27:22,815 [INFO] IPUIPlugin:80 - create IPUIPlugin
2023-07-05 04:27:22,818 [INFO] IPUIPlugin:80 - create IPUIPlugin
2023-07-05 04:27:22,818 [INFO] IPUIPlugin:80 - create IPUIPlugin
2023-07-05 04:27:22,818 [INFO] IPUIPlugin:80 - create IPUIPlugin
2023-07-05 04:27:22,819 [INFO] IPUIPlugin:80 - create IPUIPlugin
2023-07-05 04:27:22,819 [INFO] IPUIPlugin:80 - create IPUIPlugin
2023-07-05 04:27:22,819 [INFO] IPUIPlugin:80 - create IPUIPlugin
2023-07-05 04:27:22,819 [INFO] IPUIPlugin:80 - create IPUIPlugin
2023-07-05 04:27:22,821 [INFO] IPUIPlugin:80 - create IPUIPlugin
2023-07-05 04:27:22,821 [INFO] IPUIPlugin:80 - create IPUIPlugin
2023-07-05 04:27:22,822 [INFO] IPUIPlugin:80 - create IPUIPlugin
2023-07-05 04:27:22,822 [INFO] IPUIPlugin:80 - create IPUIPlugin
2023-07-05 04:27:22,822 [INFO] IPUIPlugin:80 - create IPUIPlugin
2023-07-05 04:27:22,823 [INFO] IPUIPlugin:80 - create IPUIPlugin
2023-07-05 04:27:22,823 [INFO] IPUIPlugin:80 - create IPUIPlugin
2023-07-05 04:27:22,824 [INFO] IPUIPlugin:80 - create IPUIPlugin
2023-07-05 04:27:22,824 [INFO] IPUIPlugin:80 - create IPUIPlugin
2023-07-05 04:27:22,824 [INFO] IPUIPlugin:80 - create IPUIPlugin
2023-07-05 04:27:22,826 [INFO] IPUIPlugin:80 - create IPUIPlugin
2023-07-05 04:27:22,826 [INFO] IPUIPlugin:80 - create IPUIPlugin
2023-07-05 04:27:22,827 [INFO] IPUIPlugin:80 - create IPUIPlugin
2023-07-05 04:27:22,827 [INFO] IPUIPlugin:80 - create IPUIPlugin
2023-07-05 04:27:22,827 [INFO] IPUIPlugin:80 - create IPUIPlugin
2023-07-05 04:27:22,829 [INFO] IPUIPlugin:80 - create IPUIPlugin
2023-07-05 04:27:22,829 [INFO] IPUIPlugin:80 - create IPUIPlugin
2023-07-05 04:27:22,830 [INFO] IPUIPlugin:80 - create IPUIPlugin
2023-07-05 04:27:22,830 [INFO] IPUIPlugin:80 - create IPUIPlugin
2023-07-05 04:27:22,831 [INFO] IPUIPlugin:80 - create IPUIPlugin
2023-07-05 04:27:22,832 [INFO] IPUIPlugin:80 - create IPUIPlugin
2023-07-05 04:27:23,010 [INFO] CADModel:165 - CPN selected for project levelSTM32L433RCT6P
2023-07-05 04:27:23,010 [INFO] CADModel:114 - Register for checkConnection events
2023-07-05 04:27:23,161 [INFO] OpenFileManager:328 - Restore cursor
2023-07-05 04:27:24,172 [INFO] UtilMem:75 - End SaveConfig() Used Memory: 408638216 Bytes (767557632)
2023-07-05 04:27:24,346 [INFO] UtilMem:75 - End SaveConfig() Used Memory: 424367584 Bytes (767557632)
2023-07-05 04:27:24,881 [INFO] BlockDiagram:2759 - set Specific Code input for plugin: NVIC
2023-07-05 04:27:24,881 [INFO] BlockDiagram:2759 - set Specific Code input for plugin: USART
2023-07-05 04:27:24,881 [INFO] BlockDiagram:2759 - set Specific Code input for plugin: SYS
2023-07-05 04:27:24,881 [INFO] BlockDiagram:2759 - set Specific Code input for plugin: GPIO
2023-07-05 04:27:24,885 [INFO] BlockDiagram:2759 - set Specific Code input for plugin: RCC
2023-07-05 04:27:24,886 [INFO] CodeGenerator:793 - code generatio: config db path: C:\ST\STM32CubeIDE_1.12.1\STM32CubeIDE\plugins\com.st.stm32cube.common.mx_6.8.1.202304191431\\db\
2023-07-05 04:27:25,324 [INFO] CodeEngine:255 - oldGeneratedFile, C:\Users\ARGE-PC1\STM32CubeIDE\workspace_1.12.1\temizbirsayfa\MXTmpFiles\license.tmp_save
2023-07-05 04:27:25,483 [INFO] CodeEngine:279 - Generated code: C:\Users\ARGE-PC1\STM32CubeIDE\workspace_1.12.1\temizbirsayfa\MXTmpFiles\license.tmp
2023-07-05 04:27:25,575 [INFO] CodeEngine:255 - oldGeneratedFile, C:\Users\ARGE-PC1\STM32CubeIDE\workspace_1.12.1\temizbirsayfa\MXTmpFiles\gpio.tmp_save
2023-07-05 04:27:25,784 [INFO] CodeEngine:279 - Generated code: C:\Users\ARGE-PC1\STM32CubeIDE\workspace_1.12.1\temizbirsayfa\MXTmpFiles\gpio.tmp
2023-07-05 04:27:25,982 [INFO] CodeEngine:255 - oldGeneratedFile, C:\Users\ARGE-PC1\STM32CubeIDE\workspace_1.12.1\temizbirsayfa\Core\Src\stm32l4xx_it.c_save
2023-07-05 04:27:26,549 [INFO] CodeEngine:279 - Generated code: C:\Users\ARGE-PC1\STM32CubeIDE\workspace_1.12.1\temizbirsayfa\Core\Src\stm32l4xx_it.c
2023-07-05 04:27:26,556 [INFO] CodeEngine:255 - oldGeneratedFile, C:\Users\ARGE-PC1\STM32CubeIDE\workspace_1.12.1\temizbirsayfa\Core\Inc\stm32l4xx_it.h_save
2023-07-05 04:27:26,670 [INFO] CodeEngine:279 - Generated code: C:\Users\ARGE-PC1\STM32CubeIDE\workspace_1.12.1\temizbirsayfa\Core\Inc\stm32l4xx_it.h
2023-07-05 04:27:26,684 [INFO] CodeEngine:255 - oldGeneratedFile, C:\Users\ARGE-PC1\STM32CubeIDE\workspace_1.12.1\temizbirsayfa\Core\Src\stm32l4xx_hal_msp.c_save
2023-07-05 04:27:27,028 [INFO] CodeEngine:279 - Generated code: C:\Users\ARGE-PC1\STM32CubeIDE\workspace_1.12.1\temizbirsayfa\Core\Src\stm32l4xx_hal_msp.c
2023-07-05 04:27:27,055 [INFO] CodeEngine:255 - oldGeneratedFile, C:\Users\ARGE-PC1\STM32CubeIDE\workspace_1.12.1\temizbirsayfa\MXTmpFiles\system.tmp_save
2023-07-05 04:27:27,201 [INFO] CodeEngine:279 - Generated code: C:\Users\ARGE-PC1\STM32CubeIDE\workspace_1.12.1\temizbirsayfa\MXTmpFiles\system.tmp
2023-07-05 04:27:27,212 [INFO] CodeEngine:311 - oldGeneratedFile, C:\Users\ARGE-PC1\STM32CubeIDE\workspace_1.12.1\temizbirsayfa\Core\Inc\stm32l4xx_hal_conf.h_save
2023-07-05 04:27:27,462 [INFO] CodeEngine:335 - Generated code: C:\Users\ARGE-PC1\STM32CubeIDE\workspace_1.12.1\temizbirsayfa\Core\Inc\stm32l4xx_hal_conf.h
2023-07-05 04:27:27,540 [INFO] CodeEngine:255 - oldGeneratedFile, C:\Users\ARGE-PC1\STM32CubeIDE\workspace_1.12.1\temizbirsayfa\Core\Inc\main.h_save
2023-07-05 04:27:27,813 [INFO] CodeEngine:279 - Generated code: C:\Users\ARGE-PC1\STM32CubeIDE\workspace_1.12.1\temizbirsayfa\Core\Inc\main.h
2023-07-05 04:27:27,820 [INFO] CodeEngine:255 - oldGeneratedFile, C:\Users\ARGE-PC1\STM32CubeIDE\workspace_1.12.1\temizbirsayfa\Core\Src\main.c_save
2023-07-05 04:27:28,058 [INFO] CodeEngine:279 - Generated code: C:\Users\ARGE-PC1\STM32CubeIDE\workspace_1.12.1\temizbirsayfa\Core\Src\main.c
2023-07-05 04:27:29,217 [INFO] ProjectBuilder:2996 - Time for Copy HAL[1] : 256mS.
2023-07-05 04:27:29,226 [INFO] ProjectBuilder:4304 - Project Generator version: 3.19.2
2023-07-05 04:27:29,971 [INFO] ConfigFileManager:1483 - The Die is : DIE435
2023-07-05 04:27:29,975 [INFO] ApiDbMcu:507 - Load IP Config File for FATFS
2023-07-05 04:27:29,983 [INFO] ApiDbMcu:507 - Load IP Config File for FREERTOS
2023-07-05 04:27:30,011 [INFO] ApiDbMcu:507 - Load IP Config File for TOUCHSENSING
2023-07-05 04:27:30,033 [INFO] ApiDbMcu:507 - Load IP Config File for USB_DEVICE
2023-07-05 04:27:41,764 [INFO] ProjectBuilder:4505 - Time for Generating toolchain IDE Files: 12538mS.
2023-07-05 04:27:41,765 [INFO] ProjectBuilder:2867 - Time for Copy CMSIS : 1mS.
2023-07-05 04:27:41,772 [INFO] ProjectBuilder:2867 - Time for Copy CMSIS : 1mS.
2023-07-05 04:27:43,999 [INFO] McuFinderGlobals:66 - Set McuFinderConnectedMode to true
2023-07-05 04:27:44,007 [INFO] ApiDb:448 - Save user favorites file C:\Users\ARGE-PC1/.stm32cubeide/favorites.mcus.txt: 0 item(s)
2023-07-05 04:27:44,007 [INFO] ApiDb:452 - User favorites MCUs=[]
2023-07-05 04:27:44,009 [INFO] ApiDb:448 - Save user favorites file C:\Users\ARGE-PC1/.stm32cubeide/favorites.boards.txt: 0 item(s)
2023-07-05 04:27:44,009 [INFO] ApiDb:452 - User favorites Boards=[]
2023-07-05 04:29:05,734 [INFO] MainUpdater:2854 - connection check result : 10
2023-07-05 04:29:05,735 [INFO] MainUpdater:2854 - connection check result : 10
2023-07-05 04:29:06,207 [INFO] MicroXplorer:468 - Change Database Path : 
2023-07-05 04:29:06,211 [INFO] MicroXplorer:498 - Change Database Version : DB.6.0.81
2023-07-05 04:29:06,255 [WARN] ThirdParty:871 - waiting for thirdparty lock release [close project]
2023-07-05 04:29:06,256 [INFO] ThirdParty:873 - entering critical section [close project]
2023-07-05 04:29:06,256 [INFO] ThirdParty:883 - exiting critical section [close project]
2023-07-05 04:29:06,262 [INFO] PinOutPanel:1499 - setPackage(No Configuration,No Configuration)
2023-07-05 04:29:06,265 [INFO] UtilMem:75 - Begin LoadConfig() Used Memory: 594921696 Bytes (791674880)
2023-07-05 04:29:06,270 [INFO] MicroXplorer:468 - Change Database Path : 
2023-07-05 04:29:06,270 [INFO] MicroXplorer:498 - Change Database Version : DB.6.0.81
2023-07-05 04:29:06,270 [INFO] OpenFileManager:308 - Change cursor
2023-07-05 04:29:06,302 [INFO] RulesReader:64 - Compatibility file has been processed (293 Rules)
2023-07-05 04:29:06,310 [INFO] Mcu:1937 - Initializing MCU STM32L433RCTxP STM32L433RCTxP STM32L433RCT6P
2023-07-05 04:29:08,982 [INFO] Context:659 - Trying to add GPIOservice into a context  which must be forbidden
2023-07-05 04:29:09,639 [INFO] RtosManager:555 - Registered RTOS mode: class=CMSIS, group=RTOS, mode=CMSIS_V1, owner=FREERTOS
2023-07-05 04:29:09,639 [INFO] RtosManager:555 - Registered RTOS mode: class=CMSIS, group=RTOS2, mode=CMSIS_V2, owner=FREERTOS
2023-07-05 04:29:09,639 [INFO] RtosManager:555 - Registered RTOS mode: class=RTOS, group=Core, mode=CMSIS_V1, owner=FREERTOS
2023-07-05 04:29:09,639 [INFO] RtosManager:555 - Registered RTOS mode: class=RTOS, group=Core, mode=CMSIS_V2, owner=FREERTOS
2023-07-05 04:29:09,639 [WARN] ModelIntegratedComponent:184 - Missing modes for component STMicroelectronics:FreeRTOS:0.0.1:STMicroelectronics:RTOS:FreeRTOS:Core:::10.2.0:
2023-07-05 04:29:09,650 [WARN] ModelIntegratedComponent:63 - No mode defined for component null
2023-07-05 04:29:09,650 [WARN] ModelIntegratedComponent:63 - No mode defined for component null
2023-07-05 04:29:09,650 [WARN] ModelIntegratedComponent:63 - No mode defined for component null
2023-07-05 04:29:09,650 [WARN] ModelIntegratedComponent:63 - No mode defined for component null
2023-07-05 04:29:09,650 [WARN] ModelIntegratedComponent:63 - No mode defined for component null
2023-07-05 04:29:09,650 [WARN] ModelIntegratedComponent:63 - No mode defined for component null
2023-07-05 04:29:09,650 [WARN] ModelIntegratedComponent:63 - No mode defined for component null
2023-07-05 04:29:09,650 [WARN] ModelIntegratedComponent:63 - No mode defined for component null
2023-07-05 04:29:09,650 [WARN] ModelIntegratedComponent:63 - No mode defined for component null
2023-07-05 04:29:09,650 [WARN] ModelIntegratedComponent:63 - No mode defined for component null
2023-07-05 04:29:09,650 [WARN] ModelIntegratedComponent:63 - No mode defined for component null
2023-07-05 04:29:09,650 [WARN] ModelIntegratedComponent:63 - No mode defined for component null
2023-07-05 04:29:09,650 [WARN] ModelIntegratedComponent:63 - No mode defined for component null
2023-07-05 04:29:09,655 [WARN] ModelIntegratedComponent:63 - No mode defined for component null
2023-07-05 04:29:09,655 [WARN] ModelIntegratedComponent:63 - No mode defined for component null
2023-07-05 04:29:09,655 [WARN] ModelIntegratedComponent:63 - No mode defined for component null
2023-07-05 04:29:09,655 [WARN] ModelIntegratedComponent:63 - No mode defined for component null
2023-07-05 04:29:09,655 [WARN] ModelIntegratedComponent:63 - No mode defined for component null
2023-07-05 04:29:09,655 [WARN] ModelIntegratedComponent:63 - No mode defined for component null
2023-07-05 04:29:09,655 [WARN] ModelIntegratedComponent:63 - No mode defined for component null
2023-07-05 04:29:09,655 [WARN] ModelIntegratedComponent:63 - No mode defined for component null
2023-07-05 04:29:09,655 [WARN] ModelIntegratedComponent:63 - No mode defined for component null
2023-07-05 04:29:09,655 [WARN] ModelIntegratedComponent:63 - No mode defined for component null
2023-07-05 04:29:09,655 [WARN] ModelIntegratedComponent:63 - No mode defined for component null
2023-07-05 04:29:09,655 [WARN] ModelIntegratedComponent:63 - No mode defined for component null
2023-07-05 04:29:09,655 [WARN] ModelIntegratedComponent:63 - No mode defined for component null
2023-07-05 04:29:09,655 [WARN] ModelIntegratedComponent:63 - No mode defined for component null
2023-07-05 04:29:09,656 [WARN] ModelIntegratedComponent:63 - No mode defined for component null
2023-07-05 04:29:09,656 [WARN] ModelIntegratedComponent:63 - No mode defined for component null
2023-07-05 04:29:09,656 [WARN] ModelIntegratedComponent:63 - No mode defined for component null
2023-07-05 04:29:09,656 [WARN] ModelIntegratedComponent:63 - No mode defined for component null
2023-07-05 04:29:09,656 [WARN] ModelIntegratedComponent:63 - No mode defined for component null
2023-07-05 04:29:09,656 [WARN] ModelIntegratedComponent:63 - No mode defined for component null
2023-07-05 04:29:09,668 [INFO] ThirdPartyModel:298 - Start build external matchings
2023-07-05 04:29:09,988 [INFO] ThirdPartyModel:316 - End build external matchings
2023-07-05 04:29:09,998 [INFO] ImportTextPane:194 - (OptionalMessage_ERROR) IP (RCC) : Invalid parameter (FamilyName)
2023-07-05 04:29:09,999 [INFO] ImportTextPane:194 - (OptionalMessage_ERROR) IP (RCC) : Invalid parameter (I2C4Freq_Value)
2023-07-05 04:29:09,999 [INFO] ImportTextPane:194 - (OptionalMessage_ERROR) IP (RCC) : Parameter (RNGFreq_Value) has invalid value (64000000)
2023-07-05 04:29:09,999 [INFO] ImportTextPane:194 - (OptionalMessage_ERROR) IP (RCC) : Parameter (SDMMCFreq_Value) has invalid value (64000000)
2023-07-05 04:29:09,999 [INFO] ImportTextPane:194 - (OptionalMessage_ERROR) IP (RCC) : Invalid parameter (UART4Freq_Value)
2023-07-05 04:29:09,999 [INFO] ImportTextPane:194 - (OptionalMessage_ERROR) IP (RCC) : Invalid parameter (UART5Freq_Value)
2023-07-05 04:29:09,999 [INFO] ImportTextPane:194 - (OptionalMessage_ERROR) IP (RCC) : Parameter (USBFreq_Value) has invalid value (64000000)
2023-07-05 04:29:09,999 [INFO] ImportTextPane:194 - (OptionalMessage_ERROR) IP (RCC) : Invalid parameter (VCOSAI2OutputFreq_Value)
2023-07-05 04:29:10,533 [INFO] UtilMem:75 - End LoadConfig() Used Memory: 658878472 Bytes (791674880)
2023-07-05 04:29:10,670 [WARN] ThirdParty:833 - waiting for thirdparty lock release [change project]
2023-07-05 04:29:10,670 [INFO] ThirdParty:835 - entering critical section [change project]
2023-07-05 04:29:10,671 [INFO] ThirdParty:1030 - CMSIS Pack Vendor :STMicroelectronics X-CUBE-ISPU 1.1.0
2023-07-05 04:29:10,671 [INFO] ThirdParty:1030 - CMSIS Pack Vendor :STMicroelectronics X-CUBE-GNSS1 6.0.0
2023-07-05 04:29:10,671 [INFO] ThirdParty:1030 - CMSIS Pack Vendor :STMicroelectronics USB_HOST 2.0.0
2023-07-05 04:29:10,671 [INFO] ThirdParty:1030 - CMSIS Pack Vendor :STMicroelectronics X-CUBE-AZRTOS-F4 1.1.0
2023-07-05 04:29:10,671 [INFO] ThirdParty:1030 - CMSIS Pack Vendor :STMicroelectronics LIBJPEG 8.0.0
2023-07-05 04:29:10,671 [INFO] ThirdParty:1030 - CMSIS Pack Vendor :STMicroelectronics X-CUBE-SMBUS 2.1.0
2023-07-05 04:29:10,671 [INFO] ThirdParty:1030 - CMSIS Pack Vendor :STMicroelectronics USB_DEVICE 3.0.0
2023-07-05 04:29:10,672 [INFO] ThirdParty:1030 - CMSIS Pack Vendor :STMicroelectronics X-CUBE-FREERTOS 1.0.1
2023-07-05 04:29:10,672 [INFO] ThirdParty:1030 - CMSIS Pack Vendor :STMicroelectronics X-CUBE-AZRTOS-F7 1.1.0
2023-07-05 04:29:10,672 [INFO] ThirdParty:1030 - CMSIS Pack Vendor :STMicroelectronics USB_DEVICE 2.0.0
2023-07-05 04:29:10,672 [INFO] ThirdParty:1030 - CMSIS Pack Vendor :STMicroelectronics X-CUBE-MEMS1 9.6.0
2023-07-05 04:29:10,672 [INFO] ThirdParty:1030 - CMSIS Pack Vendor :STMicroelectronics FP-SNS-MOTENV1 4.3.2
2023-07-05 04:29:10,673 [INFO] ThirdParty:1030 - CMSIS Pack Vendor :STMicroelectronics FP-SNS-FLIGHT1 5.0.1
2023-07-05 04:29:10,673 [INFO] ThirdParty:1030 - CMSIS Pack Vendor :STMicroelectronics X-CUBE-ALGOBUILD 1.3.0
2023-07-05 04:29:10,673 [INFO] ThirdParty:1030 - CMSIS Pack Vendor :STMicroelectronics X-CUBE-BLE1 6.2.4
2023-07-05 04:29:10,674 [INFO] ThirdParty:1030 - CMSIS Pack Vendor :STMicroelectronics X-CUBE-AZRTOS-L5 1.1.0
2023-07-05 04:29:10,674 [INFO] ThirdParty:1030 - CMSIS Pack Vendor :STMicroelectronics FreeRTOS 0.0.1
2023-07-05 04:29:10,675 [INFO] ThirdParty:1030 - CMSIS Pack Vendor :STMicroelectronics X-CUBE-AZRTOS-G0 1.1.0
2023-07-05 04:29:10,675 [INFO] ThirdParty:1030 - CMSIS Pack Vendor :STMicroelectronics X-CUBE-BLEMGR 2.0.0
2023-07-05 04:29:10,675 [INFO] ThirdParty:1030 - CMSIS Pack Vendor :STMicroelectronics X-CUBE-AI 8.0.1
2023-07-05 04:29:10,676 [INFO] ThirdParty:1030 - CMSIS Pack Vendor :STMicroelectronics X-CUBE-SUBG2 5.0.0
2023-07-05 04:29:10,676 [INFO] ThirdParty:1030 - CMSIS Pack Vendor :STMicroelectronics X-CUBE-NFC4 3.0.0
2023-07-05 04:29:10,676 [INFO] ThirdParty:1030 - CMSIS Pack Vendor :STMicroelectronics STM32_WPAN 1.0.0
2023-07-05 04:29:10,677 [INFO] ThirdParty:1030 - CMSIS Pack Vendor :STMicroelectronics lwIP 2.0.3
2023-07-05 04:29:10,677 [INFO] ThirdParty:1030 - CMSIS Pack Vendor :STMicroelectronics USB_HOST 1.0.0
2023-07-05 04:29:10,677 [INFO] ThirdParty:1030 - CMSIS Pack Vendor :STMicroelectronics X-CUBE-AZRTOS-G4 2.0.0
2023-07-05 04:29:10,677 [INFO] ThirdParty:1030 - CMSIS Pack Vendor :STMicroelectronics PDM2PCM 3.1.0
2023-07-05 04:29:10,677 [INFO] ThirdParty:1030 - CMSIS Pack Vendor :STMicroelectronics X-CUBE-AZRTOS-H7 3.1.0
2023-07-05 04:29:10,677 [INFO] ThirdParty:1030 - CMSIS Pack Vendor :STMicroelectronics X-CUBE-TOF1 3.3.0
2023-07-05 04:29:10,677 [INFO] ThirdParty:1030 - CMSIS Pack Vendor :STMicroelectronics PDM2PCM 3.3.0
2023-07-05 04:29:10,677 [INFO] ThirdParty:1030 - CMSIS Pack Vendor :STMicroelectronics X-CUBE-DISPLAY 3.0.0
2023-07-05 04:29:10,677 [INFO] ThirdParty:1030 - CMSIS Pack Vendor :STMicroelectronics FP-ATR-SIGFOX1 3.2.0
2023-07-05 04:29:10,678 [INFO] ThirdParty:1030 - CMSIS Pack Vendor :STMicroelectronics HAL Drivers 0.0.0
2023-07-05 04:29:10,678 [INFO] ThirdParty:1030 - CMSIS Pack Vendor :STMicroelectronics MBEDTLS 2.16.2
2023-07-05 04:29:10,678 [INFO] ThirdParty:1030 - CMSIS Pack Vendor :emotas I-CUBE-CANOPEN 1.3.0
2023-07-05 04:29:10,678 [INFO] ThirdParty:1030 - CMSIS Pack Vendor :STMicroelectronics X-CUBE-TOUCHGFX 4.22.0
2023-07-05 04:29:10,678 [INFO] ThirdParty:1030 - CMSIS Pack Vendor :STMicroelectronics X-CUBE-NFC7 1.0.1
2023-07-05 04:29:10,678 [INFO] ThirdParty:1030 - CMSIS Pack Vendor :STMicroelectronics MBEDTLS 2.14.1
2023-07-05 04:29:10,678 [INFO] ThirdParty:1030 - CMSIS Pack Vendor :STMicroelectronics X-CUBE-EEPRMA1 4.1.0
2023-07-05 04:29:10,678 [INFO] ThirdParty:1030 - CMSIS Pack Vendor :portGmbH I-Cube-SoM-uGOAL 1.1.0
2023-07-05 04:29:10,679 [INFO] ThirdParty:1030 - CMSIS Pack Vendor :STMicroelectronics X-CUBE-ALS 1.0.1
2023-07-05 04:29:10,679 [INFO] ThirdParty:1030 - CMSIS Pack Vendor :STMicroelectronics ThreadX 1.0.0
2023-07-05 04:29:10,679 [INFO] ThirdParty:1030 - CMSIS Pack Vendor :STMicroelectronics X-CUBE-AZRTOS-WB 1.1.0
2023-07-05 04:29:10,679 [INFO] ThirdParty:1030 - CMSIS Pack Vendor :STMicroelectronics X-CUBE-AZRTOS-WL 2.0.0
2023-07-05 04:29:10,680 [INFO] ThirdParty:1030 - CMSIS Pack Vendor :SEGGER I-CUBE-embOS 1.3.1
2023-07-05 04:29:10,680 [INFO] ThirdParty:1030 - CMSIS Pack Vendor :STMicroelectronics USB_DEVICE 1.0.0
2023-07-05 04:29:10,680 [INFO] ThirdParty:1030 - CMSIS Pack Vendor :STMicroelectronics X-CUBE-AZRTOS-L4 2.0.0
2023-07-05 04:29:10,680 [INFO] ThirdParty:1030 - CMSIS Pack Vendor :STMicroelectronics ThreadX 0.0.2
2023-07-05 04:29:10,680 [INFO] ThirdParty:1030 - CMSIS Pack Vendor :WES I-CUBE-Cesium 1.3.0
2023-07-05 04:29:10,680 [INFO] ThirdParty:1030 - CMSIS Pack Vendor :STMicroelectronics FP-ATR-ASTRA1 2.0.0
2023-07-05 04:29:10,681 [INFO] ThirdParty:1030 - CMSIS Pack Vendor :STMicroelectronics lwIP 2.1.2
2023-07-05 04:29:10,681 [INFO] ThirdParty:1030 - CMSIS Pack Vendor :STMicroelectronics X-CUBE-SFXS2LP1 4.0.0
2023-07-05 04:29:10,681 [INFO] ThirdParty:1030 - CMSIS Pack Vendor :STMicroelectronics X-CUBE-BLE2 3.3.0
2023-07-05 04:29:10,681 [INFO] ThirdParty:1030 - CMSIS Pack Vendor :STMicroelectronics PDM2PCM 3.2.0
2023-07-05 04:29:10,681 [INFO] ThirdParty:841 - exiting critical section [change project]
2023-07-05 04:29:11,016 [INFO] PinOutPanel:1499 - setPackage(No Configuration,No Configuration)
2023-07-05 04:29:11,017 [INFO] PinOutPanel:1499 - setPackage(STM32L433RCTxP,LQFP64)
2023-07-05 04:29:11,817 [INFO] UtilMem:75 - Before build in PCC Used Memory: 500697360 Bytes (791674880)
2023-07-05 04:29:12,216 [INFO] UtilMem:75 - After build in PCC Used Memory: 595661416 Bytes (791674880)
2023-07-05 04:29:12,248 [INFO] IPUIPlugin:80 - create IPUIPlugin
2023-07-05 04:29:12,248 [INFO] IPUIPlugin:80 - create IPUIPlugin
2023-07-05 04:29:12,248 [INFO] IPUIPlugin:80 - create IPUIPlugin
2023-07-05 04:29:12,248 [INFO] IPUIPlugin:80 - create IPUIPlugin
2023-07-05 04:29:12,249 [INFO] IPUIPlugin:80 - create IPUIPlugin
2023-07-05 04:29:12,249 [INFO] IPUIPlugin:80 - create IPUIPlugin
2023-07-05 04:29:12,249 [INFO] IPUIPlugin:80 - create IPUIPlugin
2023-07-05 04:29:12,249 [INFO] IPUIPlugin:80 - create IPUIPlugin
2023-07-05 04:29:12,250 [INFO] IPUIPlugin:80 - create IPUIPlugin
2023-07-05 04:29:12,250 [INFO] IPUIPlugin:80 - create IPUIPlugin
2023-07-05 04:29:12,250 [INFO] IPUIPlugin:80 - create IPUIPlugin
2023-07-05 04:29:12,250 [INFO] IPUIPlugin:80 - create IPUIPlugin
2023-07-05 04:29:12,250 [INFO] IPUIPlugin:80 - create IPUIPlugin
2023-07-05 04:29:12,250 [INFO] IPUIPlugin:80 - create IPUIPlugin
2023-07-05 04:29:12,250 [INFO] IPUIPlugin:80 - create IPUIPlugin
2023-07-05 04:29:12,250 [INFO] IPUIPlugin:80 - create IPUIPlugin
2023-07-05 04:29:12,250 [INFO] IPUIPlugin:80 - create IPUIPlugin
2023-07-05 04:29:12,250 [INFO] IPUIPlugin:80 - create IPUIPlugin
2023-07-05 04:29:12,250 [INFO] IPUIPlugin:80 - create IPUIPlugin
2023-07-05 04:29:12,250 [INFO] IPUIPlugin:80 - create IPUIPlugin
2023-07-05 04:29:12,250 [INFO] IPUIPlugin:80 - create IPUIPlugin
2023-07-05 04:29:12,250 [INFO] IPUIPlugin:80 - create IPUIPlugin
2023-07-05 04:29:12,250 [INFO] IPUIPlugin:80 - create IPUIPlugin
2023-07-05 04:29:12,250 [INFO] IPUIPlugin:80 - create IPUIPlugin
2023-07-05 04:29:12,250 [INFO] IPUIPlugin:80 - create IPUIPlugin
2023-07-05 04:29:12,250 [INFO] IPUIPlugin:80 - create IPUIPlugin
2023-07-05 04:29:12,250 [INFO] IPUIPlugin:80 - create IPUIPlugin
2023-07-05 04:29:12,250 [INFO] IPUIPlugin:80 - create IPUIPlugin
2023-07-05 04:29:12,250 [INFO] IPUIPlugin:80 - create IPUIPlugin
2023-07-05 04:29:12,250 [INFO] IPUIPlugin:80 - create IPUIPlugin
2023-07-05 04:29:12,256 [INFO] IPUIPlugin:80 - create IPUIPlugin
2023-07-05 04:29:12,256 [INFO] IPUIPlugin:80 - create IPUIPlugin
2023-07-05 04:29:12,257 [INFO] IPUIPlugin:80 - create IPUIPlugin
2023-07-05 04:29:12,257 [INFO] IPUIPlugin:80 - create IPUIPlugin
2023-07-05 04:29:12,257 [INFO] IPUIPlugin:80 - create IPUIPlugin
2023-07-05 04:29:12,258 [INFO] IPUIPlugin:80 - create IPUIPlugin
2023-07-05 04:29:12,258 [INFO] IPUIPlugin:80 - create IPUIPlugin
2023-07-05 04:29:12,258 [INFO] IPUIPlugin:80 - create IPUIPlugin
2023-07-05 04:29:12,259 [INFO] IPUIPlugin:80 - create IPUIPlugin
2023-07-05 04:29:12,259 [INFO] IPUIPlugin:80 - create IPUIPlugin
2023-07-05 04:29:12,260 [INFO] IPUIPlugin:80 - create IPUIPlugin
2023-07-05 04:29:12,261 [INFO] IPUIPlugin:80 - create IPUIPlugin
2023-07-05 04:29:12,261 [INFO] IPUIPlugin:80 - create IPUIPlugin
2023-07-05 04:29:12,261 [INFO] IPUIPlugin:80 - create IPUIPlugin
2023-07-05 04:29:12,261 [INFO] IPUIPlugin:80 - create IPUIPlugin
2023-07-05 04:29:12,324 [INFO] CADModel:165 - CPN selected for project levelSTM32L433RCT6P
2023-07-05 04:29:12,325 [INFO] CADModel:114 - Register for checkConnection events
2023-07-05 04:29:12,406 [INFO] OpenFileManager:328 - Restore cursor
2023-07-05 04:29:40,791 [INFO] MainUpdater:2854 - connection check result : 10
2023-07-05 04:29:40,791 [INFO] MainUpdater:2854 - connection check result : 10
2023-07-05 04:29:40,877 [INFO] MicroXplorer:468 - Change Database Path : 
2023-07-05 04:29:40,877 [INFO] MicroXplorer:498 - Change Database Version : DB.6.0.81
2023-07-05 04:29:40,902 [WARN] ThirdParty:871 - waiting for thirdparty lock release [close project]
2023-07-05 04:29:40,902 [INFO] ThirdParty:873 - entering critical section [close project]
2023-07-05 04:29:40,902 [INFO] ThirdParty:883 - exiting critical section [close project]
2023-07-05 04:29:40,904 [INFO] PinOutPanel:1499 - setPackage(No Configuration,No Configuration)
2023-07-05 04:29:40,908 [INFO] UtilMem:75 - Begin LoadConfig() Used Memory: 622406160 Bytes (791674880)
2023-07-05 04:29:40,909 [INFO] MicroXplorer:468 - Change Database Path : 
2023-07-05 04:29:40,909 [INFO] MicroXplorer:498 - Change Database Version : DB.6.0.81
2023-07-05 04:29:40,910 [INFO] OpenFileManager:308 - Change cursor
2023-07-05 04:29:40,920 [INFO] Mcu:1937 - Initializing MCU STM32L433RCTxP STM32L433RCTxP STM32L433RCT6P
2023-07-05 04:29:42,931 [INFO] Context:659 - Trying to add GPIOservice into a context  which must be forbidden
2023-07-05 04:29:43,648 [INFO] RtosManager:555 - Registered RTOS mode: class=CMSIS, group=RTOS, mode=CMSIS_V1, owner=FREERTOS
2023-07-05 04:29:43,652 [INFO] RtosManager:555 - Registered RTOS mode: class=CMSIS, group=RTOS2, mode=CMSIS_V2, owner=FREERTOS
2023-07-05 04:29:43,653 [INFO] RtosManager:555 - Registered RTOS mode: class=RTOS, group=Core, mode=CMSIS_V1, owner=FREERTOS
2023-07-05 04:29:43,653 [INFO] RtosManager:555 - Registered RTOS mode: class=RTOS, group=Core, mode=CMSIS_V2, owner=FREERTOS
2023-07-05 04:29:43,653 [WARN] ModelIntegratedComponent:184 - Missing modes for component STMicroelectronics:FreeRTOS:0.0.1:STMicroelectronics:RTOS:FreeRTOS:Core:::10.2.0:
2023-07-05 04:29:43,658 [WARN] ModelIntegratedComponent:63 - No mode defined for component null
2023-07-05 04:29:43,658 [WARN] ModelIntegratedComponent:63 - No mode defined for component null
2023-07-05 04:29:43,658 [WARN] ModelIntegratedComponent:63 - No mode defined for component null
2023-07-05 04:29:43,658 [WARN] ModelIntegratedComponent:63 - No mode defined for component null
2023-07-05 04:29:43,658 [WARN] ModelIntegratedComponent:63 - No mode defined for component null
2023-07-05 04:29:43,658 [WARN] ModelIntegratedComponent:63 - No mode defined for component null
2023-07-05 04:29:43,658 [WARN] ModelIntegratedComponent:63 - No mode defined for component null
2023-07-05 04:29:43,658 [WARN] ModelIntegratedComponent:63 - No mode defined for component null
2023-07-05 04:29:43,658 [WARN] ModelIntegratedComponent:63 - No mode defined for component null
2023-07-05 04:29:43,658 [WARN] ModelIntegratedComponent:63 - No mode defined for component null
2023-07-05 04:29:43,658 [WARN] ModelIntegratedComponent:63 - No mode defined for component null
2023-07-05 04:29:43,658 [WARN] ModelIntegratedComponent:63 - No mode defined for component null
2023-07-05 04:29:43,658 [WARN] ModelIntegratedComponent:63 - No mode defined for component null
2023-07-05 04:29:43,665 [WARN] ModelIntegratedComponent:63 - No mode defined for component null
2023-07-05 04:29:43,665 [WARN] ModelIntegratedComponent:63 - No mode defined for component null
2023-07-05 04:29:43,665 [WARN] ModelIntegratedComponent:63 - No mode defined for component null
2023-07-05 04:29:43,666 [WARN] ModelIntegratedComponent:63 - No mode defined for component null
2023-07-05 04:29:43,666 [WARN] ModelIntegratedComponent:63 - No mode defined for component null
2023-07-05 04:29:43,666 [WARN] ModelIntegratedComponent:63 - No mode defined for component null
2023-07-05 04:29:43,666 [WARN] ModelIntegratedComponent:63 - No mode defined for component null
2023-07-05 04:29:43,666 [WARN] ModelIntegratedComponent:63 - No mode defined for component null
2023-07-05 04:29:43,666 [WARN] ModelIntegratedComponent:63 - No mode defined for component null
2023-07-05 04:29:43,666 [WARN] ModelIntegratedComponent:63 - No mode defined for component null
2023-07-05 04:29:43,666 [WARN] ModelIntegratedComponent:63 - No mode defined for component null
2023-07-05 04:29:43,666 [WARN] ModelIntegratedComponent:63 - No mode defined for component null
2023-07-05 04:29:43,666 [WARN] ModelIntegratedComponent:63 - No mode defined for component null
2023-07-05 04:29:43,666 [WARN] ModelIntegratedComponent:63 - No mode defined for component null
2023-07-05 04:29:43,666 [WARN] ModelIntegratedComponent:63 - No mode defined for component null
2023-07-05 04:29:43,667 [WARN] ModelIntegratedComponent:63 - No mode defined for component null
2023-07-05 04:29:43,667 [WARN] ModelIntegratedComponent:63 - No mode defined for component null
2023-07-05 04:29:43,667 [WARN] ModelIntegratedComponent:63 - No mode defined for component null
2023-07-05 04:29:43,667 [WARN] ModelIntegratedComponent:63 - No mode defined for component null
2023-07-05 04:29:43,667 [WARN] ModelIntegratedComponent:63 - No mode defined for component null
2023-07-05 04:29:43,678 [INFO] ThirdPartyModel:298 - Start build external matchings
2023-07-05 04:29:44,109 [INFO] ThirdPartyModel:316 - End build external matchings
2023-07-05 04:29:44,127 [INFO] ImportTextPane:194 - (OptionalMessage_ERROR) IP (RCC) : Invalid parameter (FamilyName)
2023-07-05 04:29:44,128 [INFO] ImportTextPane:194 - (OptionalMessage_ERROR) IP (RCC) : Invalid parameter (I2C4Freq_Value)
2023-07-05 04:29:44,130 [INFO] ImportTextPane:194 - (OptionalMessage_ERROR) IP (RCC) : Parameter (RNGFreq_Value) has invalid value (64000000)
2023-07-05 04:29:44,130 [INFO] ImportTextPane:194 - (OptionalMessage_ERROR) IP (RCC) : Parameter (SDMMCFreq_Value) has invalid value (64000000)
2023-07-05 04:29:44,131 [INFO] ImportTextPane:194 - (OptionalMessage_ERROR) IP (RCC) : Invalid parameter (UART4Freq_Value)
2023-07-05 04:29:44,131 [INFO] ImportTextPane:194 - (OptionalMessage_ERROR) IP (RCC) : Invalid parameter (UART5Freq_Value)
2023-07-05 04:29:44,131 [INFO] ImportTextPane:194 - (OptionalMessage_ERROR) IP (RCC) : Parameter (USBFreq_Value) has invalid value (64000000)
2023-07-05 04:29:44,131 [INFO] ImportTextPane:194 - (OptionalMessage_ERROR) IP (RCC) : Invalid parameter (VCOSAI2OutputFreq_Value)
2023-07-05 04:29:44,691 [INFO] UtilMem:75 - End LoadConfig() Used Memory: 627151200 Bytes (791674880)
2023-07-05 04:29:44,819 [WARN] ThirdParty:833 - waiting for thirdparty lock release [change project]
2023-07-05 04:29:44,820 [INFO] ThirdParty:835 - entering critical section [change project]
2023-07-05 04:29:44,820 [INFO] ThirdParty:1030 - CMSIS Pack Vendor :STMicroelectronics X-CUBE-ISPU 1.1.0
2023-07-05 04:29:44,820 [INFO] ThirdParty:1030 - CMSIS Pack Vendor :STMicroelectronics X-CUBE-GNSS1 6.0.0
2023-07-05 04:29:44,820 [INFO] ThirdParty:1030 - CMSIS Pack Vendor :STMicroelectronics USB_HOST 2.0.0
2023-07-05 04:29:44,820 [INFO] ThirdParty:1030 - CMSIS Pack Vendor :STMicroelectronics X-CUBE-AZRTOS-F4 1.1.0
2023-07-05 04:29:44,820 [INFO] ThirdParty:1030 - CMSIS Pack Vendor :STMicroelectronics LIBJPEG 8.0.0
2023-07-05 04:29:44,821 [INFO] ThirdParty:1030 - CMSIS Pack Vendor :STMicroelectronics X-CUBE-SMBUS 2.1.0
2023-07-05 04:29:44,821 [INFO] ThirdParty:1030 - CMSIS Pack Vendor :STMicroelectronics USB_DEVICE 3.0.0
2023-07-05 04:29:44,821 [INFO] ThirdParty:1030 - CMSIS Pack Vendor :STMicroelectronics X-CUBE-FREERTOS 1.0.1
2023-07-05 04:29:44,821 [INFO] ThirdParty:1030 - CMSIS Pack Vendor :STMicroelectronics X-CUBE-AZRTOS-F7 1.1.0
2023-07-05 04:29:44,821 [INFO] ThirdParty:1030 - CMSIS Pack Vendor :STMicroelectronics USB_DEVICE 2.0.0
2023-07-05 04:29:44,821 [INFO] ThirdParty:1030 - CMSIS Pack Vendor :STMicroelectronics X-CUBE-MEMS1 9.6.0
2023-07-05 04:29:44,821 [INFO] ThirdParty:1030 - CMSIS Pack Vendor :STMicroelectronics FP-SNS-MOTENV1 4.3.2
2023-07-05 04:29:44,821 [INFO] ThirdParty:1030 - CMSIS Pack Vendor :STMicroelectronics FP-SNS-FLIGHT1 5.0.1
2023-07-05 04:29:44,821 [INFO] ThirdParty:1030 - CMSIS Pack Vendor :STMicroelectronics X-CUBE-ALGOBUILD 1.3.0
2023-07-05 04:29:44,821 [INFO] ThirdParty:1030 - CMSIS Pack Vendor :STMicroelectronics X-CUBE-BLE1 6.2.4
2023-07-05 04:29:44,821 [INFO] ThirdParty:1030 - CMSIS Pack Vendor :STMicroelectronics X-CUBE-AZRTOS-L5 1.1.0
2023-07-05 04:29:44,821 [INFO] ThirdParty:1030 - CMSIS Pack Vendor :STMicroelectronics FreeRTOS 0.0.1
2023-07-05 04:29:44,821 [INFO] ThirdParty:1030 - CMSIS Pack Vendor :STMicroelectronics X-CUBE-AZRTOS-G0 1.1.0
2023-07-05 04:29:44,821 [INFO] ThirdParty:1030 - CMSIS Pack Vendor :STMicroelectronics X-CUBE-BLEMGR 2.0.0
2023-07-05 04:29:44,821 [INFO] ThirdParty:1030 - CMSIS Pack Vendor :STMicroelectronics X-CUBE-AI 8.0.1
2023-07-05 04:29:44,821 [INFO] ThirdParty:1030 - CMSIS Pack Vendor :STMicroelectronics X-CUBE-SUBG2 5.0.0
2023-07-05 04:29:44,821 [INFO] ThirdParty:1030 - CMSIS Pack Vendor :STMicroelectronics X-CUBE-NFC4 3.0.0
2023-07-05 04:29:44,821 [INFO] ThirdParty:1030 - CMSIS Pack Vendor :STMicroelectronics STM32_WPAN 1.0.0
2023-07-05 04:29:44,822 [INFO] ThirdParty:1030 - CMSIS Pack Vendor :STMicroelectronics lwIP 2.0.3
2023-07-05 04:29:44,822 [INFO] ThirdParty:1030 - CMSIS Pack Vendor :STMicroelectronics USB_HOST 1.0.0
2023-07-05 04:29:44,822 [INFO] ThirdParty:1030 - CMSIS Pack Vendor :STMicroelectronics X-CUBE-AZRTOS-G4 2.0.0
2023-07-05 04:29:44,822 [INFO] ThirdParty:1030 - CMSIS Pack Vendor :STMicroelectronics PDM2PCM 3.1.0
2023-07-05 04:29:44,822 [INFO] ThirdParty:1030 - CMSIS Pack Vendor :STMicroelectronics X-CUBE-AZRTOS-H7 3.1.0
2023-07-05 04:29:44,822 [INFO] ThirdParty:1030 - CMSIS Pack Vendor :STMicroelectronics X-CUBE-TOF1 3.3.0
2023-07-05 04:29:44,822 [INFO] ThirdParty:1030 - CMSIS Pack Vendor :STMicroelectronics PDM2PCM 3.3.0
2023-07-05 04:29:44,822 [INFO] ThirdParty:1030 - CMSIS Pack Vendor :STMicroelectronics X-CUBE-DISPLAY 3.0.0
2023-07-05 04:29:44,822 [INFO] ThirdParty:1030 - CMSIS Pack Vendor :STMicroelectronics FP-ATR-SIGFOX1 3.2.0
2023-07-05 04:29:44,822 [INFO] ThirdParty:1030 - CMSIS Pack Vendor :STMicroelectronics HAL Drivers 0.0.0
2023-07-05 04:29:44,822 [INFO] ThirdParty:1030 - CMSIS Pack Vendor :STMicroelectronics MBEDTLS 2.16.2
2023-07-05 04:29:44,822 [INFO] ThirdParty:1030 - CMSIS Pack Vendor :emotas I-CUBE-CANOPEN 1.3.0
2023-07-05 04:29:44,823 [INFO] ThirdParty:1030 - CMSIS Pack Vendor :STMicroelectronics X-CUBE-TOUCHGFX 4.22.0
2023-07-05 04:29:44,823 [INFO] ThirdParty:1030 - CMSIS Pack Vendor :STMicroelectronics X-CUBE-NFC7 1.0.1
2023-07-05 04:29:44,823 [INFO] ThirdParty:1030 - CMSIS Pack Vendor :STMicroelectronics MBEDTLS 2.14.1
2023-07-05 04:29:44,823 [INFO] ThirdParty:1030 - CMSIS Pack Vendor :STMicroelectronics X-CUBE-EEPRMA1 4.1.0
2023-07-05 04:29:44,823 [INFO] ThirdParty:1030 - CMSIS Pack Vendor :portGmbH I-Cube-SoM-uGOAL 1.1.0
2023-07-05 04:29:44,823 [INFO] ThirdParty:1030 - CMSIS Pack Vendor :STMicroelectronics X-CUBE-ALS 1.0.1
2023-07-05 04:29:44,823 [INFO] ThirdParty:1030 - CMSIS Pack Vendor :STMicroelectronics ThreadX 1.0.0
2023-07-05 04:29:44,823 [INFO] ThirdParty:1030 - CMSIS Pack Vendor :STMicroelectronics X-CUBE-AZRTOS-WB 1.1.0
2023-07-05 04:29:44,823 [INFO] ThirdParty:1030 - CMSIS Pack Vendor :STMicroelectronics X-CUBE-AZRTOS-WL 2.0.0
2023-07-05 04:29:44,823 [INFO] ThirdParty:1030 - CMSIS Pack Vendor :SEGGER I-CUBE-embOS 1.3.1
2023-07-05 04:29:44,823 [INFO] ThirdParty:1030 - CMSIS Pack Vendor :STMicroelectronics USB_DEVICE 1.0.0
2023-07-05 04:29:44,823 [INFO] ThirdParty:1030 - CMSIS Pack Vendor :STMicroelectronics X-CUBE-AZRTOS-L4 2.0.0
2023-07-05 04:29:44,823 [INFO] ThirdParty:1030 - CMSIS Pack Vendor :STMicroelectronics ThreadX 0.0.2
2023-07-05 04:29:44,823 [INFO] ThirdParty:1030 - CMSIS Pack Vendor :WES I-CUBE-Cesium 1.3.0
2023-07-05 04:29:44,823 [INFO] ThirdParty:1030 - CMSIS Pack Vendor :STMicroelectronics FP-ATR-ASTRA1 2.0.0
2023-07-05 04:29:44,824 [INFO] ThirdParty:1030 - CMSIS Pack Vendor :STMicroelectronics lwIP 2.1.2
2023-07-05 04:29:44,824 [INFO] ThirdParty:1030 - CMSIS Pack Vendor :STMicroelectronics X-CUBE-SFXS2LP1 4.0.0
2023-07-05 04:29:44,824 [INFO] ThirdParty:1030 - CMSIS Pack Vendor :STMicroelectronics X-CUBE-BLE2 3.3.0
2023-07-05 04:29:44,824 [INFO] ThirdParty:1030 - CMSIS Pack Vendor :STMicroelectronics PDM2PCM 3.2.0
2023-07-05 04:29:44,824 [INFO] ThirdParty:841 - exiting critical section [change project]
2023-07-05 04:29:45,196 [INFO] PinOutPanel:1499 - setPackage(No Configuration,No Configuration)
2023-07-05 04:29:45,197 [INFO] PinOutPanel:1499 - setPackage(STM32L433RCTxP,LQFP64)
2023-07-05 04:29:46,015 [INFO] UtilMem:75 - Before build in PCC Used Memory: 413414512 Bytes (791674880)
2023-07-05 04:29:46,470 [INFO] UtilMem:75 - After build in PCC Used Memory: 508308592 Bytes (791674880)
2023-07-05 04:29:46,491 [INFO] IPUIPlugin:80 - create IPUIPlugin
2023-07-05 04:29:46,491 [INFO] IPUIPlugin:80 - create IPUIPlugin
2023-07-05 04:29:46,491 [INFO] IPUIPlugin:80 - create IPUIPlugin
2023-07-05 04:29:46,491 [INFO] IPUIPlugin:80 - create IPUIPlugin
2023-07-05 04:29:46,495 [INFO] IPUIPlugin:80 - create IPUIPlugin
2023-07-05 04:29:46,495 [INFO] IPUIPlugin:80 - create IPUIPlugin
2023-07-05 04:29:46,495 [INFO] IPUIPlugin:80 - create IPUIPlugin
2023-07-05 04:29:46,495 [INFO] IPUIPlugin:80 - create IPUIPlugin
2023-07-05 04:29:46,495 [INFO] IPUIPlugin:80 - create IPUIPlugin
2023-07-05 04:29:46,495 [INFO] IPUIPlugin:80 - create IPUIPlugin
2023-07-05 04:29:46,495 [INFO] IPUIPlugin:80 - create IPUIPlugin
2023-07-05 04:29:46,496 [INFO] IPUIPlugin:80 - create IPUIPlugin
2023-07-05 04:29:46,496 [INFO] IPUIPlugin:80 - create IPUIPlugin
2023-07-05 04:29:46,496 [INFO] IPUIPlugin:80 - create IPUIPlugin
2023-07-05 04:29:46,497 [INFO] IPUIPlugin:80 - create IPUIPlugin
2023-07-05 04:29:46,497 [INFO] IPUIPlugin:80 - create IPUIPlugin
2023-07-05 04:29:46,497 [INFO] IPUIPlugin:80 - create IPUIPlugin
2023-07-05 04:29:46,497 [INFO] IPUIPlugin:80 - create IPUIPlugin
2023-07-05 04:29:46,497 [INFO] IPUIPlugin:80 - create IPUIPlugin
2023-07-05 04:29:46,497 [INFO] IPUIPlugin:80 - create IPUIPlugin
2023-07-05 04:29:46,497 [INFO] IPUIPlugin:80 - create IPUIPlugin
2023-07-05 04:29:46,497 [INFO] IPUIPlugin:80 - create IPUIPlugin
2023-07-05 04:29:46,497 [INFO] IPUIPlugin:80 - create IPUIPlugin
2023-07-05 04:29:46,497 [INFO] IPUIPlugin:80 - create IPUIPlugin
2023-07-05 04:29:46,497 [INFO] IPUIPlugin:80 - create IPUIPlugin
2023-07-05 04:29:46,497 [INFO] IPUIPlugin:80 - create IPUIPlugin
2023-07-05 04:29:46,497 [INFO] IPUIPlugin:80 - create IPUIPlugin
2023-07-05 04:29:46,497 [INFO] IPUIPlugin:80 - create IPUIPlugin
2023-07-05 04:29:46,497 [INFO] IPUIPlugin:80 - create IPUIPlugin
2023-07-05 04:29:46,497 [INFO] IPUIPlugin:80 - create IPUIPlugin
2023-07-05 04:29:46,497 [INFO] IPUIPlugin:80 - create IPUIPlugin
2023-07-05 04:29:46,497 [INFO] IPUIPlugin:80 - create IPUIPlugin
2023-07-05 04:29:46,497 [INFO] IPUIPlugin:80 - create IPUIPlugin
2023-07-05 04:29:46,497 [INFO] IPUIPlugin:80 - create IPUIPlugin
2023-07-05 04:29:46,503 [INFO] IPUIPlugin:80 - create IPUIPlugin
2023-07-05 04:29:46,504 [INFO] IPUIPlugin:80 - create IPUIPlugin
2023-07-05 04:29:46,505 [INFO] IPUIPlugin:80 - create IPUIPlugin
2023-07-05 04:29:46,505 [INFO] IPUIPlugin:80 - create IPUIPlugin
2023-07-05 04:29:46,506 [INFO] IPUIPlugin:80 - create IPUIPlugin
2023-07-05 04:29:46,506 [INFO] IPUIPlugin:80 - create IPUIPlugin
2023-07-05 04:29:46,507 [INFO] IPUIPlugin:80 - create IPUIPlugin
2023-07-05 04:29:46,507 [INFO] IPUIPlugin:80 - create IPUIPlugin
2023-07-05 04:29:46,508 [INFO] IPUIPlugin:80 - create IPUIPlugin
2023-07-05 04:29:46,508 [INFO] IPUIPlugin:80 - create IPUIPlugin
2023-07-05 04:29:46,509 [INFO] IPUIPlugin:80 - create IPUIPlugin
2023-07-05 04:29:46,572 [INFO] CADModel:165 - CPN selected for project levelSTM32L433RCT6P
2023-07-05 04:29:46,572 [INFO] CADModel:114 - Register for checkConnection events
2023-07-05 04:29:46,636 [INFO] OpenFileManager:328 - Restore cursor
2023-07-05 04:31:49,640 [INFO] NvicIntPanel:101 - NVIC parent = com.st.microxplorer.plugins.ip.nvic.MultiNvicIntPanel[,0,0,450x70,layout=javax.swing.BoxLayout,alignmentX=0.0,alignmentY=0.0,border=,flags=9,maximumSize=,minimumSize=,preferredSize=]
2023-07-05 04:31:51,646 [INFO] NvicIntPanel:101 - NVIC parent = com.st.microxplorer.plugins.ip.nvic.MultiNvicIntPanel[,0,0,0x0,invalid,layout=javax.swing.BoxLayout,alignmentX=0.0,alignmentY=0.0,border=,flags=9,maximumSize=,minimumSize=,preferredSize=]
2023-07-05 04:32:04,295 [INFO] UtilMem:75 - End SaveConfig() Used Memory: 455828328 Bytes (791674880)
