2023-08-07 08:32:20,414 [INFO] MainUpdater:2854 - connection check result : 10
2023-08-07 08:32:20,445 [INFO] MainUpdater:2854 - connection check result : 10
2023-08-07 08:32:20,570 [INFO] I2cTimingTraitement:330 - 0x00303D5B
2023-08-07 08:32:20,570 [INFO] MicroXplorer:468 - Change Database Path : 
2023-08-07 08:32:20,570 [INFO] MicroXplorer:498 - Change Database Version : DB.6.0.81
2023-08-07 08:32:20,601 [WARN] ThirdParty:871 - waiting for thirdparty lock release [close project]
2023-08-07 08:32:20,601 [INFO] ThirdParty:873 - entering critical section [close project]
2023-08-07 08:32:20,601 [INFO] ThirdParty:883 - exiting critical section [close project]
2023-08-07 08:32:20,601 [INFO] PinOutPanel:1499 - setPackage(No Configuration,No Configuration)
2023-08-07 08:32:20,601 [INFO] UtilMem:75 - Begin LoadConfig() Used Memory: 803408912 Bytes (1073741824)
2023-08-07 08:32:20,601 [INFO] MicroXplorer:468 - Change Database Path : 
2023-08-07 08:32:20,601 [INFO] MicroXplorer:498 - Change Database Version : DB.6.0.81
2023-08-07 08:32:20,601 [INFO] OpenFileManager:308 - Change cursor
2023-08-07 08:32:20,633 [INFO] RulesReader:64 - Compatibility file has been processed (293 Rules)
2023-08-07 08:32:20,633 [INFO] Mcu:1937 - Initializing MCU STM32L433RCTxP STM32L433RCTxP STM32L433RCT6P
2023-08-07 08:32:21,867 [INFO] Context:659 - Trying to add GPIOservice into a context  which must be forbidden
2023-08-07 08:32:22,179 [INFO] RtosManager:555 - Registered RTOS mode: class=CMSIS, group=RTOS, mode=CMSIS_V1, owner=FREERTOS
2023-08-07 08:32:22,179 [INFO] RtosManager:555 - Registered RTOS mode: class=CMSIS, group=RTOS2, mode=CMSIS_V2, owner=FREERTOS
2023-08-07 08:32:22,179 [INFO] RtosManager:555 - Registered RTOS mode: class=RTOS, group=Core, mode=CMSIS_V1, owner=FREERTOS
2023-08-07 08:32:22,179 [INFO] RtosManager:555 - Registered RTOS mode: class=RTOS, group=Core, mode=CMSIS_V2, owner=FREERTOS
2023-08-07 08:32:22,179 [WARN] ModelIntegratedComponent:184 - Missing modes for component STMicroelectronics:FreeRTOS:0.0.1:STMicroelectronics:RTOS:FreeRTOS:Core:::10.2.0:
2023-08-07 08:32:22,195 [WARN] ModelIntegratedComponent:63 - No mode defined for component null
2023-08-07 08:32:22,195 [WARN] ModelIntegratedComponent:63 - No mode defined for component null
2023-08-07 08:32:22,195 [WARN] ModelIntegratedComponent:63 - No mode defined for component null
2023-08-07 08:32:22,195 [WARN] ModelIntegratedComponent:63 - No mode defined for component null
2023-08-07 08:32:22,195 [WARN] ModelIntegratedComponent:63 - No mode defined for component null
2023-08-07 08:32:22,195 [WARN] ModelIntegratedComponent:63 - No mode defined for component null
2023-08-07 08:32:22,195 [WARN] ModelIntegratedComponent:63 - No mode defined for component null
2023-08-07 08:32:22,195 [WARN] ModelIntegratedComponent:63 - No mode defined for component null
2023-08-07 08:32:22,195 [WARN] ModelIntegratedComponent:63 - No mode defined for component null
2023-08-07 08:32:22,195 [WARN] ModelIntegratedComponent:63 - No mode defined for component null
2023-08-07 08:32:22,195 [WARN] ModelIntegratedComponent:63 - No mode defined for component null
2023-08-07 08:32:22,195 [WARN] ModelIntegratedComponent:63 - No mode defined for component null
2023-08-07 08:32:22,195 [WARN] ModelIntegratedComponent:63 - No mode defined for component null
2023-08-07 08:32:22,195 [WARN] ModelIntegratedComponent:63 - No mode defined for component null
2023-08-07 08:32:22,195 [WARN] ModelIntegratedComponent:63 - No mode defined for component null
2023-08-07 08:32:22,195 [WARN] ModelIntegratedComponent:63 - No mode defined for component null
2023-08-07 08:32:22,195 [WARN] ModelIntegratedComponent:63 - No mode defined for component null
2023-08-07 08:32:22,195 [WARN] ModelIntegratedComponent:63 - No mode defined for component null
2023-08-07 08:32:22,195 [WARN] ModelIntegratedComponent:63 - No mode defined for component null
2023-08-07 08:32:22,195 [WARN] ModelIntegratedComponent:63 - No mode defined for component null
2023-08-07 08:32:22,195 [WARN] ModelIntegratedComponent:63 - No mode defined for component null
2023-08-07 08:32:22,195 [WARN] ModelIntegratedComponent:63 - No mode defined for component null
2023-08-07 08:32:22,195 [WARN] ModelIntegratedComponent:63 - No mode defined for component null
2023-08-07 08:32:22,195 [WARN] ModelIntegratedComponent:63 - No mode defined for component null
2023-08-07 08:32:22,195 [WARN] ModelIntegratedComponent:63 - No mode defined for component null
2023-08-07 08:32:22,195 [WARN] ModelIntegratedComponent:63 - No mode defined for component null
2023-08-07 08:32:22,195 [WARN] ModelIntegratedComponent:63 - No mode defined for component null
2023-08-07 08:32:22,195 [WARN] ModelIntegratedComponent:63 - No mode defined for component null
2023-08-07 08:32:22,195 [WARN] ModelIntegratedComponent:63 - No mode defined for component null
2023-08-07 08:32:22,195 [WARN] ModelIntegratedComponent:63 - No mode defined for component null
2023-08-07 08:32:22,195 [WARN] ModelIntegratedComponent:63 - No mode defined for component null
2023-08-07 08:32:22,195 [WARN] ModelIntegratedComponent:63 - No mode defined for component null
2023-08-07 08:32:22,195 [WARN] ModelIntegratedComponent:63 - No mode defined for component null
2023-08-07 08:32:22,195 [INFO] ThirdPartyModel:298 - Start build external matchings
2023-08-07 08:32:22,460 [INFO] ThirdPartyModel:316 - End build external matchings
2023-08-07 08:32:22,460 [INFO] ImportTextPane:194 - (OptionalMessage_ERROR) IP (RCC) : Invalid parameter (FamilyName)
2023-08-07 08:32:22,460 [INFO] ImportTextPane:194 - (OptionalMessage_ERROR) IP (RCC) : Invalid parameter (I2C4Freq_Value)
2023-08-07 08:32:22,460 [INFO] ImportTextPane:194 - (OptionalMessage_ERROR) IP (RCC) : Parameter (RNGFreq_Value) has invalid value (64000000)
2023-08-07 08:32:22,460 [INFO] ImportTextPane:194 - (OptionalMessage_ERROR) IP (RCC) : Parameter (SDMMCFreq_Value) has invalid value (64000000)
2023-08-07 08:32:22,460 [INFO] ImportTextPane:194 - (OptionalMessage_ERROR) IP (RCC) : Invalid parameter (UART4Freq_Value)
2023-08-07 08:32:22,460 [INFO] ImportTextPane:194 - (OptionalMessage_ERROR) IP (RCC) : Invalid parameter (UART5Freq_Value)
2023-08-07 08:32:22,460 [INFO] ImportTextPane:194 - (OptionalMessage_ERROR) IP (RCC) : Parameter (USBFreq_Value) has invalid value (64000000)
2023-08-07 08:32:22,460 [INFO] ImportTextPane:194 - (OptionalMessage_ERROR) IP (RCC) : Invalid parameter (VCOSAI2OutputFreq_Value)
2023-08-07 08:32:22,648 [INFO] UtilMem:75 - End LoadConfig() Used Memory: 753468888 Bytes (1073741824)
2023-08-07 08:32:22,695 [WARN] ThirdParty:833 - waiting for thirdparty lock release [change project]
2023-08-07 08:32:22,695 [INFO] ThirdParty:835 - entering critical section [change project]
2023-08-07 08:32:22,695 [INFO] ThirdParty:1030 - CMSIS Pack Vendor :STMicroelectronics X-CUBE-ISPU 1.1.0
2023-08-07 08:32:22,695 [INFO] ThirdParty:1030 - CMSIS Pack Vendor :STMicroelectronics X-CUBE-GNSS1 6.0.0
2023-08-07 08:32:22,695 [INFO] ThirdParty:1030 - CMSIS Pack Vendor :STMicroelectronics USB_HOST 2.0.0
2023-08-07 08:32:22,695 [INFO] ThirdParty:1030 - CMSIS Pack Vendor :STMicroelectronics X-CUBE-AZRTOS-F4 1.1.0
2023-08-07 08:32:22,695 [INFO] ThirdParty:1030 - CMSIS Pack Vendor :STMicroelectronics LIBJPEG 8.0.0
2023-08-07 08:32:22,695 [INFO] ThirdParty:1030 - CMSIS Pack Vendor :wolfSSL I-CUBE-wolfSSL 5.6.3
2023-08-07 08:32:22,695 [INFO] ThirdParty:1030 - CMSIS Pack Vendor :STMicroelectronics X-CUBE-SMBUS 2.1.0
2023-08-07 08:32:22,695 [INFO] ThirdParty:1030 - CMSIS Pack Vendor :STMicroelectronics USB_DEVICE 3.0.0
2023-08-07 08:32:22,695 [INFO] ThirdParty:1030 - CMSIS Pack Vendor :STMicroelectronics X-CUBE-FREERTOS 1.0.1
2023-08-07 08:32:22,695 [INFO] ThirdParty:1030 - CMSIS Pack Vendor :STMicroelectronics X-CUBE-AZRTOS-F7 1.1.0
2023-08-07 08:32:22,695 [INFO] ThirdParty:1030 - CMSIS Pack Vendor :STMicroelectronics USB_DEVICE 2.0.0
2023-08-07 08:32:22,695 [INFO] ThirdParty:1030 - CMSIS Pack Vendor :STMicroelectronics X-CUBE-MEMS1 9.6.0
2023-08-07 08:32:22,695 [INFO] ThirdParty:1030 - CMSIS Pack Vendor :STMicroelectronics FP-SNS-MOTENV1 4.3.2
2023-08-07 08:32:22,695 [INFO] ThirdParty:1030 - CMSIS Pack Vendor :STMicroelectronics FP-SNS-FLIGHT1 5.0.1
2023-08-07 08:32:22,695 [INFO] ThirdParty:1030 - CMSIS Pack Vendor :STMicroelectronics X-CUBE-ALGOBUILD 1.3.0
2023-08-07 08:32:22,695 [INFO] ThirdParty:1030 - CMSIS Pack Vendor :STMicroelectronics X-CUBE-BLE1 6.2.4
2023-08-07 08:32:22,695 [INFO] ThirdParty:1030 - CMSIS Pack Vendor :STMicroelectronics X-CUBE-AZRTOS-L5 1.1.0
2023-08-07 08:32:22,695 [INFO] ThirdParty:1030 - CMSIS Pack Vendor :STMicroelectronics FreeRTOS 0.0.1
2023-08-07 08:32:22,695 [INFO] ThirdParty:1030 - CMSIS Pack Vendor :STMicroelectronics X-CUBE-AZRTOS-G0 1.1.0
2023-08-07 08:32:22,695 [INFO] ThirdParty:1030 - CMSIS Pack Vendor :STMicroelectronics X-CUBE-BLEMGR 2.0.0
2023-08-07 08:32:22,695 [INFO] ThirdParty:1030 - CMSIS Pack Vendor :STMicroelectronics X-CUBE-AI 8.0.1
2023-08-07 08:32:22,695 [INFO] ThirdParty:1030 - CMSIS Pack Vendor :STMicroelectronics X-CUBE-NFC4 3.0.0
2023-08-07 08:32:22,695 [INFO] ThirdParty:1030 - CMSIS Pack Vendor :STMicroelectronics X-CUBE-SUBG2 5.0.0
2023-08-07 08:32:22,695 [INFO] ThirdParty:1030 - CMSIS Pack Vendor :STMicroelectronics STM32_WPAN 1.0.0
2023-08-07 08:32:22,695 [INFO] ThirdParty:1030 - CMSIS Pack Vendor :STMicroelectronics lwIP 2.0.3
2023-08-07 08:32:22,695 [INFO] ThirdParty:1030 - CMSIS Pack Vendor :STMicroelectronics FP-SNS-FLIGHT1 5.0.2
2023-08-07 08:32:22,695 [INFO] ThirdParty:1030 - CMSIS Pack Vendor :STMicroelectronics USB_HOST 1.0.0
2023-08-07 08:32:22,695 [INFO] ThirdParty:1030 - CMSIS Pack Vendor :STMicroelectronics X-CUBE-TOF1 3.3.1
2023-08-07 08:32:22,695 [INFO] ThirdParty:1030 - CMSIS Pack Vendor :STMicroelectronics X-CUBE-AZRTOS-G4 2.0.0
2023-08-07 08:32:22,695 [INFO] ThirdParty:1030 - CMSIS Pack Vendor :STMicroelectronics PDM2PCM 3.1.0
2023-08-07 08:32:22,695 [INFO] ThirdParty:1030 - CMSIS Pack Vendor :STMicroelectronics X-CUBE-AZRTOS-H7 3.1.0
2023-08-07 08:32:22,695 [INFO] ThirdParty:1030 - CMSIS Pack Vendor :STMicroelectronics X-CUBE-TOF1 3.3.0
2023-08-07 08:32:22,695 [INFO] ThirdParty:1030 - CMSIS Pack Vendor :STMicroelectronics PDM2PCM 3.3.0
2023-08-07 08:32:22,695 [INFO] ThirdParty:1030 - CMSIS Pack Vendor :STMicroelectronics X-CUBE-DISPLAY 3.0.0
2023-08-07 08:32:22,695 [INFO] ThirdParty:1030 - CMSIS Pack Vendor :STMicroelectronics FP-ATR-SIGFOX1 3.2.0
2023-08-07 08:32:22,695 [INFO] ThirdParty:1030 - CMSIS Pack Vendor :STMicroelectronics HAL Drivers 0.0.0
2023-08-07 08:32:22,695 [INFO] ThirdParty:1030 - CMSIS Pack Vendor :STMicroelectronics MBEDTLS 2.16.2
2023-08-07 08:32:22,695 [INFO] ThirdParty:1030 - CMSIS Pack Vendor :emotas I-CUBE-CANOPEN 1.3.0
2023-08-07 08:32:22,695 [INFO] ThirdParty:1030 - CMSIS Pack Vendor :STMicroelectronics X-CUBE-TOUCHGFX 4.22.0
2023-08-07 08:32:22,695 [INFO] ThirdParty:1030 - CMSIS Pack Vendor :STMicroelectronics X-CUBE-NFC7 1.0.1
2023-08-07 08:32:22,695 [INFO] ThirdParty:1030 - CMSIS Pack Vendor :STMicroelectronics MBEDTLS 2.14.1
2023-08-07 08:32:22,695 [INFO] ThirdParty:1030 - CMSIS Pack Vendor :STMicroelectronics X-CUBE-EEPRMA1 4.1.0
2023-08-07 08:32:22,695 [INFO] ThirdParty:1030 - CMSIS Pack Vendor :portGmbH I-Cube-SoM-uGOAL 1.1.0
2023-08-07 08:32:22,695 [INFO] ThirdParty:1030 - CMSIS Pack Vendor :STMicroelectronics X-CUBE-ALS 1.0.1
2023-08-07 08:32:22,695 [INFO] ThirdParty:1030 - CMSIS Pack Vendor :STMicroelectronics ThreadX 1.0.0
2023-08-07 08:32:22,695 [INFO] ThirdParty:1030 - CMSIS Pack Vendor :STMicroelectronics X-CUBE-AZRTOS-WB 1.1.0
2023-08-07 08:32:22,695 [INFO] ThirdParty:1030 - CMSIS Pack Vendor :STMicroelectronics X-CUBE-AZRTOS-WL 2.0.0
2023-08-07 08:32:22,695 [INFO] ThirdParty:1030 - CMSIS Pack Vendor :SEGGER I-CUBE-embOS 1.3.1
2023-08-07 08:32:22,695 [INFO] ThirdParty:1030 - CMSIS Pack Vendor :STMicroelectronics USB_DEVICE 1.0.0
2023-08-07 08:32:22,695 [INFO] ThirdParty:1030 - CMSIS Pack Vendor :STMicroelectronics X-CUBE-AZRTOS-L4 2.0.0
2023-08-07 08:32:22,695 [INFO] ThirdParty:1030 - CMSIS Pack Vendor :STMicroelectronics ThreadX 0.0.2
2023-08-07 08:32:22,695 [INFO] ThirdParty:1030 - CMSIS Pack Vendor :WES I-CUBE-Cesium 1.3.0
2023-08-07 08:32:22,695 [INFO] ThirdParty:1030 - CMSIS Pack Vendor :STMicroelectronics FP-ATR-ASTRA1 2.0.0
2023-08-07 08:32:22,695 [INFO] ThirdParty:1030 - CMSIS Pack Vendor :STMicroelectronics lwIP 2.1.2
2023-08-07 08:32:22,695 [INFO] ThirdParty:1030 - CMSIS Pack Vendor :STMicroelectronics X-CUBE-SFXS2LP1 4.0.0
2023-08-07 08:32:22,695 [INFO] ThirdParty:1030 - CMSIS Pack Vendor :STMicroelectronics X-CUBE-BLE2 3.3.0
2023-08-07 08:32:22,695 [INFO] ThirdParty:1030 - CMSIS Pack Vendor :STMicroelectronics PDM2PCM 3.2.0
2023-08-07 08:32:22,695 [INFO] ThirdParty:841 - exiting critical section [change project]
2023-08-07 08:32:22,851 [INFO] PinOutPanel:1499 - setPackage(No Configuration,No Configuration)
2023-08-07 08:32:22,851 [INFO] PinOutPanel:1499 - setPackage(STM32L433RCTxP,LQFP64)
2023-08-07 08:32:23,241 [INFO] UtilMem:75 - Before build in PCC Used Memory: 813572376 Bytes (1073741824)
2023-08-07 08:32:23,585 [INFO] UtilMem:75 - After build in PCC Used Memory: 905847096 Bytes (1073741824)
2023-08-07 08:32:23,601 [INFO] IPUIPlugin:80 - create IPUIPlugin
2023-08-07 08:32:23,601 [INFO] IPUIPlugin:80 - create IPUIPlugin
2023-08-07 08:32:23,601 [INFO] IPUIPlugin:80 - create IPUIPlugin
2023-08-07 08:32:23,601 [INFO] IPUIPlugin:80 - create IPUIPlugin
2023-08-07 08:32:23,601 [INFO] IPUIPlugin:80 - create IPUIPlugin
2023-08-07 08:32:23,601 [INFO] IPUIPlugin:80 - create IPUIPlugin
2023-08-07 08:32:23,601 [INFO] IPUIPlugin:80 - create IPUIPlugin
2023-08-07 08:32:23,601 [INFO] IPUIPlugin:80 - create IPUIPlugin
2023-08-07 08:32:23,601 [INFO] IPUIPlugin:80 - create IPUIPlugin
2023-08-07 08:32:23,601 [INFO] IPUIPlugin:80 - create IPUIPlugin
2023-08-07 08:32:23,601 [INFO] IPUIPlugin:80 - create IPUIPlugin
2023-08-07 08:32:23,601 [INFO] IPUIPlugin:80 - create IPUIPlugin
2023-08-07 08:32:23,601 [INFO] IPUIPlugin:80 - create IPUIPlugin
2023-08-07 08:32:23,601 [INFO] IPUIPlugin:80 - create IPUIPlugin
2023-08-07 08:32:23,601 [INFO] IPUIPlugin:80 - create IPUIPlugin
2023-08-07 08:32:23,601 [INFO] IPUIPlugin:80 - create IPUIPlugin
2023-08-07 08:32:23,601 [INFO] IPUIPlugin:80 - create IPUIPlugin
2023-08-07 08:32:23,601 [INFO] IPUIPlugin:80 - create IPUIPlugin
2023-08-07 08:32:23,601 [INFO] IPUIPlugin:80 - create IPUIPlugin
2023-08-07 08:32:23,601 [INFO] IPUIPlugin:80 - create IPUIPlugin
2023-08-07 08:32:23,601 [INFO] IPUIPlugin:80 - create IPUIPlugin
2023-08-07 08:32:23,601 [INFO] IPUIPlugin:80 - create IPUIPlugin
2023-08-07 08:32:23,601 [INFO] IPUIPlugin:80 - create IPUIPlugin
2023-08-07 08:32:23,601 [INFO] IPUIPlugin:80 - create IPUIPlugin
2023-08-07 08:32:23,601 [INFO] IPUIPlugin:80 - create IPUIPlugin
2023-08-07 08:32:23,601 [INFO] IPUIPlugin:80 - create IPUIPlugin
2023-08-07 08:32:23,601 [INFO] IPUIPlugin:80 - create IPUIPlugin
2023-08-07 08:32:23,601 [INFO] IPUIPlugin:80 - create IPUIPlugin
2023-08-07 08:32:23,601 [INFO] IPUIPlugin:80 - create IPUIPlugin
2023-08-07 08:32:23,601 [INFO] IPUIPlugin:80 - create IPUIPlugin
2023-08-07 08:32:23,601 [INFO] IPUIPlugin:80 - create IPUIPlugin
2023-08-07 08:32:23,601 [INFO] IPUIPlugin:80 - create IPUIPlugin
2023-08-07 08:32:23,601 [INFO] IPUIPlugin:80 - create IPUIPlugin
2023-08-07 08:32:23,601 [INFO] IPUIPlugin:80 - create IPUIPlugin
2023-08-07 08:32:23,601 [INFO] IPUIPlugin:80 - create IPUIPlugin
2023-08-07 08:32:23,616 [INFO] IPUIPlugin:80 - create IPUIPlugin
2023-08-07 08:32:23,616 [INFO] IPUIPlugin:80 - create IPUIPlugin
2023-08-07 08:32:23,616 [INFO] IPUIPlugin:80 - create IPUIPlugin
2023-08-07 08:32:23,616 [INFO] IPUIPlugin:80 - create IPUIPlugin
2023-08-07 08:32:23,616 [INFO] IPUIPlugin:80 - create IPUIPlugin
2023-08-07 08:32:23,616 [INFO] IPUIPlugin:80 - create IPUIPlugin
2023-08-07 08:32:23,616 [INFO] IPUIPlugin:80 - create IPUIPlugin
2023-08-07 08:32:23,616 [INFO] IPUIPlugin:80 - create IPUIPlugin
2023-08-07 08:32:23,616 [INFO] IPUIPlugin:80 - create IPUIPlugin
2023-08-07 08:32:23,616 [INFO] IPUIPlugin:80 - create IPUIPlugin
2023-08-07 08:32:23,663 [INFO] CADModel:165 - CPN selected for project levelSTM32L433RCT6P
2023-08-07 08:32:23,663 [INFO] CADModel:114 - Register for checkConnection events
2023-08-07 08:32:23,726 [INFO] OpenFileManager:328 - Restore cursor
2023-08-07 08:32:48,114 [INFO] I2cTimingTraitement:330 - 0x10909CEC
2023-08-07 08:32:48,145 [INFO] NvicIntPanel:101 - NVIC parent = com.st.microxplorer.plugins.ip.nvic.MultiNvicIntPanel[,0,0,0x0,invalid,layout=javax.swing.BoxLayout,alignmentX=0.0,alignmentY=0.0,border=,flags=9,maximumSize=,minimumSize=,preferredSize=]
2023-08-07 08:33:01,194 [INFO] UtilMem:75 - End SaveConfig() Used Memory: 752833728 Bytes (1073741824)
2023-08-07 08:33:02,911 [INFO] UtilMem:75 - End SaveConfig() Used Memory: 777999552 Bytes (1073741824)
2023-08-07 08:33:03,161 [INFO] UtilMem:75 - End SaveConfig() Used Memory: 840914112 Bytes (1073741824)
2023-08-07 08:33:03,442 [INFO] BlockDiagram:2759 - set Specific Code input for plugin: NVIC
2023-08-07 08:33:03,442 [INFO] BlockDiagram:2759 - set Specific Code input for plugin: USART
2023-08-07 08:33:03,442 [INFO] BlockDiagram:2759 - set Specific Code input for plugin: SYS
2023-08-07 08:33:03,442 [INFO] BlockDiagram:2759 - set Specific Code input for plugin: GPIO
2023-08-07 08:33:03,442 [INFO] BlockDiagram:2759 - set Specific Code input for plugin: RCC
2023-08-07 08:33:03,442 [INFO] BlockDiagram:2759 - set Specific Code input for plugin: I2C
2023-08-07 08:33:03,457 [INFO] CodeGenerator:793 - code generatio: config db path: C:\ST\STM32CubeIDE_1.12.1\STM32CubeIDE\plugins\com.st.stm32cube.common.mx_6.8.1.202304191431\\db\
2023-08-07 08:33:03,723 [INFO] CodeEngine:255 - oldGeneratedFile, C:\Users\ARGE-PC1\STM32CubeIDE\workspace_1.12.1\I2Cheatsensor\MXTmpFiles\license.tmp_save
2023-08-07 08:33:03,832 [INFO] CodeEngine:279 - Generated code: C:\Users\ARGE-PC1\STM32CubeIDE\workspace_1.12.1\I2Cheatsensor\MXTmpFiles\license.tmp
2023-08-07 08:33:03,957 [INFO] CodeEngine:255 - oldGeneratedFile, C:\Users\ARGE-PC1\STM32CubeIDE\workspace_1.12.1\I2Cheatsensor\MXTmpFiles\gpio.tmp_save
2023-08-07 08:33:04,129 [INFO] CodeEngine:279 - Generated code: C:\Users\ARGE-PC1\STM32CubeIDE\workspace_1.12.1\I2Cheatsensor\MXTmpFiles\gpio.tmp
2023-08-07 08:33:04,348 [INFO] CodeEngine:255 - oldGeneratedFile, C:\Users\ARGE-PC1\STM32CubeIDE\workspace_1.12.1\I2Cheatsensor\Core\Src\stm32l4xx_it.c_save
2023-08-07 08:33:04,535 [INFO] CodeEngine:279 - Generated code: C:\Users\ARGE-PC1\STM32CubeIDE\workspace_1.12.1\I2Cheatsensor\Core\Src\stm32l4xx_it.c
2023-08-07 08:33:04,535 [INFO] CodeEngine:255 - oldGeneratedFile, C:\Users\ARGE-PC1\STM32CubeIDE\workspace_1.12.1\I2Cheatsensor\Core\Inc\stm32l4xx_it.h_save
2023-08-07 08:33:04,660 [INFO] CodeEngine:279 - Generated code: C:\Users\ARGE-PC1\STM32CubeIDE\workspace_1.12.1\I2Cheatsensor\Core\Inc\stm32l4xx_it.h
2023-08-07 08:33:04,676 [INFO] CodeEngine:255 - oldGeneratedFile, C:\Users\ARGE-PC1\STM32CubeIDE\workspace_1.12.1\I2Cheatsensor\Core\Src\stm32l4xx_hal_msp.c_save
2023-08-07 08:33:04,816 [INFO] CodeEngine:279 - Generated code: C:\Users\ARGE-PC1\STM32CubeIDE\workspace_1.12.1\I2Cheatsensor\Core\Src\stm32l4xx_hal_msp.c
2023-08-07 08:33:04,832 [INFO] CodeEngine:255 - oldGeneratedFile, C:\Users\ARGE-PC1\STM32CubeIDE\workspace_1.12.1\I2Cheatsensor\MXTmpFiles\system.tmp_save
2023-08-07 08:33:04,894 [INFO] CodeEngine:279 - Generated code: C:\Users\ARGE-PC1\STM32CubeIDE\workspace_1.12.1\I2Cheatsensor\MXTmpFiles\system.tmp
2023-08-07 08:33:04,910 [INFO] CodeEngine:311 - oldGeneratedFile, C:\Users\ARGE-PC1\STM32CubeIDE\workspace_1.12.1\I2Cheatsensor\Core\Inc\stm32l4xx_hal_conf.h_save
2023-08-07 08:33:05,004 [INFO] CodeEngine:335 - Generated code: C:\Users\ARGE-PC1\STM32CubeIDE\workspace_1.12.1\I2Cheatsensor\Core\Inc\stm32l4xx_hal_conf.h
2023-08-07 08:33:05,066 [INFO] CodeEngine:255 - oldGeneratedFile, C:\Users\ARGE-PC1\STM32CubeIDE\workspace_1.12.1\I2Cheatsensor\Core\Inc\main.h_save
2023-08-07 08:33:05,160 [INFO] CodeEngine:279 - Generated code: C:\Users\ARGE-PC1\STM32CubeIDE\workspace_1.12.1\I2Cheatsensor\Core\Inc\main.h
2023-08-07 08:33:05,176 [INFO] CodeEngine:255 - oldGeneratedFile, C:\Users\ARGE-PC1\STM32CubeIDE\workspace_1.12.1\I2Cheatsensor\Core\Src\main.c_save
2023-08-07 08:33:05,285 [INFO] CodeEngine:279 - Generated code: C:\Users\ARGE-PC1\STM32CubeIDE\workspace_1.12.1\I2Cheatsensor\Core\Src\main.c
2023-08-07 08:33:06,035 [INFO] ProjectBuilder:2996 - Time for Copy HAL[1] : 235mS.
2023-08-07 08:33:06,050 [INFO] ProjectBuilder:4304 - Project Generator version: 3.19.2
2023-08-07 08:33:06,347 [INFO] ConfigFileManager:1483 - The Die is : DIE435
2023-08-07 08:33:06,363 [INFO] ApiDbMcu:507 - Load IP Config File for FATFS
2023-08-07 08:33:06,363 [INFO] ApiDbMcu:507 - Load IP Config File for FREERTOS
2023-08-07 08:33:06,378 [INFO] ApiDbMcu:507 - Load IP Config File for TOUCHSENSING
2023-08-07 08:33:06,394 [INFO] ApiDbMcu:507 - Load IP Config File for USB_DEVICE
2023-08-07 08:33:07,905 [INFO] ProjectBuilder:4505 - Time for Generating toolchain IDE Files: 1855mS.
2023-08-07 08:33:07,905 [INFO] ProjectBuilder:2867 - Time for Copy CMSIS : 0mS.
2023-08-07 08:33:07,905 [INFO] ProjectBuilder:2867 - Time for Copy CMSIS : 0mS.
2023-08-07 08:37:33,473 [INFO] MainUpdater:2854 - connection check result : 10
2023-08-07 08:37:33,473 [INFO] MainUpdater:2854 - connection check result : 10
2023-08-07 08:37:33,598 [INFO] I2cTimingTraitement:330 - 0x10909CEC
2023-08-07 08:37:33,598 [INFO] MicroXplorer:468 - Change Database Path : 
2023-08-07 08:37:33,598 [INFO] MicroXplorer:498 - Change Database Version : DB.6.0.81
2023-08-07 08:37:33,629 [WARN] ThirdParty:871 - waiting for thirdparty lock release [close project]
2023-08-07 08:37:33,629 [INFO] ThirdParty:873 - entering critical section [close project]
2023-08-07 08:37:33,629 [INFO] ThirdParty:883 - exiting critical section [close project]
2023-08-07 08:37:33,629 [INFO] PinOutPanel:1499 - setPackage(No Configuration,No Configuration)
2023-08-07 08:37:33,629 [INFO] UtilMem:75 - Begin LoadConfig() Used Memory: 828855008 Bytes (1073741824)
2023-08-07 08:37:33,629 [INFO] MicroXplorer:468 - Change Database Path : 
2023-08-07 08:37:33,629 [INFO] MicroXplorer:498 - Change Database Version : DB.6.0.81
2023-08-07 08:37:33,629 [INFO] OpenFileManager:308 - Change cursor
2023-08-07 08:37:33,629 [INFO] RulesReader:64 - Compatibility file has been processed (293 Rules)
2023-08-07 08:37:33,644 [INFO] Mcu:1937 - Initializing MCU STM32L433RCTxP STM32L433RCTxP STM32L433RCT6P
2023-08-07 08:37:34,634 [INFO] Context:659 - Trying to add GPIOservice into a context  which must be forbidden
2023-08-07 08:37:34,884 [INFO] RtosManager:555 - Registered RTOS mode: class=CMSIS, group=RTOS, mode=CMSIS_V1, owner=FREERTOS
2023-08-07 08:37:34,884 [INFO] RtosManager:555 - Registered RTOS mode: class=CMSIS, group=RTOS2, mode=CMSIS_V2, owner=FREERTOS
2023-08-07 08:37:34,884 [INFO] RtosManager:555 - Registered RTOS mode: class=RTOS, group=Core, mode=CMSIS_V1, owner=FREERTOS
2023-08-07 08:37:34,884 [INFO] RtosManager:555 - Registered RTOS mode: class=RTOS, group=Core, mode=CMSIS_V2, owner=FREERTOS
2023-08-07 08:37:34,884 [WARN] ModelIntegratedComponent:184 - Missing modes for component STMicroelectronics:FreeRTOS:0.0.1:STMicroelectronics:RTOS:FreeRTOS:Core:::10.2.0:
2023-08-07 08:37:34,900 [WARN] ModelIntegratedComponent:63 - No mode defined for component null
2023-08-07 08:37:34,900 [WARN] ModelIntegratedComponent:63 - No mode defined for component null
2023-08-07 08:37:34,900 [WARN] ModelIntegratedComponent:63 - No mode defined for component null
2023-08-07 08:37:34,900 [WARN] ModelIntegratedComponent:63 - No mode defined for component null
2023-08-07 08:37:34,900 [WARN] ModelIntegratedComponent:63 - No mode defined for component null
2023-08-07 08:37:34,900 [WARN] ModelIntegratedComponent:63 - No mode defined for component null
2023-08-07 08:37:34,900 [WARN] ModelIntegratedComponent:63 - No mode defined for component null
2023-08-07 08:37:34,900 [WARN] ModelIntegratedComponent:63 - No mode defined for component null
2023-08-07 08:37:34,900 [WARN] ModelIntegratedComponent:63 - No mode defined for component null
2023-08-07 08:37:34,900 [WARN] ModelIntegratedComponent:63 - No mode defined for component null
2023-08-07 08:37:34,900 [WARN] ModelIntegratedComponent:63 - No mode defined for component null
2023-08-07 08:37:34,900 [WARN] ModelIntegratedComponent:63 - No mode defined for component null
2023-08-07 08:37:34,900 [WARN] ModelIntegratedComponent:63 - No mode defined for component null
2023-08-07 08:37:34,900 [WARN] ModelIntegratedComponent:63 - No mode defined for component null
2023-08-07 08:37:34,900 [WARN] ModelIntegratedComponent:63 - No mode defined for component null
2023-08-07 08:37:34,900 [WARN] ModelIntegratedComponent:63 - No mode defined for component null
2023-08-07 08:37:34,900 [WARN] ModelIntegratedComponent:63 - No mode defined for component null
2023-08-07 08:37:34,900 [WARN] ModelIntegratedComponent:63 - No mode defined for component null
2023-08-07 08:37:34,900 [WARN] ModelIntegratedComponent:63 - No mode defined for component null
2023-08-07 08:37:34,900 [WARN] ModelIntegratedComponent:63 - No mode defined for component null
2023-08-07 08:37:34,900 [WARN] ModelIntegratedComponent:63 - No mode defined for component null
2023-08-07 08:37:34,900 [WARN] ModelIntegratedComponent:63 - No mode defined for component null
2023-08-07 08:37:34,900 [WARN] ModelIntegratedComponent:63 - No mode defined for component null
2023-08-07 08:37:34,900 [WARN] ModelIntegratedComponent:63 - No mode defined for component null
2023-08-07 08:37:34,900 [WARN] ModelIntegratedComponent:63 - No mode defined for component null
2023-08-07 08:37:34,900 [WARN] ModelIntegratedComponent:63 - No mode defined for component null
2023-08-07 08:37:34,900 [WARN] ModelIntegratedComponent:63 - No mode defined for component null
2023-08-07 08:37:34,900 [WARN] ModelIntegratedComponent:63 - No mode defined for component null
2023-08-07 08:37:34,900 [WARN] ModelIntegratedComponent:63 - No mode defined for component null
2023-08-07 08:37:34,900 [WARN] ModelIntegratedComponent:63 - No mode defined for component null
2023-08-07 08:37:34,900 [WARN] ModelIntegratedComponent:63 - No mode defined for component null
2023-08-07 08:37:34,900 [WARN] ModelIntegratedComponent:63 - No mode defined for component null
2023-08-07 08:37:34,900 [WARN] ModelIntegratedComponent:63 - No mode defined for component null
2023-08-07 08:37:34,915 [INFO] ThirdPartyModel:298 - Start build external matchings
2023-08-07 08:37:35,165 [INFO] ThirdPartyModel:316 - End build external matchings
2023-08-07 08:37:35,165 [INFO] ImportTextPane:194 - (OptionalMessage_ERROR) IP (RCC) : Invalid parameter (FamilyName)
2023-08-07 08:37:35,165 [INFO] ImportTextPane:194 - (OptionalMessage_ERROR) IP (RCC) : Invalid parameter (I2C4Freq_Value)
2023-08-07 08:37:35,165 [INFO] ImportTextPane:194 - (OptionalMessage_ERROR) IP (RCC) : Parameter (RNGFreq_Value) has invalid value (64000000)
2023-08-07 08:37:35,165 [INFO] ImportTextPane:194 - (OptionalMessage_ERROR) IP (RCC) : Parameter (SDMMCFreq_Value) has invalid value (64000000)
2023-08-07 08:37:35,165 [INFO] ImportTextPane:194 - (OptionalMessage_ERROR) IP (RCC) : Invalid parameter (UART4Freq_Value)
2023-08-07 08:37:35,165 [INFO] ImportTextPane:194 - (OptionalMessage_ERROR) IP (RCC) : Invalid parameter (UART5Freq_Value)
2023-08-07 08:37:35,165 [INFO] ImportTextPane:194 - (OptionalMessage_ERROR) IP (RCC) : Parameter (USBFreq_Value) has invalid value (64000000)
2023-08-07 08:37:35,165 [INFO] ImportTextPane:194 - (OptionalMessage_ERROR) IP (RCC) : Invalid parameter (VCOSAI2OutputFreq_Value)
2023-08-07 08:37:35,368 [INFO] UtilMem:75 - End LoadConfig() Used Memory: 741018544 Bytes (1073741824)
2023-08-07 08:37:35,448 [WARN] ThirdParty:833 - waiting for thirdparty lock release [change project]
2023-08-07 08:37:35,463 [INFO] ThirdParty:835 - entering critical section [change project]
2023-08-07 08:37:35,463 [INFO] ThirdParty:1030 - CMSIS Pack Vendor :STMicroelectronics X-CUBE-ISPU 1.1.0
2023-08-07 08:37:35,463 [INFO] ThirdParty:1030 - CMSIS Pack Vendor :STMicroelectronics X-CUBE-GNSS1 6.0.0
2023-08-07 08:37:35,463 [INFO] ThirdParty:1030 - CMSIS Pack Vendor :STMicroelectronics USB_HOST 2.0.0
2023-08-07 08:37:35,463 [INFO] ThirdParty:1030 - CMSIS Pack Vendor :STMicroelectronics X-CUBE-AZRTOS-F4 1.1.0
2023-08-07 08:37:35,463 [INFO] ThirdParty:1030 - CMSIS Pack Vendor :STMicroelectronics LIBJPEG 8.0.0
2023-08-07 08:37:35,463 [INFO] ThirdParty:1030 - CMSIS Pack Vendor :wolfSSL I-CUBE-wolfSSL 5.6.3
2023-08-07 08:37:35,463 [INFO] ThirdParty:1030 - CMSIS Pack Vendor :STMicroelectronics X-CUBE-SMBUS 2.1.0
2023-08-07 08:37:35,463 [INFO] ThirdParty:1030 - CMSIS Pack Vendor :STMicroelectronics USB_DEVICE 3.0.0
2023-08-07 08:37:35,463 [INFO] ThirdParty:1030 - CMSIS Pack Vendor :STMicroelectronics X-CUBE-FREERTOS 1.0.1
2023-08-07 08:37:35,463 [INFO] ThirdParty:1030 - CMSIS Pack Vendor :STMicroelectronics X-CUBE-AZRTOS-F7 1.1.0
2023-08-07 08:37:35,463 [INFO] ThirdParty:1030 - CMSIS Pack Vendor :STMicroelectronics USB_DEVICE 2.0.0
2023-08-07 08:37:35,463 [INFO] ThirdParty:1030 - CMSIS Pack Vendor :STMicroelectronics X-CUBE-MEMS1 9.6.0
2023-08-07 08:37:35,463 [INFO] ThirdParty:1030 - CMSIS Pack Vendor :STMicroelectronics FP-SNS-MOTENV1 4.3.2
2023-08-07 08:37:35,463 [INFO] ThirdParty:1030 - CMSIS Pack Vendor :STMicroelectronics FP-SNS-FLIGHT1 5.0.1
2023-08-07 08:37:35,463 [INFO] ThirdParty:1030 - CMSIS Pack Vendor :STMicroelectronics X-CUBE-ALGOBUILD 1.3.0
2023-08-07 08:37:35,463 [INFO] ThirdParty:1030 - CMSIS Pack Vendor :STMicroelectronics X-CUBE-BLE1 6.2.4
2023-08-07 08:37:35,463 [INFO] ThirdParty:1030 - CMSIS Pack Vendor :STMicroelectronics X-CUBE-AZRTOS-L5 1.1.0
2023-08-07 08:37:35,463 [INFO] ThirdParty:1030 - CMSIS Pack Vendor :STMicroelectronics FreeRTOS 0.0.1
2023-08-07 08:37:35,463 [INFO] ThirdParty:1030 - CMSIS Pack Vendor :STMicroelectronics X-CUBE-AZRTOS-G0 1.1.0
2023-08-07 08:37:35,463 [INFO] ThirdParty:1030 - CMSIS Pack Vendor :STMicroelectronics X-CUBE-BLEMGR 2.0.0
2023-08-07 08:37:35,463 [INFO] ThirdParty:1030 - CMSIS Pack Vendor :STMicroelectronics X-CUBE-AI 8.0.1
2023-08-07 08:37:35,463 [INFO] ThirdParty:1030 - CMSIS Pack Vendor :STMicroelectronics X-CUBE-NFC4 3.0.0
2023-08-07 08:37:35,463 [INFO] ThirdParty:1030 - CMSIS Pack Vendor :STMicroelectronics X-CUBE-SUBG2 5.0.0
2023-08-07 08:37:35,463 [INFO] ThirdParty:1030 - CMSIS Pack Vendor :STMicroelectronics STM32_WPAN 1.0.0
2023-08-07 08:37:35,463 [INFO] ThirdParty:1030 - CMSIS Pack Vendor :STMicroelectronics lwIP 2.0.3
2023-08-07 08:37:35,463 [INFO] ThirdParty:1030 - CMSIS Pack Vendor :STMicroelectronics FP-SNS-FLIGHT1 5.0.2
2023-08-07 08:37:35,463 [INFO] ThirdParty:1030 - CMSIS Pack Vendor :STMicroelectronics USB_HOST 1.0.0
2023-08-07 08:37:35,463 [INFO] ThirdParty:1030 - CMSIS Pack Vendor :STMicroelectronics X-CUBE-TOF1 3.3.1
2023-08-07 08:37:35,463 [INFO] ThirdParty:1030 - CMSIS Pack Vendor :STMicroelectronics X-CUBE-AZRTOS-G4 2.0.0
2023-08-07 08:37:35,463 [INFO] ThirdParty:1030 - CMSIS Pack Vendor :STMicroelectronics PDM2PCM 3.1.0
2023-08-07 08:37:35,463 [INFO] ThirdParty:1030 - CMSIS Pack Vendor :STMicroelectronics X-CUBE-AZRTOS-H7 3.1.0
2023-08-07 08:37:35,463 [INFO] ThirdParty:1030 - CMSIS Pack Vendor :STMicroelectronics X-CUBE-TOF1 3.3.0
2023-08-07 08:37:35,463 [INFO] ThirdParty:1030 - CMSIS Pack Vendor :STMicroelectronics PDM2PCM 3.3.0
2023-08-07 08:37:35,463 [INFO] ThirdParty:1030 - CMSIS Pack Vendor :STMicroelectronics X-CUBE-DISPLAY 3.0.0
2023-08-07 08:37:35,463 [INFO] ThirdParty:1030 - CMSIS Pack Vendor :STMicroelectronics FP-ATR-SIGFOX1 3.2.0
2023-08-07 08:37:35,463 [INFO] ThirdParty:1030 - CMSIS Pack Vendor :STMicroelectronics HAL Drivers 0.0.0
2023-08-07 08:37:35,463 [INFO] ThirdParty:1030 - CMSIS Pack Vendor :STMicroelectronics MBEDTLS 2.16.2
2023-08-07 08:37:35,463 [INFO] ThirdParty:1030 - CMSIS Pack Vendor :emotas I-CUBE-CANOPEN 1.3.0
2023-08-07 08:37:35,463 [INFO] ThirdParty:1030 - CMSIS Pack Vendor :STMicroelectronics X-CUBE-TOUCHGFX 4.22.0
2023-08-07 08:37:35,463 [INFO] ThirdParty:1030 - CMSIS Pack Vendor :STMicroelectronics X-CUBE-NFC7 1.0.1
2023-08-07 08:37:35,463 [INFO] ThirdParty:1030 - CMSIS Pack Vendor :STMicroelectronics MBEDTLS 2.14.1
2023-08-07 08:37:35,463 [INFO] ThirdParty:1030 - CMSIS Pack Vendor :STMicroelectronics X-CUBE-EEPRMA1 4.1.0
2023-08-07 08:37:35,463 [INFO] ThirdParty:1030 - CMSIS Pack Vendor :portGmbH I-Cube-SoM-uGOAL 1.1.0
2023-08-07 08:37:35,463 [INFO] ThirdParty:1030 - CMSIS Pack Vendor :STMicroelectronics X-CUBE-ALS 1.0.1
2023-08-07 08:37:35,463 [INFO] ThirdParty:1030 - CMSIS Pack Vendor :STMicroelectronics ThreadX 1.0.0
2023-08-07 08:37:35,463 [INFO] ThirdParty:1030 - CMSIS Pack Vendor :STMicroelectronics X-CUBE-AZRTOS-WB 1.1.0
2023-08-07 08:37:35,463 [INFO] ThirdParty:1030 - CMSIS Pack Vendor :STMicroelectronics X-CUBE-AZRTOS-WL 2.0.0
2023-08-07 08:37:35,463 [INFO] ThirdParty:1030 - CMSIS Pack Vendor :SEGGER I-CUBE-embOS 1.3.1
2023-08-07 08:37:35,463 [INFO] ThirdParty:1030 - CMSIS Pack Vendor :STMicroelectronics USB_DEVICE 1.0.0
2023-08-07 08:37:35,463 [INFO] ThirdParty:1030 - CMSIS Pack Vendor :STMicroelectronics X-CUBE-AZRTOS-L4 2.0.0
2023-08-07 08:37:35,463 [INFO] ThirdParty:1030 - CMSIS Pack Vendor :STMicroelectronics ThreadX 0.0.2
2023-08-07 08:37:35,463 [INFO] ThirdParty:1030 - CMSIS Pack Vendor :WES I-CUBE-Cesium 1.3.0
2023-08-07 08:37:35,463 [INFO] ThirdParty:1030 - CMSIS Pack Vendor :STMicroelectronics FP-ATR-ASTRA1 2.0.0
2023-08-07 08:37:35,463 [INFO] ThirdParty:1030 - CMSIS Pack Vendor :STMicroelectronics lwIP 2.1.2
2023-08-07 08:37:35,463 [INFO] ThirdParty:1030 - CMSIS Pack Vendor :STMicroelectronics X-CUBE-SFXS2LP1 4.0.0
2023-08-07 08:37:35,463 [INFO] ThirdParty:1030 - CMSIS Pack Vendor :STMicroelectronics X-CUBE-BLE2 3.3.0
2023-08-07 08:37:35,463 [INFO] ThirdParty:1030 - CMSIS Pack Vendor :STMicroelectronics PDM2PCM 3.2.0
2023-08-07 08:37:35,463 [INFO] ThirdParty:841 - exiting critical section [change project]
2023-08-07 08:37:35,573 [INFO] PinOutPanel:1499 - setPackage(No Configuration,No Configuration)
2023-08-07 08:37:35,573 [INFO] PinOutPanel:1499 - setPackage(STM32L433RCTxP,LQFP64)
2023-08-07 08:37:35,916 [INFO] UtilMem:75 - Before build in PCC Used Memory: 759762776 Bytes (1073741824)
2023-08-07 08:37:36,120 [INFO] UtilMem:75 - After build in PCC Used Memory: 812021248 Bytes (1073741824)
2023-08-07 08:37:36,135 [INFO] IPUIPlugin:80 - create IPUIPlugin
2023-08-07 08:37:36,135 [INFO] IPUIPlugin:80 - create IPUIPlugin
2023-08-07 08:37:36,135 [INFO] IPUIPlugin:80 - create IPUIPlugin
2023-08-07 08:37:36,135 [INFO] IPUIPlugin:80 - create IPUIPlugin
2023-08-07 08:37:36,135 [INFO] IPUIPlugin:80 - create IPUIPlugin
2023-08-07 08:37:36,135 [INFO] IPUIPlugin:80 - create IPUIPlugin
2023-08-07 08:37:36,135 [INFO] IPUIPlugin:80 - create IPUIPlugin
2023-08-07 08:37:36,135 [INFO] IPUIPlugin:80 - create IPUIPlugin
2023-08-07 08:37:36,135 [INFO] IPUIPlugin:80 - create IPUIPlugin
2023-08-07 08:37:36,135 [INFO] IPUIPlugin:80 - create IPUIPlugin
2023-08-07 08:37:36,135 [INFO] IPUIPlugin:80 - create IPUIPlugin
2023-08-07 08:37:36,135 [INFO] IPUIPlugin:80 - create IPUIPlugin
2023-08-07 08:37:36,135 [INFO] IPUIPlugin:80 - create IPUIPlugin
2023-08-07 08:37:36,135 [INFO] IPUIPlugin:80 - create IPUIPlugin
2023-08-07 08:37:36,135 [INFO] IPUIPlugin:80 - create IPUIPlugin
2023-08-07 08:37:36,135 [INFO] IPUIPlugin:80 - create IPUIPlugin
2023-08-07 08:37:36,135 [INFO] IPUIPlugin:80 - create IPUIPlugin
2023-08-07 08:37:36,135 [INFO] IPUIPlugin:80 - create IPUIPlugin
2023-08-07 08:37:36,135 [INFO] IPUIPlugin:80 - create IPUIPlugin
2023-08-07 08:37:36,135 [INFO] IPUIPlugin:80 - create IPUIPlugin
2023-08-07 08:37:36,135 [INFO] IPUIPlugin:80 - create IPUIPlugin
2023-08-07 08:37:36,135 [INFO] IPUIPlugin:80 - create IPUIPlugin
2023-08-07 08:37:36,135 [INFO] IPUIPlugin:80 - create IPUIPlugin
2023-08-07 08:37:36,135 [INFO] IPUIPlugin:80 - create IPUIPlugin
2023-08-07 08:37:36,135 [INFO] IPUIPlugin:80 - create IPUIPlugin
2023-08-07 08:37:36,135 [INFO] IPUIPlugin:80 - create IPUIPlugin
2023-08-07 08:37:36,135 [INFO] IPUIPlugin:80 - create IPUIPlugin
2023-08-07 08:37:36,135 [INFO] IPUIPlugin:80 - create IPUIPlugin
2023-08-07 08:37:36,135 [INFO] IPUIPlugin:80 - create IPUIPlugin
2023-08-07 08:37:36,135 [INFO] IPUIPlugin:80 - create IPUIPlugin
2023-08-07 08:37:36,135 [INFO] IPUIPlugin:80 - create IPUIPlugin
2023-08-07 08:37:36,135 [INFO] IPUIPlugin:80 - create IPUIPlugin
2023-08-07 08:37:36,135 [INFO] IPUIPlugin:80 - create IPUIPlugin
2023-08-07 08:37:36,135 [INFO] IPUIPlugin:80 - create IPUIPlugin
2023-08-07 08:37:36,135 [INFO] IPUIPlugin:80 - create IPUIPlugin
2023-08-07 08:37:36,135 [INFO] IPUIPlugin:80 - create IPUIPlugin
2023-08-07 08:37:36,135 [INFO] IPUIPlugin:80 - create IPUIPlugin
2023-08-07 08:37:36,135 [INFO] IPUIPlugin:80 - create IPUIPlugin
2023-08-07 08:37:36,135 [INFO] IPUIPlugin:80 - create IPUIPlugin
2023-08-07 08:37:36,135 [INFO] IPUIPlugin:80 - create IPUIPlugin
2023-08-07 08:37:36,135 [INFO] IPUIPlugin:80 - create IPUIPlugin
2023-08-07 08:37:36,135 [INFO] IPUIPlugin:80 - create IPUIPlugin
2023-08-07 08:37:36,135 [INFO] IPUIPlugin:80 - create IPUIPlugin
2023-08-07 08:37:36,135 [INFO] IPUIPlugin:80 - create IPUIPlugin
2023-08-07 08:37:36,135 [INFO] IPUIPlugin:80 - create IPUIPlugin
2023-08-07 08:37:36,166 [INFO] CADModel:165 - CPN selected for project levelSTM32L433RCT6P
2023-08-07 08:37:36,166 [INFO] CADModel:114 - Register for checkConnection events
2023-08-07 08:37:36,229 [INFO] OpenFileManager:328 - Restore cursor
