2023-07-12 16:12:14,237 [INFO] NvicIntPanel:101 - NVIC parent = com.st.microxplorer.plugins.ip.nvic.MultiNvicIntPanel[,0,0,0x0,invalid,layout=javax.swing.BoxLayout,alignmentX=0.0,alignmentY=0.0,border=,flags=9,maximumSize=,minimumSize=,preferredSize=]
2023-07-12 16:12:27,496 [INFO] UtilMem:75 - End SaveConfig() Used Memory: 744908744 Bytes (1073741824)
2023-07-12 16:15:30,259 [INFO] Activator:176 - 


2023-07-12 16:15:30,259 [INFO] Activator:177 - !SESSION log4j initialized
2023-07-12 16:15:36,257 [INFO] LogOutputStream:77 - [STDOUT_REDIRECT] 
2023-07-12 16:15:58,563 [ERROR] LogOutputStream:75 - [STDERR_REDIRECT] SLF4J: Failed to load class "org.slf4j.impl.StaticLoggerBinder".
2023-07-12 16:15:58,563 [ERROR] LogOutputStream:75 - [STDERR_REDIRECT] SLF4J: Defaulting to no-operation (NOP) logger implementation
2023-07-12 16:15:58,563 [ERROR] LogOutputStream:75 - [STDERR_REDIRECT] SLF4J: See http://www.slf4j.org/codes.html#StaticLoggerBinder for further details.
2023-07-12 16:16:04,577 [INFO] ApplicationProperties:184 - Using Application install path: C:\ST\STM32CubeIDE_1.12.1\STM32CubeIDE\plugins\com.st.stm32cube.common.mx_6.8.1.202304191431
2023-07-12 16:16:04,608 [INFO] DbMcusXml:78 - Set database path to: C:\ST\STM32CubeIDE_1.12.1\STM32CubeIDE\plugins\com.st.stm32cube.common.mx_6.8.1.202304191431\\db\/mcu/
2023-07-12 16:16:04,608 [INFO] ApiDb:274 - Set plugin database path to: C:\ST\STM32CubeIDE_1.12.1\STM32CubeIDE\plugins\com.st.stm32cube.common.mx_6.8.1.202304191431\\db\/plugins/boardmanager/
2023-07-12 16:16:04,608 [WARN] ApiDb:259 - Overriding images path with different value:  => C:\ST\STM32CubeIDE_1.12.1\STM32CubeIDE\plugins\com.st.stm32cube.common.mx_6.8.1.202304191431\\db\/plugins/mcufinder/images/
2023-07-12 16:16:04,655 [INFO] ApiDb:250 - Set database path to: C:\Users\ARGE-PC1\.stmcufinder\plugins\mcufinder//mcu/
2023-07-12 16:16:04,655 [INFO] DbMcusAds:125 - Set database path to: C:\Users\ARGE-PC1\.stmcufinder\plugins\mcufinder//mcu/
2023-07-12 16:16:04,671 [INFO] CrossReferenceDbSqlite:203 - Set database path to: C:\Users\ARGE-PC1\.stmcufinder\plugins\mcufinder//mcu/cs/
2023-07-12 16:16:04,827 [INFO] RulesReader:64 - Compatibility file has been processed (293 Rules)
2023-07-12 16:16:04,952 [INFO] DbMcusXml:78 - Set database path to: C:\ST\STM32CubeIDE_1.12.1\STM32CubeIDE\plugins\com.st.stm32cube.common.mx_6.8.1.202304191431\\db\/mcu/
2023-07-12 16:16:04,952 [INFO] ApiDb:274 - Set plugin database path to: C:\ST\STM32CubeIDE_1.12.1\STM32CubeIDE\plugins\com.st.stm32cube.common.mx_6.8.1.202304191431\\db\/plugins/boardmanager/
2023-07-12 16:16:04,952 [INFO] ApiDb:261 - Set plugin images path to: C:\ST\STM32CubeIDE_1.12.1\STM32CubeIDE\plugins\com.st.stm32cube.common.mx_6.8.1.202304191431\\db\/plugins/mcufinder/images/
2023-07-12 16:16:04,952 [WARN] DbFile:41 - Overriding database path with different value: C:\Users\ARGE-PC1\.stmcufinder\plugins\mcufinder/ => C:\Users\ARGE-PC1\.stmcufinder\plugins\mcufinder
2023-07-12 16:16:04,952 [INFO] ApiDb:250 - Set database path to: C:\Users\ARGE-PC1\.stmcufinder\plugins\mcufinder//mcu/
2023-07-12 16:16:04,952 [WARN] DbFile:41 - Overriding database path with different value: C:\Users\ARGE-PC1\.stmcufinder\plugins\mcufinder/ => C:\Users\ARGE-PC1\.stmcufinder\plugins\mcufinder
2023-07-12 16:16:04,952 [INFO] DbMcusAds:125 - Set database path to: C:\Users\ARGE-PC1\.stmcufinder\plugins\mcufinder//mcu/
2023-07-12 16:16:04,952 [WARN] DbFile:41 - Overriding database path with different value: C:\Users\ARGE-PC1\.stmcufinder\plugins\mcufinder/ => C:\Users\ARGE-PC1\.stmcufinder\plugins\mcufinder
2023-07-12 16:16:04,952 [WARN] DbFile:41 - Overriding database path with different value: C:\Users\ARGE-PC1\.stmcufinder\plugins\mcufinder/ => C:\Users\ARGE-PC1\.stmcufinder\plugins\mcufinder
2023-07-12 16:16:04,952 [INFO] CrossReferenceDbSqlite:203 - Set database path to: C:\Users\ARGE-PC1\.stmcufinder\plugins\mcufinder//mcu/cs/
2023-07-12 16:16:05,061 [INFO] MainPanel:253 - HeapMemory: 281018368
2023-07-12 16:16:05,264 [INFO] DbMcusXml:78 - Set database path to: C:\ST\STM32CubeIDE_1.12.1\STM32CubeIDE\plugins\com.st.stm32cube.common.mx_6.8.1.202304191431\\db\/mcu/
2023-07-12 16:16:05,264 [INFO] ApiDb:274 - Set plugin database path to: C:\ST\STM32CubeIDE_1.12.1\STM32CubeIDE\plugins\com.st.stm32cube.common.mx_6.8.1.202304191431\\db\/plugins/boardmanager/
2023-07-12 16:16:05,264 [INFO] ApiDb:261 - Set plugin images path to: C:\ST\STM32CubeIDE_1.12.1\STM32CubeIDE\plugins\com.st.stm32cube.common.mx_6.8.1.202304191431\\db\/plugins/mcufinder/images/
2023-07-12 16:16:05,264 [WARN] DbFile:41 - Overriding database path with different value: C:\Users\ARGE-PC1\.stmcufinder\plugins\mcufinder/ => C:\Users\ARGE-PC1\.stmcufinder\plugins\mcufinder
2023-07-12 16:16:05,264 [INFO] ApiDb:250 - Set database path to: C:\Users\ARGE-PC1\.stmcufinder\plugins\mcufinder//mcu/
2023-07-12 16:16:05,264 [WARN] DbFile:41 - Overriding database path with different value: C:\Users\ARGE-PC1\.stmcufinder\plugins\mcufinder/ => C:\Users\ARGE-PC1\.stmcufinder\plugins\mcufinder
2023-07-12 16:16:05,264 [INFO] DbMcusAds:125 - Set database path to: C:\Users\ARGE-PC1\.stmcufinder\plugins\mcufinder//mcu/
2023-07-12 16:16:05,264 [WARN] DbFile:41 - Overriding database path with different value: C:\Users\ARGE-PC1\.stmcufinder\plugins\mcufinder/ => C:\Users\ARGE-PC1\.stmcufinder\plugins\mcufinder
2023-07-12 16:16:05,264 [WARN] DbFile:41 - Overriding database path with different value: C:\Users\ARGE-PC1\.stmcufinder\plugins\mcufinder/ => C:\Users\ARGE-PC1\.stmcufinder\plugins\mcufinder
2023-07-12 16:16:05,264 [INFO] CrossReferenceDbSqlite:203 - Set database path to: C:\Users\ARGE-PC1\.stmcufinder\plugins\mcufinder//mcu/cs/
2023-07-12 16:16:05,280 [INFO] ApplicationProperties:184 - Using Application install path: C:\ST\STM32CubeIDE_1.12.1\STM32CubeIDE\plugins\com.st.stm32cube.common.mx_6.8.1.202304191431
2023-07-12 16:16:05,280 [INFO] PluginManage:196 - Search for loadable plugins [exclusion list=, ]
2023-07-12 16:16:05,280 [INFO] PluginManage:310 - Check plugin analytics
2023-07-12 16:16:05,467 [INFO] AnalyticsPlugin:253 - Accepted Software Licenses: STM32CubeMX.6.8.1
2023-07-12 16:16:05,467 [INFO] AnalyticsPlugin:255 - Accepted CMSIS Pack Licenses: 
2023-07-12 16:16:05,467 [INFO] AnalyticsPlugin:257 - Accepted Firmware Licenses: 
2023-07-12 16:16:05,467 [INFO] PluginManage:359 - Loaded plugin analytics (category:tool,tabindex:-1)
2023-07-12 16:16:05,467 [INFO] PluginManage:310 - Check plugin cadmodel
2023-07-12 16:16:05,483 [INFO] CADModel:105 - Init CAD model plugin
2023-07-12 16:16:05,483 [INFO] PluginManage:359 - Loaded plugin cadmodel (category:power,tabindex:5)
2023-07-12 16:16:05,483 [INFO] PluginManage:310 - Check plugin clock
2023-07-12 16:16:05,514 [INFO] PluginManage:359 - Loaded plugin clock (category:base,tabindex:2)
2023-07-12 16:16:05,514 [INFO] PluginManage:310 - Check plugin ddr
2023-07-12 16:16:05,514 [INFO] PluginManage:359 - Loaded plugin ddr (category:tool,tabindex:6)
2023-07-12 16:16:05,514 [INFO] PluginManage:310 - Check plugin filemanager
2023-07-12 16:16:05,749 [INFO] PluginManage:359 - Loaded plugin filemanager (category:base,tabindex:10)
2023-07-12 16:16:05,749 [INFO] PluginManage:310 - Check plugin ipmanager
2023-07-12 16:16:05,749 [INFO] PluginManage:359 - Loaded plugin ipmanager (category:base,tabindex:5)
2023-07-12 16:16:05,749 [INFO] PluginManage:310 - Check plugin lpbam
2023-07-12 16:16:05,780 [INFO] PluginManage:359 - Loaded plugin lpbam (category:base,tabindex:0)
2023-07-12 16:16:05,780 [INFO] PluginManage:310 - Check plugin pinoutandconfiguration
2023-07-12 16:16:05,795 [INFO] PluginManage:359 - Loaded plugin pinoutandconfiguration (category:base,tabindex:1)
2023-07-12 16:16:05,795 [INFO] PluginManage:310 - Check plugin pinoutconfig
2023-07-12 16:16:05,920 [WARN] SupportedApi:132 - Cannot load RTOS API schema: s4s-elt-must-match.1: The content of 'definitions' must match (annotation?, (simpleType | complexType)?, (unique | key | keyref)*)). A problem was found starting at: attribute.
2023-07-12 16:16:06,123 [INFO] PluginManage:359 - Loaded plugin pinoutconfig (category:base,tabindex:0)
2023-07-12 16:16:06,123 [INFO] PluginManage:310 - Check plugin power
2023-07-12 16:16:06,155 [INFO] PluginManage:359 - Loaded plugin power (category:power,tabindex:4)
2023-07-12 16:16:06,155 [INFO] PluginManage:310 - Check plugin projectmanager
2023-07-12 16:16:06,170 [INFO] PluginManage:359 - Loaded plugin projectmanager (category:projectmanager,tabindex:3)
2023-07-12 16:16:06,170 [INFO] PluginManage:310 - Check plugin thirdparty
2023-07-12 16:16:06,530 [INFO] PluginManage:359 - Loaded plugin thirdparty (category:base,tabindex:-1)
2023-07-12 16:16:06,530 [WARN] IntegrityCheckThread:84 - waiting for thirdparty lock release [integrity check]
2023-07-12 16:16:06,530 [INFO] PluginManage:310 - Check plugin tools
2023-07-12 16:16:06,530 [INFO] IntegrityCheckThread:86 - entering critical section [integrity check]
2023-07-12 16:16:06,530 [INFO] ThirdPartyUpdaterWithRetryManager:70 - Updater plugin not ready yet. [1/15]
2023-07-12 16:16:06,576 [INFO] PluginManage:359 - Loaded plugin tools (category:base,tabindex:7)
2023-07-12 16:16:06,576 [INFO] PluginManage:310 - Check plugin tutovideos
2023-07-12 16:16:06,905 [INFO] PluginManage:359 - Loaded plugin tutovideos (category:base,tabindex:-1)
2023-07-12 16:16:06,936 [INFO] PluginManage:310 - Check plugin updater
2023-07-12 16:16:06,967 [INFO] PluginManage:359 - Loaded plugin updater (category:base,tabindex:12)
2023-07-12 16:16:06,967 [INFO] PluginManage:283 - PluginManage : Loaded plugins [15]
2023-07-12 16:16:07,451 [INFO] PinOutPanel:1499 - setPackage(No Configuration,No Configuration)
2023-07-12 16:16:07,561 [INFO] CADModel:165 - CPN selected for project level
2023-07-12 16:16:07,561 [INFO] CADModel:114 - Register for checkConnection events
2023-07-12 16:16:07,639 [INFO] IPUIPlugin:80 - create IPUIPlugin
2023-07-12 16:16:07,639 [INFO] PluginManager:220 - loadIPPluginJar : add adc
2023-07-12 16:16:07,686 [INFO] IPUIPlugin:80 - create IPUIPlugin
2023-07-12 16:16:07,686 [INFO] PluginManager:220 - loadIPPluginJar : add aes
2023-07-12 16:16:07,748 [INFO] IPUIPlugin:80 - create IPUIPlugin
2023-07-12 16:16:07,748 [INFO] PluginManager:220 - loadIPPluginJar : add can
2023-07-12 16:16:07,795 [INFO] IPUIPlugin:80 - create IPUIPlugin
2023-07-12 16:16:07,795 [INFO] PluginManager:220 - loadIPPluginJar : add comp
2023-07-12 16:16:07,842 [INFO] IPUIPlugin:80 - create IPUIPlugin
2023-07-12 16:16:07,842 [INFO] PluginManager:220 - loadIPPluginJar : add cryp
2023-07-12 16:16:07,889 [INFO] IPUIPlugin:80 - create IPUIPlugin
2023-07-12 16:16:07,889 [INFO] PluginManager:220 - loadIPPluginJar : add dfsdm
2023-07-12 16:16:07,904 [INFO] IPUIPlugin:80 - create IPUIPlugin
2023-07-12 16:16:07,904 [INFO] PluginManager:220 - loadIPPluginJar : add dma
2023-07-12 16:16:07,982 [INFO] IPUIPlugin:80 - create IPUIPlugin
2023-07-12 16:16:07,982 [INFO] PluginManager:220 - loadIPPluginJar : add dma3
2023-07-12 16:16:08,014 [INFO] IPUIPlugin:80 - create IPUIPlugin
2023-07-12 16:16:08,014 [INFO] PluginManager:220 - loadIPPluginJar : add fatfs
2023-07-12 16:16:08,076 [INFO] IPUIPlugin:80 - create IPUIPlugin
2023-07-12 16:16:08,076 [INFO] PluginManager:220 - loadIPPluginJar : add fmc
2023-07-12 16:16:08,092 [INFO] IPUIPlugin:80 - create IPUIPlugin
2023-07-12 16:16:08,092 [INFO] PluginManager:220 - loadIPPluginJar : add freertos
2023-07-12 16:16:08,107 [INFO] IPUIPlugin:80 - create IPUIPlugin
2023-07-12 16:16:08,107 [INFO] PluginManager:220 - loadIPPluginJar : add genericplugin
2023-07-12 16:16:08,217 [INFO] IPUIPlugin:80 - create IPUIPlugin
2023-07-12 16:16:08,217 [INFO] PluginManager:220 - loadIPPluginJar : add gfxmmu
2023-07-12 16:16:08,357 [INFO] IPUIPlugin:80 - create IPUIPlugin
2023-07-12 16:16:08,357 [INFO] PluginManager:220 - loadIPPluginJar : add gic
2023-07-12 16:16:08,373 [INFO] IPUIPlugin:80 - create IPUIPlugin
2023-07-12 16:16:08,373 [INFO] PluginManager:220 - loadIPPluginJar : add gpio
2023-07-12 16:16:08,467 [INFO] IPUIPlugin:80 - create IPUIPlugin
2023-07-12 16:16:08,467 [INFO] PluginManager:220 - loadIPPluginJar : add gtzc
2023-07-12 16:16:08,498 [INFO] IPUIPlugin:80 - create IPUIPlugin
2023-07-12 16:16:08,498 [INFO] PluginManager:220 - loadIPPluginJar : add hash
2023-07-12 16:16:08,560 [INFO] IPUIPlugin:80 - create IPUIPlugin
2023-07-12 16:16:08,560 [INFO] PluginManager:220 - loadIPPluginJar : add i2c
2023-07-12 16:16:08,607 [INFO] IPUIPlugin:80 - create IPUIPlugin
2023-07-12 16:16:08,607 [INFO] PluginManager:220 - loadIPPluginJar : add i2s
2023-07-12 16:16:08,654 [INFO] IPUIPlugin:80 - create IPUIPlugin
2023-07-12 16:16:08,654 [INFO] PluginManager:220 - loadIPPluginJar : add i3c
2023-07-12 16:16:08,779 [INFO] IPUIPlugin:80 - create IPUIPlugin
2023-07-12 16:16:08,779 [INFO] PluginManager:220 - loadIPPluginJar : add ipddr
2023-07-12 16:16:08,873 [INFO] IPUIPlugin:80 - create IPUIPlugin
2023-07-12 16:16:08,873 [INFO] PluginManager:220 - loadIPPluginJar : add linkedlist
2023-07-12 16:16:08,920 [INFO] IPUIPlugin:80 - create IPUIPlugin
2023-07-12 16:16:08,920 [INFO] PluginManager:220 - loadIPPluginJar : add lorawan
2023-07-12 16:16:08,967 [INFO] IPUIPlugin:80 - create IPUIPlugin
2023-07-12 16:16:08,967 [INFO] PluginManager:220 - loadIPPluginJar : add ltdc
2023-07-12 16:16:08,967 [INFO] IPUIPlugin:80 - create IPUIPlugin
2023-07-12 16:16:08,967 [INFO] PluginManager:220 - loadIPPluginJar : add mdma
2023-07-12 16:16:08,998 [INFO] IPUIPlugin:80 - create IPUIPlugin
2023-07-12 16:16:08,998 [INFO] PluginManager:220 - loadIPPluginJar : add nvic
2023-07-12 16:16:09,045 [INFO] IPUIPlugin:80 - create IPUIPlugin
2023-07-12 16:16:09,045 [INFO] PluginManager:220 - loadIPPluginJar : add opamp
2023-07-12 16:16:09,107 [INFO] IPUIPlugin:80 - create IPUIPlugin
2023-07-12 16:16:09,107 [INFO] PluginManager:220 - loadIPPluginJar : add openamp
2023-07-12 16:16:09,154 [INFO] IPUIPlugin:80 - create IPUIPlugin
2023-07-12 16:16:09,154 [INFO] PluginManager:220 - loadIPPluginJar : add pdm2pcm
2023-07-12 16:16:09,170 [INFO] IPUIPlugin:80 - create IPUIPlugin
2023-07-12 16:16:09,170 [INFO] PluginManager:220 - loadIPPluginJar : add plateformsettings
2023-07-12 16:16:09,201 [INFO] IPUIPlugin:80 - create IPUIPlugin
2023-07-12 16:16:09,201 [INFO] PluginManager:220 - loadIPPluginJar : add quadspi
2023-07-12 16:16:09,201 [INFO] IPUIPlugin:80 - create IPUIPlugin
2023-07-12 16:16:09,201 [INFO] PluginManager:220 - loadIPPluginJar : add resmgrutility
2023-07-12 16:16:09,263 [INFO] IPUIPlugin:80 - create IPUIPlugin
2023-07-12 16:16:09,263 [INFO] PluginManager:220 - loadIPPluginJar : add sai
2023-07-12 16:16:09,295 [INFO] IPUIPlugin:80 - create IPUIPlugin
2023-07-12 16:16:09,295 [INFO] PluginManager:220 - loadIPPluginJar : add spi
2023-07-12 16:16:09,373 [INFO] IPUIPlugin:80 - create IPUIPlugin
2023-07-12 16:16:09,373 [INFO] PluginManager:220 - loadIPPluginJar : add stm32_wpan
2023-07-12 16:16:09,404 [INFO] IPUIPlugin:80 - create IPUIPlugin
2023-07-12 16:16:09,404 [INFO] PluginManager:220 - loadIPPluginJar : add tim
2023-07-12 16:16:09,451 [INFO] IPUIPlugin:80 - create IPUIPlugin
2023-07-12 16:16:09,451 [INFO] PluginManager:220 - loadIPPluginJar : add touchsensing
2023-07-12 16:16:09,482 [INFO] IPUIPlugin:80 - create IPUIPlugin
2023-07-12 16:16:09,482 [INFO] PluginManager:220 - loadIPPluginJar : add tracer_emb
2023-07-12 16:16:09,513 [INFO] IPUIPlugin:80 - create IPUIPlugin
2023-07-12 16:16:09,513 [INFO] PluginManager:220 - loadIPPluginJar : add ts
2023-07-12 16:16:09,529 [INFO] IPUIPlugin:80 - create IPUIPlugin
2023-07-12 16:16:09,529 [INFO] PluginManager:220 - loadIPPluginJar : add tsc
2023-07-12 16:16:09,545 [INFO] ThirdPartyUpdaterWithRetryManager:70 - Updater plugin not ready yet. [2/15]
2023-07-12 16:16:09,545 [INFO] IPUIPlugin:80 - create IPUIPlugin
2023-07-12 16:16:09,545 [INFO] PluginManager:220 - loadIPPluginJar : add ucpd
2023-07-12 16:16:09,591 [INFO] IPUIPlugin:80 - create IPUIPlugin
2023-07-12 16:16:09,591 [INFO] PluginManager:220 - loadIPPluginJar : add usart
2023-07-12 16:16:09,638 [INFO] IPUIPlugin:80 - create IPUIPlugin
2023-07-12 16:16:09,638 [INFO] PluginManager:220 - loadIPPluginJar : add usbx
2023-07-12 16:16:09,792 [INFO] CADModel:165 - CPN selected for project level
2023-07-12 16:16:09,792 [INFO] CADModel:114 - Register for checkConnection events
2023-07-12 16:16:09,792 [FATAL] Updater:308 - Updater called before beeing initialized
2023-07-12 16:16:09,792 [ERROR] CADModel:125 - Updater not yet initialized, retry later 
2023-07-12 16:16:09,964 [INFO] CADModel:165 - CPN selected for project level
2023-07-12 16:16:09,964 [INFO] CADModel:114 - Register for checkConnection events
2023-07-12 16:16:09,964 [FATAL] Updater:308 - Updater called before beeing initialized
2023-07-12 16:16:09,964 [ERROR] CADModel:125 - Updater not yet initialized, retry later 
2023-07-12 16:16:09,964 [FATAL] Updater:308 - Updater called before beeing initialized
2023-07-12 16:16:10,152 [FATAL] Updater:308 - Updater called before beeing initialized
2023-07-12 16:16:10,167 [INFO] DbMcusAds:53 - JSON generation date=Tue Mar 07 11:50:55 TRT 2023 (1678179055335)
2023-07-12 16:16:10,167 [FATAL] Updater:308 - Updater called before beeing initialized
2023-07-12 16:16:10,261 [WARN] DetailPanel:346 - Failed to get advertising image, set to default
2023-07-12 16:16:10,417 [FATAL] Updater:308 - Updater called before beeing initialized
2023-07-12 16:16:10,417 [FATAL] Updater:308 - Updater called before beeing initialized
2023-07-12 16:16:10,417 [FATAL] Updater:308 - Updater called before beeing initialized
2023-07-12 16:16:10,417 [WARN] DetailPanel:346 - Failed to get advertising image, set to default
2023-07-12 16:16:10,417 [FATAL] Updater:308 - Updater called before beeing initialized
2023-07-12 16:16:10,511 [ERROR] Updater:1120 - MainUpdater not yet initialized. External WinMGr cannot be set.
2023-07-12 16:16:10,526 [INFO] Updater:1056 - Updater Version found : 6.8.1
2023-07-12 16:16:10,558 [INFO] ApplicationProperties:184 - Using Application install path: C:\ST\STM32CubeIDE_1.12.1\STM32CubeIDE\plugins\com.st.stm32cube.common.mx_6.8.1.202304191431
2023-07-12 16:16:10,714 [INFO] MainUpdater:2854 - connection check result : 10
2023-07-12 16:16:10,730 [INFO] MainUpdater:283 - Updater Check For Update Now.
2023-07-12 16:16:10,730 [INFO] MicroXplorer:498 - Change Database Version : DB.6.0.81
2023-07-12 16:16:10,949 [INFO] CheckServerUpdateThread:120 - End of CheckServer Thread
2023-07-12 16:16:10,980 [INFO] MainUpdater:2854 - connection check result : 10
2023-07-12 16:16:10,980 [INFO] MainUpdater:2854 - connection check result : 10
2023-07-12 16:16:11,155 [INFO] MicroXplorer:468 - Change Database Path : 
2023-07-12 16:16:11,155 [INFO] MicroXplorer:498 - Change Database Version : DB.6.0.81
2023-07-12 16:16:11,155 [WARN] ThirdParty:871 - waiting for thirdparty lock release [close project]
2023-07-12 16:16:12,702 [WARN] PackLoader:240 - Cannot read IP mode file for STMicroelectronics.X-CUBE-GNSS1.6.0.0
2023-07-12 16:16:12,749 [WARN] PackLoader:240 - Cannot read IP mode file for STMicroelectronics.X-CUBE-AZRTOS-F4.1.1.0
2023-07-12 16:16:12,780 [WARN] PackLoader:240 - Cannot read IP mode file for STMicroelectronics.X-CUBE-SMBUS.2.1.0
2023-07-12 16:16:12,812 [WARN] PackLoader:240 - Cannot read IP mode file for STMicroelectronics.X-CUBE-AZRTOS-F7.1.1.0
2023-07-12 16:16:12,905 [WARN] PackLoader:240 - Cannot read IP mode file for STMicroelectronics.X-CUBE-MEMS1.9.6.0
2023-07-12 16:16:13,171 [WARN] PackLoader:240 - Cannot read IP mode file for STMicroelectronics.FP-SNS-MOTENV1.4.3.2
2023-07-12 16:16:13,187 [WARN] PackLoader:240 - Cannot read IP mode file for STMicroelectronics.FP-SNS-FLIGHT1.5.0.1
2023-07-12 16:16:13,202 [WARN] PackLoader:240 - Cannot read IP mode file for STMicroelectronics.X-CUBE-BLE1.6.2.4
2023-07-12 16:16:13,233 [WARN] PackLoader:240 - Cannot read IP mode file for STMicroelectronics.X-CUBE-BLEMGR.2.0.0
2023-07-12 16:16:13,280 [WARN] ConditionMgr:438 - getConditionDescription Invalid condition id : UX DEVICE CLASS RTOS Condition cause : null
2023-07-12 16:16:13,280 [WARN] ConditionMgr:438 - getConditionDescription Invalid condition id : UX DEVICE CLASS RTOS Condition cause : null
2023-07-12 16:16:13,280 [WARN] PackLoader:240 - Cannot read IP mode file for STMicroelectronics.X-CUBE-AZRTOS-H7.3.1.0
2023-07-12 16:16:13,280 [WARN] ConditionMgr:1039 - genDependencies : Invalid condition id : UX DEVICE CLASS RTOS Condition cause : null
2023-07-12 16:16:13,280 [WARN] ConditionMgr:1039 - genDependencies : Invalid condition id : UX DEVICE CLASS RTOS Condition cause : null
2023-07-12 16:16:13,280 [WARN] ConditionMgr:1039 - genDependencies : Invalid condition id : UX DEVICE CLASS RTOS Condition cause : null
2023-07-12 16:16:13,280 [WARN] ConditionMgr:1039 - genDependencies : Invalid condition id : UX DEVICE CLASS RTOS Condition cause : null
2023-07-12 16:16:13,280 [WARN] ConditionMgr:1039 - genDependencies : Invalid condition id : UX DEVICE CLASS RTOS Condition cause : null
2023-07-12 16:16:13,296 [WARN] PackLoader:240 - Cannot read IP mode file for STMicroelectronics.X-CUBE-DISPLAY.3.0.0
2023-07-12 16:16:13,327 [WARN] PackLoader:240 - Cannot read IP mode file for emotas.I-CUBE-CANOPEN.1.3.0
2023-07-12 16:16:13,358 [WARN] PackLoader:240 - Cannot read IP mode file for STMicroelectronics.X-CUBE-TOUCHGFX.4.22.0
2023-07-12 16:16:13,374 [WARN] PackLoader:240 - Cannot read IP mode file for STMicroelectronics.X-CUBE-NFC7.1.0.1
2023-07-12 16:16:13,405 [WARN] PackLoader:240 - Cannot read IP mode file for STMicroelectronics.X-CUBE-EEPRMA1.4.1.0
2023-07-12 16:16:13,436 [INFO] LogOutputStream:77 - [STDOUT_REDIRECT] 1 : Invalid condition id : UX_CORESTACK_Condition cause : null
2023-07-12 16:16:13,436 [INFO] LogOutputStream:77 - [STDOUT_REDIRECT] 1 : Invalid condition id : UX_CORESTACK_Condition cause : null
2023-07-12 16:16:13,436 [INFO] LogOutputStream:77 - [STDOUT_REDIRECT] 1 : Invalid condition id : UX_CORESTACK_Condition cause : null
2023-07-12 16:16:13,436 [INFO] LogOutputStream:77 - [STDOUT_REDIRECT] 1 : Invalid condition id : UX_CORESTACK_Condition cause : null
2023-07-12 16:16:13,436 [INFO] LogOutputStream:77 - [STDOUT_REDIRECT] 1 : Invalid condition id : UX_CORESTACK_Condition cause : null
2023-07-12 16:16:13,436 [WARN] PackLoader:240 - Cannot read IP mode file for STMicroelectronics.X-CUBE-AZRTOS-WL.2.0.0
2023-07-12 16:16:13,499 [WARN] ConditionMgr:438 - getConditionDescription Invalid condition id : LAN8742 Phy interface Condition cause : null
2023-07-12 16:16:13,499 [WARN] PackLoader:240 - Cannot read IP mode file for STMicroelectronics.X-CUBE-AZRTOS-L4.2.0.0
2023-07-12 16:16:13,499 [WARN] ConditionMgr:1039 - genDependencies : Invalid condition id : LAN8742 Phy interface Condition cause : null
2023-07-12 16:16:13,499 [WARN] ConditionMgr:1039 - genDependencies : Invalid condition id : LAN8742 Phy interface Condition cause : null
2023-07-12 16:16:13,499 [WARN] ConditionMgr:1039 - genDependencies : Invalid condition id : LAN8742 Phy interface Condition cause : null
2023-07-12 16:16:13,515 [WARN] PackLoader:240 - Cannot read IP mode file for WES.I-CUBE-Cesium.1.3.0
2023-07-12 16:16:13,546 [WARN] PackLoader:240 - Cannot read IP mode file for STMicroelectronics.X-CUBE-SFXS2LP1.4.0.0
2023-07-12 16:16:13,561 [WARN] PackLoader:240 - Cannot read IP mode file for STMicroelectronics.X-CUBE-BLE2.3.3.0
2023-07-12 16:16:13,593 [WARN] PackLoader:240 - Cannot read IP mode file for STMicroelectronics.X-CUBE-ISPU.1.1.0
2023-07-12 16:16:13,608 [WARN] PackLoader:240 - Cannot read IP mode file for STMicroelectronics.X-CUBE-FREERTOS.1.0.1
2023-07-12 16:16:13,624 [WARN] PackLoader:240 - Cannot read IP mode file for STMicroelectronics.X-CUBE-ALGOBUILD.1.3.0
2023-07-12 16:16:13,671 [WARN] PackLoader:240 - Cannot read IP mode file for STMicroelectronics.X-CUBE-AZRTOS-L5.1.1.0
2023-07-12 16:16:13,702 [WARN] PackLoader:240 - Cannot read IP mode file for STMicroelectronics.X-CUBE-AZRTOS-G0.1.1.0
2023-07-12 16:16:13,718 [WARN] PackLoader:240 - Cannot read IP mode file for STMicroelectronics.X-CUBE-AI.8.0.1
2023-07-12 16:16:13,749 [WARN] PackLoader:240 - Cannot read IP mode file for STMicroelectronics.X-CUBE-SUBG2.5.0.0
2023-07-12 16:16:13,765 [WARN] PackLoader:240 - Cannot read IP mode file for STMicroelectronics.X-CUBE-NFC4.3.0.0
2023-07-12 16:16:13,827 [WARN] PackLoader:240 - Cannot read IP mode file for STMicroelectronics.X-CUBE-AZRTOS-G4.2.0.0
2023-07-12 16:16:13,874 [WARN] PackLoader:240 - Cannot read IP mode file for STMicroelectronics.X-CUBE-TOF1.3.3.0
2023-07-12 16:16:13,905 [WARN] PackLoader:240 - Cannot read IP mode file for STMicroelectronics.FP-ATR-SIGFOX1.3.2.0
2023-07-12 16:16:13,921 [WARN] PackLoader:240 - Cannot read IP mode file for portGmbH.I-Cube-SoM-uGOAL.1.1.0
2023-07-12 16:16:13,952 [WARN] PackLoader:240 - Cannot read IP mode file for STMicroelectronics.X-CUBE-ALS.1.0.1
2023-07-12 16:16:13,983 [WARN] PackLoader:240 - Cannot read IP mode file for STMicroelectronics.X-CUBE-AZRTOS-WB.1.1.0
2023-07-12 16:16:14,061 [WARN] PackLoader:240 - Cannot read IP mode file for SEGGER.I-CUBE-embOS.1.3.1
2023-07-12 16:16:14,139 [WARN] PackLoader:240 - Cannot read IP mode file for STMicroelectronics.FP-ATR-ASTRA1.2.0.0
2023-07-12 16:16:14,155 [INFO] ThirdParty:978 - Integrity check success = true
2023-07-12 16:16:14,155 [INFO] IntegrityCheckThread:100 - exiting critical section [integrity check]
2023-07-12 16:16:14,155 [INFO] IntegrityCheckThread:103 - End integrity checks thread
2023-07-12 16:16:14,155 [INFO] ThirdParty:873 - entering critical section [close project]
2023-07-12 16:16:14,155 [INFO] ThirdParty:883 - exiting critical section [close project]
2023-07-12 16:16:14,155 [INFO] PinOutPanel:1499 - setPackage(No Configuration,No Configuration)
2023-07-12 16:16:14,171 [INFO] UtilMem:75 - Begin LoadConfig() Used Memory: 331549416 Bytes (559939584)
2023-07-12 16:16:14,171 [INFO] MicroXplorer:468 - Change Database Path : 
2023-07-12 16:16:14,171 [INFO] MicroXplorer:498 - Change Database Version : DB.6.0.81
2023-07-12 16:16:14,171 [INFO] OpenFileManager:308 - Change cursor
2023-07-12 16:16:14,237 [INFO] Mcu:1937 - Initializing MCU STM32L433RCTxP STM32L433RCTxP STM32L433RCT6P
2023-07-12 16:16:16,451 [INFO] Context:659 - Trying to add GPIOservice into a context  which must be forbidden
2023-07-12 16:16:17,810 [INFO] RtosManager:555 - Registered RTOS mode: class=CMSIS, group=RTOS, mode=CMSIS_V1, owner=FREERTOS
2023-07-12 16:16:17,810 [INFO] RtosManager:555 - Registered RTOS mode: class=CMSIS, group=RTOS2, mode=CMSIS_V2, owner=FREERTOS
2023-07-12 16:16:17,810 [INFO] RtosManager:555 - Registered RTOS mode: class=RTOS, group=Core, mode=CMSIS_V1, owner=FREERTOS
2023-07-12 16:16:17,810 [INFO] RtosManager:555 - Registered RTOS mode: class=RTOS, group=Core, mode=CMSIS_V2, owner=FREERTOS
2023-07-12 16:16:17,810 [WARN] ModelIntegratedComponent:184 - Missing modes for component STMicroelectronics:FreeRTOS:0.0.1:STMicroelectronics:RTOS:FreeRTOS:Core:::10.2.0:
2023-07-12 16:16:17,841 [WARN] ModelIntegratedComponent:63 - No mode defined for component null
2023-07-12 16:16:17,841 [WARN] ModelIntegratedComponent:63 - No mode defined for component null
2023-07-12 16:16:17,841 [WARN] ModelIntegratedComponent:63 - No mode defined for component null
2023-07-12 16:16:17,841 [WARN] ModelIntegratedComponent:63 - No mode defined for component null
2023-07-12 16:16:17,841 [WARN] ModelIntegratedComponent:63 - No mode defined for component null
2023-07-12 16:16:17,841 [WARN] ModelIntegratedComponent:63 - No mode defined for component null
2023-07-12 16:16:17,841 [WARN] ModelIntegratedComponent:63 - No mode defined for component null
2023-07-12 16:16:17,841 [WARN] ModelIntegratedComponent:63 - No mode defined for component null
2023-07-12 16:16:17,841 [WARN] ModelIntegratedComponent:63 - No mode defined for component null
2023-07-12 16:16:17,841 [WARN] ModelIntegratedComponent:63 - No mode defined for component null
2023-07-12 16:16:17,841 [WARN] ModelIntegratedComponent:63 - No mode defined for component null
2023-07-12 16:16:17,841 [WARN] ModelIntegratedComponent:63 - No mode defined for component null
2023-07-12 16:16:17,841 [WARN] ModelIntegratedComponent:63 - No mode defined for component null
2023-07-12 16:16:17,841 [WARN] ModelIntegratedComponent:63 - No mode defined for component null
2023-07-12 16:16:17,841 [WARN] ModelIntegratedComponent:63 - No mode defined for component null
2023-07-12 16:16:17,841 [WARN] ModelIntegratedComponent:63 - No mode defined for component null
2023-07-12 16:16:17,841 [WARN] ModelIntegratedComponent:63 - No mode defined for component null
2023-07-12 16:16:17,841 [WARN] ModelIntegratedComponent:63 - No mode defined for component null
2023-07-12 16:16:17,841 [WARN] ModelIntegratedComponent:63 - No mode defined for component null
2023-07-12 16:16:17,841 [WARN] ModelIntegratedComponent:63 - No mode defined for component null
2023-07-12 16:16:17,841 [WARN] ModelIntegratedComponent:63 - No mode defined for component null
2023-07-12 16:16:17,841 [WARN] ModelIntegratedComponent:63 - No mode defined for component null
2023-07-12 16:16:17,841 [WARN] ModelIntegratedComponent:63 - No mode defined for component null
2023-07-12 16:16:17,841 [WARN] ModelIntegratedComponent:63 - No mode defined for component null
2023-07-12 16:16:17,841 [WARN] ModelIntegratedComponent:63 - No mode defined for component null
2023-07-12 16:16:17,841 [WARN] ModelIntegratedComponent:63 - No mode defined for component null
2023-07-12 16:16:17,841 [WARN] ModelIntegratedComponent:63 - No mode defined for component null
2023-07-12 16:16:17,841 [WARN] ModelIntegratedComponent:63 - No mode defined for component null
2023-07-12 16:16:17,841 [WARN] ModelIntegratedComponent:63 - No mode defined for component null
2023-07-12 16:16:17,841 [WARN] ModelIntegratedComponent:63 - No mode defined for component null
2023-07-12 16:16:17,841 [WARN] ModelIntegratedComponent:63 - No mode defined for component null
2023-07-12 16:16:17,841 [WARN] ModelIntegratedComponent:63 - No mode defined for component null
2023-07-12 16:16:17,841 [WARN] ModelIntegratedComponent:63 - No mode defined for component null
2023-07-12 16:16:17,872 [INFO] ThirdPartyModel:298 - Start build external matchings
2023-07-12 16:16:18,294 [INFO] ThirdPartyModel:316 - End build external matchings
2023-07-12 16:16:18,310 [INFO] ImportTextPane:194 - (OptionalMessage_ERROR) IP (RCC) : Invalid parameter (FamilyName)
2023-07-12 16:16:18,310 [INFO] ImportTextPane:194 - (OptionalMessage_ERROR) IP (RCC) : Invalid parameter (I2C4Freq_Value)
2023-07-12 16:16:18,310 [INFO] ImportTextPane:194 - (OptionalMessage_ERROR) IP (RCC) : Parameter (RNGFreq_Value) has invalid value (64000000)
2023-07-12 16:16:18,310 [INFO] ImportTextPane:194 - (OptionalMessage_ERROR) IP (RCC) : Parameter (SDMMCFreq_Value) has invalid value (64000000)
2023-07-12 16:16:18,310 [INFO] ImportTextPane:194 - (OptionalMessage_ERROR) IP (RCC) : Invalid parameter (UART4Freq_Value)
2023-07-12 16:16:18,310 [INFO] ImportTextPane:194 - (OptionalMessage_ERROR) IP (RCC) : Invalid parameter (UART5Freq_Value)
2023-07-12 16:16:18,310 [INFO] ImportTextPane:194 - (OptionalMessage_ERROR) IP (RCC) : Parameter (USBFreq_Value) has invalid value (64000000)
2023-07-12 16:16:18,325 [INFO] ImportTextPane:194 - (OptionalMessage_ERROR) IP (RCC) : Invalid parameter (VCOSAI2OutputFreq_Value)
2023-07-12 16:16:18,660 [INFO] UtilMem:75 - End LoadConfig() Used Memory: 460660024 Bytes (602931200)
2023-07-12 16:16:18,827 [INFO] ApiDb:581 - Connected to CubeFinder SQLite database (C:\Users\ARGE-PC1\.stmcufinder\plugins\mcufinder\mcu\cube-finder-db.db)
2023-07-12 16:16:18,921 [INFO] ApiDb:668 - CubeFinder database Data Model version=2.1
2023-07-12 16:16:18,921 [INFO] ApiDb:669 - CubeFinder database Configuration version=3.0.37
2023-07-12 16:16:18,921 [INFO] ApiDb:670 - CubeFinder database generation date=2023-06-26 (1687786131)
2023-07-12 16:16:18,921 [INFO] ApiDb:671 - CubeFinder database FW Pack versions=[FP-ATR-ASTRA1_V2.0.0, FP-SNS-FLIGHT1_V5.0.1, FP-SNS-MOTENV1_V4.3.1, STM32Cube_FW_C0_V1.1.0, STM32Cube_FW_F4_V1.27.1, STM32Cube_FW_F7_V1.17.0, STM32Cube_FW_G0_V1.6.1, STM32Cube_FW_G4_V1.5.1, STM32Cube_FW_H5_V0.5.1, STM32Cube_FW_H5_V1.1.0, STM32Cube_FW_H7_V1.11.0, STM32Cube_FW_L0_V1.12.2, STM32Cube_FW_L5_V1.5.0, STM32Cube_FW_U5_V1.3.0, STM32Cube_FW_U5_V1.3.0RC4, STM32Cube_FW_WBA_V1.0.0RC1, STM32Cube_FW_WBA_V1.1.0, STM32Cube_FW_WBA_V1.1.0RC1, STM32Cube_FW_WB_V1.15.0RC1, STM32Cube_FW_WB_V1.16.0, STM32Cube_FW_WB_V1.16.0RC2, STM32Cube_FW_WB_V1.17.0, STM32Cube_FW_WL_V1.3.0, X-CUBE-ALGOBUILD_V1.3.0, X-CUBE-ALS_V1.0.1, X-CUBE-AZRTOS-F4_V1.1.0, X-CUBE-AZRTOS-F7_V1.1.0, X-CUBE-AZRTOS-G0_V1.1.0, X-CUBE-AZRTOS-G4_V2.0.0, X-CUBE-AZRTOS-H7_V3.1.0, X-CUBE-AZRTOS-L4_V1.0.0, X-CUBE-AZRTOS-L4_V2.0.0, X-CUBE-AZRTOS-L5_V1.1.0, X-CUBE-AZRTOS-WB_V1.1.0, X-CUBE-AZRTOS-WL_V2.0.0, X-CUBE-BLE1_V6.2.4, X-CUBE-BLE2_V3.3.0, X-CUBE-BLEMGR_V2.0.0, X-CUBE-EEPRMA1_V4.1.0, X-CUBE-FREERTOS_V1.0.1, X-CUBE-GNSS1_V6.0.0, X-CUBE-MEMS1_V9.1.0, X-CUBE-MEMS1_V9.4.0, X-CUBE-MEMS1_V9.6.0, X-CUBE-NFC4_V3.0.0, X-CUBE-NFC7_V1.0.0, X-CUBE-SFXS2LP1_V4.0.0, X-CUBE-SUBG2_V5.0.0]
2023-07-12 16:16:21,479 [INFO] ApiDb:240 - Found 297 in-development CPN: [B-G473E-ZEST1S, B-WB1M-WPAN1, B-WL5M-SUBG1, NUCLEO-C031C6, NUCLEO-H503RB, NUCLEO-H563ZI, NUCLEO-U545RE-Q, NUCLEO-U5A5ZJ-Q, NUCLEO-WBA52CG, STEVAL-PROTEUS1, STEVAL-STWINBX1, STM320518-EVAL, STM32C0116-DK, STM32C011D6Y3TR, STM32C011D6Y6TR, STM32C011F4P3, STM32C011F4P6, STM32C011F4U3, STM32C011F4U6TR, STM32C011F6P3, STM32C011F6P6, STM32C011F6U3, STM32C011F6U6TR, STM32C011J4M3, STM32C011J4M6, STM32C011J6M3, STM32C011J6M6, STM32C0316-DK, STM32C031C4T3, STM32C031C4T6, STM32C031C4U3, STM32C031C4U6, STM32C031C6T3, STM32C031C6T6, STM32C031C6U3, STM32C031C6U6, STM32C031F4P3, STM32C031F4P6, STM32C031F6P3, STM32C031F6P6, STM32C031G4U3, STM32C031G4U6, STM32C031G6U3, STM32C031G6U6, STM32C031K4T3, STM32C031K4T6, STM32C031K4U3, STM32C031K4U6, STM32C031K6T3, STM32C031K6T6, STM32C031K6U3, STM32C031K6U6, STM32G071K8TXN, STM32G071K8UXN, STM32G081GBU6N, STM32G081KBT6N, STM32G081KBUXN, STM32G0B1CCT6N, STM32G0B1KCT6, STM32G0B1NEY6TR, STM32G0B1RCT6N, STM32G0C1CCT6, STM32G0C1CCT6N, STM32G0C1CCU6N, STM32G0C1CET6N, STM32G0C1CEU6N, STM32G0C1KCT6, STM32G0C1NEY6TR, STM32G0C1RCI6N, STM32G0C1RCT6N, STM32G0C1REI6N, STM32G0C1RET6N, STM32G0C1VCI6, STM32G0C1VEI6, STM32G471CCT6, STM32G471CCU6, STM32G471CET3, STM32G471CET6, STM32G471CEU3, STM32G471CEU6, STM32G471MCT6, STM32G471MET3, STM32G471MET6, STM32G471MEY6TR, STM32G471QCT6, STM32G471QET3, STM32G471RCT6, STM32G471RET3, STM32G471RET6, STM32G471VCH6, STM32G471VCI6, STM32G471VCT6, STM32G471VEH3, STM32G471VEH6, STM32G471VEI3, STM32G471VEI6, STM32G471VET3, STM32G471VET6, STM32G474CCT6, STM32H503CBT6, STM32H503CBU6, STM32H503EBY6TR, STM32H503KBU6, STM32H503RBT6, STM32H562AGI6, STM32H562AII6, STM32H562IGK6, STM32H562IGT6, STM32H562IIK6, STM32H562IIT6, STM32H562RGT6, STM32H562RGV6, STM32H562RIT6, STM32H562RIV6, STM32H562VGT6, STM32H562VIT6, STM32H562ZGT6, STM32H562ZIT6, STM32H563AGI6, STM32H563AII3Q, STM32H563AII6, STM32H563IGK6, STM32H563IGT6, STM32H563IIK3Q, STM32H563IIK6, STM32H563IIT3Q, STM32H563IIT6, STM32H563MIY3QTR, STM32H563RGT6, STM32H563RGV6, STM32H563RIT6, STM32H563RIV6, STM32H563VGT6, STM32H563VIT3Q, STM32H563VIT6, STM32H563ZGT6, STM32H563ZIT3Q, STM32H563ZIT6, STM32H573AII3Q, STM32H573AII6, STM32H573I-DK, STM32H573IIK3Q, STM32H573IIK6, STM32H573IIT3Q, STM32H573IIT6, STM32H573MIY3QTR, STM32H573RIT6, STM32H573RIV6, STM32H573VIT3Q, STM32H573VIT6, STM32H573ZIT3Q, STM32H573ZIT6, STM32L4R5QGI6STR, STM32MP131AAE3, STM32MP131AAF3, STM32MP131AAG3, STM32MP131CAE3, STM32MP131CAF3, STM32MP131CAG3, STM32MP131DAE7, STM32MP131DAF7, STM32MP131DAG7, STM32MP131FAE7, STM32MP131FAF7, STM32MP131FAG7, STM32MP133AAE3, STM32MP133AAF3, STM32MP133AAG3, STM32MP133CAE3, STM32MP133CAF3, STM32MP133CAG3, STM32MP133DAE7, STM32MP133DAF7, STM32MP133DAG7, STM32MP133FAE7, STM32MP133FAF7, STM32MP133FAG7, STM32MP135AAE3, STM32MP135AAF3, STM32MP135AAG3, STM32MP135CAE3, STM32MP135CAF3, STM32MP135CAG3, STM32MP135DAE7, STM32MP135DAF7, STM32MP135DAG7, STM32MP135F-DK, STM32MP135FAE7, STM32MP135FAF7, STM32MP135FAF7T, STM32MP135FAF7U, STM32MP135FAG7, STM32U535CBT6, STM32U535CBT6Q, STM32U535CBU6, STM32U535CBU6Q, STM32U535CCT6, STM32U535CCT6Q, STM32U535CCU6, STM32U535CCU6Q, STM32U535CET6, STM32U535CET6Q, STM32U535CEU6, STM32U535CEU6Q, STM32U535JEY6QTR, STM32U535NCY6QTR, STM32U535NEY6QTR, STM32U535RBI6, STM32U535RBI6Q, STM32U535RBT6, STM32U535RBT6Q, STM32U535RCI6, STM32U535RCI6Q, STM32U535RCT6, STM32U535RCT6Q, STM32U535REI6, STM32U535REI6Q, STM32U535RET6, STM32U535RET6Q, STM32U535VCI6, STM32U535VCI6Q, STM32U535VCT6, STM32U535VCT6Q, STM32U535VEI6, STM32U535VEI6Q, STM32U535VET6, STM32U535VET6Q, STM32U545CET6, STM32U545CET6Q, STM32U545CEU6, STM32U545CEU6Q, STM32U545JEY6QTR, STM32U545NEY6QTR, STM32U545REI6, STM32U545REI6Q, STM32U545RET6, STM32U545RET6Q, STM32U545VEI6, STM32U545VEI6Q, STM32U545VET6, STM32U545VET6Q, STM32U595AIH6, STM32U595AIH6Q, STM32U595AJH6, STM32U595AJH6Q, STM32U595QII6, STM32U595QII6Q, STM32U595QJI6, STM32U595QJI6Q, STM32U595RIT6, STM32U595RIT6Q, STM32U595RJT6, STM32U595RJT6Q, STM32U595VIT6, STM32U595VIT6Q, STM32U595VJT6, STM32U595VJT6Q, STM32U595ZIT6, STM32U595ZIT6Q, STM32U595ZIY6QTR, STM32U595ZJT6, STM32U595ZJT6Q, STM32U595ZJY6QTR, STM32U599BJY6QTR, STM32U599NIH6Q, STM32U599NJH6Q, STM32U599VIT6Q, STM32U599VJT6, STM32U599VJT6Q, STM32U599ZIT6Q, STM32U599ZIY6QTR, STM32U599ZJT6Q, STM32U599ZJY6QTR, STM32U5A5AJH6, STM32U5A5AJH6Q, STM32U5A5QJI6, STM32U5A5QJI6Q, STM32U5A5RJT6, STM32U5A5RJT6Q, STM32U5A5VJT6, STM32U5A5VJT6Q, STM32U5A5ZJT6, STM32U5A5ZJT6Q, STM32U5A5ZJY6QTR, STM32U5A9BJY6QTR, STM32U5A9J-DK, STM32U5A9NJH6Q, STM32U5A9VJT6Q, STM32U5A9ZJT6Q, STM32U5A9ZJY6QTR, STM32WB1MMCH6, STM32WBA52CEU6, STM32WBA52CEU6T, STM32WBA52CGU6, STM32WBA52CGU6T, STM32WL5MOCH6, STM32WL5MOCH6TR]
2023-07-12 16:16:21,479 [INFO] DbMcus:216 - Found 3825 MCUs, 3825 are supported
2023-07-12 16:16:21,479 [INFO] ApiDb:423 - Load user favorites file C:\Users\ARGE-PC1/.stm32cubeide/favorites.mcus.txt: 0 item(s)
2023-07-12 16:16:21,479 [INFO] ApiDb:427 - User favorites MCUs=[]
2023-07-12 16:16:21,479 [INFO] DbMcus:222 - Set 0 / 0 favorites MCUs
2023-07-12 16:16:21,978 [WARN] ThirdParty:833 - waiting for thirdparty lock release [change project]
2023-07-12 16:16:21,978 [INFO] ThirdParty:835 - entering critical section [change project]
2023-07-12 16:16:21,978 [INFO] ThirdParty:1030 - CMSIS Pack Vendor :STMicroelectronics X-CUBE-ISPU 1.1.0
2023-07-12 16:16:21,978 [INFO] ThirdParty:1030 - CMSIS Pack Vendor :STMicroelectronics X-CUBE-GNSS1 6.0.0
2023-07-12 16:16:21,978 [INFO] ThirdParty:1030 - CMSIS Pack Vendor :STMicroelectronics USB_HOST 2.0.0
2023-07-12 16:16:21,978 [INFO] ThirdParty:1030 - CMSIS Pack Vendor :STMicroelectronics X-CUBE-AZRTOS-F4 1.1.0
2023-07-12 16:16:21,978 [INFO] ThirdParty:1030 - CMSIS Pack Vendor :STMicroelectronics LIBJPEG 8.0.0
2023-07-12 16:16:21,978 [INFO] ThirdParty:1030 - CMSIS Pack Vendor :STMicroelectronics X-CUBE-SMBUS 2.1.0
2023-07-12 16:16:21,978 [INFO] ThirdParty:1030 - CMSIS Pack Vendor :STMicroelectronics USB_DEVICE 3.0.0
2023-07-12 16:16:21,978 [INFO] ThirdParty:1030 - CMSIS Pack Vendor :STMicroelectronics X-CUBE-FREERTOS 1.0.1
2023-07-12 16:16:21,978 [INFO] ThirdParty:1030 - CMSIS Pack Vendor :STMicroelectronics X-CUBE-AZRTOS-F7 1.1.0
2023-07-12 16:16:21,978 [INFO] ThirdParty:1030 - CMSIS Pack Vendor :STMicroelectronics USB_DEVICE 2.0.0
2023-07-12 16:16:21,978 [INFO] ThirdParty:1030 - CMSIS Pack Vendor :STMicroelectronics X-CUBE-MEMS1 9.6.0
2023-07-12 16:16:21,978 [INFO] ThirdParty:1030 - CMSIS Pack Vendor :STMicroelectronics FP-SNS-MOTENV1 4.3.2
2023-07-12 16:16:21,978 [INFO] ThirdParty:1030 - CMSIS Pack Vendor :STMicroelectronics FP-SNS-FLIGHT1 5.0.1
2023-07-12 16:16:21,978 [INFO] ThirdParty:1030 - CMSIS Pack Vendor :STMicroelectronics X-CUBE-ALGOBUILD 1.3.0
2023-07-12 16:16:21,978 [INFO] ThirdParty:1030 - CMSIS Pack Vendor :STMicroelectronics X-CUBE-BLE1 6.2.4
2023-07-12 16:16:21,978 [INFO] ThirdParty:1030 - CMSIS Pack Vendor :STMicroelectronics X-CUBE-AZRTOS-L5 1.1.0
2023-07-12 16:16:21,978 [INFO] ThirdParty:1030 - CMSIS Pack Vendor :STMicroelectronics FreeRTOS 0.0.1
2023-07-12 16:16:21,978 [INFO] ThirdParty:1030 - CMSIS Pack Vendor :STMicroelectronics X-CUBE-AZRTOS-G0 1.1.0
2023-07-12 16:16:21,978 [INFO] ThirdParty:1030 - CMSIS Pack Vendor :STMicroelectronics X-CUBE-BLEMGR 2.0.0
2023-07-12 16:16:21,978 [INFO] ThirdParty:1030 - CMSIS Pack Vendor :STMicroelectronics X-CUBE-AI 8.0.1
2023-07-12 16:16:21,978 [INFO] ThirdParty:1030 - CMSIS Pack Vendor :STMicroelectronics X-CUBE-SUBG2 5.0.0
2023-07-12 16:16:21,978 [INFO] ThirdParty:1030 - CMSIS Pack Vendor :STMicroelectronics X-CUBE-NFC4 3.0.0
2023-07-12 16:16:21,978 [INFO] ThirdParty:1030 - CMSIS Pack Vendor :STMicroelectronics STM32_WPAN 1.0.0
2023-07-12 16:16:21,978 [INFO] ThirdParty:1030 - CMSIS Pack Vendor :STMicroelectronics lwIP 2.0.3
2023-07-12 16:16:21,978 [INFO] ThirdParty:1030 - CMSIS Pack Vendor :STMicroelectronics USB_HOST 1.0.0
2023-07-12 16:16:21,978 [INFO] ThirdParty:1030 - CMSIS Pack Vendor :STMicroelectronics X-CUBE-AZRTOS-G4 2.0.0
2023-07-12 16:16:21,978 [INFO] ThirdParty:1030 - CMSIS Pack Vendor :STMicroelectronics PDM2PCM 3.1.0
2023-07-12 16:16:21,978 [INFO] ThirdParty:1030 - CMSIS Pack Vendor :STMicroelectronics X-CUBE-AZRTOS-H7 3.1.0
2023-07-12 16:16:21,978 [INFO] ThirdParty:1030 - CMSIS Pack Vendor :STMicroelectronics X-CUBE-TOF1 3.3.0
2023-07-12 16:16:21,978 [INFO] ThirdParty:1030 - CMSIS Pack Vendor :STMicroelectronics PDM2PCM 3.3.0
2023-07-12 16:16:21,978 [INFO] ThirdParty:1030 - CMSIS Pack Vendor :STMicroelectronics X-CUBE-DISPLAY 3.0.0
2023-07-12 16:16:21,978 [INFO] ThirdParty:1030 - CMSIS Pack Vendor :STMicroelectronics FP-ATR-SIGFOX1 3.2.0
2023-07-12 16:16:21,978 [INFO] ThirdParty:1030 - CMSIS Pack Vendor :STMicroelectronics HAL Drivers 0.0.0
2023-07-12 16:16:21,978 [INFO] ThirdParty:1030 - CMSIS Pack Vendor :STMicroelectronics MBEDTLS 2.16.2
2023-07-12 16:16:21,978 [INFO] ThirdParty:1030 - CMSIS Pack Vendor :emotas I-CUBE-CANOPEN 1.3.0
2023-07-12 16:16:21,978 [INFO] ThirdParty:1030 - CMSIS Pack Vendor :STMicroelectronics X-CUBE-TOUCHGFX 4.22.0
2023-07-12 16:16:21,978 [INFO] ThirdParty:1030 - CMSIS Pack Vendor :STMicroelectronics X-CUBE-NFC7 1.0.1
2023-07-12 16:16:21,978 [INFO] ThirdParty:1030 - CMSIS Pack Vendor :STMicroelectronics MBEDTLS 2.14.1
2023-07-12 16:16:21,978 [INFO] ThirdParty:1030 - CMSIS Pack Vendor :STMicroelectronics X-CUBE-EEPRMA1 4.1.0
2023-07-12 16:16:21,978 [INFO] ThirdParty:1030 - CMSIS Pack Vendor :portGmbH I-Cube-SoM-uGOAL 1.1.0
2023-07-12 16:16:21,978 [INFO] ThirdParty:1030 - CMSIS Pack Vendor :STMicroelectronics X-CUBE-ALS 1.0.1
2023-07-12 16:16:21,978 [INFO] ThirdParty:1030 - CMSIS Pack Vendor :STMicroelectronics ThreadX 1.0.0
2023-07-12 16:16:21,978 [INFO] ThirdParty:1030 - CMSIS Pack Vendor :STMicroelectronics X-CUBE-AZRTOS-WB 1.1.0
2023-07-12 16:16:21,978 [INFO] ThirdParty:1030 - CMSIS Pack Vendor :STMicroelectronics X-CUBE-AZRTOS-WL 2.0.0
2023-07-12 16:16:21,978 [INFO] ThirdParty:1030 - CMSIS Pack Vendor :SEGGER I-CUBE-embOS 1.3.1
2023-07-12 16:16:21,978 [INFO] ThirdParty:1030 - CMSIS Pack Vendor :STMicroelectronics USB_DEVICE 1.0.0
2023-07-12 16:16:21,978 [INFO] ThirdParty:1030 - CMSIS Pack Vendor :STMicroelectronics X-CUBE-AZRTOS-L4 2.0.0
2023-07-12 16:16:21,978 [INFO] ThirdParty:1030 - CMSIS Pack Vendor :STMicroelectronics ThreadX 0.0.2
2023-07-12 16:16:21,978 [INFO] ThirdParty:1030 - CMSIS Pack Vendor :WES I-CUBE-Cesium 1.3.0
2023-07-12 16:16:21,978 [INFO] ThirdParty:1030 - CMSIS Pack Vendor :STMicroelectronics FP-ATR-ASTRA1 2.0.0
2023-07-12 16:16:21,978 [INFO] ThirdParty:1030 - CMSIS Pack Vendor :STMicroelectronics lwIP 2.1.2
2023-07-12 16:16:21,978 [INFO] ThirdParty:1030 - CMSIS Pack Vendor :STMicroelectronics X-CUBE-SFXS2LP1 4.0.0
2023-07-12 16:16:21,978 [INFO] ThirdParty:1030 - CMSIS Pack Vendor :STMicroelectronics X-CUBE-BLE2 3.3.0
2023-07-12 16:16:21,992 [INFO] ThirdParty:1030 - CMSIS Pack Vendor :STMicroelectronics PDM2PCM 3.2.0
2023-07-12 16:16:21,992 [INFO] ThirdParty:841 - exiting critical section [change project]
2023-07-12 16:16:22,707 [INFO] PinOutPanel:1499 - setPackage(No Configuration,No Configuration)
2023-07-12 16:16:22,710 [INFO] PinOutPanel:1499 - setPackage(STM32L433RCTxP,LQFP64)
2023-07-12 16:16:24,523 [INFO] UtilMem:75 - Before build in PCC Used Memory: 506806432 Bytes (602931200)
2023-07-12 16:16:26,533 [INFO] UtilMem:75 - After build in PCC Used Memory: 529761152 Bytes (602931200)
2023-07-12 16:16:26,642 [INFO] IPUIPlugin:80 - create IPUIPlugin
2023-07-12 16:16:26,642 [INFO] IPUIPlugin:80 - create IPUIPlugin
2023-07-12 16:16:26,642 [INFO] IPUIPlugin:80 - create IPUIPlugin
2023-07-12 16:16:26,642 [INFO] IPUIPlugin:80 - create IPUIPlugin
2023-07-12 16:16:26,642 [INFO] IPUIPlugin:80 - create IPUIPlugin
2023-07-12 16:16:26,642 [INFO] IPUIPlugin:80 - create IPUIPlugin
2023-07-12 16:16:26,642 [INFO] IPUIPlugin:80 - create IPUIPlugin
2023-07-12 16:16:26,642 [INFO] IPUIPlugin:80 - create IPUIPlugin
2023-07-12 16:16:26,642 [INFO] IPUIPlugin:80 - create IPUIPlugin
2023-07-12 16:16:26,642 [INFO] IPUIPlugin:80 - create IPUIPlugin
2023-07-12 16:16:26,658 [INFO] IPUIPlugin:80 - create IPUIPlugin
2023-07-12 16:16:26,658 [INFO] IPUIPlugin:80 - create IPUIPlugin
2023-07-12 16:16:26,658 [INFO] IPUIPlugin:80 - create IPUIPlugin
2023-07-12 16:16:26,658 [INFO] IPUIPlugin:80 - create IPUIPlugin
2023-07-12 16:16:26,658 [INFO] IPUIPlugin:80 - create IPUIPlugin
2023-07-12 16:16:26,658 [INFO] IPUIPlugin:80 - create IPUIPlugin
2023-07-12 16:16:26,658 [INFO] IPUIPlugin:80 - create IPUIPlugin
2023-07-12 16:16:26,658 [INFO] IPUIPlugin:80 - create IPUIPlugin
2023-07-12 16:16:26,658 [INFO] IPUIPlugin:80 - create IPUIPlugin
2023-07-12 16:16:26,658 [INFO] IPUIPlugin:80 - create IPUIPlugin
2023-07-12 16:16:26,673 [INFO] IPUIPlugin:80 - create IPUIPlugin
2023-07-12 16:16:26,689 [INFO] IPUIPlugin:80 - create IPUIPlugin
2023-07-12 16:16:26,689 [INFO] IPUIPlugin:80 - create IPUIPlugin
2023-07-12 16:16:26,689 [INFO] IPUIPlugin:80 - create IPUIPlugin
2023-07-12 16:16:26,689 [INFO] IPUIPlugin:80 - create IPUIPlugin
2023-07-12 16:16:26,689 [INFO] IPUIPlugin:80 - create IPUIPlugin
2023-07-12 16:16:26,689 [INFO] IPUIPlugin:80 - create IPUIPlugin
2023-07-12 16:16:26,689 [INFO] IPUIPlugin:80 - create IPUIPlugin
2023-07-12 16:16:26,689 [INFO] IPUIPlugin:80 - create IPUIPlugin
2023-07-12 16:16:26,689 [INFO] IPUIPlugin:80 - create IPUIPlugin
2023-07-12 16:16:26,689 [INFO] IPUIPlugin:80 - create IPUIPlugin
2023-07-12 16:16:26,689 [INFO] IPUIPlugin:80 - create IPUIPlugin
2023-07-12 16:16:26,689 [INFO] IPUIPlugin:80 - create IPUIPlugin
2023-07-12 16:16:26,689 [INFO] IPUIPlugin:80 - create IPUIPlugin
2023-07-12 16:16:26,689 [INFO] IPUIPlugin:80 - create IPUIPlugin
2023-07-12 16:16:26,689 [INFO] IPUIPlugin:80 - create IPUIPlugin
2023-07-12 16:16:26,689 [INFO] IPUIPlugin:80 - create IPUIPlugin
2023-07-12 16:16:26,689 [INFO] IPUIPlugin:80 - create IPUIPlugin
2023-07-12 16:16:26,689 [INFO] IPUIPlugin:80 - create IPUIPlugin
2023-07-12 16:16:26,689 [INFO] IPUIPlugin:80 - create IPUIPlugin
2023-07-12 16:16:26,689 [INFO] IPUIPlugin:80 - create IPUIPlugin
2023-07-12 16:16:26,689 [INFO] IPUIPlugin:80 - create IPUIPlugin
2023-07-12 16:16:26,689 [INFO] IPUIPlugin:80 - create IPUIPlugin
2023-07-12 16:16:26,704 [INFO] IPUIPlugin:80 - create IPUIPlugin
2023-07-12 16:16:26,704 [INFO] IPUIPlugin:80 - create IPUIPlugin
2023-07-12 16:16:27,432 [INFO] CADModel:165 - CPN selected for project levelSTM32L433RCT6P
2023-07-12 16:16:27,432 [INFO] CADModel:114 - Register for checkConnection events
2023-07-12 16:16:27,495 [INFO] OpenFileManager:328 - Restore cursor
2023-07-12 16:16:34,336 [INFO] UtilMem:75 - End SaveConfig() Used Memory: 562939024 Bytes (643825664)
2023-07-12 16:16:35,558 [INFO] BlockDiagram:2759 - set Specific Code input for plugin: NVIC
2023-07-12 16:16:35,558 [INFO] BlockDiagram:2759 - set Specific Code input for plugin: USART
2023-07-12 16:16:35,558 [INFO] BlockDiagram:2759 - set Specific Code input for plugin: TIM1_8L4
2023-07-12 16:16:35,558 [INFO] BlockDiagram:2759 - set Specific Code input for plugin: SYS
2023-07-12 16:16:35,558 [INFO] BlockDiagram:2759 - set Specific Code input for plugin: GPIO
2023-07-12 16:16:35,558 [INFO] BlockDiagram:2759 - set Specific Code input for plugin: RCC
2023-07-12 16:16:35,558 [INFO] CodeGenerator:793 - code generatio: config db path: C:\ST\STM32CubeIDE_1.12.1\STM32CubeIDE\plugins\com.st.stm32cube.common.mx_6.8.1.202304191431\\db\
2023-07-12 16:16:36,386 [INFO] CodeEngine:255 - oldGeneratedFile, C:\Users\ARGE-PC1\STM32CubeIDE\workspace_1.12.1\ledproject\MXTmpFiles\license.tmp_save
2023-07-12 16:16:37,167 [INFO] CodeEngine:279 - Generated code: C:\Users\ARGE-PC1\STM32CubeIDE\workspace_1.12.1\ledproject\MXTmpFiles\license.tmp
2023-07-12 16:16:37,464 [INFO] CodeEngine:255 - oldGeneratedFile, C:\Users\ARGE-PC1\STM32CubeIDE\workspace_1.12.1\ledproject\MXTmpFiles\gpio.tmp_save
2023-07-12 16:16:37,729 [INFO] CodeEngine:279 - Generated code: C:\Users\ARGE-PC1\STM32CubeIDE\workspace_1.12.1\ledproject\MXTmpFiles\gpio.tmp
2023-07-12 16:16:38,416 [INFO] CodeEngine:255 - oldGeneratedFile, C:\Users\ARGE-PC1\STM32CubeIDE\workspace_1.12.1\ledproject\Core\Src\stm32l4xx_it.c_save
2023-07-12 16:16:38,838 [INFO] CodeEngine:279 - Generated code: C:\Users\ARGE-PC1\STM32CubeIDE\workspace_1.12.1\ledproject\Core\Src\stm32l4xx_it.c
2023-07-12 16:16:38,869 [INFO] CodeEngine:255 - oldGeneratedFile, C:\Users\ARGE-PC1\STM32CubeIDE\workspace_1.12.1\ledproject\Core\Inc\stm32l4xx_it.h_save
2023-07-12 16:16:39,134 [INFO] CodeEngine:279 - Generated code: C:\Users\ARGE-PC1\STM32CubeIDE\workspace_1.12.1\ledproject\Core\Inc\stm32l4xx_it.h
2023-07-12 16:16:39,337 [INFO] CodeEngine:255 - oldGeneratedFile, C:\Users\ARGE-PC1\STM32CubeIDE\workspace_1.12.1\ledproject\Core\Src\stm32l4xx_hal_msp.c_save
2023-07-12 16:16:39,711 [INFO] CodeEngine:279 - Generated code: C:\Users\ARGE-PC1\STM32CubeIDE\workspace_1.12.1\ledproject\Core\Src\stm32l4xx_hal_msp.c
2023-07-12 16:16:39,742 [INFO] CodeEngine:255 - oldGeneratedFile, C:\Users\ARGE-PC1\STM32CubeIDE\workspace_1.12.1\ledproject\MXTmpFiles\system.tmp_save
2023-07-12 16:16:39,898 [INFO] CodeEngine:279 - Generated code: C:\Users\ARGE-PC1\STM32CubeIDE\workspace_1.12.1\ledproject\MXTmpFiles\system.tmp
2023-07-12 16:16:39,961 [INFO] CodeEngine:311 - oldGeneratedFile, C:\Users\ARGE-PC1\STM32CubeIDE\workspace_1.12.1\ledproject\Core\Inc\stm32l4xx_hal_conf.h_save
2023-07-12 16:16:40,180 [INFO] CodeEngine:335 - Generated code: C:\Users\ARGE-PC1\STM32CubeIDE\workspace_1.12.1\ledproject\Core\Inc\stm32l4xx_hal_conf.h
2023-07-12 16:16:40,289 [WARN] IPConfigManager:3431 - IP not found : TIM
2023-07-12 16:16:40,289 [WARN] CodeGenerator:3754 - IP not found : null
2023-07-12 16:16:40,337 [INFO] CodeEngine:255 - oldGeneratedFile, C:\Users\ARGE-PC1\STM32CubeIDE\workspace_1.12.1\ledproject\Core\Inc\main.h_save
2023-07-12 16:16:40,571 [INFO] CodeEngine:279 - Generated code: C:\Users\ARGE-PC1\STM32CubeIDE\workspace_1.12.1\ledproject\Core\Inc\main.h
2023-07-12 16:16:40,602 [INFO] CodeEngine:255 - oldGeneratedFile, C:\Users\ARGE-PC1\STM32CubeIDE\workspace_1.12.1\ledproject\Core\Src\main.c_save
2023-07-12 16:16:40,899 [INFO] CodeEngine:279 - Generated code: C:\Users\ARGE-PC1\STM32CubeIDE\workspace_1.12.1\ledproject\Core\Src\main.c
2023-07-12 16:16:42,774 [INFO] ProjectBuilder:2996 - Time for Copy HAL[1] : 375mS.
2023-07-12 16:16:42,852 [INFO] ProjectBuilder:4304 - Project Generator version: 3.19.2
2023-07-12 16:16:43,539 [INFO] ConfigFileManager:1483 - The Die is : DIE435
2023-07-12 16:16:43,571 [INFO] ApiDbMcu:507 - Load IP Config File for FATFS
2023-07-12 16:16:43,586 [INFO] ApiDbMcu:507 - Load IP Config File for FREERTOS
2023-07-12 16:16:43,633 [INFO] ApiDbMcu:507 - Load IP Config File for TOUCHSENSING
2023-07-12 16:16:43,649 [INFO] ApiDbMcu:507 - Load IP Config File for USB_DEVICE
2023-07-12 16:16:45,867 [INFO] LogOutputStream:77 - [STDOUT_REDIRECT] 
2023-07-12 16:16:49,126 [INFO] ProjectBuilder:4505 - Time for Generating toolchain IDE Files: 6274mS.
2023-07-12 16:16:49,126 [INFO] ProjectBuilder:2867 - Time for Copy CMSIS : 0mS.
2023-07-12 16:16:49,126 [INFO] ProjectBuilder:2867 - Time for Copy CMSIS : 0mS.
2023-07-12 16:17:40,206 [ERROR] ConfigurationRetriever:142 - IOException on connection: Read timed out
2023-07-12 16:38:17,049 [INFO] NvicIntPanel:101 - NVIC parent = com.st.microxplorer.plugins.ip.nvic.MultiNvicIntPanel[,0,0,504x239,layout=javax.swing.BoxLayout,alignmentX=0.0,alignmentY=0.0,border=,flags=9,maximumSize=,minimumSize=,preferredSize=]
2023-07-12 16:38:21,112 [INFO] NvicIntPanel:101 - NVIC parent = com.st.microxplorer.plugins.ip.nvic.MultiNvicIntPanel[,0,0,0x0,invalid,layout=javax.swing.BoxLayout,alignmentX=0.0,alignmentY=0.0,border=,flags=9,maximumSize=,minimumSize=,preferredSize=]
2023-07-12 16:38:38,414 [INFO] UtilMem:75 - End SaveConfig() Used Memory: 719903520 Bytes (1020264448)
2023-07-12 16:38:40,315 [INFO] UtilMem:75 - End SaveConfig() Used Memory: 743494432 Bytes (1020264448)
2023-07-12 16:38:40,550 [INFO] UtilMem:75 - End SaveConfig() Used Memory: 765514528 Bytes (1020264448)
2023-07-12 16:38:40,885 [INFO] BlockDiagram:2759 - set Specific Code input for plugin: NVIC
2023-07-12 16:38:40,885 [INFO] BlockDiagram:2759 - set Specific Code input for plugin: USART
2023-07-12 16:38:40,885 [INFO] BlockDiagram:2759 - set Specific Code input for plugin: TIM1_8L4
2023-07-12 16:38:40,885 [INFO] BlockDiagram:2759 - set Specific Code input for plugin: SYS
2023-07-12 16:38:40,885 [INFO] BlockDiagram:2759 - set Specific Code input for plugin: GPIO
2023-07-12 16:38:40,885 [INFO] BlockDiagram:2759 - set Specific Code input for plugin: RCC
2023-07-12 16:38:40,885 [INFO] CodeGenerator:793 - code generatio: config db path: C:\ST\STM32CubeIDE_1.12.1\STM32CubeIDE\plugins\com.st.stm32cube.common.mx_6.8.1.202304191431\\db\
2023-07-12 16:38:41,057 [INFO] CodeEngine:255 - oldGeneratedFile, C:\Users\ARGE-PC1\STM32CubeIDE\workspace_1.12.1\ledproject\MXTmpFiles\license.tmp_save
2023-07-12 16:38:41,291 [INFO] CodeEngine:279 - Generated code: C:\Users\ARGE-PC1\STM32CubeIDE\workspace_1.12.1\ledproject\MXTmpFiles\license.tmp
2023-07-12 16:38:41,323 [INFO] CodeEngine:255 - oldGeneratedFile, C:\Users\ARGE-PC1\STM32CubeIDE\workspace_1.12.1\ledproject\MXTmpFiles\gpio.tmp_save
2023-07-12 16:38:41,448 [INFO] CodeEngine:279 - Generated code: C:\Users\ARGE-PC1\STM32CubeIDE\workspace_1.12.1\ledproject\MXTmpFiles\gpio.tmp
2023-07-12 16:38:41,573 [INFO] CodeEngine:255 - oldGeneratedFile, C:\Users\ARGE-PC1\STM32CubeIDE\workspace_1.12.1\ledproject\Core\Src\stm32l4xx_it.c_save
2023-07-12 16:38:41,838 [INFO] CodeEngine:279 - Generated code: C:\Users\ARGE-PC1\STM32CubeIDE\workspace_1.12.1\ledproject\Core\Src\stm32l4xx_it.c
2023-07-12 16:38:41,869 [INFO] CodeEngine:255 - oldGeneratedFile, C:\Users\ARGE-PC1\STM32CubeIDE\workspace_1.12.1\ledproject\Core\Inc\stm32l4xx_it.h_save
2023-07-12 16:38:42,010 [INFO] CodeEngine:279 - Generated code: C:\Users\ARGE-PC1\STM32CubeIDE\workspace_1.12.1\ledproject\Core\Inc\stm32l4xx_it.h
2023-07-12 16:38:42,026 [INFO] CodeEngine:255 - oldGeneratedFile, C:\Users\ARGE-PC1\STM32CubeIDE\workspace_1.12.1\ledproject\Core\Src\stm32l4xx_hal_msp.c_save
2023-07-12 16:38:42,229 [INFO] CodeEngine:279 - Generated code: C:\Users\ARGE-PC1\STM32CubeIDE\workspace_1.12.1\ledproject\Core\Src\stm32l4xx_hal_msp.c
2023-07-12 16:38:42,244 [INFO] CodeEngine:255 - oldGeneratedFile, C:\Users\ARGE-PC1\STM32CubeIDE\workspace_1.12.1\ledproject\MXTmpFiles\system.tmp_save
2023-07-12 16:38:42,322 [INFO] CodeEngine:279 - Generated code: C:\Users\ARGE-PC1\STM32CubeIDE\workspace_1.12.1\ledproject\MXTmpFiles\system.tmp
2023-07-12 16:38:42,338 [INFO] CodeEngine:311 - oldGeneratedFile, C:\Users\ARGE-PC1\STM32CubeIDE\workspace_1.12.1\ledproject\Core\Inc\stm32l4xx_hal_conf.h_save
2023-07-12 16:38:42,517 [INFO] CodeEngine:335 - Generated code: C:\Users\ARGE-PC1\STM32CubeIDE\workspace_1.12.1\ledproject\Core\Inc\stm32l4xx_hal_conf.h
2023-07-12 16:38:42,551 [WARN] IPConfigManager:3431 - IP not found : TIM
2023-07-12 16:38:42,551 [WARN] CodeGenerator:3754 - IP not found : null
2023-07-12 16:38:42,566 [INFO] CodeEngine:255 - oldGeneratedFile, C:\Users\ARGE-PC1\STM32CubeIDE\workspace_1.12.1\ledproject\Core\Inc\main.h_save
2023-07-12 16:38:42,668 [INFO] CodeEngine:279 - Generated code: C:\Users\ARGE-PC1\STM32CubeIDE\workspace_1.12.1\ledproject\Core\Inc\main.h
2023-07-12 16:38:42,699 [INFO] CodeEngine:255 - oldGeneratedFile, C:\Users\ARGE-PC1\STM32CubeIDE\workspace_1.12.1\ledproject\Core\Src\main.c_save
2023-07-12 16:38:42,871 [INFO] CodeEngine:279 - Generated code: C:\Users\ARGE-PC1\STM32CubeIDE\workspace_1.12.1\ledproject\Core\Src\main.c
2023-07-12 16:38:43,603 [INFO] ProjectBuilder:2996 - Time for Copy HAL[1] : 185mS.
2023-07-12 16:38:43,603 [INFO] ProjectBuilder:4304 - Project Generator version: 3.19.2
2023-07-12 16:38:43,940 [INFO] ConfigFileManager:1483 - The Die is : DIE435
2023-07-12 16:38:46,174 [INFO] ProjectBuilder:4505 - Time for Generating toolchain IDE Files: 2571mS.
2023-07-12 16:38:46,174 [INFO] ProjectBuilder:2867 - Time for Copy CMSIS : 0mS.
2023-07-12 16:38:46,236 [INFO] ProjectBuilder:2867 - Time for Copy CMSIS : 0mS.
