2023-08-04 09:58:27,624 [INFO] ApplicationProperties:184 - Using Application install path: C:\ST\STM32CubeIDE_1.12.1\STM32CubeIDE\plugins\com.st.stm32cube.common.mx_6.8.1.202304191431
2023-08-04 09:58:27,655 [INFO] DbMcusXml:78 - Set database path to: C:\ST\STM32CubeIDE_1.12.1\STM32CubeIDE\plugins\com.st.stm32cube.common.mx_6.8.1.202304191431\\db\/mcu/
2023-08-04 09:58:27,655 [INFO] ApiDb:274 - Set plugin database path to: C:\ST\STM32CubeIDE_1.12.1\STM32CubeIDE\plugins\com.st.stm32cube.common.mx_6.8.1.202304191431\\db\/plugins/boardmanager/
2023-08-04 09:58:27,655 [WARN] ApiDb:259 - Overriding images path with different value:  => C:\ST\STM32CubeIDE_1.12.1\STM32CubeIDE\plugins\com.st.stm32cube.common.mx_6.8.1.202304191431\\db\/plugins/mcufinder/images/
2023-08-04 09:58:27,686 [INFO] ApiDb:250 - Set database path to: C:\Users\ARGE-PC1\.stmcufinder\plugins\mcufinder//mcu/
2023-08-04 09:58:27,689 [INFO] DbMcusAds:125 - Set database path to: C:\Users\ARGE-PC1\.stmcufinder\plugins\mcufinder//mcu/
2023-08-04 09:58:27,749 [INFO] CrossReferenceDbSqlite:203 - Set database path to: C:\Users\ARGE-PC1\.stmcufinder\plugins\mcufinder//mcu/cs/
2023-08-04 09:58:27,857 [INFO] RulesReader:64 - Compatibility file has been processed (293 Rules)
2023-08-04 09:58:27,935 [INFO] DbMcusXml:78 - Set database path to: C:\ST\STM32CubeIDE_1.12.1\STM32CubeIDE\plugins\com.st.stm32cube.common.mx_6.8.1.202304191431\\db\/mcu/
2023-08-04 09:58:27,935 [INFO] ApiDb:274 - Set plugin database path to: C:\ST\STM32CubeIDE_1.12.1\STM32CubeIDE\plugins\com.st.stm32cube.common.mx_6.8.1.202304191431\\db\/plugins/boardmanager/
2023-08-04 09:58:27,935 [INFO] ApiDb:261 - Set plugin images path to: C:\ST\STM32CubeIDE_1.12.1\STM32CubeIDE\plugins\com.st.stm32cube.common.mx_6.8.1.202304191431\\db\/plugins/mcufinder/images/
2023-08-04 09:58:27,935 [WARN] DbFile:41 - Overriding database path with different value: C:\Users\ARGE-PC1\.stmcufinder\plugins\mcufinder/ => C:\Users\ARGE-PC1\.stmcufinder\plugins\mcufinder
2023-08-04 09:58:27,935 [INFO] ApiDb:250 - Set database path to: C:\Users\ARGE-PC1\.stmcufinder\plugins\mcufinder//mcu/
2023-08-04 09:58:27,935 [WARN] DbFile:41 - Overriding database path with different value: C:\Users\ARGE-PC1\.stmcufinder\plugins\mcufinder/ => C:\Users\ARGE-PC1\.stmcufinder\plugins\mcufinder
2023-08-04 09:58:27,935 [INFO] DbMcusAds:125 - Set database path to: C:\Users\ARGE-PC1\.stmcufinder\plugins\mcufinder//mcu/
2023-08-04 09:58:27,935 [WARN] DbFile:41 - Overriding database path with different value: C:\Users\ARGE-PC1\.stmcufinder\plugins\mcufinder/ => C:\Users\ARGE-PC1\.stmcufinder\plugins\mcufinder
2023-08-04 09:58:27,935 [WARN] DbFile:41 - Overriding database path with different value: C:\Users\ARGE-PC1\.stmcufinder\plugins\mcufinder/ => C:\Users\ARGE-PC1\.stmcufinder\plugins\mcufinder
2023-08-04 09:58:27,935 [INFO] CrossReferenceDbSqlite:203 - Set database path to: C:\Users\ARGE-PC1\.stmcufinder\plugins\mcufinder//mcu/cs/
2023-08-04 09:58:28,013 [INFO] MainPanel:253 - HeapMemory: 748683264
2023-08-04 09:58:28,107 [INFO] DbMcusXml:78 - Set database path to: C:\ST\STM32CubeIDE_1.12.1\STM32CubeIDE\plugins\com.st.stm32cube.common.mx_6.8.1.202304191431\\db\/mcu/
2023-08-04 09:58:28,108 [INFO] ApiDb:274 - Set plugin database path to: C:\ST\STM32CubeIDE_1.12.1\STM32CubeIDE\plugins\com.st.stm32cube.common.mx_6.8.1.202304191431\\db\/plugins/boardmanager/
2023-08-04 09:58:28,108 [INFO] ApiDb:261 - Set plugin images path to: C:\ST\STM32CubeIDE_1.12.1\STM32CubeIDE\plugins\com.st.stm32cube.common.mx_6.8.1.202304191431\\db\/plugins/mcufinder/images/
2023-08-04 09:58:28,108 [WARN] DbFile:41 - Overriding database path with different value: C:\Users\ARGE-PC1\.stmcufinder\plugins\mcufinder/ => C:\Users\ARGE-PC1\.stmcufinder\plugins\mcufinder
2023-08-04 09:58:28,108 [INFO] ApiDb:250 - Set database path to: C:\Users\ARGE-PC1\.stmcufinder\plugins\mcufinder//mcu/
2023-08-04 09:58:28,108 [WARN] DbFile:41 - Overriding database path with different value: C:\Users\ARGE-PC1\.stmcufinder\plugins\mcufinder/ => C:\Users\ARGE-PC1\.stmcufinder\plugins\mcufinder
2023-08-04 09:58:28,109 [INFO] DbMcusAds:125 - Set database path to: C:\Users\ARGE-PC1\.stmcufinder\plugins\mcufinder//mcu/
2023-08-04 09:58:28,109 [WARN] DbFile:41 - Overriding database path with different value: C:\Users\ARGE-PC1\.stmcufinder\plugins\mcufinder/ => C:\Users\ARGE-PC1\.stmcufinder\plugins\mcufinder
2023-08-04 09:58:28,109 [WARN] DbFile:41 - Overriding database path with different value: C:\Users\ARGE-PC1\.stmcufinder\plugins\mcufinder/ => C:\Users\ARGE-PC1\.stmcufinder\plugins\mcufinder
2023-08-04 09:58:28,109 [INFO] CrossReferenceDbSqlite:203 - Set database path to: C:\Users\ARGE-PC1\.stmcufinder\plugins\mcufinder//mcu/cs/
2023-08-04 09:58:28,129 [INFO] ApplicationProperties:184 - Using Application install path: C:\ST\STM32CubeIDE_1.12.1\STM32CubeIDE\plugins\com.st.stm32cube.common.mx_6.8.1.202304191431
2023-08-04 09:58:28,131 [INFO] PluginManage:196 - Search for loadable plugins [exclusion list=, ]
2023-08-04 09:58:28,132 [INFO] PluginManage:310 - Check plugin analytics
2023-08-04 09:58:28,295 [INFO] AnalyticsPlugin:253 - Accepted Software Licenses: STM32CubeMX.6.8.1
2023-08-04 09:58:28,295 [INFO] AnalyticsPlugin:255 - Accepted CMSIS Pack Licenses: 
2023-08-04 09:58:28,295 [INFO] AnalyticsPlugin:257 - Accepted Firmware Licenses: 
2023-08-04 09:58:28,295 [INFO] PluginManage:359 - Loaded plugin analytics (category:tool,tabindex:-1)
2023-08-04 09:58:28,295 [INFO] PluginManage:310 - Check plugin cadmodel
2023-08-04 09:58:28,326 [INFO] CADModel:105 - Init CAD model plugin
2023-08-04 09:58:28,326 [INFO] PluginManage:359 - Loaded plugin cadmodel (category:power,tabindex:5)
2023-08-04 09:58:28,326 [INFO] PluginManage:310 - Check plugin clock
2023-08-04 09:58:28,341 [INFO] PluginManage:359 - Loaded plugin clock (category:base,tabindex:2)
2023-08-04 09:58:28,341 [INFO] PluginManage:310 - Check plugin ddr
2023-08-04 09:58:28,341 [INFO] PluginManage:359 - Loaded plugin ddr (category:tool,tabindex:6)
2023-08-04 09:58:28,341 [INFO] PluginManage:310 - Check plugin filemanager
2023-08-04 09:58:28,498 [INFO] PluginManage:359 - Loaded plugin filemanager (category:base,tabindex:10)
2023-08-04 09:58:28,498 [INFO] PluginManage:310 - Check plugin ipmanager
2023-08-04 09:58:28,498 [INFO] PluginManage:359 - Loaded plugin ipmanager (category:base,tabindex:5)
2023-08-04 09:58:28,498 [INFO] PluginManage:310 - Check plugin lpbam
2023-08-04 09:58:28,514 [INFO] PluginManage:359 - Loaded plugin lpbam (category:base,tabindex:0)
2023-08-04 09:58:28,514 [INFO] PluginManage:310 - Check plugin pinoutandconfiguration
2023-08-04 09:58:28,545 [INFO] PluginManage:359 - Loaded plugin pinoutandconfiguration (category:base,tabindex:1)
2023-08-04 09:58:28,546 [INFO] PluginManage:310 - Check plugin pinoutconfig
2023-08-04 09:58:28,654 [WARN] SupportedApi:132 - Cannot load RTOS API schema: s4s-elt-must-match.1: The content of 'definitions' must match (annotation?, (simpleType | complexType)?, (unique | key | keyref)*)). A problem was found starting at: attribute.
2023-08-04 09:58:28,795 [INFO] PluginManage:359 - Loaded plugin pinoutconfig (category:base,tabindex:0)
2023-08-04 09:58:28,795 [INFO] PluginManage:310 - Check plugin power
2023-08-04 09:58:28,811 [INFO] PluginManage:359 - Loaded plugin power (category:power,tabindex:4)
2023-08-04 09:58:28,811 [INFO] PluginManage:310 - Check plugin projectmanager
2023-08-04 09:58:28,827 [INFO] PluginManage:359 - Loaded plugin projectmanager (category:projectmanager,tabindex:3)
2023-08-04 09:58:28,827 [INFO] PluginManage:310 - Check plugin thirdparty
2023-08-04 09:58:29,061 [INFO] PluginManage:359 - Loaded plugin thirdparty (category:base,tabindex:-1)
2023-08-04 09:58:29,061 [WARN] IntegrityCheckThread:84 - waiting for thirdparty lock release [integrity check]
2023-08-04 09:58:29,061 [INFO] PluginManage:310 - Check plugin tools
2023-08-04 09:58:29,061 [INFO] IntegrityCheckThread:86 - entering critical section [integrity check]
2023-08-04 09:58:29,061 [INFO] ThirdPartyUpdaterWithRetryManager:70 - Updater plugin not ready yet. [1/15]
2023-08-04 09:58:29,077 [INFO] PluginManage:359 - Loaded plugin tools (category:base,tabindex:7)
2023-08-04 09:58:29,077 [INFO] PluginManage:310 - Check plugin tutovideos
2023-08-04 09:58:29,311 [INFO] PluginManage:359 - Loaded plugin tutovideos (category:base,tabindex:-1)
2023-08-04 09:58:29,311 [INFO] PluginManage:310 - Check plugin updater
2023-08-04 09:58:29,341 [INFO] PluginManage:359 - Loaded plugin updater (category:base,tabindex:12)
2023-08-04 09:58:29,341 [INFO] PluginManage:283 - PluginManage : Loaded plugins [15]
2023-08-04 09:58:29,576 [INFO] PinOutPanel:1499 - setPackage(No Configuration,No Configuration)
2023-08-04 09:58:29,638 [INFO] CADModel:165 - CPN selected for project level
2023-08-04 09:58:29,638 [INFO] CADModel:114 - Register for checkConnection events
2023-08-04 09:58:29,674 [INFO] IPUIPlugin:80 - create IPUIPlugin
2023-08-04 09:58:29,674 [INFO] PluginManager:220 - loadIPPluginJar : add adc
2023-08-04 09:58:29,706 [INFO] IPUIPlugin:80 - create IPUIPlugin
2023-08-04 09:58:29,706 [INFO] PluginManager:220 - loadIPPluginJar : add aes
2023-08-04 09:58:29,732 [INFO] IPUIPlugin:80 - create IPUIPlugin
2023-08-04 09:58:29,732 [INFO] PluginManager:220 - loadIPPluginJar : add can
2023-08-04 09:58:29,764 [INFO] IPUIPlugin:80 - create IPUIPlugin
2023-08-04 09:58:29,764 [INFO] PluginManager:220 - loadIPPluginJar : add comp
2023-08-04 09:58:29,795 [INFO] IPUIPlugin:80 - create IPUIPlugin
2023-08-04 09:58:29,795 [INFO] PluginManager:220 - loadIPPluginJar : add cryp
2023-08-04 09:58:29,811 [INFO] IPUIPlugin:80 - create IPUIPlugin
2023-08-04 09:58:29,811 [INFO] PluginManager:220 - loadIPPluginJar : add dfsdm
2023-08-04 09:58:29,826 [INFO] IPUIPlugin:80 - create IPUIPlugin
2023-08-04 09:58:29,826 [INFO] PluginManager:220 - loadIPPluginJar : add dma
2023-08-04 09:58:29,876 [INFO] IPUIPlugin:80 - create IPUIPlugin
2023-08-04 09:58:29,876 [INFO] PluginManager:220 - loadIPPluginJar : add dma3
2023-08-04 09:58:29,889 [INFO] IPUIPlugin:80 - create IPUIPlugin
2023-08-04 09:58:29,889 [INFO] PluginManager:220 - loadIPPluginJar : add fatfs
2023-08-04 09:58:29,936 [INFO] IPUIPlugin:80 - create IPUIPlugin
2023-08-04 09:58:29,936 [INFO] PluginManager:220 - loadIPPluginJar : add fmc
2023-08-04 09:58:29,936 [INFO] IPUIPlugin:80 - create IPUIPlugin
2023-08-04 09:58:29,936 [INFO] PluginManager:220 - loadIPPluginJar : add freertos
2023-08-04 09:58:29,967 [INFO] IPUIPlugin:80 - create IPUIPlugin
2023-08-04 09:58:29,967 [INFO] PluginManager:220 - loadIPPluginJar : add genericplugin
2023-08-04 09:58:30,045 [INFO] IPUIPlugin:80 - create IPUIPlugin
2023-08-04 09:58:30,045 [INFO] PluginManager:220 - loadIPPluginJar : add gfxmmu
2023-08-04 09:58:30,154 [INFO] IPUIPlugin:80 - create IPUIPlugin
2023-08-04 09:58:30,154 [INFO] PluginManager:220 - loadIPPluginJar : add gic
2023-08-04 09:58:30,170 [INFO] IPUIPlugin:80 - create IPUIPlugin
2023-08-04 09:58:30,170 [INFO] PluginManager:220 - loadIPPluginJar : add gpio
2023-08-04 09:58:30,264 [INFO] IPUIPlugin:80 - create IPUIPlugin
2023-08-04 09:58:30,264 [INFO] PluginManager:220 - loadIPPluginJar : add gtzc
2023-08-04 09:58:30,296 [INFO] IPUIPlugin:80 - create IPUIPlugin
2023-08-04 09:58:30,296 [INFO] PluginManager:220 - loadIPPluginJar : add hash
2023-08-04 09:58:30,342 [INFO] IPUIPlugin:80 - create IPUIPlugin
2023-08-04 09:58:30,342 [INFO] PluginManager:220 - loadIPPluginJar : add i2c
2023-08-04 09:58:30,389 [INFO] IPUIPlugin:80 - create IPUIPlugin
2023-08-04 09:58:30,389 [INFO] PluginManager:220 - loadIPPluginJar : add i2s
2023-08-04 09:58:30,427 [INFO] IPUIPlugin:80 - create IPUIPlugin
2023-08-04 09:58:30,427 [INFO] PluginManager:220 - loadIPPluginJar : add i3c
2023-08-04 09:58:30,514 [INFO] IPUIPlugin:80 - create IPUIPlugin
2023-08-04 09:58:30,514 [INFO] PluginManager:220 - loadIPPluginJar : add ipddr
2023-08-04 09:58:30,608 [INFO] IPUIPlugin:80 - create IPUIPlugin
2023-08-04 09:58:30,608 [INFO] PluginManager:220 - loadIPPluginJar : add linkedlist
2023-08-04 09:58:30,647 [INFO] IPUIPlugin:80 - create IPUIPlugin
2023-08-04 09:58:30,647 [INFO] PluginManager:220 - loadIPPluginJar : add lorawan
2023-08-04 09:58:30,671 [INFO] IPUIPlugin:80 - create IPUIPlugin
2023-08-04 09:58:30,671 [INFO] PluginManager:220 - loadIPPluginJar : add ltdc
2023-08-04 09:58:30,686 [INFO] IPUIPlugin:80 - create IPUIPlugin
2023-08-04 09:58:30,686 [INFO] PluginManager:220 - loadIPPluginJar : add mdma
2023-08-04 09:58:30,702 [INFO] IPUIPlugin:80 - create IPUIPlugin
2023-08-04 09:58:30,702 [INFO] PluginManager:220 - loadIPPluginJar : add nvic
2023-08-04 09:58:30,733 [INFO] IPUIPlugin:80 - create IPUIPlugin
2023-08-04 09:58:30,733 [INFO] PluginManager:220 - loadIPPluginJar : add opamp
2023-08-04 09:58:30,780 [INFO] IPUIPlugin:80 - create IPUIPlugin
2023-08-04 09:58:30,780 [INFO] PluginManager:220 - loadIPPluginJar : add openamp
2023-08-04 09:58:30,827 [INFO] IPUIPlugin:80 - create IPUIPlugin
2023-08-04 09:58:30,827 [INFO] PluginManager:220 - loadIPPluginJar : add pdm2pcm
2023-08-04 09:58:30,842 [INFO] IPUIPlugin:80 - create IPUIPlugin
2023-08-04 09:58:30,842 [INFO] PluginManager:220 - loadIPPluginJar : add plateformsettings
2023-08-04 09:58:30,868 [INFO] IPUIPlugin:80 - create IPUIPlugin
2023-08-04 09:58:30,868 [INFO] PluginManager:220 - loadIPPluginJar : add quadspi
2023-08-04 09:58:30,873 [INFO] IPUIPlugin:80 - create IPUIPlugin
2023-08-04 09:58:30,873 [INFO] PluginManager:220 - loadIPPluginJar : add resmgrutility
2023-08-04 09:58:30,920 [INFO] IPUIPlugin:80 - create IPUIPlugin
2023-08-04 09:58:30,920 [INFO] PluginManager:220 - loadIPPluginJar : add sai
2023-08-04 09:58:30,951 [INFO] IPUIPlugin:80 - create IPUIPlugin
2023-08-04 09:58:30,951 [INFO] PluginManager:220 - loadIPPluginJar : add spi
2023-08-04 09:58:31,014 [INFO] IPUIPlugin:80 - create IPUIPlugin
2023-08-04 09:58:31,014 [INFO] PluginManager:220 - loadIPPluginJar : add stm32_wpan
2023-08-04 09:58:31,030 [INFO] IPUIPlugin:80 - create IPUIPlugin
2023-08-04 09:58:31,030 [INFO] PluginManager:220 - loadIPPluginJar : add tim
2023-08-04 09:58:31,090 [INFO] IPUIPlugin:80 - create IPUIPlugin
2023-08-04 09:58:31,090 [INFO] PluginManager:220 - loadIPPluginJar : add touchsensing
2023-08-04 09:58:31,108 [INFO] IPUIPlugin:80 - create IPUIPlugin
2023-08-04 09:58:31,108 [INFO] PluginManager:220 - loadIPPluginJar : add tracer_emb
2023-08-04 09:58:31,123 [INFO] IPUIPlugin:80 - create IPUIPlugin
2023-08-04 09:58:31,123 [INFO] PluginManager:220 - loadIPPluginJar : add ts
2023-08-04 09:58:31,154 [INFO] IPUIPlugin:80 - create IPUIPlugin
2023-08-04 09:58:31,154 [INFO] PluginManager:220 - loadIPPluginJar : add tsc
2023-08-04 09:58:31,176 [INFO] IPUIPlugin:80 - create IPUIPlugin
2023-08-04 09:58:31,176 [INFO] PluginManager:220 - loadIPPluginJar : add ucpd
2023-08-04 09:58:31,217 [INFO] IPUIPlugin:80 - create IPUIPlugin
2023-08-04 09:58:31,217 [INFO] PluginManager:220 - loadIPPluginJar : add usart
2023-08-04 09:58:31,248 [INFO] IPUIPlugin:80 - create IPUIPlugin
2023-08-04 09:58:31,248 [INFO] PluginManager:220 - loadIPPluginJar : add usbx
2023-08-04 09:58:31,399 [INFO] CADModel:165 - CPN selected for project level
2023-08-04 09:58:31,399 [INFO] CADModel:114 - Register for checkConnection events
2023-08-04 09:58:31,399 [FATAL] Updater:308 - Updater called before beeing initialized
2023-08-04 09:58:31,399 [ERROR] CADModel:125 - Updater not yet initialized, retry later 
2023-08-04 09:58:31,571 [INFO] CADModel:165 - CPN selected for project level
2023-08-04 09:58:31,571 [INFO] CADModel:114 - Register for checkConnection events
2023-08-04 09:58:31,571 [FATAL] Updater:308 - Updater called before beeing initialized
2023-08-04 09:58:31,571 [ERROR] CADModel:125 - Updater not yet initialized, retry later 
2023-08-04 09:58:31,571 [FATAL] Updater:308 - Updater called before beeing initialized
2023-08-04 09:58:31,730 [FATAL] Updater:308 - Updater called before beeing initialized
2023-08-04 09:58:31,746 [INFO] DbMcusAds:53 - JSON generation date=Tue Mar 07 11:50:55 TRT 2023 (1678179055114)
2023-08-04 09:58:31,747 [FATAL] Updater:308 - Updater called before beeing initialized
2023-08-04 09:58:31,811 [WARN] DetailPanel:346 - Failed to get advertising image, set to default
2023-08-04 09:58:31,920 [FATAL] Updater:308 - Updater called before beeing initialized
2023-08-04 09:58:31,920 [FATAL] Updater:308 - Updater called before beeing initialized
2023-08-04 09:58:31,920 [FATAL] Updater:308 - Updater called before beeing initialized
2023-08-04 09:58:31,920 [WARN] DetailPanel:346 - Failed to get advertising image, set to default
2023-08-04 09:58:31,920 [FATAL] Updater:308 - Updater called before beeing initialized
2023-08-04 09:58:31,983 [ERROR] Updater:1120 - MainUpdater not yet initialized. External WinMGr cannot be set.
2023-08-04 09:58:31,999 [INFO] Updater:1056 - Updater Version found : 6.8.1
2023-08-04 09:58:32,014 [INFO] ApplicationProperties:184 - Using Application install path: C:\ST\STM32CubeIDE_1.12.1\STM32CubeIDE\plugins\com.st.stm32cube.common.mx_6.8.1.202304191431
2023-08-04 09:58:32,077 [INFO] ThirdPartyUpdaterWithRetryManager:70 - Updater plugin not ready yet. [2/15]
2023-08-04 09:58:32,153 [INFO] MainUpdater:2854 - connection check result : 10
2023-08-04 09:58:32,153 [INFO] MainUpdater:3548 - Updater definition file requires update
2023-08-04 09:58:32,153 [INFO] MainUpdater:283 - Updater Check For Update Now.
2023-08-04 09:58:32,153 [INFO] MicroXplorer:498 - Change Database Version : DB.6.0.81
2023-08-04 09:58:32,169 [INFO] ServerAccessManage:473 - Download File updaters.zip
2023-08-04 09:58:32,274 [INFO] FileExtend:240 - Unzip File : updaters.zip
2023-08-04 09:58:32,275 [INFO] FileExtend:255 - Standard Zip Deflate
2023-08-04 09:58:33,071 [INFO] ServerAccessManage:473 - Download File PacksControlFlags.xml
2023-08-04 09:58:33,157 [INFO] ServerAccessManage:473 - Download File cubemx.pidx
2023-08-04 09:58:33,402 [INFO] LoadServerUpdatesThread:373 - End of LoadServerUpdate Thread
2023-08-04 09:58:33,639 [INFO] CheckServerUpdateThread:120 - End of CheckServer Thread
2023-08-04 09:58:33,655 [INFO] MainUpdater:2854 - connection check result : 10
2023-08-04 09:58:33,655 [INFO] MainUpdater:2854 - connection check result : 10
2023-08-04 09:58:33,826 [INFO] MicroXplorer:468 - Change Database Path : 
2023-08-04 09:58:33,826 [INFO] MicroXplorer:498 - Change Database Version : DB.6.0.81
2023-08-04 09:58:33,826 [WARN] ThirdParty:871 - waiting for thirdparty lock release [close project]
2023-08-04 09:58:35,202 [WARN] PackLoader:240 - Cannot read IP mode file for STMicroelectronics.X-CUBE-SMBUS.2.1.0
2023-08-04 09:58:35,263 [WARN] PackLoader:240 - Cannot read IP mode file for STMicroelectronics.X-CUBE-AZRTOS-F7.1.1.0
2023-08-04 09:58:35,280 [WARN] PackLoader:240 - Cannot read IP mode file for STMicroelectronics.FP-SNS-MOTENV1.4.3.2
2023-08-04 09:58:35,295 [WARN] PackLoader:240 - Cannot read IP mode file for STMicroelectronics.FP-SNS-FLIGHT1.5.0.1
2023-08-04 09:58:35,311 [WARN] PackLoader:240 - Cannot read IP mode file for STMicroelectronics.X-CUBE-BLE1.6.2.4
2023-08-04 09:58:35,326 [WARN] PackLoader:240 - Cannot read IP mode file for STMicroelectronics.FP-SNS-FLIGHT1.5.0.2
2023-08-04 09:58:35,358 [WARN] PackLoader:240 - Cannot read IP mode file for STMicroelectronics.X-CUBE-DISPLAY.3.0.0
2023-08-04 09:58:35,390 [WARN] PackLoader:240 - Cannot read IP mode file for emotas.I-CUBE-CANOPEN.1.3.0
2023-08-04 09:58:35,405 [WARN] PackLoader:240 - Cannot read IP mode file for STMicroelectronics.X-CUBE-TOUCHGFX.4.22.0
