2023-07-14 09:31:45,626 [INFO] ApplicationProperties:184 - Using Application install path: C:\ST\STM32CubeIDE_1.12.1\STM32CubeIDE\plugins\com.st.stm32cube.common.mx_6.8.1.202304191431
2023-07-14 09:31:45,655 [INFO] DbMcusXml:78 - Set database path to: C:\ST\STM32CubeIDE_1.12.1\STM32CubeIDE\plugins\com.st.stm32cube.common.mx_6.8.1.202304191431\\db\/mcu/
2023-07-14 09:31:45,656 [INFO] ApiDb:274 - Set plugin database path to: C:\ST\STM32CubeIDE_1.12.1\STM32CubeIDE\plugins\com.st.stm32cube.common.mx_6.8.1.202304191431\\db\/plugins/boardmanager/
2023-07-14 09:31:45,658 [WARN] ApiDb:259 - Overriding images path with different value:  => C:\ST\STM32CubeIDE_1.12.1\STM32CubeIDE\plugins\com.st.stm32cube.common.mx_6.8.1.202304191431\\db\/plugins/mcufinder/images/
2023-07-14 09:31:45,677 [INFO] ApiDb:250 - Set database path to: C:\Users\ARGE-PC1\.stmcufinder\plugins\mcufinder//mcu/
2023-07-14 09:31:45,679 [INFO] DbMcusAds:125 - Set database path to: C:\Users\ARGE-PC1\.stmcufinder\plugins\mcufinder//mcu/
2023-07-14 09:31:45,776 [INFO] CrossReferenceDbSqlite:203 - Set database path to: C:\Users\ARGE-PC1\.stmcufinder\plugins\mcufinder//mcu/cs/
2023-07-14 09:31:45,900 [INFO] RulesReader:64 - Compatibility file has been processed (293 Rules)
2023-07-14 09:31:45,981 [INFO] DbMcusXml:78 - Set database path to: C:\ST\STM32CubeIDE_1.12.1\STM32CubeIDE\plugins\com.st.stm32cube.common.mx_6.8.1.202304191431\\db\/mcu/
2023-07-14 09:31:45,981 [INFO] ApiDb:274 - Set plugin database path to: C:\ST\STM32CubeIDE_1.12.1\STM32CubeIDE\plugins\com.st.stm32cube.common.mx_6.8.1.202304191431\\db\/plugins/boardmanager/
2023-07-14 09:31:45,982 [INFO] ApiDb:261 - Set plugin images path to: C:\ST\STM32CubeIDE_1.12.1\STM32CubeIDE\plugins\com.st.stm32cube.common.mx_6.8.1.202304191431\\db\/plugins/mcufinder/images/
2023-07-14 09:31:45,982 [WARN] DbFile:41 - Overriding database path with different value: C:\Users\ARGE-PC1\.stmcufinder\plugins\mcufinder/ => C:\Users\ARGE-PC1\.stmcufinder\plugins\mcufinder
2023-07-14 09:31:45,982 [INFO] ApiDb:250 - Set database path to: C:\Users\ARGE-PC1\.stmcufinder\plugins\mcufinder//mcu/
2023-07-14 09:31:45,982 [WARN] DbFile:41 - Overriding database path with different value: C:\Users\ARGE-PC1\.stmcufinder\plugins\mcufinder/ => C:\Users\ARGE-PC1\.stmcufinder\plugins\mcufinder
2023-07-14 09:31:45,982 [INFO] DbMcusAds:125 - Set database path to: C:\Users\ARGE-PC1\.stmcufinder\plugins\mcufinder//mcu/
2023-07-14 09:31:45,982 [WARN] DbFile:41 - Overriding database path with different value: C:\Users\ARGE-PC1\.stmcufinder\plugins\mcufinder/ => C:\Users\ARGE-PC1\.stmcufinder\plugins\mcufinder
2023-07-14 09:31:45,982 [WARN] DbFile:41 - Overriding database path with different value: C:\Users\ARGE-PC1\.stmcufinder\plugins\mcufinder/ => C:\Users\ARGE-PC1\.stmcufinder\plugins\mcufinder
2023-07-14 09:31:45,982 [INFO] CrossReferenceDbSqlite:203 - Set database path to: C:\Users\ARGE-PC1\.stmcufinder\plugins\mcufinder//mcu/cs/
2023-07-14 09:31:46,061 [INFO] MainPanel:253 - HeapMemory: 526385152
2023-07-14 09:31:46,155 [INFO] DbMcusXml:78 - Set database path to: C:\ST\STM32CubeIDE_1.12.1\STM32CubeIDE\plugins\com.st.stm32cube.common.mx_6.8.1.202304191431\\db\/mcu/
2023-07-14 09:31:46,155 [INFO] ApiDb:274 - Set plugin database path to: C:\ST\STM32CubeIDE_1.12.1\STM32CubeIDE\plugins\com.st.stm32cube.common.mx_6.8.1.202304191431\\db\/plugins/boardmanager/
2023-07-14 09:31:46,155 [INFO] ApiDb:261 - Set plugin images path to: C:\ST\STM32CubeIDE_1.12.1\STM32CubeIDE\plugins\com.st.stm32cube.common.mx_6.8.1.202304191431\\db\/plugins/mcufinder/images/
2023-07-14 09:31:46,156 [WARN] DbFile:41 - Overriding database path with different value: C:\Users\ARGE-PC1\.stmcufinder\plugins\mcufinder/ => C:\Users\ARGE-PC1\.stmcufinder\plugins\mcufinder
2023-07-14 09:31:46,156 [INFO] ApiDb:250 - Set database path to: C:\Users\ARGE-PC1\.stmcufinder\plugins\mcufinder//mcu/
2023-07-14 09:31:46,156 [WARN] DbFile:41 - Overriding database path with different value: C:\Users\ARGE-PC1\.stmcufinder\plugins\mcufinder/ => C:\Users\ARGE-PC1\.stmcufinder\plugins\mcufinder
2023-07-14 09:31:46,156 [INFO] DbMcusAds:125 - Set database path to: C:\Users\ARGE-PC1\.stmcufinder\plugins\mcufinder//mcu/
2023-07-14 09:31:46,156 [WARN] DbFile:41 - Overriding database path with different value: C:\Users\ARGE-PC1\.stmcufinder\plugins\mcufinder/ => C:\Users\ARGE-PC1\.stmcufinder\plugins\mcufinder
2023-07-14 09:31:46,156 [WARN] DbFile:41 - Overriding database path with different value: C:\Users\ARGE-PC1\.stmcufinder\plugins\mcufinder/ => C:\Users\ARGE-PC1\.stmcufinder\plugins\mcufinder
2023-07-14 09:31:46,156 [INFO] CrossReferenceDbSqlite:203 - Set database path to: C:\Users\ARGE-PC1\.stmcufinder\plugins\mcufinder//mcu/cs/
2023-07-14 09:31:46,177 [INFO] ApplicationProperties:184 - Using Application install path: C:\ST\STM32CubeIDE_1.12.1\STM32CubeIDE\plugins\com.st.stm32cube.common.mx_6.8.1.202304191431
2023-07-14 09:31:46,179 [INFO] PluginManage:196 - Search for loadable plugins [exclusion list=, ]
2023-07-14 09:31:46,181 [INFO] PluginManage:310 - Check plugin analytics
2023-07-14 09:31:46,363 [INFO] AnalyticsPlugin:253 - Accepted Software Licenses: STM32CubeMX.6.8.1
2023-07-14 09:31:46,364 [INFO] AnalyticsPlugin:255 - Accepted CMSIS Pack Licenses: 
2023-07-14 09:31:46,364 [INFO] AnalyticsPlugin:257 - Accepted Firmware Licenses: 
2023-07-14 09:31:46,370 [INFO] PluginManage:359 - Loaded plugin analytics (category:tool,tabindex:-1)
2023-07-14 09:31:46,370 [INFO] PluginManage:310 - Check plugin cadmodel
2023-07-14 09:31:46,386 [INFO] CADModel:105 - Init CAD model plugin
2023-07-14 09:31:46,386 [INFO] PluginManage:359 - Loaded plugin cadmodel (category:power,tabindex:5)
2023-07-14 09:31:46,386 [INFO] PluginManage:310 - Check plugin clock
2023-07-14 09:31:46,406 [INFO] PluginManage:359 - Loaded plugin clock (category:base,tabindex:2)
2023-07-14 09:31:46,406 [INFO] PluginManage:310 - Check plugin ddr
2023-07-14 09:31:46,409 [INFO] PluginManage:359 - Loaded plugin ddr (category:tool,tabindex:6)
2023-07-14 09:31:46,409 [INFO] PluginManage:310 - Check plugin filemanager
2023-07-14 09:31:46,559 [INFO] PluginManage:359 - Loaded plugin filemanager (category:base,tabindex:10)
2023-07-14 09:31:46,559 [INFO] PluginManage:310 - Check plugin ipmanager
2023-07-14 09:31:46,568 [INFO] PluginManage:359 - Loaded plugin ipmanager (category:base,tabindex:5)
2023-07-14 09:31:46,568 [INFO] PluginManage:310 - Check plugin lpbam
2023-07-14 09:31:46,589 [INFO] PluginManage:359 - Loaded plugin lpbam (category:base,tabindex:0)
2023-07-14 09:31:46,589 [INFO] PluginManage:310 - Check plugin pinoutandconfiguration
2023-07-14 09:31:46,609 [INFO] PluginManage:359 - Loaded plugin pinoutandconfiguration (category:base,tabindex:1)
2023-07-14 09:31:46,610 [INFO] PluginManage:310 - Check plugin pinoutconfig
2023-07-14 09:31:46,729 [WARN] SupportedApi:132 - Cannot load RTOS API schema: s4s-elt-must-match.1: The content of 'definitions' must match (annotation?, (simpleType | complexType)?, (unique | key | keyref)*)). A problem was found starting at: attribute.
2023-07-14 09:31:46,886 [INFO] PluginManage:359 - Loaded plugin pinoutconfig (category:base,tabindex:0)
2023-07-14 09:31:46,886 [INFO] PluginManage:310 - Check plugin power
2023-07-14 09:31:46,906 [INFO] PluginManage:359 - Loaded plugin power (category:power,tabindex:4)
2023-07-14 09:31:46,906 [INFO] PluginManage:310 - Check plugin projectmanager
2023-07-14 09:31:46,922 [INFO] PluginManage:359 - Loaded plugin projectmanager (category:projectmanager,tabindex:3)
2023-07-14 09:31:46,922 [INFO] PluginManage:310 - Check plugin thirdparty
2023-07-14 09:31:47,150 [INFO] PluginManage:359 - Loaded plugin thirdparty (category:base,tabindex:-1)
2023-07-14 09:31:47,150 [WARN] IntegrityCheckThread:84 - waiting for thirdparty lock release [integrity check]
2023-07-14 09:31:47,150 [INFO] IntegrityCheckThread:86 - entering critical section [integrity check]
2023-07-14 09:31:47,150 [INFO] PluginManage:310 - Check plugin tools
2023-07-14 09:31:47,152 [INFO] ThirdPartyUpdaterWithRetryManager:70 - Updater plugin not ready yet. [1/15]
2023-07-14 09:31:47,177 [INFO] PluginManage:359 - Loaded plugin tools (category:base,tabindex:7)
2023-07-14 09:31:47,177 [INFO] PluginManage:310 - Check plugin tutovideos
2023-07-14 09:31:47,414 [INFO] PluginManage:359 - Loaded plugin tutovideos (category:base,tabindex:-1)
2023-07-14 09:31:47,415 [INFO] PluginManage:310 - Check plugin updater
2023-07-14 09:31:47,433 [INFO] PluginManage:359 - Loaded plugin updater (category:base,tabindex:12)
2023-07-14 09:31:47,434 [INFO] PluginManage:283 - PluginManage : Loaded plugins [15]
2023-07-14 09:31:47,781 [INFO] PinOutPanel:1499 - setPackage(No Configuration,No Configuration)
2023-07-14 09:31:47,870 [INFO] CADModel:165 - CPN selected for project level
2023-07-14 09:31:47,870 [INFO] CADModel:114 - Register for checkConnection events
2023-07-14 09:31:47,902 [INFO] IPUIPlugin:80 - create IPUIPlugin
2023-07-14 09:31:47,903 [INFO] PluginManager:220 - loadIPPluginJar : add adc
2023-07-14 09:31:47,941 [INFO] IPUIPlugin:80 - create IPUIPlugin
2023-07-14 09:31:47,941 [INFO] PluginManager:220 - loadIPPluginJar : add aes
2023-07-14 09:31:47,993 [INFO] IPUIPlugin:80 - create IPUIPlugin
2023-07-14 09:31:47,993 [INFO] PluginManager:220 - loadIPPluginJar : add can
2023-07-14 09:31:48,016 [INFO] IPUIPlugin:80 - create IPUIPlugin
2023-07-14 09:31:48,016 [INFO] PluginManager:220 - loadIPPluginJar : add comp
2023-07-14 09:31:48,087 [INFO] IPUIPlugin:80 - create IPUIPlugin
2023-07-14 09:31:48,087 [INFO] PluginManager:220 - loadIPPluginJar : add cryp
2023-07-14 09:31:48,115 [INFO] IPUIPlugin:80 - create IPUIPlugin
2023-07-14 09:31:48,116 [INFO] PluginManager:220 - loadIPPluginJar : add dfsdm
2023-07-14 09:31:48,131 [INFO] IPUIPlugin:80 - create IPUIPlugin
2023-07-14 09:31:48,131 [INFO] PluginManager:220 - loadIPPluginJar : add dma
2023-07-14 09:31:48,174 [INFO] IPUIPlugin:80 - create IPUIPlugin
2023-07-14 09:31:48,175 [INFO] PluginManager:220 - loadIPPluginJar : add dma3
2023-07-14 09:31:48,194 [INFO] IPUIPlugin:80 - create IPUIPlugin
2023-07-14 09:31:48,195 [INFO] PluginManager:220 - loadIPPluginJar : add fatfs
2023-07-14 09:31:48,242 [INFO] IPUIPlugin:80 - create IPUIPlugin
2023-07-14 09:31:48,242 [INFO] PluginManager:220 - loadIPPluginJar : add fmc
2023-07-14 09:31:48,258 [INFO] IPUIPlugin:80 - create IPUIPlugin
2023-07-14 09:31:48,258 [INFO] PluginManager:220 - loadIPPluginJar : add freertos
2023-07-14 09:31:48,279 [INFO] IPUIPlugin:80 - create IPUIPlugin
2023-07-14 09:31:48,279 [INFO] PluginManager:220 - loadIPPluginJar : add genericplugin
2023-07-14 09:31:48,373 [INFO] IPUIPlugin:80 - create IPUIPlugin
2023-07-14 09:31:48,373 [INFO] PluginManager:220 - loadIPPluginJar : add gfxmmu
2023-07-14 09:31:48,504 [INFO] IPUIPlugin:80 - create IPUIPlugin
2023-07-14 09:31:48,504 [INFO] PluginManager:220 - loadIPPluginJar : add gic
2023-07-14 09:31:48,517 [INFO] IPUIPlugin:80 - create IPUIPlugin
2023-07-14 09:31:48,517 [INFO] PluginManager:220 - loadIPPluginJar : add gpio
2023-07-14 09:31:48,603 [INFO] IPUIPlugin:80 - create IPUIPlugin
2023-07-14 09:31:48,603 [INFO] PluginManager:220 - loadIPPluginJar : add gtzc
2023-07-14 09:31:48,636 [INFO] IPUIPlugin:80 - create IPUIPlugin
2023-07-14 09:31:48,636 [INFO] PluginManager:220 - loadIPPluginJar : add hash
2023-07-14 09:31:48,689 [INFO] IPUIPlugin:80 - create IPUIPlugin
2023-07-14 09:31:48,689 [INFO] PluginManager:220 - loadIPPluginJar : add i2c
2023-07-14 09:31:48,729 [INFO] IPUIPlugin:80 - create IPUIPlugin
2023-07-14 09:31:48,729 [INFO] PluginManager:220 - loadIPPluginJar : add i2s
2023-07-14 09:31:48,768 [INFO] IPUIPlugin:80 - create IPUIPlugin
2023-07-14 09:31:48,768 [INFO] PluginManager:220 - loadIPPluginJar : add i3c
2023-07-14 09:31:48,866 [INFO] IPUIPlugin:80 - create IPUIPlugin
2023-07-14 09:31:48,866 [INFO] PluginManager:220 - loadIPPluginJar : add ipddr
2023-07-14 09:31:48,948 [INFO] IPUIPlugin:80 - create IPUIPlugin
2023-07-14 09:31:48,949 [INFO] PluginManager:220 - loadIPPluginJar : add linkedlist
2023-07-14 09:31:48,980 [INFO] IPUIPlugin:80 - create IPUIPlugin
2023-07-14 09:31:48,980 [INFO] PluginManager:220 - loadIPPluginJar : add lorawan
2023-07-14 09:31:49,011 [INFO] IPUIPlugin:80 - create IPUIPlugin
2023-07-14 09:31:49,011 [INFO] PluginManager:220 - loadIPPluginJar : add ltdc
2023-07-14 09:31:49,024 [INFO] IPUIPlugin:80 - create IPUIPlugin
2023-07-14 09:31:49,025 [INFO] PluginManager:220 - loadIPPluginJar : add mdma
2023-07-14 09:31:49,035 [INFO] IPUIPlugin:80 - create IPUIPlugin
2023-07-14 09:31:49,035 [INFO] PluginManager:220 - loadIPPluginJar : add nvic
2023-07-14 09:31:49,068 [INFO] IPUIPlugin:80 - create IPUIPlugin
2023-07-14 09:31:49,068 [INFO] PluginManager:220 - loadIPPluginJar : add opamp
2023-07-14 09:31:49,121 [INFO] IPUIPlugin:80 - create IPUIPlugin
2023-07-14 09:31:49,121 [INFO] PluginManager:220 - loadIPPluginJar : add openamp
2023-07-14 09:31:49,157 [INFO] IPUIPlugin:80 - create IPUIPlugin
2023-07-14 09:31:49,157 [INFO] PluginManager:220 - loadIPPluginJar : add pdm2pcm
2023-07-14 09:31:49,171 [INFO] IPUIPlugin:80 - create IPUIPlugin
2023-07-14 09:31:49,174 [INFO] PluginManager:220 - loadIPPluginJar : add plateformsettings
2023-07-14 09:31:49,194 [INFO] IPUIPlugin:80 - create IPUIPlugin
2023-07-14 09:31:49,194 [INFO] PluginManager:220 - loadIPPluginJar : add quadspi
2023-07-14 09:31:49,205 [INFO] IPUIPlugin:80 - create IPUIPlugin
2023-07-14 09:31:49,206 [INFO] PluginManager:220 - loadIPPluginJar : add resmgrutility
2023-07-14 09:31:49,246 [INFO] IPUIPlugin:80 - create IPUIPlugin
2023-07-14 09:31:49,246 [INFO] PluginManager:220 - loadIPPluginJar : add sai
2023-07-14 09:31:49,280 [INFO] IPUIPlugin:80 - create IPUIPlugin
2023-07-14 09:31:49,280 [INFO] PluginManager:220 - loadIPPluginJar : add spi
2023-07-14 09:31:49,331 [INFO] IPUIPlugin:80 - create IPUIPlugin
2023-07-14 09:31:49,331 [INFO] PluginManager:220 - loadIPPluginJar : add stm32_wpan
2023-07-14 09:31:49,351 [INFO] IPUIPlugin:80 - create IPUIPlugin
2023-07-14 09:31:49,351 [INFO] PluginManager:220 - loadIPPluginJar : add tim
2023-07-14 09:31:49,400 [INFO] IPUIPlugin:80 - create IPUIPlugin
2023-07-14 09:31:49,400 [INFO] PluginManager:220 - loadIPPluginJar : add touchsensing
2023-07-14 09:31:49,428 [INFO] IPUIPlugin:80 - create IPUIPlugin
2023-07-14 09:31:49,428 [INFO] PluginManager:220 - loadIPPluginJar : add tracer_emb
2023-07-14 09:31:49,463 [INFO] IPUIPlugin:80 - create IPUIPlugin
2023-07-14 09:31:49,463 [INFO] PluginManager:220 - loadIPPluginJar : add ts
2023-07-14 09:31:49,502 [INFO] IPUIPlugin:80 - create IPUIPlugin
2023-07-14 09:31:49,502 [INFO] PluginManager:220 - loadIPPluginJar : add tsc
2023-07-14 09:31:49,531 [INFO] IPUIPlugin:80 - create IPUIPlugin
2023-07-14 09:31:49,531 [INFO] PluginManager:220 - loadIPPluginJar : add ucpd
2023-07-14 09:31:49,575 [INFO] IPUIPlugin:80 - create IPUIPlugin
2023-07-14 09:31:49,575 [INFO] PluginManager:220 - loadIPPluginJar : add usart
2023-07-14 09:31:49,655 [INFO] IPUIPlugin:80 - create IPUIPlugin
2023-07-14 09:31:49,655 [INFO] PluginManager:220 - loadIPPluginJar : add usbx
2023-07-14 09:31:49,783 [INFO] CADModel:165 - CPN selected for project level
2023-07-14 09:31:49,783 [INFO] CADModel:114 - Register for checkConnection events
2023-07-14 09:31:49,783 [FATAL] Updater:308 - Updater called before beeing initialized
2023-07-14 09:31:49,783 [ERROR] CADModel:125 - Updater not yet initialized, retry later 
2023-07-14 09:31:49,997 [INFO] CADModel:165 - CPN selected for project level
2023-07-14 09:31:49,997 [INFO] CADModel:114 - Register for checkConnection events
2023-07-14 09:31:49,997 [FATAL] Updater:308 - Updater called before beeing initialized
2023-07-14 09:31:49,997 [ERROR] CADModel:125 - Updater not yet initialized, retry later 
2023-07-14 09:31:50,002 [FATAL] Updater:308 - Updater called before beeing initialized
2023-07-14 09:31:50,150 [FATAL] Updater:308 - Updater called before beeing initialized
2023-07-14 09:31:50,165 [INFO] DbMcusAds:53 - JSON generation date=Tue Mar 07 11:50:55 TRT 2023 (1678179055335)
2023-07-14 09:31:50,165 [FATAL] Updater:308 - Updater called before beeing initialized
2023-07-14 09:31:50,168 [INFO] ThirdPartyUpdaterWithRetryManager:70 - Updater plugin not ready yet. [2/15]
2023-07-14 09:31:50,242 [WARN] DetailPanel:346 - Failed to get advertising image, set to default
2023-07-14 09:31:50,429 [FATAL] Updater:308 - Updater called before beeing initialized
2023-07-14 09:31:50,432 [FATAL] Updater:308 - Updater called before beeing initialized
2023-07-14 09:31:50,432 [FATAL] Updater:308 - Updater called before beeing initialized
2023-07-14 09:31:50,433 [WARN] DetailPanel:346 - Failed to get advertising image, set to default
2023-07-14 09:31:50,433 [FATAL] Updater:308 - Updater called before beeing initialized
2023-07-14 09:31:50,507 [ERROR] Updater:1120 - MainUpdater not yet initialized. External WinMGr cannot be set.
2023-07-14 09:31:50,518 [INFO] Updater:1056 - Updater Version found : 6.8.1
2023-07-14 09:31:50,538 [INFO] ApplicationProperties:184 - Using Application install path: C:\ST\STM32CubeIDE_1.12.1\STM32CubeIDE\plugins\com.st.stm32cube.common.mx_6.8.1.202304191431
2023-07-14 09:31:50,688 [INFO] MainUpdater:2854 - connection check result : 10
2023-07-14 09:31:50,690 [INFO] MainUpdater:283 - Updater Check For Update Now.
2023-07-14 09:31:50,690 [INFO] MicroXplorer:498 - Change Database Version : DB.6.0.81
2023-07-14 09:31:50,869 [INFO] CheckServerUpdateThread:120 - End of CheckServer Thread
2023-07-14 09:31:50,928 [INFO] MainUpdater:2854 - connection check result : 10
2023-07-14 09:31:50,936 [INFO] MainUpdater:2854 - connection check result : 10
2023-07-14 09:31:51,096 [INFO] MicroXplorer:468 - Change Database Path : 
2023-07-14 09:31:51,096 [INFO] MicroXplorer:498 - Change Database Version : DB.6.0.81
2023-07-14 09:31:51,097 [WARN] ThirdParty:871 - waiting for thirdparty lock release [close project]
2023-07-14 09:31:53,310 [WARN] PackLoader:240 - Cannot read IP mode file for STMicroelectronics.X-CUBE-GNSS1.6.0.0
2023-07-14 09:31:53,354 [WARN] PackLoader:240 - Cannot read IP mode file for STMicroelectronics.X-CUBE-AZRTOS-F4.1.1.0
2023-07-14 09:31:53,371 [WARN] PackLoader:240 - Cannot read IP mode file for STMicroelectronics.X-CUBE-SMBUS.2.1.0
2023-07-14 09:31:53,398 [WARN] PackLoader:240 - Cannot read IP mode file for STMicroelectronics.X-CUBE-AZRTOS-F7.1.1.0
2023-07-14 09:31:53,465 [WARN] PackLoader:240 - Cannot read IP mode file for STMicroelectronics.X-CUBE-MEMS1.9.6.0
2023-07-14 09:31:53,695 [WARN] PackLoader:240 - Cannot read IP mode file for STMicroelectronics.FP-SNS-MOTENV1.4.3.2
2023-07-14 09:31:53,714 [WARN] PackLoader:240 - Cannot read IP mode file for STMicroelectronics.FP-SNS-FLIGHT1.5.0.1
2023-07-14 09:31:53,732 [WARN] PackLoader:240 - Cannot read IP mode file for STMicroelectronics.X-CUBE-BLE1.6.2.4
2023-07-14 09:31:53,753 [WARN] PackLoader:240 - Cannot read IP mode file for STMicroelectronics.X-CUBE-BLEMGR.2.0.0
2023-07-14 09:31:53,798 [WARN] ConditionMgr:438 - getConditionDescription Invalid condition id : UX DEVICE CLASS RTOS Condition cause : null
2023-07-14 09:31:53,799 [WARN] ConditionMgr:438 - getConditionDescription Invalid condition id : UX DEVICE CLASS RTOS Condition cause : null
2023-07-14 09:31:53,803 [WARN] PackLoader:240 - Cannot read IP mode file for STMicroelectronics.X-CUBE-AZRTOS-H7.3.1.0
2023-07-14 09:31:53,805 [WARN] ConditionMgr:1039 - genDependencies : Invalid condition id : UX DEVICE CLASS RTOS Condition cause : null
2023-07-14 09:31:53,805 [WARN] ConditionMgr:1039 - genDependencies : Invalid condition id : UX DEVICE CLASS RTOS Condition cause : null
2023-07-14 09:31:53,806 [WARN] ConditionMgr:1039 - genDependencies : Invalid condition id : UX DEVICE CLASS RTOS Condition cause : null
2023-07-14 09:31:53,806 [WARN] ConditionMgr:1039 - genDependencies : Invalid condition id : UX DEVICE CLASS RTOS Condition cause : null
2023-07-14 09:31:53,806 [WARN] ConditionMgr:1039 - genDependencies : Invalid condition id : UX DEVICE CLASS RTOS Condition cause : null
2023-07-14 09:31:53,826 [WARN] PackLoader:240 - Cannot read IP mode file for STMicroelectronics.X-CUBE-DISPLAY.3.0.0
2023-07-14 09:31:53,855 [WARN] PackLoader:240 - Cannot read IP mode file for emotas.I-CUBE-CANOPEN.1.3.0
2023-07-14 09:31:53,877 [WARN] PackLoader:240 - Cannot read IP mode file for STMicroelectronics.X-CUBE-TOUCHGFX.4.22.0
2023-07-14 09:31:53,896 [WARN] PackLoader:240 - Cannot read IP mode file for STMicroelectronics.X-CUBE-NFC7.1.0.1
2023-07-14 09:31:53,918 [WARN] PackLoader:240 - Cannot read IP mode file for STMicroelectronics.X-CUBE-EEPRMA1.4.1.0
