07:57:04 **** Incremental Build of configuration Debug for project temizbirsayfa ****
make -j8 all 
arm-none-eabi-gcc "../Drivers/STM32L4xx_HAL_Driver/Src/stm32l4xx_hal.c" -mcpu=cortex-m4 -std=gnu11 -g3 -DDEBUG -DUSE_HAL_DRIVER -DSTM32L433xx -c -I../Core/Inc -I../Drivers/STM32L4xx_HAL_Driver/Inc -I../Drivers/STM32L4xx_HAL_Driver/Inc/Legacy -I../Drivers/CMSIS/Device/ST/STM32L4xx/Include -I../Drivers/CMSIS/Include -O0 -ffunction-sections -fdata-sections -Wall -fstack-usage -fcyclomatic-complexity -MMD -MP -MF"Drivers/STM32L4xx_HAL_Driver/Src/stm32l4xx_hal.d" -MT"Drivers/STM32L4xx_HAL_Driver/Src/stm32l4xx_hal.o" --specs=nano.specs -mfpu=fpv4-sp-d16 -mfloat-abi=hard -mthumb -o "Drivers/STM32L4xx_HAL_Driver/Src/stm32l4xx_hal.o"
arm-none-eabi-gcc "../Drivers/STM32L4xx_HAL_Driver/Src/stm32l4xx_hal_cortex.c" -mcpu=cortex-m4 -std=gnu11 -g3 -DDEBUG -DUSE_HAL_DRIVER -DSTM32L433xx -c -I../Core/Inc -I../Drivers/STM32L4xx_HAL_Driver/Inc -I../Drivers/STM32L4xx_HAL_Driver/Inc/Legacy -I../Drivers/CMSIS/Device/ST/STM32L4xx/Include -I../Drivers/CMSIS/Include -O0 -ffunction-sections -fdata-sections -Wall -fstack-usage -fcyclomatic-complexity -MMD -MP -MF"Drivers/STM32L4xx_HAL_Driver/Src/stm32l4xx_hal_cortex.d" -MT"Drivers/STM32L4xx_HAL_Driver/Src/stm32l4xx_hal_cortex.o" --specs=nano.specs -mfpu=fpv4-sp-d16 -mfloat-abi=hard -mthumb -o "Drivers/STM32L4xx_HAL_Driver/Src/stm32l4xx_hal_cortex.o"
arm-none-eabi-gcc "../Drivers/STM32L4xx_HAL_Driver/Src/stm32l4xx_hal_dma.c" -mcpu=cortex-m4 -std=gnu11 -g3 -DDEBUG -DUSE_HAL_DRIVER -DSTM32L433xx -c -I../Core/Inc -I../Drivers/STM32L4xx_HAL_Driver/Inc -I../Drivers/STM32L4xx_HAL_Driver/Inc/Legacy -I../Drivers/CMSIS/Device/ST/STM32L4xx/Include -I../Drivers/CMSIS/Include -O0 -ffunction-sections -fdata-sections -Wall -fstack-usage -fcyclomatic-complexity -MMD -MP -MF"Drivers/STM32L4xx_HAL_Driver/Src/stm32l4xx_hal_dma.d" -MT"Drivers/STM32L4xx_HAL_Driver/Src/stm32l4xx_hal_dma.o" --specs=nano.specs -mfpu=fpv4-sp-d16 -mfloat-abi=hard -mthumb -o "Drivers/STM32L4xx_HAL_Driver/Src/stm32l4xx_hal_dma.o"
arm-none-eabi-gcc "../Drivers/STM32L4xx_HAL_Driver/Src/stm32l4xx_hal_dma_ex.c" -mcpu=cortex-m4 -std=gnu11 -g3 -DDEBUG -DUSE_HAL_DRIVER -DSTM32L433xx -c -I../Core/Inc -I../Drivers/STM32L4xx_HAL_Driver/Inc -I../Drivers/STM32L4xx_HAL_Driver/Inc/Legacy -I../Drivers/CMSIS/Device/ST/STM32L4xx/Include -I../Drivers/CMSIS/Include -O0 -ffunction-sections -fdata-sections -Wall -fstack-usage -fcyclomatic-complexity -MMD -MP -MF"Drivers/STM32L4xx_HAL_Driver/Src/stm32l4xx_hal_dma_ex.d" -MT"Drivers/STM32L4xx_HAL_Driver/Src/stm32l4xx_hal_dma_ex.o" --specs=nano.specs -mfpu=fpv4-sp-d16 -mfloat-abi=hard -mthumb -o "Drivers/STM32L4xx_HAL_Driver/Src/stm32l4xx_hal_dma_ex.o"
arm-none-eabi-gcc "../Drivers/STM32L4xx_HAL_Driver/Src/stm32l4xx_hal_exti.c" -mcpu=cortex-m4 -std=gnu11 -g3 -DDEBUG -DUSE_HAL_DRIVER -DSTM32L433xx -c -I../Core/Inc -I../Drivers/STM32L4xx_HAL_Driver/Inc -I../Drivers/STM32L4xx_HAL_Driver/Inc/Legacy -I../Drivers/CMSIS/Device/ST/STM32L4xx/Include -I../Drivers/CMSIS/Include -O0 -ffunction-sections -fdata-sections -Wall -fstack-usage -fcyclomatic-complexity -MMD -MP -MF"Drivers/STM32L4xx_HAL_Driver/Src/stm32l4xx_hal_exti.d" -MT"Drivers/STM32L4xx_HAL_Driver/Src/stm32l4xx_hal_exti.o" --specs=nano.specs -mfpu=fpv4-sp-d16 -mfloat-abi=hard -mthumb -o "Drivers/STM32L4xx_HAL_Driver/Src/stm32l4xx_hal_exti.o"
arm-none-eabi-gcc "../Drivers/STM32L4xx_HAL_Driver/Src/stm32l4xx_hal_flash.c" -mcpu=cortex-m4 -std=gnu11 -g3 -DDEBUG -DUSE_HAL_DRIVER -DSTM32L433xx -c -I../Core/Inc -I../Drivers/STM32L4xx_HAL_Driver/Inc -I../Drivers/STM32L4xx_HAL_Driver/Inc/Legacy -I../Drivers/CMSIS/Device/ST/STM32L4xx/Include -I../Drivers/CMSIS/Include -O0 -ffunction-sections -fdata-sections -Wall -fstack-usage -fcyclomatic-complexity -MMD -MP -MF"Drivers/STM32L4xx_HAL_Driver/Src/stm32l4xx_hal_flash.d" -MT"Drivers/STM32L4xx_HAL_Driver/Src/stm32l4xx_hal_flash.o" --specs=nano.specs -mfpu=fpv4-sp-d16 -mfloat-abi=hard -mthumb -o "Drivers/STM32L4xx_HAL_Driver/Src/stm32l4xx_hal_flash.o"
arm-none-eabi-gcc "../Drivers/STM32L4xx_HAL_Driver/Src/stm32l4xx_hal_flash_ex.c" -mcpu=cortex-m4 -std=gnu11 -g3 -DDEBUG -DUSE_HAL_DRIVER -DSTM32L433xx -c -I../Core/Inc -I../Drivers/STM32L4xx_HAL_Driver/Inc -I../Drivers/STM32L4xx_HAL_Driver/Inc/Legacy -I../Drivers/CMSIS/Device/ST/STM32L4xx/Include -I../Drivers/CMSIS/Include -O0 -ffunction-sections -fdata-sections -Wall -fstack-usage -fcyclomatic-complexity -MMD -MP -MF"Drivers/STM32L4xx_HAL_Driver/Src/stm32l4xx_hal_flash_ex.d" -MT"Drivers/STM32L4xx_HAL_Driver/Src/stm32l4xx_hal_flash_ex.o" --specs=nano.specs -mfpu=fpv4-sp-d16 -mfloat-abi=hard -mthumb -o "Drivers/STM32L4xx_HAL_Driver/Src/stm32l4xx_hal_flash_ex.o"
arm-none-eabi-gcc "../Drivers/STM32L4xx_HAL_Driver/Src/stm32l4xx_hal_flash_ramfunc.c" -mcpu=cortex-m4 -std=gnu11 -g3 -DDEBUG -DUSE_HAL_DRIVER -DSTM32L433xx -c -I../Core/Inc -I../Drivers/STM32L4xx_HAL_Driver/Inc -I../Drivers/STM32L4xx_HAL_Driver/Inc/Legacy -I../Drivers/CMSIS/Device/ST/STM32L4xx/Include -I../Drivers/CMSIS/Include -O0 -ffunction-sections -fdata-sections -Wall -fstack-usage -fcyclomatic-complexity -MMD -MP -MF"Drivers/STM32L4xx_HAL_Driver/Src/stm32l4xx_hal_flash_ramfunc.d" -MT"Drivers/STM32L4xx_HAL_Driver/Src/stm32l4xx_hal_flash_ramfunc.o" --specs=nano.specs -mfpu=fpv4-sp-d16 -mfloat-abi=hard -mthumb -o "Drivers/STM32L4xx_HAL_Driver/Src/stm32l4xx_hal_flash_ramfunc.o"
In file included from ../Drivers/STM32L4xx_HAL_Driver/Src/stm32l4xx_hal_flash.c:88:
../Drivers/STM32L4xx_HAL_Driver/Inc/stm32l4xx_hal.h:618:8: error: unknown type name '__IO'
  618 | extern __IO uint32_t uwTick;
      |        ^~~~
In file included from ../Drivers/STM32L4xx_HAL_Driver/Src/stm32l4xx_hal_flash_ramfunc.c:48:
../Drivers/STM32L4xx_HAL_Driver/Inc/stm32l4xx_hal.h:618:8: error: unknown type name '__IO'
  618 | extern __IO uint32_t uwTick;
      |        ^~~~
In file included from ../Drivers/STM32L4xx_HAL_Driver/Src/stm32l4xx_hal.c:36:
../Drivers/STM32L4xx_HAL_Driver/Inc/stm32l4xx_hal.h:618:8: error: unknown type name '__IO'
  618 | extern __IO uint32_t uwTick;
      |        ^~~~
In file included from ../Drivers/STM32L4xx_HAL_Driver/Src/stm32l4xx_hal_dma_ex.c:50:
../Drivers/STM32L4xx_HAL_Driver/Inc/stm32l4xx_hal.h:618:8: error: unknown type name '__IO'
  618 | extern __IO uint32_t uwTick;
      |        ^~~~
In file included from ../Drivers/STM32L4xx_HAL_Driver/Src/stm32l4xx_hal_flash_ex.c:61:
../Drivers/STM32L4xx_HAL_Driver/Inc/stm32l4xx_hal.h:618:8: error: unknown type name '__IO'
  618 | extern __IO uint32_t uwTick;
      |        ^~~~
In file included from ../Drivers/STM32L4xx_HAL_Driver/Src/stm32l4xx_hal_exti.c:86:
../Drivers/STM32L4xx_HAL_Driver/Inc/stm32l4xx_hal.h:618:8: error: unknown type name '__IO'
  618 | extern __IO uint32_t uwTick;
      |        ^~~~
In file included from ../Drivers/STM32L4xx_HAL_Driver/Src/stm32l4xx_hal_cortex.c:104:
../Drivers/STM32L4xx_HAL_Driver/Inc/stm32l4xx_hal.h:618:8: error: unknown type name '__IO'
  618 | extern __IO uint32_t uwTick;
      |        ^~~~
In file included from ../Drivers/STM32L4xx_HAL_Driver/Src/stm32l4xx_hal_dma.c:91:
../Drivers/STM32L4xx_HAL_Driver/Inc/stm32l4xx_hal.h:618:8: error: unknown type name '__IO'
  618 | extern __IO uint32_t uwTick;
      |        ^~~~
../Drivers/STM32L4xx_HAL_Driver/Inc/stm32l4xx_hal.h:618:22: error: expected '=', ',', ';', 'asm' or '__attribute__' before 'uwTick'
  618 | extern __IO uint32_t uwTick;
      |                      ^~~~~~
../Drivers/STM32L4xx_HAL_Driver/Inc/stm32l4xx_hal.h:618:22: error: expected '=', ',', ';', 'asm' or '__attribute__' before 'uwTick'
  618 | extern __IO uint32_t uwTick;
      |                      ^~~~~~
../Drivers/STM32L4xx_HAL_Driver/Inc/stm32l4xx_hal.h:618:22: error: expected '=', ',', ';', 'asm' or '__attribute__' before 'uwTick'
  618 | extern __IO uint32_t uwTick;
      |                      ^~~~~~
../Drivers/STM32L4xx_HAL_Driver/Inc/stm32l4xx_hal.h:618:22: error: expected '=', ',', ';', 'asm' or '__attribute__' before 'uwTick'
  618 | extern __IO uint32_t uwTick;
      |                      ^~~~~~
../Drivers/STM32L4xx_HAL_Driver/Inc/stm32l4xx_hal.h:618:22: error: expected '=', ',', ';', 'asm' or '__attribute__' before 'uwTick'
  618 | extern __IO uint32_t uwTick;
      |                      ^~~~~~
../Drivers/STM32L4xx_HAL_Driver/Inc/stm32l4xx_hal.h:618:22: error: expected '=', ',', ';', 'asm' or '__attribute__' before 'uwTick'
  618 | extern __IO uint32_t uwTick;
      |                      ^~~~~~
../Drivers/STM32L4xx_HAL_Driver/Inc/stm32l4xx_hal.h:619:8: error: unknown type name 'uint32_t'
  619 | extern uint32_t uwTickPrio;
      |        ^~~~~~~~
../Drivers/STM32L4xx_HAL_Driver/Inc/stm32l4xx_hal.h:618:22: error: expected '=', ',', ';', 'asm' or '__attribute__' before 'uwTick'
  618 | extern __IO uint32_t uwTick;
      |                      ^~~~~~
../Drivers/STM32L4xx_HAL_Driver/Inc/stm32l4xx_hal.h:618:22: error: expected '=', ',', ';', 'asm' or '__attribute__' before 'uwTick'
  618 | extern __IO uint32_t uwTick;
      |                      ^~~~~~
../Drivers/STM32L4xx_HAL_Driver/Inc/stm32l4xx_hal.h:619:8: error: unknown type name 'uint32_t'
  619 | extern uint32_t uwTickPrio;
      |        ^~~~~~~~
../Drivers/STM32L4xx_HAL_Driver/Inc/stm32l4xx_hal.h:619:8: error: unknown type name 'uint32_t'
  619 | extern uint32_t uwTickPrio;
      |        ^~~~~~~~
../Drivers/STM32L4xx_HAL_Driver/Inc/stm32l4xx_hal.h:619:8: error: unknown type name 'uint32_t'
  619 | extern uint32_t uwTickPrio;
      |        ^~~~~~~~
../Drivers/STM32L4xx_HAL_Driver/Inc/stm32l4xx_hal.h:619:8: error: unknown type name 'uint32_t'
  619 | extern uint32_t uwTickPrio;
      |        ^~~~~~~~
../Drivers/STM32L4xx_HAL_Driver/Inc/stm32l4xx_hal.h:619:8: error: unknown type name 'uint32_t'
  619 | extern uint32_t uwTickPrio;
      |        ^~~~~~~~
../Drivers/STM32L4xx_HAL_Driver/Inc/stm32l4xx_hal.h:636:1: error: unknown type name 'HAL_StatusTypeDef'
  636 | HAL_StatusTypeDef HAL_Init(void);
      | ^~~~~~~~~~~~~~~~~
../Drivers/STM32L4xx_HAL_Driver/Inc/stm32l4xx_hal.h:637:1: error: unknown type name 'HAL_StatusTypeDef'
  637 | HAL_StatusTypeDef HAL_DeInit(void);
      | ^~~~~~~~~~~~~~~~~
../Drivers/STM32L4xx_HAL_Driver/Inc/stm32l4xx_hal.h:636:1: error: unknown type name 'HAL_StatusTypeDef'
  636 | HAL_StatusTypeDef HAL_Init(void);
      | ^~~~~~~~~~~~~~~~~
../Drivers/STM32L4xx_HAL_Driver/Inc/stm32l4xx_hal.h:636:1: error: unknown type name 'HAL_StatusTypeDef'
  636 | HAL_StatusTypeDef HAL_Init(void);
      | ^~~~~~~~~~~~~~~~~
../Drivers/STM32L4xx_HAL_Driver/Inc/stm32l4xx_hal.h:636:1: error: unknown type name 'HAL_StatusTypeDef'
  636 | HAL_StatusTypeDef HAL_Init(void);
      | ^~~~~~~~~~~~~~~~~
../Drivers/STM32L4xx_HAL_Driver/Inc/stm32l4xx_hal.h:636:1: error: unknown type name 'HAL_StatusTypeDef'
  636 | HAL_StatusTypeDef HAL_Init(void);
      | ^~~~~~~~~~~~~~~~~
../Drivers/STM32L4xx_HAL_Driver/Inc/stm32l4xx_hal.h:619:8: error: unknown type name 'uint32_t'
  619 | extern uint32_t uwTickPrio;
      |        ^~~~~~~~
../Drivers/STM32L4xx_HAL_Driver/Inc/stm32l4xx_hal.h:619:8: error: unknown type name 'uint32_t'
  619 | extern uint32_t uwTickPrio;
      |        ^~~~~~~~
../Drivers/STM32L4xx_HAL_Driver/Inc/stm32l4xx_hal.h:636:1: error: unknown type name 'HAL_StatusTypeDef'
  636 | HAL_StatusTypeDef HAL_Init(void);
      | ^~~~~~~~~~~~~~~~~
../Drivers/STM32L4xx_HAL_Driver/Inc/stm32l4xx_hal.h:640:1: error: unknown type name 'HAL_StatusTypeDef'
  640 | HAL_StatusTypeDef HAL_InitTick (uint32_t TickPriority);
      | ^~~~~~~~~~~~~~~~~
../Drivers/STM32L4xx_HAL_Driver/Inc/stm32l4xx_hal.h:637:1: error: unknown type name 'HAL_StatusTypeDef'
  637 | HAL_StatusTypeDef HAL_DeInit(void);
      | ^~~~~~~~~~~~~~~~~
../Drivers/STM32L4xx_HAL_Driver/Inc/stm32l4xx_hal.h:637:1: error: unknown type name 'HAL_StatusTypeDef'
  637 | HAL_StatusTypeDef HAL_DeInit(void);
      | ^~~~~~~~~~~~~~~~~
../Drivers/STM32L4xx_HAL_Driver/Inc/stm32l4xx_hal.h:637:1: error: unknown type name 'HAL_StatusTypeDef'
  637 | HAL_StatusTypeDef HAL_DeInit(void);
      | ^~~~~~~~~~~~~~~~~
../Drivers/STM32L4xx_HAL_Driver/Inc/stm32l4xx_hal.h:636:1: error: unknown type name 'HAL_StatusTypeDef'
  636 | HAL_StatusTypeDef HAL_Init(void);
      | ^~~~~~~~~~~~~~~~~
../Drivers/STM32L4xx_HAL_Driver/Inc/stm32l4xx_hal.h:637:1: error: unknown type name 'HAL_StatusTypeDef'
  637 | HAL_StatusTypeDef HAL_DeInit(void);
      | ^~~~~~~~~~~~~~~~~
../Drivers/STM32L4xx_HAL_Driver/Inc/stm32l4xx_hal.h:640:33: error: unknown type name 'uint32_t'
  640 | HAL_StatusTypeDef HAL_InitTick (uint32_t TickPriority);
      |                                 ^~~~~~~~
../Drivers/STM32L4xx_HAL_Driver/Inc/stm32l4xx_hal.h:637:1: error: unknown type name 'HAL_StatusTypeDef'
  637 | HAL_StatusTypeDef HAL_DeInit(void);
      | ^~~~~~~~~~~~~~~~~
../Drivers/STM32L4xx_HAL_Driver/Inc/stm32l4xx_hal.h:652:30: error: unknown type name 'uint32_t'
  652 | void               HAL_Delay(uint32_t Delay);
      |                              ^~~~~~~~
../Drivers/STM32L4xx_HAL_Driver/Inc/stm32l4xx_hal.h:640:1: error: unknown type name 'HAL_StatusTypeDef'
  640 | HAL_StatusTypeDef HAL_InitTick (uint32_t TickPriority);
      | ^~~~~~~~~~~~~~~~~
../Drivers/STM32L4xx_HAL_Driver/Inc/stm32l4xx_hal.h:640:1: error: unknown type name 'HAL_StatusTypeDef'
  640 | HAL_StatusTypeDef HAL_InitTick (uint32_t TickPriority);
      | ^~~~~~~~~~~~~~~~~
../Drivers/STM32L4xx_HAL_Driver/Inc/stm32l4xx_hal.h:637:1: error: unknown type name 'HAL_StatusTypeDef'
  637 | HAL_StatusTypeDef HAL_DeInit(void);
      | ^~~~~~~~~~~~~~~~~
../Drivers/STM32L4xx_HAL_Driver/Inc/stm32l4xx_hal.h:640:1: error: unknown type name 'HAL_StatusTypeDef'
  640 | HAL_StatusTypeDef HAL_InitTick (uint32_t TickPriority);
      | ^~~~~~~~~~~~~~~~~
../Drivers/STM32L4xx_HAL_Driver/Inc/stm32l4xx_hal.h:636:1: error: unknown type name 'HAL_StatusTypeDef'
  636 | HAL_StatusTypeDef HAL_Init(void);
      | ^~~~~~~~~~~~~~~~~
../Drivers/STM32L4xx_HAL_Driver/Inc/stm32l4xx_hal.h:653:1: error: unknown type name 'uint32_t'
  653 | uint32_t           HAL_GetTick(void);
      | ^~~~~~~~
../Drivers/STM32L4xx_HAL_Driver/Inc/stm32l4xx_hal.h:640:1: error: unknown type name 'HAL_StatusTypeDef'
  640 | HAL_StatusTypeDef HAL_InitTick (uint32_t TickPriority);
      | ^~~~~~~~~~~~~~~~~
../Drivers/STM32L4xx_HAL_Driver/Inc/stm32l4xx_hal.h:640:33: error: unknown type name 'uint32_t'
  640 | HAL_StatusTypeDef HAL_InitTick (uint32_t TickPriority);
      |                                 ^~~~~~~~
../Drivers/STM32L4xx_HAL_Driver/Inc/stm32l4xx_hal.h:640:1: error: unknown type name 'HAL_StatusTypeDef'
  640 | HAL_StatusTypeDef HAL_InitTick (uint32_t TickPriority);
      | ^~~~~~~~~~~~~~~~~
../Drivers/STM32L4xx_HAL_Driver/Inc/stm32l4xx_hal.h:640:33: error: unknown type name 'uint32_t'
  640 | HAL_StatusTypeDef HAL_InitTick (uint32_t TickPriority);
      |                                 ^~~~~~~~
../Drivers/STM32L4xx_HAL_Driver/Inc/stm32l4xx_hal.h:654:1: error: unknown type name 'uint32_t'
  654 | uint32_t           HAL_GetTickPrio(void);
      | ^~~~~~~~
../Drivers/STM32L4xx_HAL_Driver/Inc/stm32l4xx_hal.h:640:33: error: unknown type name 'uint32_t'
  640 | HAL_StatusTypeDef HAL_InitTick (uint32_t TickPriority);
      |                                 ^~~~~~~~
../Drivers/STM32L4xx_HAL_Driver/Inc/stm32l4xx_hal.h:640:33: error: unknown type name 'uint32_t'
  640 | HAL_StatusTypeDef HAL_InitTick (uint32_t TickPriority);
      |                                 ^~~~~~~~
../Drivers/STM32L4xx_HAL_Driver/Inc/stm32l4xx_hal.h:640:1: error: unknown type name 'HAL_StatusTypeDef'
  640 | HAL_StatusTypeDef HAL_InitTick (uint32_t TickPriority);
      | ^~~~~~~~~~~~~~~~~
../Drivers/STM32L4xx_HAL_Driver/Inc/stm32l4xx_hal.h:652:30: error: unknown type name 'uint32_t'
  652 | void               HAL_Delay(uint32_t Delay);
      |                              ^~~~~~~~
../Drivers/STM32L4xx_HAL_Driver/Inc/stm32l4xx_hal.h:640:33: error: unknown type name 'uint32_t'
  640 | HAL_StatusTypeDef HAL_InitTick (uint32_t TickPriority);
      |                                 ^~~~~~~~
../Drivers/STM32L4xx_HAL_Driver/Inc/stm32l4xx_hal.h:652:30: error: unknown type name 'uint32_t'
  652 | void               HAL_Delay(uint32_t Delay);
      |                              ^~~~~~~~
../Drivers/STM32L4xx_HAL_Driver/Inc/stm32l4xx_hal.h:637:1: error: unknown type name 'HAL_StatusTypeDef'
  637 | HAL_StatusTypeDef HAL_DeInit(void);
      | ^~~~~~~~~~~~~~~~~
../Drivers/STM32L4xx_HAL_Driver/Inc/stm32l4xx_hal.h:655:1: error: unknown type name 'HAL_StatusTypeDef'
  655 | HAL_StatusTypeDef  HAL_SetTickFreq(HAL_TickFreqTypeDef Freq);
      | ^~~~~~~~~~~~~~~~~
../Drivers/STM32L4xx_HAL_Driver/Inc/stm32l4xx_hal.h:652:30: error: unknown type name 'uint32_t'
  652 | void               HAL_Delay(uint32_t Delay);
      |                              ^~~~~~~~
../Drivers/STM32L4xx_HAL_Driver/Inc/stm32l4xx_hal.h:652:30: error: unknown type name 'uint32_t'
  652 | void               HAL_Delay(uint32_t Delay);
      |                              ^~~~~~~~
../Drivers/STM32L4xx_HAL_Driver/Inc/stm32l4xx_hal.h:653:1: error: unknown type name 'uint32_t'
  653 | uint32_t           HAL_GetTick(void);
      | ^~~~~~~~
../Drivers/STM32L4xx_HAL_Driver/Inc/stm32l4xx_hal.h:652:30: error: unknown type name 'uint32_t'
  652 | void               HAL_Delay(uint32_t Delay);
      |                              ^~~~~~~~
../Drivers/STM32L4xx_HAL_Driver/Inc/stm32l4xx_hal.h:653:1: error: unknown type name 'uint32_t'
  653 | uint32_t           HAL_GetTick(void);
      | ^~~~~~~~
../Drivers/STM32L4xx_HAL_Driver/Inc/stm32l4xx_hal.h:640:1: error: unknown type name 'HAL_StatusTypeDef'
  640 | HAL_StatusTypeDef HAL_InitTick (uint32_t TickPriority);
      | ^~~~~~~~~~~~~~~~~
../Drivers/STM32L4xx_HAL_Driver/Inc/stm32l4xx_hal.h:659:1: error: unknown type name 'uint32_t'
  659 | uint32_t           HAL_GetHalVersion(void);
      | ^~~~~~~~
../Drivers/STM32L4xx_HAL_Driver/Inc/stm32l4xx_hal.h:653:1: error: unknown type name 'uint32_t'
  653 | uint32_t           HAL_GetTick(void);
      | ^~~~~~~~
../Drivers/STM32L4xx_HAL_Driver/Inc/stm32l4xx_hal.h:653:1: error: unknown type name 'uint32_t'
  653 | uint32_t           HAL_GetTick(void);
      | ^~~~~~~~
../Drivers/STM32L4xx_HAL_Driver/Inc/stm32l4xx_hal.h:640:33: error: unknown type name 'uint32_t'
  640 | HAL_StatusTypeDef HAL_InitTick (uint32_t TickPriority);
      |                                 ^~~~~~~~
../Drivers/STM32L4xx_HAL_Driver/Inc/stm32l4xx_hal.h:654:1: error: unknown type name 'uint32_t'
  654 | uint32_t           HAL_GetTickPrio(void);
      | ^~~~~~~~
../Drivers/STM32L4xx_HAL_Driver/Inc/stm32l4xx_hal.h:653:1: error: unknown type name 'uint32_t'
  653 | uint32_t           HAL_GetTick(void);
      | ^~~~~~~~
../Drivers/STM32L4xx_HAL_Driver/Inc/stm32l4xx_hal.h:640:33: error: unknown type name 'uint32_t'
  640 | HAL_StatusTypeDef HAL_InitTick (uint32_t TickPriority);
      |                                 ^~~~~~~~
../Drivers/STM32L4xx_HAL_Driver/Inc/stm32l4xx_hal.h:654:1: error: unknown type name 'uint32_t'
  654 | uint32_t           HAL_GetTickPrio(void);
      | ^~~~~~~~
../Drivers/STM32L4xx_HAL_Driver/Inc/stm32l4xx_hal.h:660:1: error: unknown type name 'uint32_t'
  660 | uint32_t           HAL_GetREVID(void);
      | ^~~~~~~~
../Drivers/STM32L4xx_HAL_Driver/Inc/stm32l4xx_hal.h:654:1: error: unknown type name 'uint32_t'
  654 | uint32_t           HAL_GetTickPrio(void);
      | ^~~~~~~~
../Drivers/STM32L4xx_HAL_Driver/Inc/stm32l4xx_hal.h:652:30: error: unknown type name 'uint32_t'
  652 | void               HAL_Delay(uint32_t Delay);
      |                              ^~~~~~~~
../Drivers/STM32L4xx_HAL_Driver/Inc/stm32l4xx_hal.h:653:1: error: unknown type name 'uint32_t'
  653 | uint32_t           HAL_GetTick(void);
      | ^~~~~~~~
../Drivers/STM32L4xx_HAL_Driver/Inc/stm32l4xx_hal.h:654:1: error: unknown type name 'uint32_t'
  654 | uint32_t           HAL_GetTickPrio(void);
      | ^~~~~~~~
../Drivers/STM32L4xx_HAL_Driver/Inc/stm32l4xx_hal.h:655:1: error: unknown type name 'HAL_StatusTypeDef'
  655 | HAL_StatusTypeDef  HAL_SetTickFreq(HAL_TickFreqTypeDef Freq);
      | ^~~~~~~~~~~~~~~~~
../Drivers/STM32L4xx_HAL_Driver/Inc/stm32l4xx_hal.h:652:30: error: unknown type name 'uint32_t'
  652 | void               HAL_Delay(uint32_t Delay);
      |                              ^~~~~~~~
../Drivers/STM32L4xx_HAL_Driver/Inc/stm32l4xx_hal.h:661:1: error: unknown type name 'uint32_t'
  661 | uint32_t           HAL_GetDEVID(void);
      | ^~~~~~~~
../Drivers/STM32L4xx_HAL_Driver/Inc/stm32l4xx_hal.h:654:1: error: unknown type name 'uint32_t'
  654 | uint32_t           HAL_GetTickPrio(void);
      | ^~~~~~~~
../Drivers/STM32L4xx_HAL_Driver/Inc/stm32l4xx_hal.h:655:1: error: unknown type name 'HAL_StatusTypeDef'
  655 | HAL_StatusTypeDef  HAL_SetTickFreq(HAL_TickFreqTypeDef Freq);
      | ^~~~~~~~~~~~~~~~~
../Drivers/STM32L4xx_HAL_Driver/Inc/stm32l4xx_hal.h:653:1: error: unknown type name 'uint32_t'
  653 | uint32_t           HAL_GetTick(void);
      | ^~~~~~~~
../Drivers/STM32L4xx_HAL_Driver/Inc/stm32l4xx_hal.h:655:1: error: unknown type name 'HAL_StatusTypeDef'
  655 | HAL_StatusTypeDef  HAL_SetTickFreq(HAL_TickFreqTypeDef Freq);
      | ^~~~~~~~~~~~~~~~~
../Drivers/STM32L4xx_HAL_Driver/Inc/stm32l4xx_hal.h:655:1: error: unknown type name 'HAL_StatusTypeDef'
  655 | HAL_StatusTypeDef  HAL_SetTickFreq(HAL_TickFreqTypeDef Freq);
      | ^~~~~~~~~~~~~~~~~
../Drivers/STM32L4xx_HAL_Driver/Inc/stm32l4xx_hal.h:659:1: error: unknown type name 'uint32_t'
  659 | uint32_t           HAL_GetHalVersion(void);
      | ^~~~~~~~
../Drivers/STM32L4xx_HAL_Driver/Inc/stm32l4xx_hal.h:662:1: error: unknown type name 'uint32_t'
  662 | uint32_t           HAL_GetUIDw0(void);
      | ^~~~~~~~
../Drivers/STM32L4xx_HAL_Driver/Inc/stm32l4xx_hal.h:659:1: error: unknown type name 'uint32_t'
  659 | uint32_t           HAL_GetHalVersion(void);
      | ^~~~~~~~
../Drivers/STM32L4xx_HAL_Driver/Inc/stm32l4xx_hal.h:654:1: error: unknown type name 'uint32_t'
  654 | uint32_t           HAL_GetTickPrio(void);
      | ^~~~~~~~
../Drivers/STM32L4xx_HAL_Driver/Inc/stm32l4xx_hal.h:660:1: error: unknown type name 'uint32_t'
  660 | uint32_t           HAL_GetREVID(void);
      | ^~~~~~~~
../Drivers/STM32L4xx_HAL_Driver/Inc/stm32l4xx_hal.h:663:1: error: unknown type name 'uint32_t'
  663 | uint32_t           HAL_GetUIDw1(void);
      | ^~~~~~~~
../Drivers/STM32L4xx_HAL_Driver/Inc/stm32l4xx_hal.h:660:1: error: unknown type name 'uint32_t'
  660 | uint32_t           HAL_GetREVID(void);
      | ^~~~~~~~
../Drivers/STM32L4xx_HAL_Driver/Inc/stm32l4xx_hal.h:655:1: error: unknown type name 'HAL_StatusTypeDef'
  655 | HAL_StatusTypeDef  HAL_SetTickFreq(HAL_TickFreqTypeDef Freq);
      | ^~~~~~~~~~~~~~~~~
../Drivers/STM32L4xx_HAL_Driver/Inc/stm32l4xx_hal.h:654:1: error: unknown type name 'uint32_t'
  654 | uint32_t           HAL_GetTickPrio(void);
      | ^~~~~~~~
../Drivers/STM32L4xx_HAL_Driver/Inc/stm32l4xx_hal.h:659:1: error: unknown type name 'uint32_t'
  659 | uint32_t           HAL_GetHalVersion(void);
      | ^~~~~~~~
../Drivers/STM32L4xx_HAL_Driver/Inc/stm32l4xx_hal.h:659:1: error: unknown type name 'uint32_t'
  659 | uint32_t           HAL_GetHalVersion(void);
      | ^~~~~~~~
../Drivers/STM32L4xx_HAL_Driver/Inc/stm32l4xx_hal.h:655:1: error: unknown type name 'HAL_StatusTypeDef'
  655 | HAL_StatusTypeDef  HAL_SetTickFreq(HAL_TickFreqTypeDef Freq);
      | ^~~~~~~~~~~~~~~~~
../Drivers/STM32L4xx_HAL_Driver/Inc/stm32l4xx_hal.h:659:1: error: unknown type name 'uint32_t'
  659 | uint32_t           HAL_GetHalVersion(void);
      | ^~~~~~~~
../Drivers/STM32L4xx_HAL_Driver/Inc/stm32l4xx_hal.h:661:1: error: unknown type name 'uint32_t'
  661 | uint32_t           HAL_GetDEVID(void);
      | ^~~~~~~~
../Drivers/STM32L4xx_HAL_Driver/Inc/stm32l4xx_hal.h:664:1: error: unknown type name 'uint32_t'
  664 | uint32_t           HAL_GetUIDw2(void);
      | ^~~~~~~~
../Drivers/STM32L4xx_HAL_Driver/Inc/stm32l4xx_hal.h:660:1: error: unknown type name 'uint32_t'
  660 | uint32_t           HAL_GetREVID(void);
      | ^~~~~~~~
../Drivers/STM32L4xx_HAL_Driver/Inc/stm32l4xx_hal.h:659:1: error: unknown type name 'uint32_t'
  659 | uint32_t           HAL_GetHalVersion(void);
      | ^~~~~~~~
../Drivers/STM32L4xx_HAL_Driver/Inc/stm32l4xx_hal.h:660:1: error: unknown type name 'uint32_t'
  660 | uint32_t           HAL_GetREVID(void);
      | ^~~~~~~~
../Drivers/STM32L4xx_HAL_Driver/Inc/stm32l4xx_hal.h:661:1: error: unknown type name 'uint32_t'
  661 | uint32_t           HAL_GetDEVID(void);
      | ^~~~~~~~
../Drivers/STM32L4xx_HAL_Driver/Inc/stm32l4xx_hal.h:661:1: error: unknown type name 'uint32_t'
  661 | uint32_t           HAL_GetDEVID(void);
      | ^~~~~~~~
../Drivers/STM32L4xx_HAL_Driver/Inc/stm32l4xx_hal.h:662:1: error: unknown type name 'uint32_t'
  662 | uint32_t           HAL_GetUIDw0(void);
      | ^~~~~~~~
../Drivers/STM32L4xx_HAL_Driver/Inc/stm32l4xx_hal.h:655:1: error: unknown type name 'HAL_StatusTypeDef'
  655 | HAL_StatusTypeDef  HAL_SetTickFreq(HAL_TickFreqTypeDef Freq);
      | ^~~~~~~~~~~~~~~~~
../Drivers/STM32L4xx_HAL_Driver/Inc/stm32l4xx_hal.h:660:1: error: unknown type name 'uint32_t'
  660 | uint32_t           HAL_GetREVID(void);
      | ^~~~~~~~
../Drivers/STM32L4xx_HAL_Driver/Inc/stm32l4xx_hal.h:661:1: error: unknown type name 'uint32_t'
  661 | uint32_t           HAL_GetDEVID(void);
      | ^~~~~~~~
../Drivers/STM32L4xx_HAL_Driver/Inc/stm32l4xx_hal.h:660:1: error: unknown type name 'uint32_t'
  660 | uint32_t           HAL_GetREVID(void);
      | ^~~~~~~~
../Drivers/STM32L4xx_HAL_Driver/Inc/stm32l4xx_hal.h:659:1: error: unknown type name 'uint32_t'
  659 | uint32_t           HAL_GetHalVersion(void);
      | ^~~~~~~~
../Drivers/STM32L4xx_HAL_Driver/Inc/stm32l4xx_hal.h:662:1: error: unknown type name 'uint32_t'
  662 | uint32_t           HAL_GetUIDw0(void);
      | ^~~~~~~~
../Drivers/STM32L4xx_HAL_Driver/Inc/stm32l4xx_hal.h:663:1: error: unknown type name 'uint32_t'
  663 | uint32_t           HAL_GetUIDw1(void);
      | ^~~~~~~~
../Drivers/STM32L4xx_HAL_Driver/Inc/stm32l4xx_hal.h:661:1: error: unknown type name 'uint32_t'
  661 | uint32_t           HAL_GetDEVID(void);
      | ^~~~~~~~
../Drivers/STM32L4xx_HAL_Driver/Inc/stm32l4xx_hal.h:662:1: error: unknown type name 'uint32_t'
  662 | uint32_t           HAL_GetUIDw0(void);
      | ^~~~~~~~
../Drivers/STM32L4xx_HAL_Driver/Inc/stm32l4xx_hal.h:664:1: error: unknown type name 'uint32_t'
  664 | uint32_t           HAL_GetUIDw2(void);
      | ^~~~~~~~
../Drivers/STM32L4xx_HAL_Driver/Inc/stm32l4xx_hal.h:662:1: error: unknown type name 'uint32_t'
  662 | uint32_t           HAL_GetUIDw0(void);
      | ^~~~~~~~
../Drivers/STM32L4xx_HAL_Driver/Inc/stm32l4xx_hal.h:661:1: error: unknown type name 'uint32_t'
  661 | uint32_t           HAL_GetDEVID(void);
      | ^~~~~~~~
../Drivers/STM32L4xx_HAL_Driver/Inc/stm32l4xx_hal.h:660:1: error: unknown type name 'uint32_t'
  660 | uint32_t           HAL_GetREVID(void);
      | ^~~~~~~~
../Drivers/STM32L4xx_HAL_Driver/Inc/stm32l4xx_hal.h:662:1: error: unknown type name 'uint32_t'
  662 | uint32_t           HAL_GetUIDw0(void);
      | ^~~~~~~~
../Drivers/STM32L4xx_HAL_Driver/Inc/stm32l4xx_hal.h:661:1: error: unknown type name 'uint32_t'
  661 | uint32_t           HAL_GetDEVID(void);
      | ^~~~~~~~
../Drivers/STM32L4xx_HAL_Driver/Inc/stm32l4xx_hal.h:662:1: error: unknown type name 'uint32_t'
  662 | uint32_t           HAL_GetUIDw0(void);
      | ^~~~~~~~
../Drivers/STM32L4xx_HAL_Driver/Inc/stm32l4xx_hal.h:663:1: error: unknown type name 'uint32_t'
  663 | uint32_t           HAL_GetUIDw1(void);
      | ^~~~~~~~
../Drivers/STM32L4xx_HAL_Driver/Inc/stm32l4xx_hal.h:663:1: error: unknown type name 'uint32_t'
  663 | uint32_t           HAL_GetUIDw1(void);
      | ^~~~~~~~
../Drivers/STM32L4xx_HAL_Driver/Inc/stm32l4xx_hal.h:663:1: error: unknown type name 'uint32_t'
  663 | uint32_t           HAL_GetUIDw1(void);
      | ^~~~~~~~
../Drivers/STM32L4xx_HAL_Driver/Inc/stm32l4xx_hal.h:664:1: error: unknown type name 'uint32_t'
  664 | uint32_t           HAL_GetUIDw2(void);
      | ^~~~~~~~
../Drivers/STM32L4xx_HAL_Driver/Inc/stm32l4xx_hal.h:664:1: error: unknown type name 'uint32_t'
  664 | uint32_t           HAL_GetUIDw2(void);
      | ^~~~~~~~
../Drivers/STM32L4xx_HAL_Driver/Inc/stm32l4xx_hal.h:663:1: error: unknown type name 'uint32_t'
  663 | uint32_t           HAL_GetUIDw1(void);
      | ^~~~~~~~
../Drivers/STM32L4xx_HAL_Driver/Inc/stm32l4xx_hal.h:664:1: error: unknown type name 'uint32_t'
  664 | uint32_t           HAL_GetUIDw2(void);
      | ^~~~~~~~
../Drivers/STM32L4xx_HAL_Driver/Inc/stm32l4xx_hal.h:663:1: error: unknown type name 'uint32_t'
  663 | uint32_t           HAL_GetUIDw1(void);
      | ^~~~~~~~
../Drivers/STM32L4xx_HAL_Driver/Inc/stm32l4xx_hal.h:664:1: error: unknown type name 'uint32_t'
  664 | uint32_t           HAL_GetUIDw2(void);
      | ^~~~~~~~
../Drivers/STM32L4xx_HAL_Driver/Inc/stm32l4xx_hal.h:662:1: error: unknown type name 'uint32_t'
  662 | uint32_t           HAL_GetUIDw0(void);
      | ^~~~~~~~
../Drivers/STM32L4xx_HAL_Driver/Inc/stm32l4xx_hal.h:663:1: error: unknown type name 'uint32_t'
  663 | uint32_t           HAL_GetUIDw1(void);
      | ^~~~~~~~
../Drivers/STM32L4xx_HAL_Driver/Inc/stm32l4xx_hal.h:664:1: error: unknown type name 'uint32_t'
  664 | uint32_t           HAL_GetUIDw2(void);
      | ^~~~~~~~
../Drivers/STM32L4xx_HAL_Driver/Inc/stm32l4xx_hal.h:664:1: error: unknown type name 'uint32_t'
  664 | uint32_t           HAL_GetUIDw2(void);
      | ^~~~~~~~
make: *** [Drivers/STM32L4xx_HAL_Driver/Src/subdir.mk:67: Drivers/STM32L4xx_HAL_Driver/Src/stm32l4xx_hal_flash_ramfunc.o] Error 1
make: *** Waiting for unfinished jobs....
make: *** [Drivers/STM32L4xx_HAL_Driver/Src/subdir.mk:67: Drivers/STM32L4xx_HAL_Driver/Src/stm32l4xx_hal.o] Error 1
make: *** [Drivers/STM32L4xx_HAL_Driver/Src/subdir.mk:67: Drivers/STM32L4xx_HAL_Driver/Src/stm32l4xx_hal_flash.o] Error 1
make: *** [Drivers/STM32L4xx_HAL_Driver/Src/subdir.mk:67: Drivers/STM32L4xx_HAL_Driver/Src/stm32l4xx_hal_flash_ex.o] Error 1
make: *** [Drivers/STM32L4xx_HAL_Driver/Src/subdir.mk:67: Drivers/STM32L4xx_HAL_Driver/Src/stm32l4xx_hal_cortex.o] Error 1
make: *** [Drivers/STM32L4xx_HAL_Driver/Src/subdir.mk:67: Drivers/STM32L4xx_HAL_Driver/Src/stm32l4xx_hal_dma_ex.o] Error 1
make: *** [Drivers/STM32L4xx_HAL_Driver/Src/subdir.mk:67: Drivers/STM32L4xx_HAL_Driver/Src/stm32l4xx_hal_exti.o] Error 1
make: *** [Drivers/STM32L4xx_HAL_Driver/Src/subdir.mk:67: Drivers/STM32L4xx_HAL_Driver/Src/stm32l4xx_hal_dma.o] Error 1
"make -j8 all" terminated with exit code 2. Build might be incomplete.

07:57:05 Build Failed. 145 errors, 0 warnings. (took 1s.411ms)

